-- Found ament_cmake: 1.3.5 (/opt/ros/humble/share/ament_cmake/cmake)
-- Found rclcpp: 16.0.6 (/opt/ros/humble/share/rclcpp/cmake)
-- Found rosidl_generator_c: 3.1.5 (/opt/ros/humble/share/rosidl_generator_c/cmake)
-- Found rosidl_adapter: 3.1.5 (/opt/ros/humble/share/rosidl_adapter/cmake)
-- Found rosidl_generator_cpp: 3.1.5 (/opt/ros/humble/share/rosidl_generator_cpp/cmake)
-- Using all available rosidl_typesupport_c: rosidl_typesupport_fastrtps_c;rosidl_typesupport_introspection_c
-- Using all available rosidl_typesupport_cpp: rosidl_typesupport_fastrtps_cpp;rosidl_typesupport_introspection_cpp
-- Found rmw_implementation_cmake: 6.1.1 (/opt/ros/humble/share/rmw_implementation_cmake/cmake)
-- Found rmw_fastrtps_cpp: 6.2.4 (/opt/ros/humble/share/rmw_fastrtps_cpp/cmake)
-- Using RMW implementation 'rmw_fastrtps_cpp' as default
-- Found tf2: 0.25.4 (/opt/ros/humble/share/tf2/cmake)
-- Found urdf: 2.6.0 (/opt/ros/humble/share/urdf/cmake)
-- Found rviz2: 11.2.8 (/opt/ros/humble/share/rviz2/cmake)
-- Found ament_lint_auto: 0.12.8 (/opt/ros/humble/share/ament_lint_auto/cmake)
-- Added test 'lint_cmake' to check CMake code style
-- Added test 'xmllint' to check XML markup files
-- Configuring done
-- Generating done
-- Build files have been written to: /home/remon/ros2_ws/build/fw_robot
-- Install configuration: ""
-- Installing: /home/remon/ros2_ws/install/fw_robot/share/ament_index/resource_index/package_run_dependencies/fw_robot
-- Installing: /home/remon/ros2_ws/install/fw_robot/share/ament_index/resource_index/parent_prefix_path/fw_robot
-- Installing: /home/remon/ros2_ws/install/fw_robot/share/fw_robot/environment/ament_prefix_path.sh
-- Installing: /home/remon/ros2_ws/install/fw_robot/share/fw_robot/environment/ament_prefix_path.dsv
-- Installing: /home/remon/ros2_ws/install/fw_robot/share/fw_robot/environment/path.sh
-- Installing: /home/remon/ros2_ws/install/fw_robot/share/fw_robot/environment/path.dsv
-- Installing: /home/remon/ros2_ws/install/fw_robot/share/fw_robot/local_setup.bash
-- Installing: /home/remon/ros2_ws/install/fw_robot/share/fw_robot/local_setup.sh
-- Installing: /home/remon/ros2_ws/install/fw_robot/share/fw_robot/local_setup.zsh
-- Installing: /home/remon/ros2_ws/install/fw_robot/share/fw_robot/local_setup.dsv
-- Installing: /home/remon/ros2_ws/install/fw_robot/share/fw_robot/package.dsv
-- Installing: /home/remon/ros2_ws/install/fw_robot/share/ament_index/resource_index/packages/fw_robot
-- Installing: /home/remon/ros2_ws/install/fw_robot/share/fw_robot/cmake/fw_robotConfig.cmake
-- Installing: /home/remon/ros2_ws/install/fw_robot/share/fw_robot/cmake/fw_robotConfig-version.cmake
-- Installing: /home/remon/ros2_ws/install/fw_robot/share/fw_robot/package.xml
