[0.051s] Invoking command in '/home/remon/ros2_ws/build/fw_robot': CMAKE_PREFIX_PATH=${CMAKE_PREFIX_PATH}:/home/remon/ros2_ws/install/my_py_pkg:/opt/ros/humble /usr/bin/cmake /home/remon/ros2_ws/src/fw_robot -DCMAKE_INSTALL_PREFIX=/home/remon/ros2_ws/install/fw_robot
[0.060s] -- Found ament_cmake: 1.3.5 (/opt/ros/humble/share/ament_cmake/cmake)
[0.177s] -- Found rclcpp: 16.0.6 (/opt/ros/humble/share/rclcpp/cmake)
[0.198s] -- Found rosidl_generator_c: 3.1.5 (/opt/ros/humble/share/rosidl_generator_c/cmake)
[0.200s] -- Found rosidl_adapter: 3.1.5 (/opt/ros/humble/share/rosidl_adapter/cmake)
[0.205s] -- Found rosidl_generator_cpp: 3.1.5 (/opt/ros/humble/share/rosidl_generator_cpp/cmake)
[0.214s] -- Using all available rosidl_typesupport_c: rosidl_typesupport_fastrtps_c;rosidl_typesupport_introspection_c
[0.226s] -- Using all available rosidl_typesupport_cpp: rosidl_typesupport_fastrtps_cpp;rosidl_typesupport_introspection_cpp
[0.270s] -- Found rmw_implementation_cmake: 6.1.1 (/opt/ros/humble/share/rmw_implementation_cmake/cmake)
[0.271s] -- Found rmw_fastrtps_cpp: 6.2.4 (/opt/ros/humble/share/rmw_fastrtps_cpp/cmake)
[0.368s] -- Using RMW implementation 'rmw_fastrtps_cpp' as default
[0.495s] -- Found tf2: 0.25.4 (/opt/ros/humble/share/tf2/cmake)
[0.537s] -- Found urdf: 2.6.0 (/opt/ros/humble/share/urdf/cmake)
[0.565s] -- Found rviz2: 11.2.8 (/opt/ros/humble/share/rviz2/cmake)
[0.597s] -- Found ament_lint_auto: 0.12.8 (/opt/ros/humble/share/ament_lint_auto/cmake)
[0.783s] -- Added test 'lint_cmake' to check CMake code style
[0.786s] -- Added test 'xmllint' to check XML markup files
[0.788s] -- Configuring done
[0.793s] -- Generating done
[0.794s] -- Build files have been written to: /home/remon/ros2_ws/build/fw_robot
[0.799s] Invoked command in '/home/remon/ros2_ws/build/fw_robot' returned '0': CMAKE_PREFIX_PATH=${CMAKE_PREFIX_PATH}:/home/remon/ros2_ws/install/my_py_pkg:/opt/ros/humble /usr/bin/cmake /home/remon/ros2_ws/src/fw_robot -DCMAKE_INSTALL_PREFIX=/home/remon/ros2_ws/install/fw_robot
[0.801s] Invoking command in '/home/remon/ros2_ws/build/fw_robot': CMAKE_PREFIX_PATH=${CMAKE_PREFIX_PATH}:/home/remon/ros2_ws/install/my_py_pkg:/opt/ros/humble /usr/bin/cmake --build /home/remon/ros2_ws/build/fw_robot -- -j8 -l8
[0.835s] Invoked command in '/home/remon/ros2_ws/build/fw_robot' returned '0': CMAKE_PREFIX_PATH=${CMAKE_PREFIX_PATH}:/home/remon/ros2_ws/install/my_py_pkg:/opt/ros/humble /usr/bin/cmake --build /home/remon/ros2_ws/build/fw_robot -- -j8 -l8
[0.872s] Invoking command in '/home/remon/ros2_ws/build/fw_robot': CMAKE_PREFIX_PATH=${CMAKE_PREFIX_PATH}:/home/remon/ros2_ws/install/my_py_pkg:/opt/ros/humble /usr/bin/cmake --install /home/remon/ros2_ws/build/fw_robot
[0.879s] -- Install configuration: ""
[0.879s] -- Installing: /home/remon/ros2_ws/install/fw_robot/share/ament_index/resource_index/package_run_dependencies/fw_robot
[0.879s] -- Installing: /home/remon/ros2_ws/install/fw_robot/share/ament_index/resource_index/parent_prefix_path/fw_robot
[0.880s] -- Installing: /home/remon/ros2_ws/install/fw_robot/share/fw_robot/environment/ament_prefix_path.sh
[0.880s] -- Installing: /home/remon/ros2_ws/install/fw_robot/share/fw_robot/environment/ament_prefix_path.dsv
[0.880s] -- Installing: /home/remon/ros2_ws/install/fw_robot/share/fw_robot/environment/path.sh
[0.880s] -- Installing: /home/remon/ros2_ws/install/fw_robot/share/fw_robot/environment/path.dsv
[0.880s] -- Installing: /home/remon/ros2_ws/install/fw_robot/share/fw_robot/local_setup.bash
[0.881s] -- Installing: /home/remon/ros2_ws/install/fw_robot/share/fw_robot/local_setup.sh
[0.881s] -- Installing: /home/remon/ros2_ws/install/fw_robot/share/fw_robot/local_setup.zsh
[0.881s] -- Installing: /home/remon/ros2_ws/install/fw_robot/share/fw_robot/local_setup.dsv
[0.881s] -- Installing: /home/remon/ros2_ws/install/fw_robot/share/fw_robot/package.dsv
[0.881s] -- Installing: /home/remon/ros2_ws/install/fw_robot/share/ament_index/resource_index/packages/fw_robot
[0.882s] -- Installing: /home/remon/ros2_ws/install/fw_robot/share/fw_robot/cmake/fw_robotConfig.cmake
[0.882s] -- Installing: /home/remon/ros2_ws/install/fw_robot/share/fw_robot/cmake/fw_robotConfig-version.cmake
[0.882s] -- Installing: /home/remon/ros2_ws/install/fw_robot/share/fw_robot/package.xml
[0.884s] Invoked command in '/home/remon/ros2_ws/build/fw_robot' returned '0': CMAKE_PREFIX_PATH=${CMAKE_PREFIX_PATH}:/home/remon/ros2_ws/install/my_py_pkg:/opt/ros/humble /usr/bin/cmake --install /home/remon/ros2_ws/build/fw_robot
