[35m[1mConsolidate compiler generated dependencies of target cpp_node[0m
[ 50%] [32mBuilding CXX object CMakeFiles/cpp_node.dir/src/cpp_pkg2.cpp.o[0m
[100%] [32m[1mLinking CXX executable cpp_node[0m
[100%] Built target cpp_node
-- Install configuration: ""
-- Installing: /home/remon/ros2_ws/install/cpp_pkg2/lib/cpp_pkg2/cpp_node
-- Set runtime path of "/home/remon/ros2_ws/install/cpp_pkg2/lib/cpp_pkg2/cpp_node" to ""
-- Up-to-date: /home/remon/ros2_ws/install/cpp_pkg2/share/ament_index/resource_index/package_run_dependencies/cpp_pkg2
-- Up-to-date: /home/remon/ros2_ws/install/cpp_pkg2/share/ament_index/resource_index/parent_prefix_path/cpp_pkg2
-- Up-to-date: /home/remon/ros2_ws/install/cpp_pkg2/share/cpp_pkg2/environment/ament_prefix_path.sh
-- Up-to-date: /home/remon/ros2_ws/install/cpp_pkg2/share/cpp_pkg2/environment/ament_prefix_path.dsv
-- Up-to-date: /home/remon/ros2_ws/install/cpp_pkg2/share/cpp_pkg2/environment/path.sh
-- Up-to-date: /home/remon/ros2_ws/install/cpp_pkg2/share/cpp_pkg2/environment/path.dsv
-- Up-to-date: /home/remon/ros2_ws/install/cpp_pkg2/share/cpp_pkg2/local_setup.bash
-- Up-to-date: /home/remon/ros2_ws/install/cpp_pkg2/share/cpp_pkg2/local_setup.sh
-- Up-to-date: /home/remon/ros2_ws/install/cpp_pkg2/share/cpp_pkg2/local_setup.zsh
-- Up-to-date: /home/remon/ros2_ws/install/cpp_pkg2/share/cpp_pkg2/local_setup.dsv
-- Installing: /home/remon/ros2_ws/install/cpp_pkg2/share/cpp_pkg2/package.dsv
-- Up-to-date: /home/remon/ros2_ws/install/cpp_pkg2/share/ament_index/resource_index/packages/cpp_pkg2
-- Up-to-date: /home/remon/ros2_ws/install/cpp_pkg2/share/cpp_pkg2/cmake/cpp_pkg2Config.cmake
-- Up-to-date: /home/remon/ros2_ws/install/cpp_pkg2/share/cpp_pkg2/cmake/cpp_pkg2Config-version.cmake
-- Up-to-date: /home/remon/ros2_ws/install/cpp_pkg2/share/cpp_pkg2/package.xml
