[7.331s] DEBUG:colcon:Command line arguments: ['/usr/bin/colcon', 'build', '--packages-select', 'my_bot']
[7.331s] DEBUG:colcon:Parsed command line arguments: Namespace(log_base=None, log_level=None, verb_name='build', build_base='build', install_base='install', merge_install=False, symlink_install=False, test_result_base=None, continue_on_error=False, executor='parallel', parallel_workers=8, event_handlers=None, ignore_user_meta=False, metas=['./colcon.meta'], base_paths=['.'], packages_ignore=None, packages_ignore_regex=None, paths=None, packages_up_to=None, packages_up_to_regex=None, packages_above=None, packages_above_and_dependencies=None, packages_above_depth=None, packages_select_by_dep=None, packages_skip_by_dep=None, packages_skip_up_to=None, packages_select_build_failed=False, packages_skip_build_finished=False, packages_select_test_failures=False, packages_skip_test_passed=False, packages_select=['my_bot'], packages_skip=None, packages_select_regex=None, packages_skip_regex=None, packages_start=None, packages_end=None, allow_overriding=[], cmake_args=None, cmake_target=None, cmake_target_skip_unavailable=False, cmake_clean_cache=False, cmake_clean_first=False, cmake_force_configure=False, ament_cmake_args=None, catkin_cmake_args=None, catkin_skip_building_tests=False, verb_parser=<colcon_defaults.argument_parser.defaults.DefaultArgumentsDecorator object at 0x7eff999e0100>, verb_extension=<colcon_core.verb.build.BuildVerb object at 0x7eff99955f60>, main=<bound method BuildVerb.main of <colcon_core.verb.build.BuildVerb object at 0x7eff99955f60>>)
[7.734s] Level 1:colcon.colcon_core.package_discovery:discover_packages(colcon_meta) check parameters
[7.734s] Level 1:colcon.colcon_core.package_discovery:discover_packages(recursive) check parameters
[7.734s] Level 1:colcon.colcon_core.package_discovery:discover_packages(ignore) check parameters
[7.735s] Level 1:colcon.colcon_core.package_discovery:discover_packages(path) check parameters
[7.735s] Level 1:colcon.colcon_core.package_discovery:discover_packages(colcon_meta) discover
[7.735s] Level 1:colcon.colcon_core.package_discovery:discover_packages(recursive) discover
[7.735s] INFO:colcon.colcon_core.package_discovery:Crawling recursively for packages in '/home/remon/ros2_ws'
[7.735s] Level 1:colcon.colcon_core.package_identification:_identify(.) by extensions ['ignore', 'ignore_ament_install']
[7.735s] Level 1:colcon.colcon_core.package_identification:_identify(.) by extension 'ignore'
[7.735s] Level 1:colcon.colcon_core.package_identification:_identify(.) by extension 'ignore_ament_install'
[7.735s] Level 1:colcon.colcon_core.package_identification:_identify(.) by extensions ['colcon_pkg']
[7.735s] Level 1:colcon.colcon_core.package_identification:_identify(.) by extension 'colcon_pkg'
[7.735s] Level 1:colcon.colcon_core.package_identification:_identify(.) by extensions ['colcon_meta']
[7.735s] Level 1:colcon.colcon_core.package_identification:_identify(.) by extension 'colcon_meta'
[7.735s] Level 1:colcon.colcon_core.package_identification:_identify(.) by extensions ['ros']
[7.735s] Level 1:colcon.colcon_core.package_identification:_identify(.) by extension 'ros'
[7.794s] Level 1:colcon.colcon_core.package_identification:_identify(.) by extensions ['cmake', 'python']
[7.794s] Level 1:colcon.colcon_core.package_identification:_identify(.) by extension 'cmake'
[7.794s] Level 1:colcon.colcon_core.package_identification:_identify(.) by extension 'python'
[7.794s] Level 1:colcon.colcon_core.package_identification:_identify(.) by extensions ['python_setup_py']
[7.794s] Level 1:colcon.colcon_core.package_identification:_identify(.) by extension 'python_setup_py'
[7.794s] Level 1:colcon.colcon_core.package_identification:_identify(build) by extensions ['ignore', 'ignore_ament_install']
[7.794s] Level 1:colcon.colcon_core.package_identification:_identify(build) by extension 'ignore'
[7.794s] Level 1:colcon.colcon_core.package_identification:_identify(build) ignored
[7.795s] Level 1:colcon.colcon_core.package_identification:_identify(install) by extensions ['ignore', 'ignore_ament_install']
[7.795s] Level 1:colcon.colcon_core.package_identification:_identify(install) by extension 'ignore'
[7.795s] Level 1:colcon.colcon_core.package_identification:_identify(install) ignored
[7.795s] Level 1:colcon.colcon_core.package_identification:_identify(log) by extensions ['ignore', 'ignore_ament_install']
[7.795s] Level 1:colcon.colcon_core.package_identification:_identify(log) by extension 'ignore'
[7.795s] Level 1:colcon.colcon_core.package_identification:_identify(log) ignored
[7.795s] Level 1:colcon.colcon_core.package_identification:_identify(src) by extensions ['ignore', 'ignore_ament_install']
[7.795s] Level 1:colcon.colcon_core.package_identification:_identify(src) by extension 'ignore'
[7.796s] Level 1:colcon.colcon_core.package_identification:_identify(src) by extension 'ignore_ament_install'
[7.796s] Level 1:colcon.colcon_core.package_identification:_identify(src) by extensions ['colcon_pkg']
[7.796s] Level 1:colcon.colcon_core.package_identification:_identify(src) by extension 'colcon_pkg'
[7.796s] Level 1:colcon.colcon_core.package_identification:_identify(src) by extensions ['colcon_meta']
[7.796s] Level 1:colcon.colcon_core.package_identification:_identify(src) by extension 'colcon_meta'
[7.796s] Level 1:colcon.colcon_core.package_identification:_identify(src) by extensions ['ros']
[7.796s] Level 1:colcon.colcon_core.package_identification:_identify(src) by extension 'ros'
[7.796s] Level 1:colcon.colcon_core.package_identification:_identify(src) by extensions ['cmake', 'python']
[7.796s] Level 1:colcon.colcon_core.package_identification:_identify(src) by extension 'cmake'
[7.796s] Level 1:colcon.colcon_core.package_identification:_identify(src) by extension 'python'
[7.796s] Level 1:colcon.colcon_core.package_identification:_identify(src) by extensions ['python_setup_py']
[7.796s] Level 1:colcon.colcon_core.package_identification:_identify(src) by extension 'python_setup_py'
[7.796s] Level 1:colcon.colcon_core.package_identification:_identify(src/hector_slam) by extensions ['ignore', 'ignore_ament_install']
[7.796s] Level 1:colcon.colcon_core.package_identification:_identify(src/hector_slam) by extension 'ignore'
[7.796s] Level 1:colcon.colcon_core.package_identification:_identify(src/hector_slam) by extension 'ignore_ament_install'
[7.796s] Level 1:colcon.colcon_core.package_identification:_identify(src/hector_slam) by extensions ['colcon_pkg']
[7.796s] Level 1:colcon.colcon_core.package_identification:_identify(src/hector_slam) by extension 'colcon_pkg'
[7.797s] Level 1:colcon.colcon_core.package_identification:_identify(src/hector_slam) by extensions ['colcon_meta']
[7.797s] Level 1:colcon.colcon_core.package_identification:_identify(src/hector_slam) by extension 'colcon_meta'
[7.797s] Level 1:colcon.colcon_core.package_identification:_identify(src/hector_slam) by extensions ['ros']
[7.797s] Level 1:colcon.colcon_core.package_identification:_identify(src/hector_slam) by extension 'ros'
[7.797s] Level 1:colcon.colcon_core.package_identification:_identify(src/hector_slam) by extensions ['cmake', 'python']
[7.797s] Level 1:colcon.colcon_core.package_identification:_identify(src/hector_slam) by extension 'cmake'
[7.797s] Level 1:colcon.colcon_core.package_identification:_identify(src/hector_slam) by extension 'python'
[7.797s] Level 1:colcon.colcon_core.package_identification:_identify(src/hector_slam) by extensions ['python_setup_py']
[7.797s] Level 1:colcon.colcon_core.package_identification:_identify(src/hector_slam) by extension 'python_setup_py'
[7.797s] Level 1:colcon.colcon_core.package_identification:_identify(src/hector_slam/hector_compressed_map_transport) by extensions ['ignore', 'ignore_ament_install']
[7.797s] Level 1:colcon.colcon_core.package_identification:_identify(src/hector_slam/hector_compressed_map_transport) by extension 'ignore'
[7.797s] Level 1:colcon.colcon_core.package_identification:_identify(src/hector_slam/hector_compressed_map_transport) by extension 'ignore_ament_install'
[7.797s] Level 1:colcon.colcon_core.package_identification:_identify(src/hector_slam/hector_compressed_map_transport) by extensions ['colcon_pkg']
[7.797s] Level 1:colcon.colcon_core.package_identification:_identify(src/hector_slam/hector_compressed_map_transport) by extension 'colcon_pkg'
[7.797s] Level 1:colcon.colcon_core.package_identification:_identify(src/hector_slam/hector_compressed_map_transport) by extensions ['colcon_meta']
[7.797s] Level 1:colcon.colcon_core.package_identification:_identify(src/hector_slam/hector_compressed_map_transport) by extension 'colcon_meta'
[7.797s] Level 1:colcon.colcon_core.package_identification:_identify(src/hector_slam/hector_compressed_map_transport) by extensions ['ros']
[7.797s] Level 1:colcon.colcon_core.package_identification:_identify(src/hector_slam/hector_compressed_map_transport) by extension 'ros'
[7.823s] DEBUG:colcon.colcon_core.package_identification:Package 'src/hector_slam/hector_compressed_map_transport' with type 'ros.catkin' and name 'hector_compressed_map_transport'
[7.823s] Level 1:colcon.colcon_core.package_identification:_identify(src/hector_slam/hector_geotiff) by extensions ['ignore', 'ignore_ament_install']
[7.823s] Level 1:colcon.colcon_core.package_identification:_identify(src/hector_slam/hector_geotiff) by extension 'ignore'
[7.823s] Level 1:colcon.colcon_core.package_identification:_identify(src/hector_slam/hector_geotiff) by extension 'ignore_ament_install'
[7.824s] Level 1:colcon.colcon_core.package_identification:_identify(src/hector_slam/hector_geotiff) by extensions ['colcon_pkg']
[7.824s] Level 1:colcon.colcon_core.package_identification:_identify(src/hector_slam/hector_geotiff) by extension 'colcon_pkg'
[7.824s] Level 1:colcon.colcon_core.package_identification:_identify(src/hector_slam/hector_geotiff) by extensions ['colcon_meta']
[7.824s] Level 1:colcon.colcon_core.package_identification:_identify(src/hector_slam/hector_geotiff) by extension 'colcon_meta'
[7.824s] Level 1:colcon.colcon_core.package_identification:_identify(src/hector_slam/hector_geotiff) by extensions ['ros']
[7.824s] Level 1:colcon.colcon_core.package_identification:_identify(src/hector_slam/hector_geotiff) by extension 'ros'
[7.826s] DEBUG:colcon.colcon_core.package_identification:Package 'src/hector_slam/hector_geotiff' with type 'ros.catkin' and name 'hector_geotiff'
[7.826s] Level 1:colcon.colcon_core.package_identification:_identify(src/hector_slam/hector_geotiff_launch) by extensions ['ignore', 'ignore_ament_install']
[7.826s] Level 1:colcon.colcon_core.package_identification:_identify(src/hector_slam/hector_geotiff_launch) by extension 'ignore'
[7.827s] Level 1:colcon.colcon_core.package_identification:_identify(src/hector_slam/hector_geotiff_launch) by extension 'ignore_ament_install'
[7.827s] Level 1:colcon.colcon_core.package_identification:_identify(src/hector_slam/hector_geotiff_launch) by extensions ['colcon_pkg']
[7.827s] Level 1:colcon.colcon_core.package_identification:_identify(src/hector_slam/hector_geotiff_launch) by extension 'colcon_pkg'
[7.827s] Level 1:colcon.colcon_core.package_identification:_identify(src/hector_slam/hector_geotiff_launch) by extensions ['colcon_meta']
[7.827s] Level 1:colcon.colcon_core.package_identification:_identify(src/hector_slam/hector_geotiff_launch) by extension 'colcon_meta'
[7.827s] Level 1:colcon.colcon_core.package_identification:_identify(src/hector_slam/hector_geotiff_launch) by extensions ['ros']
[7.827s] Level 1:colcon.colcon_core.package_identification:_identify(src/hector_slam/hector_geotiff_launch) by extension 'ros'
[7.846s] DEBUG:colcon.colcon_core.package_identification:Package 'src/hector_slam/hector_geotiff_launch' with type 'ros.catkin' and name 'hector_geotiff_launch'
[7.846s] Level 1:colcon.colcon_core.package_identification:_identify(src/hector_slam/hector_geotiff_plugins) by extensions ['ignore', 'ignore_ament_install']
[7.847s] Level 1:colcon.colcon_core.package_identification:_identify(src/hector_slam/hector_geotiff_plugins) by extension 'ignore'
[7.847s] Level 1:colcon.colcon_core.package_identification:_identify(src/hector_slam/hector_geotiff_plugins) by extension 'ignore_ament_install'
[7.847s] Level 1:colcon.colcon_core.package_identification:_identify(src/hector_slam/hector_geotiff_plugins) by extensions ['colcon_pkg']
[7.847s] Level 1:colcon.colcon_core.package_identification:_identify(src/hector_slam/hector_geotiff_plugins) by extension 'colcon_pkg'
[7.847s] Level 1:colcon.colcon_core.package_identification:_identify(src/hector_slam/hector_geotiff_plugins) by extensions ['colcon_meta']
[7.847s] Level 1:colcon.colcon_core.package_identification:_identify(src/hector_slam/hector_geotiff_plugins) by extension 'colcon_meta'
[7.847s] Level 1:colcon.colcon_core.package_identification:_identify(src/hector_slam/hector_geotiff_plugins) by extensions ['ros']
[7.847s] Level 1:colcon.colcon_core.package_identification:_identify(src/hector_slam/hector_geotiff_plugins) by extension 'ros'
[7.849s] DEBUG:colcon.colcon_core.package_identification:Package 'src/hector_slam/hector_geotiff_plugins' with type 'ros.catkin' and name 'hector_geotiff_plugins'
[7.849s] Level 1:colcon.colcon_core.package_identification:_identify(src/hector_slam/hector_imu_attitude_to_tf) by extensions ['ignore', 'ignore_ament_install']
[7.849s] Level 1:colcon.colcon_core.package_identification:_identify(src/hector_slam/hector_imu_attitude_to_tf) by extension 'ignore'
[7.849s] Level 1:colcon.colcon_core.package_identification:_identify(src/hector_slam/hector_imu_attitude_to_tf) by extension 'ignore_ament_install'
[7.850s] Level 1:colcon.colcon_core.package_identification:_identify(src/hector_slam/hector_imu_attitude_to_tf) by extensions ['colcon_pkg']
[7.850s] Level 1:colcon.colcon_core.package_identification:_identify(src/hector_slam/hector_imu_attitude_to_tf) by extension 'colcon_pkg'
[7.850s] Level 1:colcon.colcon_core.package_identification:_identify(src/hector_slam/hector_imu_attitude_to_tf) by extensions ['colcon_meta']
[7.850s] Level 1:colcon.colcon_core.package_identification:_identify(src/hector_slam/hector_imu_attitude_to_tf) by extension 'colcon_meta'
[7.850s] Level 1:colcon.colcon_core.package_identification:_identify(src/hector_slam/hector_imu_attitude_to_tf) by extensions ['ros']
[7.850s] Level 1:colcon.colcon_core.package_identification:_identify(src/hector_slam/hector_imu_attitude_to_tf) by extension 'ros'
[7.851s] DEBUG:colcon.colcon_core.package_identification:Package 'src/hector_slam/hector_imu_attitude_to_tf' with type 'ros.catkin' and name 'hector_imu_attitude_to_tf'
[7.852s] Level 1:colcon.colcon_core.package_identification:_identify(src/hector_slam/hector_imu_tools) by extensions ['ignore', 'ignore_ament_install']
[7.852s] Level 1:colcon.colcon_core.package_identification:_identify(src/hector_slam/hector_imu_tools) by extension 'ignore'
[7.852s] Level 1:colcon.colcon_core.package_identification:_identify(src/hector_slam/hector_imu_tools) by extension 'ignore_ament_install'
[7.852s] Level 1:colcon.colcon_core.package_identification:_identify(src/hector_slam/hector_imu_tools) by extensions ['colcon_pkg']
[7.852s] Level 1:colcon.colcon_core.package_identification:_identify(src/hector_slam/hector_imu_tools) by extension 'colcon_pkg'
[7.852s] Level 1:colcon.colcon_core.package_identification:_identify(src/hector_slam/hector_imu_tools) by extensions ['colcon_meta']
[7.852s] Level 1:colcon.colcon_core.package_identification:_identify(src/hector_slam/hector_imu_tools) by extension 'colcon_meta'
[7.852s] Level 1:colcon.colcon_core.package_identification:_identify(src/hector_slam/hector_imu_tools) by extensions ['ros']
[7.852s] Level 1:colcon.colcon_core.package_identification:_identify(src/hector_slam/hector_imu_tools) by extension 'ros'
[7.854s] DEBUG:colcon.colcon_core.package_identification:Package 'src/hector_slam/hector_imu_tools' with type 'ros.catkin' and name 'hector_imu_tools'
[7.854s] Level 1:colcon.colcon_core.package_identification:_identify(src/hector_slam/hector_map_server) by extensions ['ignore', 'ignore_ament_install']
[7.855s] Level 1:colcon.colcon_core.package_identification:_identify(src/hector_slam/hector_map_server) by extension 'ignore'
[7.855s] Level 1:colcon.colcon_core.package_identification:_identify(src/hector_slam/hector_map_server) by extension 'ignore_ament_install'
[7.855s] Level 1:colcon.colcon_core.package_identification:_identify(src/hector_slam/hector_map_server) by extensions ['colcon_pkg']
[7.855s] Level 1:colcon.colcon_core.package_identification:_identify(src/hector_slam/hector_map_server) by extension 'colcon_pkg'
[7.855s] Level 1:colcon.colcon_core.package_identification:_identify(src/hector_slam/hector_map_server) by extensions ['colcon_meta']
[7.855s] Level 1:colcon.colcon_core.package_identification:_identify(src/hector_slam/hector_map_server) by extension 'colcon_meta'
[7.855s] Level 1:colcon.colcon_core.package_identification:_identify(src/hector_slam/hector_map_server) by extensions ['ros']
[7.855s] Level 1:colcon.colcon_core.package_identification:_identify(src/hector_slam/hector_map_server) by extension 'ros'
[7.857s] DEBUG:colcon.colcon_core.package_identification:Package 'src/hector_slam/hector_map_server' with type 'ros.catkin' and name 'hector_map_server'
[7.857s] Level 1:colcon.colcon_core.package_identification:_identify(src/hector_slam/hector_map_tools) by extensions ['ignore', 'ignore_ament_install']
[7.857s] Level 1:colcon.colcon_core.package_identification:_identify(src/hector_slam/hector_map_tools) by extension 'ignore'
[7.857s] Level 1:colcon.colcon_core.package_identification:_identify(src/hector_slam/hector_map_tools) by extension 'ignore_ament_install'
[7.857s] Level 1:colcon.colcon_core.package_identification:_identify(src/hector_slam/hector_map_tools) by extensions ['colcon_pkg']
[7.857s] Level 1:colcon.colcon_core.package_identification:_identify(src/hector_slam/hector_map_tools) by extension 'colcon_pkg'
[7.857s] Level 1:colcon.colcon_core.package_identification:_identify(src/hector_slam/hector_map_tools) by extensions ['colcon_meta']
[7.858s] Level 1:colcon.colcon_core.package_identification:_identify(src/hector_slam/hector_map_tools) by extension 'colcon_meta'
[7.858s] Level 1:colcon.colcon_core.package_identification:_identify(src/hector_slam/hector_map_tools) by extensions ['ros']
[7.858s] Level 1:colcon.colcon_core.package_identification:_identify(src/hector_slam/hector_map_tools) by extension 'ros'
[7.859s] DEBUG:colcon.colcon_core.package_identification:Package 'src/hector_slam/hector_map_tools' with type 'ros.catkin' and name 'hector_map_tools'
[7.859s] Level 1:colcon.colcon_core.package_identification:_identify(src/hector_slam/hector_mapping) by extensions ['ignore', 'ignore_ament_install']
[7.859s] Level 1:colcon.colcon_core.package_identification:_identify(src/hector_slam/hector_mapping) by extension 'ignore'
[7.859s] Level 1:colcon.colcon_core.package_identification:_identify(src/hector_slam/hector_mapping) by extension 'ignore_ament_install'
[7.859s] Level 1:colcon.colcon_core.package_identification:_identify(src/hector_slam/hector_mapping) by extensions ['colcon_pkg']
[7.859s] Level 1:colcon.colcon_core.package_identification:_identify(src/hector_slam/hector_mapping) by extension 'colcon_pkg'
[7.859s] Level 1:colcon.colcon_core.package_identification:_identify(src/hector_slam/hector_mapping) by extensions ['colcon_meta']
[7.859s] Level 1:colcon.colcon_core.package_identification:_identify(src/hector_slam/hector_mapping) by extension 'colcon_meta'
[7.859s] Level 1:colcon.colcon_core.package_identification:_identify(src/hector_slam/hector_mapping) by extensions ['ros']
[7.860s] Level 1:colcon.colcon_core.package_identification:_identify(src/hector_slam/hector_mapping) by extension 'ros'
[7.861s] DEBUG:colcon.colcon_core.package_identification:Package 'src/hector_slam/hector_mapping' with type 'ros.catkin' and name 'hector_mapping'
[7.861s] Level 1:colcon.colcon_core.package_identification:_identify(src/hector_slam/hector_marker_drawing) by extensions ['ignore', 'ignore_ament_install']
[7.861s] Level 1:colcon.colcon_core.package_identification:_identify(src/hector_slam/hector_marker_drawing) by extension 'ignore'
[7.861s] Level 1:colcon.colcon_core.package_identification:_identify(src/hector_slam/hector_marker_drawing) by extension 'ignore_ament_install'
[7.861s] Level 1:colcon.colcon_core.package_identification:_identify(src/hector_slam/hector_marker_drawing) by extensions ['colcon_pkg']
[7.861s] Level 1:colcon.colcon_core.package_identification:_identify(src/hector_slam/hector_marker_drawing) by extension 'colcon_pkg'
[7.861s] Level 1:colcon.colcon_core.package_identification:_identify(src/hector_slam/hector_marker_drawing) by extensions ['colcon_meta']
[7.861s] Level 1:colcon.colcon_core.package_identification:_identify(src/hector_slam/hector_marker_drawing) by extension 'colcon_meta'
[7.861s] Level 1:colcon.colcon_core.package_identification:_identify(src/hector_slam/hector_marker_drawing) by extensions ['ros']
[7.861s] Level 1:colcon.colcon_core.package_identification:_identify(src/hector_slam/hector_marker_drawing) by extension 'ros'
[7.876s] DEBUG:colcon.colcon_core.package_identification:Package 'src/hector_slam/hector_marker_drawing' with type 'ros.catkin' and name 'hector_marker_drawing'
[7.876s] Level 1:colcon.colcon_core.package_identification:_identify(src/hector_slam/hector_nav_msgs) by extensions ['ignore', 'ignore_ament_install']
[7.876s] Level 1:colcon.colcon_core.package_identification:_identify(src/hector_slam/hector_nav_msgs) by extension 'ignore'
[7.876s] Level 1:colcon.colcon_core.package_identification:_identify(src/hector_slam/hector_nav_msgs) by extension 'ignore_ament_install'
[7.877s] Level 1:colcon.colcon_core.package_identification:_identify(src/hector_slam/hector_nav_msgs) by extensions ['colcon_pkg']
[7.877s] Level 1:colcon.colcon_core.package_identification:_identify(src/hector_slam/hector_nav_msgs) by extension 'colcon_pkg'
[7.877s] Level 1:colcon.colcon_core.package_identification:_identify(src/hector_slam/hector_nav_msgs) by extensions ['colcon_meta']
[7.877s] Level 1:colcon.colcon_core.package_identification:_identify(src/hector_slam/hector_nav_msgs) by extension 'colcon_meta'
[7.877s] Level 1:colcon.colcon_core.package_identification:_identify(src/hector_slam/hector_nav_msgs) by extensions ['ros']
[7.877s] Level 1:colcon.colcon_core.package_identification:_identify(src/hector_slam/hector_nav_msgs) by extension 'ros'
[7.878s] DEBUG:colcon.colcon_core.package_identification:Package 'src/hector_slam/hector_nav_msgs' with type 'ros.catkin' and name 'hector_nav_msgs'
[7.879s] Level 1:colcon.colcon_core.package_identification:_identify(src/hector_slam/hector_slam) by extensions ['ignore', 'ignore_ament_install']
[7.879s] Level 1:colcon.colcon_core.package_identification:_identify(src/hector_slam/hector_slam) by extension 'ignore'
[7.879s] Level 1:colcon.colcon_core.package_identification:_identify(src/hector_slam/hector_slam) by extension 'ignore_ament_install'
[7.879s] Level 1:colcon.colcon_core.package_identification:_identify(src/hector_slam/hector_slam) by extensions ['colcon_pkg']
[7.879s] Level 1:colcon.colcon_core.package_identification:_identify(src/hector_slam/hector_slam) by extension 'colcon_pkg'
[7.879s] Level 1:colcon.colcon_core.package_identification:_identify(src/hector_slam/hector_slam) by extensions ['colcon_meta']
[7.879s] Level 1:colcon.colcon_core.package_identification:_identify(src/hector_slam/hector_slam) by extension 'colcon_meta'
[7.879s] Level 1:colcon.colcon_core.package_identification:_identify(src/hector_slam/hector_slam) by extensions ['ros']
[7.879s] Level 1:colcon.colcon_core.package_identification:_identify(src/hector_slam/hector_slam) by extension 'ros'
[7.881s] DEBUG:colcon.colcon_core.package_identification:Package 'src/hector_slam/hector_slam' with type 'ros.catkin' and name 'hector_slam'
[7.882s] Level 1:colcon.colcon_core.package_identification:_identify(src/hector_slam/hector_slam_launch) by extensions ['ignore', 'ignore_ament_install']
[7.882s] Level 1:colcon.colcon_core.package_identification:_identify(src/hector_slam/hector_slam_launch) by extension 'ignore'
[7.882s] Level 1:colcon.colcon_core.package_identification:_identify(src/hector_slam/hector_slam_launch) by extension 'ignore_ament_install'
[7.882s] Level 1:colcon.colcon_core.package_identification:_identify(src/hector_slam/hector_slam_launch) by extensions ['colcon_pkg']
[7.882s] Level 1:colcon.colcon_core.package_identification:_identify(src/hector_slam/hector_slam_launch) by extension 'colcon_pkg'
[7.882s] Level 1:colcon.colcon_core.package_identification:_identify(src/hector_slam/hector_slam_launch) by extensions ['colcon_meta']
[7.882s] Level 1:colcon.colcon_core.package_identification:_identify(src/hector_slam/hector_slam_launch) by extension 'colcon_meta'
[7.882s] Level 1:colcon.colcon_core.package_identification:_identify(src/hector_slam/hector_slam_launch) by extensions ['ros']
[7.882s] Level 1:colcon.colcon_core.package_identification:_identify(src/hector_slam/hector_slam_launch) by extension 'ros'
[7.883s] DEBUG:colcon.colcon_core.package_identification:Package 'src/hector_slam/hector_slam_launch' with type 'ros.catkin' and name 'hector_slam_launch'
[7.883s] Level 1:colcon.colcon_core.package_identification:_identify(src/hector_slam/hector_trajectory_server) by extensions ['ignore', 'ignore_ament_install']
[7.884s] Level 1:colcon.colcon_core.package_identification:_identify(src/hector_slam/hector_trajectory_server) by extension 'ignore'
[7.884s] Level 1:colcon.colcon_core.package_identification:_identify(src/hector_slam/hector_trajectory_server) by extension 'ignore_ament_install'
[7.884s] Level 1:colcon.colcon_core.package_identification:_identify(src/hector_slam/hector_trajectory_server) by extensions ['colcon_pkg']
[7.884s] Level 1:colcon.colcon_core.package_identification:_identify(src/hector_slam/hector_trajectory_server) by extension 'colcon_pkg'
[7.884s] Level 1:colcon.colcon_core.package_identification:_identify(src/hector_slam/hector_trajectory_server) by extensions ['colcon_meta']
[7.884s] Level 1:colcon.colcon_core.package_identification:_identify(src/hector_slam/hector_trajectory_server) by extension 'colcon_meta'
[7.884s] Level 1:colcon.colcon_core.package_identification:_identify(src/hector_slam/hector_trajectory_server) by extensions ['ros']
[7.884s] Level 1:colcon.colcon_core.package_identification:_identify(src/hector_slam/hector_trajectory_server) by extension 'ros'
[7.885s] DEBUG:colcon.colcon_core.package_identification:Package 'src/hector_slam/hector_trajectory_server' with type 'ros.catkin' and name 'hector_trajectory_server'
[7.885s] Level 1:colcon.colcon_core.package_identification:_identify(src/my_bot) by extensions ['ignore', 'ignore_ament_install']
[7.885s] Level 1:colcon.colcon_core.package_identification:_identify(src/my_bot) by extension 'ignore'
[7.885s] Level 1:colcon.colcon_core.package_identification:_identify(src/my_bot) by extension 'ignore_ament_install'
[7.885s] Level 1:colcon.colcon_core.package_identification:_identify(src/my_bot) by extensions ['colcon_pkg']
[7.886s] Level 1:colcon.colcon_core.package_identification:_identify(src/my_bot) by extension 'colcon_pkg'
[7.886s] Level 1:colcon.colcon_core.package_identification:_identify(src/my_bot) by extensions ['colcon_meta']
[7.886s] Level 1:colcon.colcon_core.package_identification:_identify(src/my_bot) by extension 'colcon_meta'
[7.886s] Level 1:colcon.colcon_core.package_identification:_identify(src/my_bot) by extensions ['ros']
[7.886s] Level 1:colcon.colcon_core.package_identification:_identify(src/my_bot) by extension 'ros'
[7.886s] DEBUG:colcon.colcon_core.package_identification:Package 'src/my_bot' with type 'ros.ament_cmake' and name 'my_bot'
[7.886s] Level 1:colcon.colcon_core.package_identification:_identify(src/my_package) by extensions ['ignore', 'ignore_ament_install']
[7.886s] Level 1:colcon.colcon_core.package_identification:_identify(src/my_package) by extension 'ignore'
[7.886s] Level 1:colcon.colcon_core.package_identification:_identify(src/my_package) by extension 'ignore_ament_install'
[7.886s] Level 1:colcon.colcon_core.package_identification:_identify(src/my_package) by extensions ['colcon_pkg']
[7.886s] Level 1:colcon.colcon_core.package_identification:_identify(src/my_package) by extension 'colcon_pkg'
[7.887s] Level 1:colcon.colcon_core.package_identification:_identify(src/my_package) by extensions ['colcon_meta']
[7.887s] Level 1:colcon.colcon_core.package_identification:_identify(src/my_package) by extension 'colcon_meta'
[7.887s] Level 1:colcon.colcon_core.package_identification:_identify(src/my_package) by extensions ['ros']
[7.887s] Level 1:colcon.colcon_core.package_identification:_identify(src/my_package) by extension 'ros'
[7.903s] DEBUG:colcon.colcon_core.package_identification:Package 'src/my_package' with type 'ros.ament_python' and name 'my_package'
[7.903s] Level 1:colcon.colcon_core.package_identification:_identify(src/rplidar_ros2) by extensions ['ignore', 'ignore_ament_install']
[7.903s] Level 1:colcon.colcon_core.package_identification:_identify(src/rplidar_ros2) by extension 'ignore'
[7.903s] Level 1:colcon.colcon_core.package_identification:_identify(src/rplidar_ros2) by extension 'ignore_ament_install'
[7.904s] Level 1:colcon.colcon_core.package_identification:_identify(src/rplidar_ros2) by extensions ['colcon_pkg']
[7.904s] Level 1:colcon.colcon_core.package_identification:_identify(src/rplidar_ros2) by extension 'colcon_pkg'
[7.904s] Level 1:colcon.colcon_core.package_identification:_identify(src/rplidar_ros2) by extensions ['colcon_meta']
[7.904s] Level 1:colcon.colcon_core.package_identification:_identify(src/rplidar_ros2) by extension 'colcon_meta'
[7.904s] Level 1:colcon.colcon_core.package_identification:_identify(src/rplidar_ros2) by extensions ['ros']
[7.904s] Level 1:colcon.colcon_core.package_identification:_identify(src/rplidar_ros2) by extension 'ros'
[7.905s] DEBUG:colcon.colcon_core.package_identification:Package 'src/rplidar_ros2' with type 'ros.ament_cmake' and name 'rplidar_ros'
[7.905s] Level 1:colcon.colcon_core.package_identification:_identify(src/slam_toolbox) by extensions ['ignore', 'ignore_ament_install']
[7.905s] Level 1:colcon.colcon_core.package_identification:_identify(src/slam_toolbox) by extension 'ignore'
[7.905s] Level 1:colcon.colcon_core.package_identification:_identify(src/slam_toolbox) by extension 'ignore_ament_install'
[7.906s] Level 1:colcon.colcon_core.package_identification:_identify(src/slam_toolbox) by extensions ['colcon_pkg']
[7.906s] Level 1:colcon.colcon_core.package_identification:_identify(src/slam_toolbox) by extension 'colcon_pkg'
[7.906s] Level 1:colcon.colcon_core.package_identification:_identify(src/slam_toolbox) by extensions ['colcon_meta']
[7.906s] Level 1:colcon.colcon_core.package_identification:_identify(src/slam_toolbox) by extension 'colcon_meta'
[7.906s] Level 1:colcon.colcon_core.package_identification:_identify(src/slam_toolbox) by extensions ['ros']
[7.906s] Level 1:colcon.colcon_core.package_identification:_identify(src/slam_toolbox) by extension 'ros'
[7.909s] DEBUG:colcon.colcon_core.package_identification:Package 'src/slam_toolbox' with type 'ros.ament_cmake' and name 'slam_toolbox'
[7.909s] Level 1:colcon.colcon_core.package_identification:_identify(src/tf2_py) by extensions ['ignore', 'ignore_ament_install']
[7.909s] Level 1:colcon.colcon_core.package_identification:_identify(src/tf2_py) by extension 'ignore'
[7.909s] Level 1:colcon.colcon_core.package_identification:_identify(src/tf2_py) by extension 'ignore_ament_install'
[7.909s] Level 1:colcon.colcon_core.package_identification:_identify(src/tf2_py) by extensions ['colcon_pkg']
[7.909s] Level 1:colcon.colcon_core.package_identification:_identify(src/tf2_py) by extension 'colcon_pkg'
[7.909s] Level 1:colcon.colcon_core.package_identification:_identify(src/tf2_py) by extensions ['colcon_meta']
[7.909s] Level 1:colcon.colcon_core.package_identification:_identify(src/tf2_py) by extension 'colcon_meta'
[7.910s] Level 1:colcon.colcon_core.package_identification:_identify(src/tf2_py) by extensions ['ros']
[7.910s] Level 1:colcon.colcon_core.package_identification:_identify(src/tf2_py) by extension 'ros'
[7.925s] DEBUG:colcon.colcon_core.package_identification:Package 'src/tf2_py' with type 'ros.ament_python' and name 'tf2_py'
[7.925s] Level 1:colcon.colcon_core.package_discovery:discover_packages(recursive) using defaults
[7.925s] Level 1:colcon.colcon_core.package_discovery:discover_packages(ignore) discover
[7.925s] Level 1:colcon.colcon_core.package_discovery:discover_packages(ignore) using defaults
[7.925s] Level 1:colcon.colcon_core.package_discovery:discover_packages(path) discover
[7.925s] Level 1:colcon.colcon_core.package_discovery:discover_packages(path) using defaults
[8.190s] INFO:colcon.colcon_core.package_selection:Skipping not selected package 'hector_imu_attitude_to_tf' in 'src/hector_slam/hector_imu_attitude_to_tf'
[8.190s] INFO:colcon.colcon_core.package_selection:Skipping not selected package 'hector_imu_tools' in 'src/hector_slam/hector_imu_tools'
[8.190s] INFO:colcon.colcon_core.package_selection:Skipping not selected package 'hector_map_tools' in 'src/hector_slam/hector_map_tools'
[8.190s] INFO:colcon.colcon_core.package_selection:Skipping not selected package 'hector_mapping' in 'src/hector_slam/hector_mapping'
[8.190s] INFO:colcon.colcon_core.package_selection:Skipping not selected package 'hector_marker_drawing' in 'src/hector_slam/hector_marker_drawing'
[8.190s] INFO:colcon.colcon_core.package_selection:Skipping not selected package 'hector_nav_msgs' in 'src/hector_slam/hector_nav_msgs'
[8.190s] INFO:colcon.colcon_core.package_selection:Skipping not selected package 'my_package' in 'src/my_package'
[8.190s] INFO:colcon.colcon_core.package_selection:Skipping not selected package 'rplidar_ros' in 'src/rplidar_ros2'
[8.190s] INFO:colcon.colcon_core.package_selection:Skipping not selected package 'slam_toolbox' in 'src/slam_toolbox'
[8.190s] INFO:colcon.colcon_core.package_selection:Skipping not selected package 'tf2_py' in 'src/tf2_py'
[8.190s] INFO:colcon.colcon_core.package_selection:Skipping not selected package 'hector_compressed_map_transport' in 'src/hector_slam/hector_compressed_map_transport'
[8.190s] INFO:colcon.colcon_core.package_selection:Skipping not selected package 'hector_geotiff' in 'src/hector_slam/hector_geotiff'
[8.190s] INFO:colcon.colcon_core.package_selection:Skipping not selected package 'hector_map_server' in 'src/hector_slam/hector_map_server'
[8.190s] INFO:colcon.colcon_core.package_selection:Skipping not selected package 'hector_trajectory_server' in 'src/hector_slam/hector_trajectory_server'
[8.190s] INFO:colcon.colcon_core.package_selection:Skipping not selected package 'hector_geotiff_plugins' in 'src/hector_slam/hector_geotiff_plugins'
[8.190s] INFO:colcon.colcon_core.package_selection:Skipping not selected package 'hector_geotiff_launch' in 'src/hector_slam/hector_geotiff_launch'
[8.190s] INFO:colcon.colcon_core.package_selection:Skipping not selected package 'hector_slam_launch' in 'src/hector_slam/hector_slam_launch'
[8.190s] INFO:colcon.colcon_core.package_selection:Skipping not selected package 'hector_slam' in 'src/hector_slam/hector_slam'
[8.210s] Level 1:colcon.colcon_core.package_discovery:discover_packages(prefix_path) check parameters
[8.210s] Level 1:colcon.colcon_core.package_discovery:discover_packages(prefix_path) discover
[8.233s] DEBUG:colcon.colcon_installed_package_information.package_discovery:Found 8 installed packages in /home/remon/ros2_ws/install
[8.244s] DEBUG:colcon.colcon_installed_package_information.package_discovery:Found 288 installed packages in /opt/ros/humble
[8.245s] Level 1:colcon.colcon_core.package_discovery:discover_packages(prefix_path) using defaults
[8.424s] Level 5:colcon.colcon_core.verb:set package 'my_bot' build argument 'cmake_args' from command line to 'None'
[8.424s] Level 5:colcon.colcon_core.verb:set package 'my_bot' build argument 'cmake_target' from command line to 'None'
[8.424s] Level 5:colcon.colcon_core.verb:set package 'my_bot' build argument 'cmake_target_skip_unavailable' from command line to 'False'
[8.424s] Level 5:colcon.colcon_core.verb:set package 'my_bot' build argument 'cmake_clean_cache' from command line to 'False'
[8.424s] Level 5:colcon.colcon_core.verb:set package 'my_bot' build argument 'cmake_clean_first' from command line to 'False'
[8.424s] Level 5:colcon.colcon_core.verb:set package 'my_bot' build argument 'cmake_force_configure' from command line to 'False'
[8.424s] Level 5:colcon.colcon_core.verb:set package 'my_bot' build argument 'ament_cmake_args' from command line to 'None'
[8.424s] Level 5:colcon.colcon_core.verb:set package 'my_bot' build argument 'catkin_cmake_args' from command line to 'None'
[8.424s] Level 5:colcon.colcon_core.verb:set package 'my_bot' build argument 'catkin_skip_building_tests' from command line to 'False'
[8.424s] DEBUG:colcon.colcon_core.verb:Building package 'my_bot' with the following arguments: {'ament_cmake_args': None, 'build_base': '/home/remon/ros2_ws/build/my_bot', 'catkin_cmake_args': None, 'catkin_skip_building_tests': False, 'cmake_args': None, 'cmake_clean_cache': False, 'cmake_clean_first': False, 'cmake_force_configure': False, 'cmake_target': None, 'cmake_target_skip_unavailable': False, 'install_base': '/home/remon/ros2_ws/install/my_bot', 'merge_install': False, 'path': '/home/remon/ros2_ws/src/my_bot', 'symlink_install': False, 'test_result_base': None}
[8.434s] INFO:colcon.colcon_core.executor:Executing jobs using 'parallel' executor
[8.445s] DEBUG:colcon.colcon_parallel_executor.executor.parallel:run_until_complete
[8.445s] INFO:colcon.colcon_ros.task.ament_cmake.build:Building ROS package in '/home/remon/ros2_ws/src/my_bot' with build type 'ament_cmake'
[8.445s] INFO:colcon.colcon_cmake.task.cmake.build:Building CMake package in '/home/remon/ros2_ws/src/my_bot'
[8.460s] INFO:colcon.colcon_core.plugin_system:Skipping extension 'colcon_core.shell.bat': Not used on non-Windows systems
[8.460s] INFO:colcon.colcon_core.shell:Skip shell extension 'powershell' for command environment: Not usable outside of PowerShell
[8.460s] DEBUG:colcon.colcon_core.shell:Skip shell extension 'dsv' for command environment
[8.533s] DEBUG:colcon.colcon_core.event_handler.log_command:Invoking command in '/home/remon/ros2_ws/build/my_bot': CMAKE_PREFIX_PATH=${CMAKE_PREFIX_PATH}:/home/remon/ros2_ws/install/my_py_pkg:/opt/ros/humble /usr/bin/cmake --build /home/remon/ros2_ws/build/my_bot -- -j8 -l8
[9.425s] DEBUG:colcon.colcon_core.event_handler.log_command:Invoked command in '/home/remon/ros2_ws/build/my_bot' returned '0': CMAKE_PREFIX_PATH=${CMAKE_PREFIX_PATH}:/home/remon/ros2_ws/install/my_py_pkg:/opt/ros/humble /usr/bin/cmake --build /home/remon/ros2_ws/build/my_bot -- -j8 -l8
[9.473s] DEBUG:colcon.colcon_core.event_handler.log_command:Invoking command in '/home/remon/ros2_ws/build/my_bot': CMAKE_PREFIX_PATH=${CMAKE_PREFIX_PATH}:/home/remon/ros2_ws/install/my_py_pkg:/opt/ros/humble /usr/bin/cmake --install /home/remon/ros2_ws/build/my_bot
[9.507s] DEBUG:colcon.colcon_core.event_handler.log_command:Invoked command in '/home/remon/ros2_ws/build/my_bot' returned '1': CMAKE_PREFIX_PATH=${CMAKE_PREFIX_PATH}:/home/remon/ros2_ws/install/my_py_pkg:/opt/ros/humble /usr/bin/cmake --install /home/remon/ros2_ws/build/my_bot
[9.561s] Level 1:colcon.colcon_core.environment:create_environment_scripts_only(my_bot)
[9.574s] Level 1:colcon.colcon_core.environment:checking '/home/remon/ros2_ws/install/my_bot' for CMake module files
[9.574s] Level 1:colcon.colcon_core.environment:checking '/home/remon/ros2_ws/install/my_bot' for CMake config files
[9.575s] Level 1:colcon.colcon_core.shell:create_environment_hook('my_bot', 'cmake_prefix_path')
[9.587s] INFO:colcon.colcon_core.shell:Creating environment hook '/home/remon/ros2_ws/install/my_bot/share/my_bot/hook/cmake_prefix_path.ps1'
[9.588s] INFO:colcon.colcon_core.shell:Creating environment descriptor '/home/remon/ros2_ws/install/my_bot/share/my_bot/hook/cmake_prefix_path.dsv'
[9.589s] INFO:colcon.colcon_core.shell:Creating environment hook '/home/remon/ros2_ws/install/my_bot/share/my_bot/hook/cmake_prefix_path.sh'
[9.590s] Level 1:colcon.colcon_core.environment:checking '/home/remon/ros2_ws/install/my_bot/bin'
[9.590s] Level 1:colcon.colcon_core.environment:checking '/home/remon/ros2_ws/install/my_bot/lib/pkgconfig/my_bot.pc'
[9.590s] Level 1:colcon.colcon_core.environment:checking '/home/remon/ros2_ws/install/my_bot/lib/python3.10/site-packages'
[9.591s] Level 1:colcon.colcon_core.environment:checking '/home/remon/ros2_ws/install/my_bot/bin'
[9.601s] INFO:colcon.colcon_core.shell:Creating package script '/home/remon/ros2_ws/install/my_bot/share/my_bot/package.ps1'
[9.602s] INFO:colcon.colcon_core.shell:Creating package descriptor '/home/remon/ros2_ws/install/my_bot/share/my_bot/package.dsv'
[9.603s] INFO:colcon.colcon_core.shell:Creating package script '/home/remon/ros2_ws/install/my_bot/share/my_bot/package.sh'
[9.603s] INFO:colcon.colcon_core.shell:Creating package script '/home/remon/ros2_ws/install/my_bot/share/my_bot/package.bash'
[9.604s] INFO:colcon.colcon_core.shell:Creating package script '/home/remon/ros2_ws/install/my_bot/share/my_bot/package.zsh'
[9.605s] Level 1:colcon.colcon_core.environment:create_file_with_runtime_dependencies(/home/remon/ros2_ws/install/my_bot/share/colcon-core/packages/my_bot)
[9.615s] DEBUG:colcon.colcon_parallel_executor.executor.parallel:closing loop
[9.615s] DEBUG:colcon.colcon_parallel_executor.executor.parallel:loop closed
[9.616s] DEBUG:colcon.colcon_parallel_executor.executor.parallel:run_until_complete finished with '1'
[9.616s] DEBUG:colcon.colcon_core.event_reactor:joining thread
[9.677s] INFO:colcon.colcon_core.plugin_system:Skipping extension 'colcon_notification.desktop_notification.terminal_notifier': Not used on non-Darwin systems
[9.677s] INFO:colcon.colcon_core.plugin_system:Skipping extension 'colcon_notification.desktop_notification.win32': Not used on non-Windows systems
[9.677s] INFO:colcon.colcon_notification.desktop_notification:Sending desktop notification using 'notify2'
[9.726s] DEBUG:colcon.colcon_core.event_reactor:joined thread
[9.748s] INFO:colcon.colcon_core.shell:Creating prefix script '/home/remon/ros2_ws/install/local_setup.ps1'
[9.749s] INFO:colcon.colcon_core.shell:Creating prefix util module '/home/remon/ros2_ws/install/_local_setup_util_ps1.py'
[9.750s] INFO:colcon.colcon_core.shell:Creating prefix chain script '/home/remon/ros2_ws/install/setup.ps1'
[9.764s] INFO:colcon.colcon_core.shell:Creating prefix script '/home/remon/ros2_ws/install/local_setup.sh'
[9.764s] INFO:colcon.colcon_core.shell:Creating prefix util module '/home/remon/ros2_ws/install/_local_setup_util_sh.py'
[9.765s] INFO:colcon.colcon_core.shell:Creating prefix chain script '/home/remon/ros2_ws/install/setup.sh'
[9.779s] INFO:colcon.colcon_core.shell:Creating prefix script '/home/remon/ros2_ws/install/local_setup.bash'
[9.779s] INFO:colcon.colcon_core.shell:Creating prefix chain script '/home/remon/ros2_ws/install/setup.bash'
[9.804s] INFO:colcon.colcon_core.shell:Creating prefix script '/home/remon/ros2_ws/install/local_setup.zsh'
[9.805s] INFO:colcon.colcon_core.shell:Creating prefix chain script '/home/remon/ros2_ws/install/setup.zsh'
