[0.159s] Invoking command in '/home/remon/ros2_ws/build/cpp_pkg2': CMAKE_PREFIX_PATH=${CMAKE_PREFIX_PATH}:/home/remon/ros2_ws/install/my_py_pkg:/opt/ros/humble /usr/bin/cmake --build /home/remon/ros2_ws/build/cpp_pkg2 -- -j8 -l8
[2.183s] [35m[1mConsolidate compiler generated dependencies of target cpp_node[0m
[2.452s] [100%] Built target cpp_node
[2.469s] Invoked command in '/home/remon/ros2_ws/build/cpp_pkg2' returned '0': CMAKE_PREFIX_PATH=${CMAKE_PREFIX_PATH}:/home/remon/ros2_ws/install/my_py_pkg:/opt/ros/humble /usr/bin/cmake --build /home/remon/ros2_ws/build/cpp_pkg2 -- -j8 -l8
[2.519s] Invoking command in '/home/remon/ros2_ws/build/cpp_pkg2': CMAKE_PREFIX_PATH=${CMAKE_PREFIX_PATH}:/home/remon/ros2_ws/install/my_py_pkg:/opt/ros/humble /usr/bin/cmake --install /home/remon/ros2_ws/build/cpp_pkg2
[2.531s] -- Install configuration: ""
[2.565s] -- Up-to-date: /home/remon/ros2_ws/install/cpp_pkg2/lib/cpp_pkg2/cpp_node
[2.566s] -- Up-to-date: /home/remon/ros2_ws/install/cpp_pkg2/share/ament_index/resource_index/package_run_dependencies/cpp_pkg2
[2.566s] -- Up-to-date: /home/remon/ros2_ws/install/cpp_pkg2/share/ament_index/resource_index/parent_prefix_path/cpp_pkg2
[2.566s] -- Up-to-date: /home/remon/ros2_ws/install/cpp_pkg2/share/cpp_pkg2/environment/ament_prefix_path.sh
[2.567s] -- Up-to-date: /home/remon/ros2_ws/install/cpp_pkg2/share/cpp_pkg2/environment/ament_prefix_path.dsv
[2.567s] -- Up-to-date: /home/remon/ros2_ws/install/cpp_pkg2/share/cpp_pkg2/environment/path.sh
[2.567s] -- Up-to-date: /home/remon/ros2_ws/install/cpp_pkg2/share/cpp_pkg2/environment/path.dsv
[2.567s] -- Up-to-date: /home/remon/ros2_ws/install/cpp_pkg2/share/cpp_pkg2/local_setup.bash
[2.567s] -- Up-to-date: /home/remon/ros2_ws/install/cpp_pkg2/share/cpp_pkg2/local_setup.sh
[2.567s] -- Up-to-date: /home/remon/ros2_ws/install/cpp_pkg2/share/cpp_pkg2/local_setup.zsh
[2.567s] -- Up-to-date: /home/remon/ros2_ws/install/cpp_pkg2/share/cpp_pkg2/local_setup.dsv
[2.567s] -- Installing: /home/remon/ros2_ws/install/cpp_pkg2/share/cpp_pkg2/package.dsv
[2.596s] -- Up-to-date: /home/remon/ros2_ws/install/cpp_pkg2/share/ament_index/resource_index/packages/cpp_pkg2
[2.629s] -- Up-to-date: /home/remon/ros2_ws/install/cpp_pkg2/share/cpp_pkg2/cmake/cpp_pkg2Config.cmake
[2.629s] -- Up-to-date: /home/remon/ros2_ws/install/cpp_pkg2/share/cpp_pkg2/cmake/cpp_pkg2Config-version.cmake
[2.630s] -- Up-to-date: /home/remon/ros2_ws/install/cpp_pkg2/share/cpp_pkg2/package.xml
[2.633s] Invoked command in '/home/remon/ros2_ws/build/cpp_pkg2' returned '0': CMAKE_PREFIX_PATH=${CMAKE_PREFIX_PATH}:/home/remon/ros2_ws/install/my_py_pkg:/opt/ros/humble /usr/bin/cmake --install /home/remon/ros2_ws/build/cpp_pkg2
