-- Found ament_cmake: 1.3.7 (/opt/ros/humble/share/ament_cmake/cmake)
-- Override CMake install command with custom implementation using symlinks instead of copying resources
-- Found ament_lint_auto: 0.12.10 (/opt/ros/humble/share/ament_lint_auto/cmake)
-- Added test 'copyright' to check source files copyright and LICENSE
-- Added test 'flake8' to check Python code syntax and style conventions
-- Added test 'lint_cmake' to check CMake code style
-- Added test 'pep257' to check Python code against some of the docstring style conventions in PEP 257
-- Added test 'xmllint' to check XML markup files
-- Configuring done
-- Generating done
-- Build files have been written to: /home/remon/ros2_ws/build/my_bot
-- Install configuration: ""
-- Execute custom install script
-- Up-to-date symlink: /home/remon/ros2_ws/install/my_bot/share/my_bot/config/drive_bot.rviz
-- Up-to-date symlink: /home/remon/ros2_ws/install/my_bot/share/my_bot/config/empty.yaml
-- Up-to-date symlink: /home/remon/ros2_ws/install/my_bot/share/my_bot/config/mapper_params_online_async.yaml
-- Up-to-date symlink: /home/remon/ros2_ws/install/my_bot/share/my_bot/config/view_bot.rviz
-- Symlinking: /home/remon/ros2_ws/install/my_bot/share/my_bot/description/4W_Robot_core.xacro
-- Symlinking: /home/remon/ros2_ws/install/my_bot/share/my_bot/description/4W_robot.urdf.xacro
-- Up-to-date symlink: /home/remon/ros2_ws/install/my_bot/share/my_bot/description/gazebo_control.xacro
-- Symlinking: /home/remon/ros2_ws/install/my_bot/share/my_bot/description/inertial_4w_macros.xacro
-- Up-to-date symlink: /home/remon/ros2_ws/install/my_bot/share/my_bot/description/inertial_macros.xacro
-- Up-to-date symlink: /home/remon/ros2_ws/install/my_bot/share/my_bot/description/lidar.xacro
-- Up-to-date symlink: /home/remon/ros2_ws/install/my_bot/share/my_bot/description/robot.urdf.xacro
-- Up-to-date symlink: /home/remon/ros2_ws/install/my_bot/share/my_bot/description/robot_core.xacro
-- Up-to-date symlink: /home/remon/ros2_ws/install/my_bot/share/my_bot/launch/launch_sim.launch.py
-- Up-to-date symlink: /home/remon/ros2_ws/install/my_bot/share/my_bot/launch/rsp.launch.py
-- Up-to-date symlink: /home/remon/ros2_ws/install/my_bot/share/my_bot/worlds/cone.world
-- Up-to-date symlink: /home/remon/ros2_ws/install/my_bot/share/my_bot/worlds/empty.world
-- Up-to-date symlink: /home/remon/ros2_ws/install/my_bot/share/my_bot/worlds/model.sdf
-- Up-to-date symlink: /home/remon/ros2_ws/install/my_bot/share/my_bot/worlds/my_world.world
-- Symlinking: /home/remon/ros2_ws/install/my_bot/share/my_bot/worlds/no_roof_small_warehouse.world
-- Symlinking: /home/remon/ros2_ws/install/my_bot/share/my_bot/models/.DS_Store
-- Symlinking: /home/remon/ros2_ws/install/my_bot/share/my_bot/models/aws_robomaker_warehouse_Bucket_01/.DS_Store
-- Symlinking: /home/remon/ros2_ws/install/my_bot/share/my_bot/models/aws_robomaker_warehouse_Bucket_01/materials/.DS_Store
-- Symlinking: /home/remon/ros2_ws/install/my_bot/share/my_bot/models/aws_robomaker_warehouse_Bucket_01/materials/textures/aws_robomaker_warehouse_Bucket_01.png
-- Symlinking: /home/remon/ros2_ws/install/my_bot/share/my_bot/models/aws_robomaker_warehouse_Bucket_01/meshes/aws_robomaker_warehouse_Bucket_01_collision.DAE
-- Symlinking: /home/remon/ros2_ws/install/my_bot/share/my_bot/models/aws_robomaker_warehouse_Bucket_01/meshes/aws_robomaker_warehouse_Bucket_01_visual.DAE
-- Symlinking: /home/remon/ros2_ws/install/my_bot/share/my_bot/models/aws_robomaker_warehouse_Bucket_01/model.config
-- Symlinking: /home/remon/ros2_ws/install/my_bot/share/my_bot/models/aws_robomaker_warehouse_Bucket_01/model.sdf
-- Symlinking: /home/remon/ros2_ws/install/my_bot/share/my_bot/models/aws_robomaker_warehouse_ClutteringA_01/.DS_Store
-- Symlinking: /home/remon/ros2_ws/install/my_bot/share/my_bot/models/aws_robomaker_warehouse_ClutteringA_01/materials/.DS_Store
-- Symlinking: /home/remon/ros2_ws/install/my_bot/share/my_bot/models/aws_robomaker_warehouse_ClutteringA_01/materials/textures/.DS_Store
-- Symlinking: /home/remon/ros2_ws/install/my_bot/share/my_bot/models/aws_robomaker_warehouse_ClutteringA_01/materials/textures/aws_robomaker_warehouse_ClutteringA_01.png
-- Symlinking: /home/remon/ros2_ws/install/my_bot/share/my_bot/models/aws_robomaker_warehouse_ClutteringA_01/materials/textures/aws_robomaker_warehouse_ClutteringA_02.png
-- Symlinking: /home/remon/ros2_ws/install/my_bot/share/my_bot/models/aws_robomaker_warehouse_ClutteringA_01/materials/textures/aws_robomaker_warehouse_ClutteringA_03.png
-- Symlinking: /home/remon/ros2_ws/install/my_bot/share/my_bot/models/aws_robomaker_warehouse_ClutteringA_01/meshes/aws_robomaker_warehouse_ClutteringA_01_collision.DAE
-- Symlinking: /home/remon/ros2_ws/install/my_bot/share/my_bot/models/aws_robomaker_warehouse_ClutteringA_01/meshes/aws_robomaker_warehouse_ClutteringA_01_visual.DAE
-- Symlinking: /home/remon/ros2_ws/install/my_bot/share/my_bot/models/aws_robomaker_warehouse_ClutteringA_01/model.config
-- Symlinking: /home/remon/ros2_ws/install/my_bot/share/my_bot/models/aws_robomaker_warehouse_ClutteringA_01/model.sdf
-- Symlinking: /home/remon/ros2_ws/install/my_bot/share/my_bot/models/aws_robomaker_warehouse_ClutteringC_01/materials/textures/aws_robomaker_warehouse_ClutteringC_01.png
-- Symlinking: /home/remon/ros2_ws/install/my_bot/share/my_bot/models/aws_robomaker_warehouse_ClutteringC_01/materials/textures/aws_robomaker_warehouse_ClutteringC_02.png
-- Symlinking: /home/remon/ros2_ws/install/my_bot/share/my_bot/models/aws_robomaker_warehouse_ClutteringC_01/meshes/aws_robomaker_warehouse_ClutteringC_01_collision.DAE
-- Symlinking: /home/remon/ros2_ws/install/my_bot/share/my_bot/models/aws_robomaker_warehouse_ClutteringC_01/meshes/aws_robomaker_warehouse_ClutteringC_01_visual.DAE
-- Symlinking: /home/remon/ros2_ws/install/my_bot/share/my_bot/models/aws_robomaker_warehouse_ClutteringC_01/model.config
-- Symlinking: /home/remon/ros2_ws/install/my_bot/share/my_bot/models/aws_robomaker_warehouse_ClutteringC_01/model.sdf
-- Symlinking: /home/remon/ros2_ws/install/my_bot/share/my_bot/models/aws_robomaker_warehouse_ClutteringD_01/materials/textures/aws_robomaker_warehouse_ClutteringD_01.png
-- Symlinking: /home/remon/ros2_ws/install/my_bot/share/my_bot/models/aws_robomaker_warehouse_ClutteringD_01/materials/textures/aws_robomaker_warehouse_ClutteringD_02.png
-- Symlinking: /home/remon/ros2_ws/install/my_bot/share/my_bot/models/aws_robomaker_warehouse_ClutteringD_01/meshes/aws_robomaker_warehouse_ClutteringD_01_collision.DAE
-- Symlinking: /home/remon/ros2_ws/install/my_bot/share/my_bot/models/aws_robomaker_warehouse_ClutteringD_01/meshes/aws_robomaker_warehouse_ClutteringD_01_visual.DAE
-- Symlinking: /home/remon/ros2_ws/install/my_bot/share/my_bot/models/aws_robomaker_warehouse_ClutteringD_01/model.config
-- Symlinking: /home/remon/ros2_ws/install/my_bot/share/my_bot/models/aws_robomaker_warehouse_ClutteringD_01/model.sdf
-- Symlinking: /home/remon/ros2_ws/install/my_bot/share/my_bot/models/aws_robomaker_warehouse_DeskC_01/materials/.DS_Store
-- Symlinking: /home/remon/ros2_ws/install/my_bot/share/my_bot/models/aws_robomaker_warehouse_DeskC_01/materials/textures/aws_robomaker_warehouse_DeskC_01.png
-- Symlinking: /home/remon/ros2_ws/install/my_bot/share/my_bot/models/aws_robomaker_warehouse_DeskC_01/materials/textures/aws_robomaker_warehouse_DeskC_02.png
-- Symlinking: /home/remon/ros2_ws/install/my_bot/share/my_bot/models/aws_robomaker_warehouse_DeskC_01/materials/textures/aws_robomaker_warehouse_DeskC_03.png
-- Symlinking: /home/remon/ros2_ws/install/my_bot/share/my_bot/models/aws_robomaker_warehouse_DeskC_01/materials/textures/aws_robomaker_warehouse_DeskC_03.psd
-- Symlinking: /home/remon/ros2_ws/install/my_bot/share/my_bot/models/aws_robomaker_warehouse_DeskC_01/materials/textures/aws_robomaker_warehouse_DeskC_04.png
-- Symlinking: /home/remon/ros2_ws/install/my_bot/share/my_bot/models/aws_robomaker_warehouse_DeskC_01/meshes/aws_robomaker_warehouse_DeskC_01_collision.DAE
-- Symlinking: /home/remon/ros2_ws/install/my_bot/share/my_bot/models/aws_robomaker_warehouse_DeskC_01/meshes/aws_robomaker_warehouse_DeskC_01_visual.DAE
-- Symlinking: /home/remon/ros2_ws/install/my_bot/share/my_bot/models/aws_robomaker_warehouse_DeskC_01/model.config
-- Symlinking: /home/remon/ros2_ws/install/my_bot/share/my_bot/models/aws_robomaker_warehouse_DeskC_01/model.sdf
-- Symlinking: /home/remon/ros2_ws/install/my_bot/share/my_bot/models/aws_robomaker_warehouse_GroundB_01/materials/textures/aws_robomaker_warehouse_GroundB_01.png
-- Symlinking: /home/remon/ros2_ws/install/my_bot/share/my_bot/models/aws_robomaker_warehouse_GroundB_01/materials/textures/aws_robomaker_warehouse_GroundB_02.png
-- Symlinking: /home/remon/ros2_ws/install/my_bot/share/my_bot/models/aws_robomaker_warehouse_GroundB_01/meshes/aws_robomaker_warehouse_GroundB_01_collision.DAE
-- Symlinking: /home/remon/ros2_ws/install/my_bot/share/my_bot/models/aws_robomaker_warehouse_GroundB_01/meshes/aws_robomaker_warehouse_GroundB_01_visual.DAE
-- Symlinking: /home/remon/ros2_ws/install/my_bot/share/my_bot/models/aws_robomaker_warehouse_GroundB_01/model.config
-- Symlinking: /home/remon/ros2_ws/install/my_bot/share/my_bot/models/aws_robomaker_warehouse_GroundB_01/model.sdf
-- Symlinking: /home/remon/ros2_ws/install/my_bot/share/my_bot/models/aws_robomaker_warehouse_Lamp_01/materials/textures/aws_robomaker_warehouse_Lamp_01.png
-- Symlinking: /home/remon/ros2_ws/install/my_bot/share/my_bot/models/aws_robomaker_warehouse_Lamp_01/meshes/aws_robomaker_warehouse_Lamp_01_collision.DAE
-- Symlinking: /home/remon/ros2_ws/install/my_bot/share/my_bot/models/aws_robomaker_warehouse_Lamp_01/meshes/aws_robomaker_warehouse_Lamp_01_visual.DAE
-- Symlinking: /home/remon/ros2_ws/install/my_bot/share/my_bot/models/aws_robomaker_warehouse_Lamp_01/model.config
-- Symlinking: /home/remon/ros2_ws/install/my_bot/share/my_bot/models/aws_robomaker_warehouse_Lamp_01/model.sdf
-- Symlinking: /home/remon/ros2_ws/install/my_bot/share/my_bot/models/aws_robomaker_warehouse_PalletJackB_01/.DS_Store
-- Symlinking: /home/remon/ros2_ws/install/my_bot/share/my_bot/models/aws_robomaker_warehouse_PalletJackB_01/materials/.DS_Store
-- Symlinking: /home/remon/ros2_ws/install/my_bot/share/my_bot/models/aws_robomaker_warehouse_PalletJackB_01/materials/textures/aws_robomaker_warehouse_PalletJackB_01.png
-- Symlinking: /home/remon/ros2_ws/install/my_bot/share/my_bot/models/aws_robomaker_warehouse_PalletJackB_01/materials/textures/aws_robomaker_warehouse_PalletJackB_02.png
-- Symlinking: /home/remon/ros2_ws/install/my_bot/share/my_bot/models/aws_robomaker_warehouse_PalletJackB_01/meshes/aws_robomaker_warehouse_PalletJackB_01_collision.DAE
-- Symlinking: /home/remon/ros2_ws/install/my_bot/share/my_bot/models/aws_robomaker_warehouse_PalletJackB_01/meshes/aws_robomaker_warehouse_PalletJackB_01_visual.DAE
-- Symlinking: /home/remon/ros2_ws/install/my_bot/share/my_bot/models/aws_robomaker_warehouse_PalletJackB_01/model.config
-- Symlinking: /home/remon/ros2_ws/install/my_bot/share/my_bot/models/aws_robomaker_warehouse_PalletJackB_01/model.sdf
-- Symlinking: /home/remon/ros2_ws/install/my_bot/share/my_bot/models/aws_robomaker_warehouse_RoofB_01/materials/textures/aws_robomaker_warehouse_RoofB_01.png
-- Symlinking: /home/remon/ros2_ws/install/my_bot/share/my_bot/models/aws_robomaker_warehouse_RoofB_01/meshes/aws_robomaker_warehouse_RoofB_01_collision.DAE
-- Symlinking: /home/remon/ros2_ws/install/my_bot/share/my_bot/models/aws_robomaker_warehouse_RoofB_01/meshes/aws_robomaker_warehouse_RoofB_01_visual.DAE
-- Symlinking: /home/remon/ros2_ws/install/my_bot/share/my_bot/models/aws_robomaker_warehouse_RoofB_01/model.config
-- Symlinking: /home/remon/ros2_ws/install/my_bot/share/my_bot/models/aws_robomaker_warehouse_RoofB_01/model.sdf
-- Symlinking: /home/remon/ros2_ws/install/my_bot/share/my_bot/models/aws_robomaker_warehouse_ShelfD_01/materials/textures/aws_robomaker_warehouse_ShelfD_01.png
-- Symlinking: /home/remon/ros2_ws/install/my_bot/share/my_bot/models/aws_robomaker_warehouse_ShelfD_01/materials/textures/aws_robomaker_warehouse_ShelfD_02.png
-- Symlinking: /home/remon/ros2_ws/install/my_bot/share/my_bot/models/aws_robomaker_warehouse_ShelfD_01/materials/textures/aws_robomaker_warehouse_ShelfD_03.png
-- Symlinking: /home/remon/ros2_ws/install/my_bot/share/my_bot/models/aws_robomaker_warehouse_ShelfD_01/materials/textures/aws_robomaker_warehouse_ShelfD_04.png
-- Symlinking: /home/remon/ros2_ws/install/my_bot/share/my_bot/models/aws_robomaker_warehouse_ShelfD_01/meshes/aws_robomaker_warehouse_ShelfD_01_collision.DAE
-- Symlinking: /home/remon/ros2_ws/install/my_bot/share/my_bot/models/aws_robomaker_warehouse_ShelfD_01/meshes/aws_robomaker_warehouse_ShelfD_01_visual.DAE
-- Symlinking: /home/remon/ros2_ws/install/my_bot/share/my_bot/models/aws_robomaker_warehouse_ShelfD_01/model.config
-- Symlinking: /home/remon/ros2_ws/install/my_bot/share/my_bot/models/aws_robomaker_warehouse_ShelfD_01/model.sdf
-- Symlinking: /home/remon/ros2_ws/install/my_bot/share/my_bot/models/aws_robomaker_warehouse_ShelfE_01/.DS_Store
-- Symlinking: /home/remon/ros2_ws/install/my_bot/share/my_bot/models/aws_robomaker_warehouse_ShelfE_01/materials/.DS_Store
-- Symlinking: /home/remon/ros2_ws/install/my_bot/share/my_bot/models/aws_robomaker_warehouse_ShelfE_01/materials/textures/aws_robomaker_warehouse_ShelfE_01.png
-- Symlinking: /home/remon/ros2_ws/install/my_bot/share/my_bot/models/aws_robomaker_warehouse_ShelfE_01/materials/textures/aws_robomaker_warehouse_ShelfE_02.png
-- Symlinking: /home/remon/ros2_ws/install/my_bot/share/my_bot/models/aws_robomaker_warehouse_ShelfE_01/materials/textures/aws_robomaker_warehouse_ShelfE_03.png
-- Symlinking: /home/remon/ros2_ws/install/my_bot/share/my_bot/models/aws_robomaker_warehouse_ShelfE_01/materials/textures/aws_robomaker_warehouse_ShelfE_04.png
-- Symlinking: /home/remon/ros2_ws/install/my_bot/share/my_bot/models/aws_robomaker_warehouse_ShelfE_01/meshes/aws_robomaker_warehouse_ShelfE_01_collision.DAE
-- Symlinking: /home/remon/ros2_ws/install/my_bot/share/my_bot/models/aws_robomaker_warehouse_ShelfE_01/meshes/aws_robomaker_warehouse_ShelfE_01_visual.DAE
-- Symlinking: /home/remon/ros2_ws/install/my_bot/share/my_bot/models/aws_robomaker_warehouse_ShelfE_01/model.config
-- Symlinking: /home/remon/ros2_ws/install/my_bot/share/my_bot/models/aws_robomaker_warehouse_ShelfE_01/model.sdf
-- Symlinking: /home/remon/ros2_ws/install/my_bot/share/my_bot/models/aws_robomaker_warehouse_ShelfF_01/materials/textures/aws_robomaker_warehouse_ShelfF_01.png
-- Symlinking: /home/remon/ros2_ws/install/my_bot/share/my_bot/models/aws_robomaker_warehouse_ShelfF_01/materials/textures/aws_robomaker_warehouse_ShelfF_02.png
-- Symlinking: /home/remon/ros2_ws/install/my_bot/share/my_bot/models/aws_robomaker_warehouse_ShelfF_01/materials/textures/aws_robomaker_warehouse_ShelfF_03.png
-- Symlinking: /home/remon/ros2_ws/install/my_bot/share/my_bot/models/aws_robomaker_warehouse_ShelfF_01/meshes/aws_robomaker_warehouse_ShelfF_01_collision.DAE
-- Symlinking: /home/remon/ros2_ws/install/my_bot/share/my_bot/models/aws_robomaker_warehouse_ShelfF_01/meshes/aws_robomaker_warehouse_ShelfF_01_visual.DAE
-- Symlinking: /home/remon/ros2_ws/install/my_bot/share/my_bot/models/aws_robomaker_warehouse_ShelfF_01/model.config
-- Symlinking: /home/remon/ros2_ws/install/my_bot/share/my_bot/models/aws_robomaker_warehouse_ShelfF_01/model.sdf
-- Symlinking: /home/remon/ros2_ws/install/my_bot/share/my_bot/models/aws_robomaker_warehouse_TrashCanC_01/materials/textures/aws_robomaker_warehouse_TrashCanC_01.png
-- Symlinking: /home/remon/ros2_ws/install/my_bot/share/my_bot/models/aws_robomaker_warehouse_TrashCanC_01/meshes/aws_robomaker_warehouse_TrashCanC_01_collision.DAE
-- Symlinking: /home/remon/ros2_ws/install/my_bot/share/my_bot/models/aws_robomaker_warehouse_TrashCanC_01/meshes/aws_robomaker_warehouse_TrashCanC_01_visual.DAE
-- Symlinking: /home/remon/ros2_ws/install/my_bot/share/my_bot/models/aws_robomaker_warehouse_TrashCanC_01/model.config
-- Symlinking: /home/remon/ros2_ws/install/my_bot/share/my_bot/models/aws_robomaker_warehouse_TrashCanC_01/model.sdf
-- Symlinking: /home/remon/ros2_ws/install/my_bot/share/my_bot/models/aws_robomaker_warehouse_WallB_01/materials/textures/aws_robomaker_warehouse_WallB_01.png
-- Symlinking: /home/remon/ros2_ws/install/my_bot/share/my_bot/models/aws_robomaker_warehouse_WallB_01/meshes/aws_robomaker_warehouse_WallB_01_collision.DAE
-- Symlinking: /home/remon/ros2_ws/install/my_bot/share/my_bot/models/aws_robomaker_warehouse_WallB_01/meshes/aws_robomaker_warehouse_WallB_01_visual.DAE
-- Symlinking: /home/remon/ros2_ws/install/my_bot/share/my_bot/models/aws_robomaker_warehouse_WallB_01/model.config
-- Symlinking: /home/remon/ros2_ws/install/my_bot/share/my_bot/models/aws_robomaker_warehouse_WallB_01/model.sdf
-- Up-to-date symlink: /home/remon/ros2_ws/install/my_bot/share/ament_index/resource_index/package_run_dependencies/my_bot
-- Up-to-date symlink: /home/remon/ros2_ws/install/my_bot/share/ament_index/resource_index/parent_prefix_path/my_bot
-- Up-to-date symlink: /home/remon/ros2_ws/install/my_bot/share/my_bot/environment/ament_prefix_path.sh
-- Up-to-date symlink: /home/remon/ros2_ws/install/my_bot/share/my_bot/environment/ament_prefix_path.dsv
-- Up-to-date symlink: /home/remon/ros2_ws/install/my_bot/share/my_bot/environment/path.sh
-- Up-to-date symlink: /home/remon/ros2_ws/install/my_bot/share/my_bot/environment/path.dsv
-- Up-to-date symlink: /home/remon/ros2_ws/install/my_bot/share/my_bot/local_setup.bash
-- Up-to-date symlink: /home/remon/ros2_ws/install/my_bot/share/my_bot/local_setup.sh
-- Up-to-date symlink: /home/remon/ros2_ws/install/my_bot/share/my_bot/local_setup.zsh
-- Up-to-date symlink: /home/remon/ros2_ws/install/my_bot/share/my_bot/local_setup.dsv
-- Symlinking: /home/remon/ros2_ws/install/my_bot/share/my_bot/package.dsv
-- Up-to-date symlink: /home/remon/ros2_ws/install/my_bot/share/ament_index/resource_index/packages/my_bot
-- Up-to-date symlink: /home/remon/ros2_ws/install/my_bot/share/my_bot/cmake/my_botConfig.cmake
-- Up-to-date symlink: /home/remon/ros2_ws/install/my_bot/share/my_bot/cmake/my_botConfig-version.cmake
-- Up-to-date symlink: /home/remon/ros2_ws/install/my_bot/share/my_bot/package.xml
