[0.535s] Invoking command in '/home/remon/ros2_ws/src/my_py_pkg': PYTHONPATH=/home/remon/ros2_ws/build/my_py_pkg/prefix_override:/home/remon/ros2_ws/install/my_py_pkg/lib/python3.10/site-packages:${PYTHONPATH} /usr/bin/python3 setup.py egg_info --egg-base ../../build/my_py_pkg build --build-base /home/remon/ros2_ws/build/my_py_pkg/build install --record /home/remon/ros2_ws/build/my_py_pkg/install.log --single-version-externally-managed
[0.711s] running egg_info
[0.711s] writing ../../build/my_py_pkg/my_py_pkg.egg-info/PKG-INFO
[0.711s] writing dependency_links to ../../build/my_py_pkg/my_py_pkg.egg-info/dependency_links.txt
[0.711s] writing entry points to ../../build/my_py_pkg/my_py_pkg.egg-info/entry_points.txt
[0.711s] writing requirements to ../../build/my_py_pkg/my_py_pkg.egg-info/requires.txt
[0.711s] writing top-level names to ../../build/my_py_pkg/my_py_pkg.egg-info/top_level.txt
[0.713s] reading manifest file '../../build/my_py_pkg/my_py_pkg.egg-info/SOURCES.txt'
[0.714s] writing manifest file '../../build/my_py_pkg/my_py_pkg.egg-info/SOURCES.txt'
[0.714s] running build
[0.714s] running build_py
[0.714s] running install
[0.714s] running install_lib
[0.715s] running install_data
[0.716s] running install_egg_info
[0.717s] removing '/home/remon/ros2_ws/install/my_py_pkg/lib/python3.10/site-packages/my_py_pkg-0.0.0-py3.10.egg-info' (and everything under it)
[0.718s] Copying ../../build/my_py_pkg/my_py_pkg.egg-info to /home/remon/ros2_ws/install/my_py_pkg/lib/python3.10/site-packages/my_py_pkg-0.0.0-py3.10.egg-info
[0.718s] running install_scripts
[0.734s] Installing py_node script to /home/remon/ros2_ws/install/my_py_pkg/lib/my_py_pkg
[0.734s] writing list of installed files to '/home/remon/ros2_ws/build/my_py_pkg/install.log'
[0.753s] Invoked command in '/home/remon/ros2_ws/src/my_py_pkg' returned '0': PYTHONPATH=/home/remon/ros2_ws/build/my_py_pkg/prefix_override:/home/remon/ros2_ws/install/my_py_pkg/lib/python3.10/site-packages:${PYTHONPATH} /usr/bin/python3 setup.py egg_info --egg-base ../../build/my_py_pkg build --build-base /home/remon/ros2_ws/build/my_py_pkg/build install --record /home/remon/ros2_ws/build/my_py_pkg/install.log --single-version-externally-managed
