[0.717s] DEBUG:colcon:Command line arguments: ['/usr/bin/colcon', 'build', '--packages-select', 'fw_robot']
[0.717s] DEBUG:colcon:Parsed command line arguments: Namespace(log_base=None, log_level=None, verb_name='build', build_base='build', install_base='install', merge_install=False, symlink_install=False, test_result_base=None, continue_on_error=False, executor='parallel', parallel_workers=8, event_handlers=None, ignore_user_meta=False, metas=['./colcon.meta'], base_paths=['.'], packages_ignore=None, packages_ignore_regex=None, paths=None, packages_up_to=None, packages_up_to_regex=None, packages_above=None, packages_above_and_dependencies=None, packages_above_depth=None, packages_select_by_dep=None, packages_skip_by_dep=None, packages_skip_up_to=None, packages_select_build_failed=False, packages_skip_build_finished=False, packages_select_test_failures=False, packages_skip_test_passed=False, packages_select=['fw_robot'], packages_skip=None, packages_select_regex=None, packages_skip_regex=None, packages_start=None, packages_end=None, allow_overriding=[], cmake_args=None, cmake_target=None, cmake_target_skip_unavailable=False, cmake_clean_cache=False, cmake_clean_first=False, cmake_force_configure=False, ament_cmake_args=None, catkin_cmake_args=None, catkin_skip_building_tests=False, verb_parser=<colcon_defaults.argument_parser.defaults.DefaultArgumentsDecorator object at 0x7fa3d0aeb6a0>, verb_extension=<colcon_core.verb.build.BuildVerb object at 0x7fa3d0ae9240>, main=<bound method BuildVerb.main of <colcon_core.verb.build.BuildVerb object at 0x7fa3d0ae9240>>)
[0.750s] Level 1:colcon.colcon_core.package_discovery:discover_packages(colcon_meta) check parameters
[0.750s] Level 1:colcon.colcon_core.package_discovery:discover_packages(recursive) check parameters
[0.750s] Level 1:colcon.colcon_core.package_discovery:discover_packages(ignore) check parameters
[0.750s] Level 1:colcon.colcon_core.package_discovery:discover_packages(path) check parameters
[0.750s] Level 1:colcon.colcon_core.package_discovery:discover_packages(colcon_meta) discover
[0.750s] Level 1:colcon.colcon_core.package_discovery:discover_packages(recursive) discover
[0.750s] INFO:colcon.colcon_core.package_discovery:Crawling recursively for packages in '/home/remon/ros2_ws'
[0.751s] Level 1:colcon.colcon_core.package_identification:_identify(.) by extensions ['ignore', 'ignore_ament_install']
[0.751s] Level 1:colcon.colcon_core.package_identification:_identify(.) by extension 'ignore'
[0.751s] Level 1:colcon.colcon_core.package_identification:_identify(.) by extension 'ignore_ament_install'
[0.751s] Level 1:colcon.colcon_core.package_identification:_identify(.) by extensions ['colcon_pkg']
[0.751s] Level 1:colcon.colcon_core.package_identification:_identify(.) by extension 'colcon_pkg'
[0.751s] Level 1:colcon.colcon_core.package_identification:_identify(.) by extensions ['colcon_meta']
[0.751s] Level 1:colcon.colcon_core.package_identification:_identify(.) by extension 'colcon_meta'
[0.751s] Level 1:colcon.colcon_core.package_identification:_identify(.) by extensions ['ros']
[0.751s] Level 1:colcon.colcon_core.package_identification:_identify(.) by extension 'ros'
[0.760s] Level 1:colcon.colcon_core.package_identification:_identify(.) by extensions ['cmake', 'python']
[0.760s] Level 1:colcon.colcon_core.package_identification:_identify(.) by extension 'cmake'
[0.760s] Level 1:colcon.colcon_core.package_identification:_identify(.) by extension 'python'
[0.760s] Level 1:colcon.colcon_core.package_identification:_identify(.) by extensions ['python_setup_py']
[0.760s] Level 1:colcon.colcon_core.package_identification:_identify(.) by extension 'python_setup_py'
[0.760s] Level 1:colcon.colcon_core.package_identification:_identify(build) by extensions ['ignore', 'ignore_ament_install']
[0.760s] Level 1:colcon.colcon_core.package_identification:_identify(build) by extension 'ignore'
[0.760s] Level 1:colcon.colcon_core.package_identification:_identify(build) ignored
[0.761s] Level 1:colcon.colcon_core.package_identification:_identify(install) by extensions ['ignore', 'ignore_ament_install']
[0.761s] Level 1:colcon.colcon_core.package_identification:_identify(install) by extension 'ignore'
[0.761s] Level 1:colcon.colcon_core.package_identification:_identify(install) ignored
[0.761s] Level 1:colcon.colcon_core.package_identification:_identify(log) by extensions ['ignore', 'ignore_ament_install']
[0.761s] Level 1:colcon.colcon_core.package_identification:_identify(log) by extension 'ignore'
[0.761s] Level 1:colcon.colcon_core.package_identification:_identify(log) ignored
[0.761s] Level 1:colcon.colcon_core.package_identification:_identify(src) by extensions ['ignore', 'ignore_ament_install']
[0.761s] Level 1:colcon.colcon_core.package_identification:_identify(src) by extension 'ignore'
[0.761s] Level 1:colcon.colcon_core.package_identification:_identify(src) by extension 'ignore_ament_install'
[0.761s] Level 1:colcon.colcon_core.package_identification:_identify(src) by extensions ['colcon_pkg']
[0.761s] Level 1:colcon.colcon_core.package_identification:_identify(src) by extension 'colcon_pkg'
[0.761s] Level 1:colcon.colcon_core.package_identification:_identify(src) by extensions ['colcon_meta']
[0.761s] Level 1:colcon.colcon_core.package_identification:_identify(src) by extension 'colcon_meta'
[0.761s] Level 1:colcon.colcon_core.package_identification:_identify(src) by extensions ['ros']
[0.761s] Level 1:colcon.colcon_core.package_identification:_identify(src) by extension 'ros'
[0.761s] Level 1:colcon.colcon_core.package_identification:_identify(src) by extensions ['cmake', 'python']
[0.761s] Level 1:colcon.colcon_core.package_identification:_identify(src) by extension 'cmake'
[0.761s] Level 1:colcon.colcon_core.package_identification:_identify(src) by extension 'python'
[0.761s] Level 1:colcon.colcon_core.package_identification:_identify(src) by extensions ['python_setup_py']
[0.761s] Level 1:colcon.colcon_core.package_identification:_identify(src) by extension 'python_setup_py'
[0.761s] Level 1:colcon.colcon_core.package_identification:_identify(src/fw_robot) by extensions ['ignore', 'ignore_ament_install']
[0.762s] Level 1:colcon.colcon_core.package_identification:_identify(src/fw_robot) by extension 'ignore'
[0.762s] Level 1:colcon.colcon_core.package_identification:_identify(src/fw_robot) by extension 'ignore_ament_install'
[0.762s] Level 1:colcon.colcon_core.package_identification:_identify(src/fw_robot) by extensions ['colcon_pkg']
[0.762s] Level 1:colcon.colcon_core.package_identification:_identify(src/fw_robot) by extension 'colcon_pkg'
[0.762s] Level 1:colcon.colcon_core.package_identification:_identify(src/fw_robot) by extensions ['colcon_meta']
[0.762s] Level 1:colcon.colcon_core.package_identification:_identify(src/fw_robot) by extension 'colcon_meta'
[0.762s] Level 1:colcon.colcon_core.package_identification:_identify(src/fw_robot) by extensions ['ros']
[0.762s] Level 1:colcon.colcon_core.package_identification:_identify(src/fw_robot) by extension 'ros'
[0.764s] DEBUG:colcon.colcon_core.package_identification:Package 'src/fw_robot' with type 'ros.ament_cmake' and name 'fw_robot'
[0.764s] Level 1:colcon.colcon_core.package_identification:_identify(src/hector_slam) by extensions ['ignore', 'ignore_ament_install']
[0.764s] Level 1:colcon.colcon_core.package_identification:_identify(src/hector_slam) by extension 'ignore'
[0.764s] Level 1:colcon.colcon_core.package_identification:_identify(src/hector_slam) by extension 'ignore_ament_install'
[0.764s] Level 1:colcon.colcon_core.package_identification:_identify(src/hector_slam) by extensions ['colcon_pkg']
[0.764s] Level 1:colcon.colcon_core.package_identification:_identify(src/hector_slam) by extension 'colcon_pkg'
[0.764s] Level 1:colcon.colcon_core.package_identification:_identify(src/hector_slam) by extensions ['colcon_meta']
[0.764s] Level 1:colcon.colcon_core.package_identification:_identify(src/hector_slam) by extension 'colcon_meta'
[0.764s] Level 1:colcon.colcon_core.package_identification:_identify(src/hector_slam) by extensions ['ros']
[0.764s] Level 1:colcon.colcon_core.package_identification:_identify(src/hector_slam) by extension 'ros'
[0.764s] Level 1:colcon.colcon_core.package_identification:_identify(src/hector_slam) by extensions ['cmake', 'python']
[0.764s] Level 1:colcon.colcon_core.package_identification:_identify(src/hector_slam) by extension 'cmake'
[0.764s] Level 1:colcon.colcon_core.package_identification:_identify(src/hector_slam) by extension 'python'
[0.765s] Level 1:colcon.colcon_core.package_identification:_identify(src/hector_slam) by extensions ['python_setup_py']
[0.765s] Level 1:colcon.colcon_core.package_identification:_identify(src/hector_slam) by extension 'python_setup_py'
[0.765s] Level 1:colcon.colcon_core.package_identification:_identify(src/hector_slam/hector_compressed_map_transport) by extensions ['ignore', 'ignore_ament_install']
[0.765s] Level 1:colcon.colcon_core.package_identification:_identify(src/hector_slam/hector_compressed_map_transport) by extension 'ignore'
[0.765s] Level 1:colcon.colcon_core.package_identification:_identify(src/hector_slam/hector_compressed_map_transport) by extension 'ignore_ament_install'
[0.765s] Level 1:colcon.colcon_core.package_identification:_identify(src/hector_slam/hector_compressed_map_transport) by extensions ['colcon_pkg']
[0.765s] Level 1:colcon.colcon_core.package_identification:_identify(src/hector_slam/hector_compressed_map_transport) by extension 'colcon_pkg'
[0.765s] Level 1:colcon.colcon_core.package_identification:_identify(src/hector_slam/hector_compressed_map_transport) by extensions ['colcon_meta']
[0.765s] Level 1:colcon.colcon_core.package_identification:_identify(src/hector_slam/hector_compressed_map_transport) by extension 'colcon_meta'
[0.765s] Level 1:colcon.colcon_core.package_identification:_identify(src/hector_slam/hector_compressed_map_transport) by extensions ['ros']
[0.765s] Level 1:colcon.colcon_core.package_identification:_identify(src/hector_slam/hector_compressed_map_transport) by extension 'ros'
[0.766s] DEBUG:colcon.colcon_core.package_identification:Package 'src/hector_slam/hector_compressed_map_transport' with type 'ros.catkin' and name 'hector_compressed_map_transport'
[0.766s] Level 1:colcon.colcon_core.package_identification:_identify(src/hector_slam/hector_geotiff) by extensions ['ignore', 'ignore_ament_install']
[0.766s] Level 1:colcon.colcon_core.package_identification:_identify(src/hector_slam/hector_geotiff) by extension 'ignore'
[0.766s] Level 1:colcon.colcon_core.package_identification:_identify(src/hector_slam/hector_geotiff) by extension 'ignore_ament_install'
[0.766s] Level 1:colcon.colcon_core.package_identification:_identify(src/hector_slam/hector_geotiff) by extensions ['colcon_pkg']
[0.766s] Level 1:colcon.colcon_core.package_identification:_identify(src/hector_slam/hector_geotiff) by extension 'colcon_pkg'
[0.766s] Level 1:colcon.colcon_core.package_identification:_identify(src/hector_slam/hector_geotiff) by extensions ['colcon_meta']
[0.766s] Level 1:colcon.colcon_core.package_identification:_identify(src/hector_slam/hector_geotiff) by extension 'colcon_meta'
[0.766s] Level 1:colcon.colcon_core.package_identification:_identify(src/hector_slam/hector_geotiff) by extensions ['ros']
[0.766s] Level 1:colcon.colcon_core.package_identification:_identify(src/hector_slam/hector_geotiff) by extension 'ros'
[0.767s] DEBUG:colcon.colcon_core.package_identification:Package 'src/hector_slam/hector_geotiff' with type 'ros.catkin' and name 'hector_geotiff'
[0.767s] Level 1:colcon.colcon_core.package_identification:_identify(src/hector_slam/hector_geotiff_launch) by extensions ['ignore', 'ignore_ament_install']
[0.767s] Level 1:colcon.colcon_core.package_identification:_identify(src/hector_slam/hector_geotiff_launch) by extension 'ignore'
[0.767s] Level 1:colcon.colcon_core.package_identification:_identify(src/hector_slam/hector_geotiff_launch) by extension 'ignore_ament_install'
[0.767s] Level 1:colcon.colcon_core.package_identification:_identify(src/hector_slam/hector_geotiff_launch) by extensions ['colcon_pkg']
[0.767s] Level 1:colcon.colcon_core.package_identification:_identify(src/hector_slam/hector_geotiff_launch) by extension 'colcon_pkg'
[0.767s] Level 1:colcon.colcon_core.package_identification:_identify(src/hector_slam/hector_geotiff_launch) by extensions ['colcon_meta']
[0.767s] Level 1:colcon.colcon_core.package_identification:_identify(src/hector_slam/hector_geotiff_launch) by extension 'colcon_meta'
[0.767s] Level 1:colcon.colcon_core.package_identification:_identify(src/hector_slam/hector_geotiff_launch) by extensions ['ros']
[0.767s] Level 1:colcon.colcon_core.package_identification:_identify(src/hector_slam/hector_geotiff_launch) by extension 'ros'
[0.767s] DEBUG:colcon.colcon_core.package_identification:Package 'src/hector_slam/hector_geotiff_launch' with type 'ros.catkin' and name 'hector_geotiff_launch'
[0.768s] Level 1:colcon.colcon_core.package_identification:_identify(src/hector_slam/hector_geotiff_plugins) by extensions ['ignore', 'ignore_ament_install']
[0.768s] Level 1:colcon.colcon_core.package_identification:_identify(src/hector_slam/hector_geotiff_plugins) by extension 'ignore'
[0.768s] Level 1:colcon.colcon_core.package_identification:_identify(src/hector_slam/hector_geotiff_plugins) by extension 'ignore_ament_install'
[0.768s] Level 1:colcon.colcon_core.package_identification:_identify(src/hector_slam/hector_geotiff_plugins) by extensions ['colcon_pkg']
[0.768s] Level 1:colcon.colcon_core.package_identification:_identify(src/hector_slam/hector_geotiff_plugins) by extension 'colcon_pkg'
[0.768s] Level 1:colcon.colcon_core.package_identification:_identify(src/hector_slam/hector_geotiff_plugins) by extensions ['colcon_meta']
[0.768s] Level 1:colcon.colcon_core.package_identification:_identify(src/hector_slam/hector_geotiff_plugins) by extension 'colcon_meta'
[0.768s] Level 1:colcon.colcon_core.package_identification:_identify(src/hector_slam/hector_geotiff_plugins) by extensions ['ros']
[0.768s] Level 1:colcon.colcon_core.package_identification:_identify(src/hector_slam/hector_geotiff_plugins) by extension 'ros'
[0.768s] DEBUG:colcon.colcon_core.package_identification:Package 'src/hector_slam/hector_geotiff_plugins' with type 'ros.catkin' and name 'hector_geotiff_plugins'
[0.768s] Level 1:colcon.colcon_core.package_identification:_identify(src/hector_slam/hector_imu_attitude_to_tf) by extensions ['ignore', 'ignore_ament_install']
[0.768s] Level 1:colcon.colcon_core.package_identification:_identify(src/hector_slam/hector_imu_attitude_to_tf) by extension 'ignore'
[0.769s] Level 1:colcon.colcon_core.package_identification:_identify(src/hector_slam/hector_imu_attitude_to_tf) by extension 'ignore_ament_install'
[0.769s] Level 1:colcon.colcon_core.package_identification:_identify(src/hector_slam/hector_imu_attitude_to_tf) by extensions ['colcon_pkg']
[0.769s] Level 1:colcon.colcon_core.package_identification:_identify(src/hector_slam/hector_imu_attitude_to_tf) by extension 'colcon_pkg'
[0.769s] Level 1:colcon.colcon_core.package_identification:_identify(src/hector_slam/hector_imu_attitude_to_tf) by extensions ['colcon_meta']
[0.769s] Level 1:colcon.colcon_core.package_identification:_identify(src/hector_slam/hector_imu_attitude_to_tf) by extension 'colcon_meta'
[0.769s] Level 1:colcon.colcon_core.package_identification:_identify(src/hector_slam/hector_imu_attitude_to_tf) by extensions ['ros']
[0.769s] Level 1:colcon.colcon_core.package_identification:_identify(src/hector_slam/hector_imu_attitude_to_tf) by extension 'ros'
[0.769s] DEBUG:colcon.colcon_core.package_identification:Package 'src/hector_slam/hector_imu_attitude_to_tf' with type 'ros.catkin' and name 'hector_imu_attitude_to_tf'
[0.769s] Level 1:colcon.colcon_core.package_identification:_identify(src/hector_slam/hector_imu_tools) by extensions ['ignore', 'ignore_ament_install']
[0.769s] Level 1:colcon.colcon_core.package_identification:_identify(src/hector_slam/hector_imu_tools) by extension 'ignore'
[0.769s] Level 1:colcon.colcon_core.package_identification:_identify(src/hector_slam/hector_imu_tools) by extension 'ignore_ament_install'
[0.769s] Level 1:colcon.colcon_core.package_identification:_identify(src/hector_slam/hector_imu_tools) by extensions ['colcon_pkg']
[0.769s] Level 1:colcon.colcon_core.package_identification:_identify(src/hector_slam/hector_imu_tools) by extension 'colcon_pkg'
[0.769s] Level 1:colcon.colcon_core.package_identification:_identify(src/hector_slam/hector_imu_tools) by extensions ['colcon_meta']
[0.769s] Level 1:colcon.colcon_core.package_identification:_identify(src/hector_slam/hector_imu_tools) by extension 'colcon_meta'
[0.770s] Level 1:colcon.colcon_core.package_identification:_identify(src/hector_slam/hector_imu_tools) by extensions ['ros']
[0.770s] Level 1:colcon.colcon_core.package_identification:_identify(src/hector_slam/hector_imu_tools) by extension 'ros'
[0.770s] DEBUG:colcon.colcon_core.package_identification:Package 'src/hector_slam/hector_imu_tools' with type 'ros.catkin' and name 'hector_imu_tools'
[0.770s] Level 1:colcon.colcon_core.package_identification:_identify(src/hector_slam/hector_map_server) by extensions ['ignore', 'ignore_ament_install']
[0.770s] Level 1:colcon.colcon_core.package_identification:_identify(src/hector_slam/hector_map_server) by extension 'ignore'
[0.770s] Level 1:colcon.colcon_core.package_identification:_identify(src/hector_slam/hector_map_server) by extension 'ignore_ament_install'
[0.770s] Level 1:colcon.colcon_core.package_identification:_identify(src/hector_slam/hector_map_server) by extensions ['colcon_pkg']
[0.770s] Level 1:colcon.colcon_core.package_identification:_identify(src/hector_slam/hector_map_server) by extension 'colcon_pkg'
[0.770s] Level 1:colcon.colcon_core.package_identification:_identify(src/hector_slam/hector_map_server) by extensions ['colcon_meta']
[0.770s] Level 1:colcon.colcon_core.package_identification:_identify(src/hector_slam/hector_map_server) by extension 'colcon_meta'
[0.770s] Level 1:colcon.colcon_core.package_identification:_identify(src/hector_slam/hector_map_server) by extensions ['ros']
[0.770s] Level 1:colcon.colcon_core.package_identification:_identify(src/hector_slam/hector_map_server) by extension 'ros'
[0.771s] DEBUG:colcon.colcon_core.package_identification:Package 'src/hector_slam/hector_map_server' with type 'ros.catkin' and name 'hector_map_server'
[0.771s] Level 1:colcon.colcon_core.package_identification:_identify(src/hector_slam/hector_map_tools) by extensions ['ignore', 'ignore_ament_install']
[0.771s] Level 1:colcon.colcon_core.package_identification:_identify(src/hector_slam/hector_map_tools) by extension 'ignore'
[0.771s] Level 1:colcon.colcon_core.package_identification:_identify(src/hector_slam/hector_map_tools) by extension 'ignore_ament_install'
[0.772s] Level 1:colcon.colcon_core.package_identification:_identify(src/hector_slam/hector_map_tools) by extensions ['colcon_pkg']
[0.772s] Level 1:colcon.colcon_core.package_identification:_identify(src/hector_slam/hector_map_tools) by extension 'colcon_pkg'
[0.772s] Level 1:colcon.colcon_core.package_identification:_identify(src/hector_slam/hector_map_tools) by extensions ['colcon_meta']
[0.772s] Level 1:colcon.colcon_core.package_identification:_identify(src/hector_slam/hector_map_tools) by extension 'colcon_meta'
[0.772s] Level 1:colcon.colcon_core.package_identification:_identify(src/hector_slam/hector_map_tools) by extensions ['ros']
[0.772s] Level 1:colcon.colcon_core.package_identification:_identify(src/hector_slam/hector_map_tools) by extension 'ros'
[0.772s] DEBUG:colcon.colcon_core.package_identification:Package 'src/hector_slam/hector_map_tools' with type 'ros.catkin' and name 'hector_map_tools'
[0.772s] Level 1:colcon.colcon_core.package_identification:_identify(src/hector_slam/hector_mapping) by extensions ['ignore', 'ignore_ament_install']
[0.772s] Level 1:colcon.colcon_core.package_identification:_identify(src/hector_slam/hector_mapping) by extension 'ignore'
[0.772s] Level 1:colcon.colcon_core.package_identification:_identify(src/hector_slam/hector_mapping) by extension 'ignore_ament_install'
[0.772s] Level 1:colcon.colcon_core.package_identification:_identify(src/hector_slam/hector_mapping) by extensions ['colcon_pkg']
[0.772s] Level 1:colcon.colcon_core.package_identification:_identify(src/hector_slam/hector_mapping) by extension 'colcon_pkg'
[0.772s] Level 1:colcon.colcon_core.package_identification:_identify(src/hector_slam/hector_mapping) by extensions ['colcon_meta']
[0.772s] Level 1:colcon.colcon_core.package_identification:_identify(src/hector_slam/hector_mapping) by extension 'colcon_meta'
[0.772s] Level 1:colcon.colcon_core.package_identification:_identify(src/hector_slam/hector_mapping) by extensions ['ros']
[0.773s] Level 1:colcon.colcon_core.package_identification:_identify(src/hector_slam/hector_mapping) by extension 'ros'
[0.774s] DEBUG:colcon.colcon_core.package_identification:Package 'src/hector_slam/hector_mapping' with type 'ros.catkin' and name 'hector_mapping'
[0.774s] Level 1:colcon.colcon_core.package_identification:_identify(src/hector_slam/hector_marker_drawing) by extensions ['ignore', 'ignore_ament_install']
[0.774s] Level 1:colcon.colcon_core.package_identification:_identify(src/hector_slam/hector_marker_drawing) by extension 'ignore'
[0.774s] Level 1:colcon.colcon_core.package_identification:_identify(src/hector_slam/hector_marker_drawing) by extension 'ignore_ament_install'
[0.774s] Level 1:colcon.colcon_core.package_identification:_identify(src/hector_slam/hector_marker_drawing) by extensions ['colcon_pkg']
[0.774s] Level 1:colcon.colcon_core.package_identification:_identify(src/hector_slam/hector_marker_drawing) by extension 'colcon_pkg'
[0.774s] Level 1:colcon.colcon_core.package_identification:_identify(src/hector_slam/hector_marker_drawing) by extensions ['colcon_meta']
[0.774s] Level 1:colcon.colcon_core.package_identification:_identify(src/hector_slam/hector_marker_drawing) by extension 'colcon_meta'
[0.774s] Level 1:colcon.colcon_core.package_identification:_identify(src/hector_slam/hector_marker_drawing) by extensions ['ros']
[0.774s] Level 1:colcon.colcon_core.package_identification:_identify(src/hector_slam/hector_marker_drawing) by extension 'ros'
[0.774s] DEBUG:colcon.colcon_core.package_identification:Package 'src/hector_slam/hector_marker_drawing' with type 'ros.catkin' and name 'hector_marker_drawing'
[0.775s] Level 1:colcon.colcon_core.package_identification:_identify(src/hector_slam/hector_nav_msgs) by extensions ['ignore', 'ignore_ament_install']
[0.775s] Level 1:colcon.colcon_core.package_identification:_identify(src/hector_slam/hector_nav_msgs) by extension 'ignore'
[0.775s] Level 1:colcon.colcon_core.package_identification:_identify(src/hector_slam/hector_nav_msgs) by extension 'ignore_ament_install'
[0.775s] Level 1:colcon.colcon_core.package_identification:_identify(src/hector_slam/hector_nav_msgs) by extensions ['colcon_pkg']
[0.775s] Level 1:colcon.colcon_core.package_identification:_identify(src/hector_slam/hector_nav_msgs) by extension 'colcon_pkg'
[0.775s] Level 1:colcon.colcon_core.package_identification:_identify(src/hector_slam/hector_nav_msgs) by extensions ['colcon_meta']
[0.775s] Level 1:colcon.colcon_core.package_identification:_identify(src/hector_slam/hector_nav_msgs) by extension 'colcon_meta'
[0.775s] Level 1:colcon.colcon_core.package_identification:_identify(src/hector_slam/hector_nav_msgs) by extensions ['ros']
[0.775s] Level 1:colcon.colcon_core.package_identification:_identify(src/hector_slam/hector_nav_msgs) by extension 'ros'
[0.776s] DEBUG:colcon.colcon_core.package_identification:Package 'src/hector_slam/hector_nav_msgs' with type 'ros.catkin' and name 'hector_nav_msgs'
[0.776s] Level 1:colcon.colcon_core.package_identification:_identify(src/hector_slam/hector_slam) by extensions ['ignore', 'ignore_ament_install']
[0.776s] Level 1:colcon.colcon_core.package_identification:_identify(src/hector_slam/hector_slam) by extension 'ignore'
[0.776s] Level 1:colcon.colcon_core.package_identification:_identify(src/hector_slam/hector_slam) by extension 'ignore_ament_install'
[0.776s] Level 1:colcon.colcon_core.package_identification:_identify(src/hector_slam/hector_slam) by extensions ['colcon_pkg']
[0.776s] Level 1:colcon.colcon_core.package_identification:_identify(src/hector_slam/hector_slam) by extension 'colcon_pkg'
[0.776s] Level 1:colcon.colcon_core.package_identification:_identify(src/hector_slam/hector_slam) by extensions ['colcon_meta']
[0.776s] Level 1:colcon.colcon_core.package_identification:_identify(src/hector_slam/hector_slam) by extension 'colcon_meta'
[0.776s] Level 1:colcon.colcon_core.package_identification:_identify(src/hector_slam/hector_slam) by extensions ['ros']
[0.776s] Level 1:colcon.colcon_core.package_identification:_identify(src/hector_slam/hector_slam) by extension 'ros'
[0.777s] DEBUG:colcon.colcon_core.package_identification:Package 'src/hector_slam/hector_slam' with type 'ros.catkin' and name 'hector_slam'
[0.777s] Level 1:colcon.colcon_core.package_identification:_identify(src/hector_slam/hector_slam_launch) by extensions ['ignore', 'ignore_ament_install']
[0.777s] Level 1:colcon.colcon_core.package_identification:_identify(src/hector_slam/hector_slam_launch) by extension 'ignore'
[0.777s] Level 1:colcon.colcon_core.package_identification:_identify(src/hector_slam/hector_slam_launch) by extension 'ignore_ament_install'
[0.777s] Level 1:colcon.colcon_core.package_identification:_identify(src/hector_slam/hector_slam_launch) by extensions ['colcon_pkg']
[0.777s] Level 1:colcon.colcon_core.package_identification:_identify(src/hector_slam/hector_slam_launch) by extension 'colcon_pkg'
[0.777s] Level 1:colcon.colcon_core.package_identification:_identify(src/hector_slam/hector_slam_launch) by extensions ['colcon_meta']
[0.777s] Level 1:colcon.colcon_core.package_identification:_identify(src/hector_slam/hector_slam_launch) by extension 'colcon_meta'
[0.777s] Level 1:colcon.colcon_core.package_identification:_identify(src/hector_slam/hector_slam_launch) by extensions ['ros']
[0.777s] Level 1:colcon.colcon_core.package_identification:_identify(src/hector_slam/hector_slam_launch) by extension 'ros'
[0.778s] DEBUG:colcon.colcon_core.package_identification:Package 'src/hector_slam/hector_slam_launch' with type 'ros.catkin' and name 'hector_slam_launch'
[0.778s] Level 1:colcon.colcon_core.package_identification:_identify(src/hector_slam/hector_trajectory_server) by extensions ['ignore', 'ignore_ament_install']
[0.779s] Level 1:colcon.colcon_core.package_identification:_identify(src/hector_slam/hector_trajectory_server) by extension 'ignore'
[0.779s] Level 1:colcon.colcon_core.package_identification:_identify(src/hector_slam/hector_trajectory_server) by extension 'ignore_ament_install'
[0.779s] Level 1:colcon.colcon_core.package_identification:_identify(src/hector_slam/hector_trajectory_server) by extensions ['colcon_pkg']
[0.779s] Level 1:colcon.colcon_core.package_identification:_identify(src/hector_slam/hector_trajectory_server) by extension 'colcon_pkg'
[0.779s] Level 1:colcon.colcon_core.package_identification:_identify(src/hector_slam/hector_trajectory_server) by extensions ['colcon_meta']
[0.779s] Level 1:colcon.colcon_core.package_identification:_identify(src/hector_slam/hector_trajectory_server) by extension 'colcon_meta'
[0.779s] Level 1:colcon.colcon_core.package_identification:_identify(src/hector_slam/hector_trajectory_server) by extensions ['ros']
[0.779s] Level 1:colcon.colcon_core.package_identification:_identify(src/hector_slam/hector_trajectory_server) by extension 'ros'
[0.780s] DEBUG:colcon.colcon_core.package_identification:Package 'src/hector_slam/hector_trajectory_server' with type 'ros.catkin' and name 'hector_trajectory_server'
[0.780s] Level 1:colcon.colcon_core.package_identification:_identify(src/my_bot) by extensions ['ignore', 'ignore_ament_install']
[0.780s] Level 1:colcon.colcon_core.package_identification:_identify(src/my_bot) by extension 'ignore'
[0.780s] Level 1:colcon.colcon_core.package_identification:_identify(src/my_bot) by extension 'ignore_ament_install'
[0.780s] Level 1:colcon.colcon_core.package_identification:_identify(src/my_bot) by extensions ['colcon_pkg']
[0.780s] Level 1:colcon.colcon_core.package_identification:_identify(src/my_bot) by extension 'colcon_pkg'
[0.780s] Level 1:colcon.colcon_core.package_identification:_identify(src/my_bot) by extensions ['colcon_meta']
[0.780s] Level 1:colcon.colcon_core.package_identification:_identify(src/my_bot) by extension 'colcon_meta'
[0.781s] Level 1:colcon.colcon_core.package_identification:_identify(src/my_bot) by extensions ['ros']
[0.781s] Level 1:colcon.colcon_core.package_identification:_identify(src/my_bot) by extension 'ros'
[0.781s] DEBUG:colcon.colcon_core.package_identification:Package 'src/my_bot' with type 'ros.ament_cmake' and name 'my_bot'
[0.781s] Level 1:colcon.colcon_core.package_identification:_identify(src/my_package) by extensions ['ignore', 'ignore_ament_install']
[0.781s] Level 1:colcon.colcon_core.package_identification:_identify(src/my_package) by extension 'ignore'
[0.781s] Level 1:colcon.colcon_core.package_identification:_identify(src/my_package) by extension 'ignore_ament_install'
[0.781s] Level 1:colcon.colcon_core.package_identification:_identify(src/my_package) by extensions ['colcon_pkg']
[0.781s] Level 1:colcon.colcon_core.package_identification:_identify(src/my_package) by extension 'colcon_pkg'
[0.781s] Level 1:colcon.colcon_core.package_identification:_identify(src/my_package) by extensions ['colcon_meta']
[0.781s] Level 1:colcon.colcon_core.package_identification:_identify(src/my_package) by extension 'colcon_meta'
[0.781s] Level 1:colcon.colcon_core.package_identification:_identify(src/my_package) by extensions ['ros']
[0.781s] Level 1:colcon.colcon_core.package_identification:_identify(src/my_package) by extension 'ros'
[0.782s] DEBUG:colcon.colcon_core.package_identification:Package 'src/my_package' with type 'ros.ament_python' and name 'my_package'
[0.782s] Level 1:colcon.colcon_core.package_identification:_identify(src/rplidar_ros2) by extensions ['ignore', 'ignore_ament_install']
[0.782s] Level 1:colcon.colcon_core.package_identification:_identify(src/rplidar_ros2) by extension 'ignore'
[0.782s] Level 1:colcon.colcon_core.package_identification:_identify(src/rplidar_ros2) by extension 'ignore_ament_install'
[0.782s] Level 1:colcon.colcon_core.package_identification:_identify(src/rplidar_ros2) by extensions ['colcon_pkg']
[0.782s] Level 1:colcon.colcon_core.package_identification:_identify(src/rplidar_ros2) by extension 'colcon_pkg'
[0.782s] Level 1:colcon.colcon_core.package_identification:_identify(src/rplidar_ros2) by extensions ['colcon_meta']
[0.782s] Level 1:colcon.colcon_core.package_identification:_identify(src/rplidar_ros2) by extension 'colcon_meta'
[0.782s] Level 1:colcon.colcon_core.package_identification:_identify(src/rplidar_ros2) by extensions ['ros']
[0.782s] Level 1:colcon.colcon_core.package_identification:_identify(src/rplidar_ros2) by extension 'ros'
[0.783s] DEBUG:colcon.colcon_core.package_identification:Package 'src/rplidar_ros2' with type 'ros.ament_cmake' and name 'rplidar_ros'
[0.783s] Level 1:colcon.colcon_core.package_identification:_identify(src/slam_toolbox) by extensions ['ignore', 'ignore_ament_install']
[0.783s] Level 1:colcon.colcon_core.package_identification:_identify(src/slam_toolbox) by extension 'ignore'
[0.783s] Level 1:colcon.colcon_core.package_identification:_identify(src/slam_toolbox) by extension 'ignore_ament_install'
[0.783s] Level 1:colcon.colcon_core.package_identification:_identify(src/slam_toolbox) by extensions ['colcon_pkg']
[0.783s] Level 1:colcon.colcon_core.package_identification:_identify(src/slam_toolbox) by extension 'colcon_pkg'
[0.783s] Level 1:colcon.colcon_core.package_identification:_identify(src/slam_toolbox) by extensions ['colcon_meta']
[0.783s] Level 1:colcon.colcon_core.package_identification:_identify(src/slam_toolbox) by extension 'colcon_meta'
[0.783s] Level 1:colcon.colcon_core.package_identification:_identify(src/slam_toolbox) by extensions ['ros']
[0.783s] Level 1:colcon.colcon_core.package_identification:_identify(src/slam_toolbox) by extension 'ros'
[0.785s] DEBUG:colcon.colcon_core.package_identification:Package 'src/slam_toolbox' with type 'ros.ament_cmake' and name 'slam_toolbox'
[0.785s] Level 1:colcon.colcon_core.package_identification:_identify(src/tf2_py) by extensions ['ignore', 'ignore_ament_install']
[0.785s] Level 1:colcon.colcon_core.package_identification:_identify(src/tf2_py) by extension 'ignore'
[0.785s] Level 1:colcon.colcon_core.package_identification:_identify(src/tf2_py) by extension 'ignore_ament_install'
[0.785s] Level 1:colcon.colcon_core.package_identification:_identify(src/tf2_py) by extensions ['colcon_pkg']
[0.785s] Level 1:colcon.colcon_core.package_identification:_identify(src/tf2_py) by extension 'colcon_pkg'
[0.785s] Level 1:colcon.colcon_core.package_identification:_identify(src/tf2_py) by extensions ['colcon_meta']
[0.785s] Level 1:colcon.colcon_core.package_identification:_identify(src/tf2_py) by extension 'colcon_meta'
[0.785s] Level 1:colcon.colcon_core.package_identification:_identify(src/tf2_py) by extensions ['ros']
[0.785s] Level 1:colcon.colcon_core.package_identification:_identify(src/tf2_py) by extension 'ros'
[0.786s] DEBUG:colcon.colcon_core.package_identification:Package 'src/tf2_py' with type 'ros.ament_python' and name 'tf2_py'
[0.786s] Level 1:colcon.colcon_core.package_discovery:discover_packages(recursive) using defaults
[0.786s] Level 1:colcon.colcon_core.package_discovery:discover_packages(ignore) discover
[0.786s] Level 1:colcon.colcon_core.package_discovery:discover_packages(ignore) using defaults
[0.786s] Level 1:colcon.colcon_core.package_discovery:discover_packages(path) discover
[0.786s] Level 1:colcon.colcon_core.package_discovery:discover_packages(path) using defaults
[0.837s] INFO:colcon.colcon_core.package_selection:Skipping not selected package 'hector_imu_attitude_to_tf' in 'src/hector_slam/hector_imu_attitude_to_tf'
[0.837s] INFO:colcon.colcon_core.package_selection:Skipping not selected package 'hector_imu_tools' in 'src/hector_slam/hector_imu_tools'
[0.837s] INFO:colcon.colcon_core.package_selection:Skipping not selected package 'hector_map_tools' in 'src/hector_slam/hector_map_tools'
[0.837s] INFO:colcon.colcon_core.package_selection:Skipping not selected package 'hector_mapping' in 'src/hector_slam/hector_mapping'
[0.837s] INFO:colcon.colcon_core.package_selection:Skipping not selected package 'hector_marker_drawing' in 'src/hector_slam/hector_marker_drawing'
[0.837s] INFO:colcon.colcon_core.package_selection:Skipping not selected package 'hector_nav_msgs' in 'src/hector_slam/hector_nav_msgs'
[0.837s] INFO:colcon.colcon_core.package_selection:Skipping not selected package 'my_bot' in 'src/my_bot'
[0.837s] INFO:colcon.colcon_core.package_selection:Skipping not selected package 'my_package' in 'src/my_package'
[0.837s] INFO:colcon.colcon_core.package_selection:Skipping not selected package 'rplidar_ros' in 'src/rplidar_ros2'
[0.837s] INFO:colcon.colcon_core.package_selection:Skipping not selected package 'slam_toolbox' in 'src/slam_toolbox'
[0.837s] INFO:colcon.colcon_core.package_selection:Skipping not selected package 'tf2_py' in 'src/tf2_py'
[0.837s] INFO:colcon.colcon_core.package_selection:Skipping not selected package 'hector_compressed_map_transport' in 'src/hector_slam/hector_compressed_map_transport'
[0.837s] INFO:colcon.colcon_core.package_selection:Skipping not selected package 'hector_geotiff' in 'src/hector_slam/hector_geotiff'
[0.837s] INFO:colcon.colcon_core.package_selection:Skipping not selected package 'hector_map_server' in 'src/hector_slam/hector_map_server'
[0.837s] INFO:colcon.colcon_core.package_selection:Skipping not selected package 'hector_trajectory_server' in 'src/hector_slam/hector_trajectory_server'
[0.837s] INFO:colcon.colcon_core.package_selection:Skipping not selected package 'hector_geotiff_plugins' in 'src/hector_slam/hector_geotiff_plugins'
[0.837s] INFO:colcon.colcon_core.package_selection:Skipping not selected package 'hector_geotiff_launch' in 'src/hector_slam/hector_geotiff_launch'
[0.837s] INFO:colcon.colcon_core.package_selection:Skipping not selected package 'hector_slam_launch' in 'src/hector_slam/hector_slam_launch'
[0.837s] INFO:colcon.colcon_core.package_selection:Skipping not selected package 'hector_slam' in 'src/hector_slam/hector_slam'
[0.857s] Level 1:colcon.colcon_core.package_discovery:discover_packages(prefix_path) check parameters
[0.857s] Level 1:colcon.colcon_core.package_discovery:discover_packages(prefix_path) discover
[0.879s] DEBUG:colcon.colcon_installed_package_information.package_discovery:Found 9 installed packages in /home/remon/ros2_ws/install
[0.889s] DEBUG:colcon.colcon_installed_package_information.package_discovery:Found 288 installed packages in /opt/ros/humble
[0.890s] Level 1:colcon.colcon_core.package_discovery:discover_packages(prefix_path) using defaults
[0.959s] Level 5:colcon.colcon_core.verb:set package 'fw_robot' build argument 'cmake_args' from command line to 'None'
[0.959s] Level 5:colcon.colcon_core.verb:set package 'fw_robot' build argument 'cmake_target' from command line to 'None'
[0.959s] Level 5:colcon.colcon_core.verb:set package 'fw_robot' build argument 'cmake_target_skip_unavailable' from command line to 'False'
[0.959s] Level 5:colcon.colcon_core.verb:set package 'fw_robot' build argument 'cmake_clean_cache' from command line to 'False'
[0.959s] Level 5:colcon.colcon_core.verb:set package 'fw_robot' build argument 'cmake_clean_first' from command line to 'False'
[0.959s] Level 5:colcon.colcon_core.verb:set package 'fw_robot' build argument 'cmake_force_configure' from command line to 'False'
[0.959s] Level 5:colcon.colcon_core.verb:set package 'fw_robot' build argument 'ament_cmake_args' from command line to 'None'
[0.960s] Level 5:colcon.colcon_core.verb:set package 'fw_robot' build argument 'catkin_cmake_args' from command line to 'None'
[0.960s] Level 5:colcon.colcon_core.verb:set package 'fw_robot' build argument 'catkin_skip_building_tests' from command line to 'False'
[0.960s] DEBUG:colcon.colcon_core.verb:Building package 'fw_robot' with the following arguments: {'ament_cmake_args': None, 'build_base': '/home/remon/ros2_ws/build/fw_robot', 'catkin_cmake_args': None, 'catkin_skip_building_tests': False, 'cmake_args': None, 'cmake_clean_cache': False, 'cmake_clean_first': False, 'cmake_force_configure': False, 'cmake_target': None, 'cmake_target_skip_unavailable': False, 'install_base': '/home/remon/ros2_ws/install/fw_robot', 'merge_install': False, 'path': '/home/remon/ros2_ws/src/fw_robot', 'symlink_install': False, 'test_result_base': None}
[0.969s] INFO:colcon.colcon_core.executor:Executing jobs using 'parallel' executor
[0.980s] DEBUG:colcon.colcon_parallel_executor.executor.parallel:run_until_complete
[0.980s] INFO:colcon.colcon_ros.task.ament_cmake.build:Building ROS package in '/home/remon/ros2_ws/src/fw_robot' with build type 'ament_cmake'
[0.980s] INFO:colcon.colcon_cmake.task.cmake.build:Building CMake package in '/home/remon/ros2_ws/src/fw_robot'
[0.992s] INFO:colcon.colcon_core.plugin_system:Skipping extension 'colcon_core.shell.bat': Not used on non-Windows systems
[0.992s] INFO:colcon.colcon_core.shell:Skip shell extension 'powershell' for command environment: Not usable outside of PowerShell
[0.992s] DEBUG:colcon.colcon_core.shell:Skip shell extension 'dsv' for command environment
[1.032s] DEBUG:colcon.colcon_core.event_handler.log_command:Invoking command in '/home/remon/ros2_ws/build/fw_robot': CMAKE_PREFIX_PATH=${CMAKE_PREFIX_PATH}:/home/remon/ros2_ws/install/my_py_pkg:/opt/ros/humble /usr/bin/cmake /home/remon/ros2_ws/src/fw_robot -DCMAKE_INSTALL_PREFIX=/home/remon/ros2_ws/install/fw_robot
[1.780s] DEBUG:colcon.colcon_core.event_handler.log_command:Invoked command in '/home/remon/ros2_ws/build/fw_robot' returned '0': CMAKE_PREFIX_PATH=${CMAKE_PREFIX_PATH}:/home/remon/ros2_ws/install/my_py_pkg:/opt/ros/humble /usr/bin/cmake /home/remon/ros2_ws/src/fw_robot -DCMAKE_INSTALL_PREFIX=/home/remon/ros2_ws/install/fw_robot
[1.782s] DEBUG:colcon.colcon_core.event_handler.log_command:Invoking command in '/home/remon/ros2_ws/build/fw_robot': CMAKE_PREFIX_PATH=${CMAKE_PREFIX_PATH}:/home/remon/ros2_ws/install/my_py_pkg:/opt/ros/humble /usr/bin/cmake --build /home/remon/ros2_ws/build/fw_robot -- -j8 -l8
[1.815s] DEBUG:colcon.colcon_core.event_handler.log_command:Invoked command in '/home/remon/ros2_ws/build/fw_robot' returned '0': CMAKE_PREFIX_PATH=${CMAKE_PREFIX_PATH}:/home/remon/ros2_ws/install/my_py_pkg:/opt/ros/humble /usr/bin/cmake --build /home/remon/ros2_ws/build/fw_robot -- -j8 -l8
[1.853s] DEBUG:colcon.colcon_core.event_handler.log_command:Invoking command in '/home/remon/ros2_ws/build/fw_robot': CMAKE_PREFIX_PATH=${CMAKE_PREFIX_PATH}:/home/remon/ros2_ws/install/my_py_pkg:/opt/ros/humble /usr/bin/cmake --install /home/remon/ros2_ws/build/fw_robot
[1.864s] Level 1:colcon.colcon_core.environment:create_environment_scripts_only(fw_robot)
[1.865s] DEBUG:colcon.colcon_core.event_handler.log_command:Invoked command in '/home/remon/ros2_ws/build/fw_robot' returned '0': CMAKE_PREFIX_PATH=${CMAKE_PREFIX_PATH}:/home/remon/ros2_ws/install/my_py_pkg:/opt/ros/humble /usr/bin/cmake --install /home/remon/ros2_ws/build/fw_robot
[1.881s] Level 1:colcon.colcon_core.environment:checking '/home/remon/ros2_ws/install/fw_robot' for CMake module files
[1.881s] Level 1:colcon.colcon_core.environment:checking '/home/remon/ros2_ws/install/fw_robot' for CMake config files
[1.881s] Level 1:colcon.colcon_core.shell:create_environment_hook('fw_robot', 'cmake_prefix_path')
[1.892s] INFO:colcon.colcon_core.shell:Creating environment hook '/home/remon/ros2_ws/install/fw_robot/share/fw_robot/hook/cmake_prefix_path.ps1'
[1.892s] INFO:colcon.colcon_core.shell:Creating environment descriptor '/home/remon/ros2_ws/install/fw_robot/share/fw_robot/hook/cmake_prefix_path.dsv'
[1.893s] INFO:colcon.colcon_core.shell:Creating environment hook '/home/remon/ros2_ws/install/fw_robot/share/fw_robot/hook/cmake_prefix_path.sh'
[1.893s] Level 1:colcon.colcon_core.environment:checking '/home/remon/ros2_ws/install/fw_robot/bin'
[1.893s] Level 1:colcon.colcon_core.environment:checking '/home/remon/ros2_ws/install/fw_robot/lib/pkgconfig/fw_robot.pc'
[1.893s] Level 1:colcon.colcon_core.environment:checking '/home/remon/ros2_ws/install/fw_robot/lib/python3.10/site-packages'
[1.894s] Level 1:colcon.colcon_core.environment:checking '/home/remon/ros2_ws/install/fw_robot/bin'
[1.903s] INFO:colcon.colcon_core.shell:Creating package script '/home/remon/ros2_ws/install/fw_robot/share/fw_robot/package.ps1'
[1.904s] INFO:colcon.colcon_core.shell:Creating package descriptor '/home/remon/ros2_ws/install/fw_robot/share/fw_robot/package.dsv'
[1.905s] INFO:colcon.colcon_core.shell:Creating package script '/home/remon/ros2_ws/install/fw_robot/share/fw_robot/package.sh'
[1.905s] INFO:colcon.colcon_core.shell:Creating package script '/home/remon/ros2_ws/install/fw_robot/share/fw_robot/package.bash'
[1.906s] INFO:colcon.colcon_core.shell:Creating package script '/home/remon/ros2_ws/install/fw_robot/share/fw_robot/package.zsh'
[1.906s] Level 1:colcon.colcon_core.environment:create_file_with_runtime_dependencies(/home/remon/ros2_ws/install/fw_robot/share/colcon-core/packages/fw_robot)
[1.935s] Level 1:colcon.colcon_core.environment:create_environment_scripts_only(fw_robot)
[1.945s] Level 1:colcon.colcon_core.environment:checking '/home/remon/ros2_ws/install/fw_robot' for CMake module files
[1.946s] Level 1:colcon.colcon_core.environment:checking '/home/remon/ros2_ws/install/fw_robot' for CMake config files
[1.946s] Level 1:colcon.colcon_core.shell:create_environment_hook('fw_robot', 'cmake_prefix_path')
[1.956s] INFO:colcon.colcon_core.shell:Creating environment hook '/home/remon/ros2_ws/install/fw_robot/share/fw_robot/hook/cmake_prefix_path.ps1'
[1.956s] INFO:colcon.colcon_core.shell:Creating environment descriptor '/home/remon/ros2_ws/install/fw_robot/share/fw_robot/hook/cmake_prefix_path.dsv'
[1.957s] INFO:colcon.colcon_core.shell:Creating environment hook '/home/remon/ros2_ws/install/fw_robot/share/fw_robot/hook/cmake_prefix_path.sh'
[1.957s] Level 1:colcon.colcon_core.environment:checking '/home/remon/ros2_ws/install/fw_robot/bin'
[1.957s] Level 1:colcon.colcon_core.environment:checking '/home/remon/ros2_ws/install/fw_robot/lib/pkgconfig/fw_robot.pc'
[1.958s] Level 1:colcon.colcon_core.environment:checking '/home/remon/ros2_ws/install/fw_robot/lib/python3.10/site-packages'
[1.958s] Level 1:colcon.colcon_core.environment:checking '/home/remon/ros2_ws/install/fw_robot/bin'
[1.968s] INFO:colcon.colcon_core.shell:Creating package script '/home/remon/ros2_ws/install/fw_robot/share/fw_robot/package.ps1'
[1.968s] INFO:colcon.colcon_core.shell:Creating package descriptor '/home/remon/ros2_ws/install/fw_robot/share/fw_robot/package.dsv'
[1.969s] INFO:colcon.colcon_core.shell:Creating package script '/home/remon/ros2_ws/install/fw_robot/share/fw_robot/package.sh'
[1.969s] INFO:colcon.colcon_core.shell:Creating package script '/home/remon/ros2_ws/install/fw_robot/share/fw_robot/package.bash'
[1.969s] INFO:colcon.colcon_core.shell:Creating package script '/home/remon/ros2_ws/install/fw_robot/share/fw_robot/package.zsh'
[1.970s] Level 1:colcon.colcon_core.environment:create_file_with_runtime_dependencies(/home/remon/ros2_ws/install/fw_robot/share/colcon-core/packages/fw_robot)
[1.970s] DEBUG:colcon.colcon_parallel_executor.executor.parallel:closing loop
[1.970s] DEBUG:colcon.colcon_parallel_executor.executor.parallel:loop closed
[1.971s] DEBUG:colcon.colcon_parallel_executor.executor.parallel:run_until_complete finished with '0'
[1.971s] DEBUG:colcon.colcon_core.event_reactor:joining thread
[1.985s] INFO:colcon.colcon_core.plugin_system:Skipping extension 'colcon_notification.desktop_notification.terminal_notifier': Not used on non-Darwin systems
[1.985s] INFO:colcon.colcon_core.plugin_system:Skipping extension 'colcon_notification.desktop_notification.win32': Not used on non-Windows systems
[1.985s] INFO:colcon.colcon_notification.desktop_notification:Sending desktop notification using 'notify2'
[1.994s] DEBUG:colcon.colcon_core.event_reactor:joined thread
[2.017s] INFO:colcon.colcon_core.shell:Creating prefix script '/home/remon/ros2_ws/install/local_setup.ps1'
[2.018s] INFO:colcon.colcon_core.shell:Creating prefix util module '/home/remon/ros2_ws/install/_local_setup_util_ps1.py'
[2.019s] INFO:colcon.colcon_core.shell:Creating prefix chain script '/home/remon/ros2_ws/install/setup.ps1'
[2.031s] INFO:colcon.colcon_core.shell:Creating prefix script '/home/remon/ros2_ws/install/local_setup.sh'
[2.032s] INFO:colcon.colcon_core.shell:Creating prefix util module '/home/remon/ros2_ws/install/_local_setup_util_sh.py'
[2.032s] INFO:colcon.colcon_core.shell:Creating prefix chain script '/home/remon/ros2_ws/install/setup.sh'
[2.045s] INFO:colcon.colcon_core.shell:Creating prefix script '/home/remon/ros2_ws/install/local_setup.bash'
[2.046s] INFO:colcon.colcon_core.shell:Creating prefix chain script '/home/remon/ros2_ws/install/setup.bash'
[2.059s] INFO:colcon.colcon_core.shell:Creating prefix script '/home/remon/ros2_ws/install/local_setup.zsh'
[2.059s] INFO:colcon.colcon_core.shell:Creating prefix chain script '/home/remon/ros2_ws/install/setup.zsh'
