[0.054s] Invoking command in '/home/remon/ros2_ws/build/my_bot': CMAKE_PREFIX_PATH=${CMAKE_PREFIX_PATH}:/home/remon/ros2_ws/install/my_py_pkg:/opt/ros/humble /usr/bin/cmake --build /home/remon/ros2_ws/build/my_bot -- -j8 -l8
[0.082s] Invoked command in '/home/remon/ros2_ws/build/my_bot' returned '0': CMAKE_PREFIX_PATH=${CMAKE_PREFIX_PATH}:/home/remon/ros2_ws/install/my_py_pkg:/opt/ros/humble /usr/bin/cmake --build /home/remon/ros2_ws/build/my_bot -- -j8 -l8
[0.113s] Invoking command in '/home/remon/ros2_ws/build/my_bot': CMAKE_PREFIX_PATH=${CMAKE_PREFIX_PATH}:/home/remon/ros2_ws/install/my_py_pkg:/opt/ros/humble /usr/bin/cmake --install /home/remon/ros2_ws/build/my_bot
[0.119s] -- Install configuration: ""
[0.119s] -- Execute custom install script
[0.119s] -- Up-to-date symlink: /home/remon/ros2_ws/install/my_bot/share/my_bot/config/drive_bot.rviz
[0.119s] -- Up-to-date symlink: /home/remon/ros2_ws/install/my_bot/share/my_bot/config/empty.yaml
[0.120s] -- Symlinking: /home/remon/ros2_ws/install/my_bot/share/my_bot/config/mapper_params_online_async.yaml
[0.127s] -- Up-to-date symlink: /home/remon/ros2_ws/install/my_bot/share/my_bot/config/view_bot.rviz
[0.127s] -- Up-to-date symlink: /home/remon/ros2_ws/install/my_bot/share/my_bot/description/gazebo_control.xacro
[0.127s] -- Up-to-date symlink: /home/remon/ros2_ws/install/my_bot/share/my_bot/description/inertial_macros.xacro
[0.128s] -- Up-to-date symlink: /home/remon/ros2_ws/install/my_bot/share/my_bot/description/lidar.xacro
[0.128s] -- Up-to-date symlink: /home/remon/ros2_ws/install/my_bot/share/my_bot/description/robot.urdf.xacro
[0.128s] -- Up-to-date symlink: /home/remon/ros2_ws/install/my_bot/share/my_bot/description/robot_core.xacro
[0.128s] -- Up-to-date symlink: /home/remon/ros2_ws/install/my_bot/share/my_bot/launch/launch_sim.launch.py
[0.128s] -- Up-to-date symlink: /home/remon/ros2_ws/install/my_bot/share/my_bot/launch/rsp.launch.py
[0.128s] -- Symlinking: /home/remon/ros2_ws/install/my_bot/share/my_bot/worlds/cone.world
[0.135s] -- Up-to-date symlink: /home/remon/ros2_ws/install/my_bot/share/my_bot/worlds/empty.world
[0.136s] -- Symlinking: /home/remon/ros2_ws/install/my_bot/share/my_bot/worlds/model.sdf
[0.143s] -- Up-to-date symlink: /home/remon/ros2_ws/install/my_bot/share/my_bot/worlds/my_world.world
[0.143s] -- Up-to-date symlink: /home/remon/ros2_ws/install/my_bot/share/ament_index/resource_index/package_run_dependencies/my_bot
[0.143s] -- Up-to-date symlink: /home/remon/ros2_ws/install/my_bot/share/ament_index/resource_index/parent_prefix_path/my_bot
[0.143s] -- Up-to-date symlink: /home/remon/ros2_ws/install/my_bot/share/my_bot/environment/ament_prefix_path.sh
[0.143s] -- Up-to-date symlink: /home/remon/ros2_ws/install/my_bot/share/my_bot/environment/ament_prefix_path.dsv
[0.143s] -- Up-to-date symlink: /home/remon/ros2_ws/install/my_bot/share/my_bot/environment/path.sh
[0.143s] -- Up-to-date symlink: /home/remon/ros2_ws/install/my_bot/share/my_bot/environment/path.dsv
[0.143s] -- Up-to-date symlink: /home/remon/ros2_ws/install/my_bot/share/my_bot/local_setup.bash
[0.144s] -- Up-to-date symlink: /home/remon/ros2_ws/install/my_bot/share/my_bot/local_setup.sh
[0.144s] -- Up-to-date symlink: /home/remon/ros2_ws/install/my_bot/share/my_bot/local_setup.zsh
[0.144s] -- Up-to-date symlink: /home/remon/ros2_ws/install/my_bot/share/my_bot/local_setup.dsv
[0.144s] -- Symlinking: /home/remon/ros2_ws/install/my_bot/share/my_bot/package.dsv
[0.151s] -- Up-to-date symlink: /home/remon/ros2_ws/install/my_bot/share/ament_index/resource_index/packages/my_bot
[0.151s] -- Up-to-date symlink: /home/remon/ros2_ws/install/my_bot/share/my_bot/cmake/my_botConfig.cmake
[0.151s] -- Up-to-date symlink: /home/remon/ros2_ws/install/my_bot/share/my_bot/cmake/my_botConfig-version.cmake
[0.151s] -- Up-to-date symlink: /home/remon/ros2_ws/install/my_bot/share/my_bot/package.xml
[0.153s] Invoked command in '/home/remon/ros2_ws/build/my_bot' returned '0': CMAKE_PREFIX_PATH=${CMAKE_PREFIX_PATH}:/home/remon/ros2_ws/install/my_py_pkg:/opt/ros/humble /usr/bin/cmake --install /home/remon/ros2_ws/build/my_bot
