[0.270s] Invoking command in '/home/remon/ros2_ws/build/hector_mapping': /usr/bin/cmake /home/remon/ros2_ws/src/hector_slam/hector_mapping -DCATKIN_INSTALL_INTO_PREFIX_ROOT=0 -DCMAKE_INSTALL_PREFIX=/home/remon/ros2_ws/install/hector_mapping
[5.155s] -- The C compiler identification is GNU 11.4.0
[7.631s] -- The CXX compiler identification is GNU 11.4.0
[7.669s] -- Detecting C compiler ABI info
[7.947s] -- Detecting C compiler ABI info - done
[7.952s] -- Check for working C compiler: /usr/bin/cc - skipped
[7.952s] -- Detecting C compile features
[7.953s] -- Detecting C compile features - done
[7.967s] -- Detecting CXX compiler ABI info
[8.242s] -- Detecting CXX compiler ABI info - done
[8.254s] -- Check for working CXX compiler: /usr/bin/c++ - skipped
[8.254s] -- Detecting CXX compile features
[8.255s] -- Detecting CXX compile features - done
[8.301s] [31mCMake Error at CMakeLists.txt:4 (find_package):
[8.301s]   By not providing "Findcatkin.cmake" in CMAKE_MODULE_PATH this project has
[8.301s]   asked CMake to find a package configuration file provided by "catkin", but
[8.301s]   CMake did not find one.
[8.301s] 
[8.301s]   Could not find a package configuration file provided by "catkin" with any
[8.301s]   of the following names:
[8.302s] 
[8.302s]     catkinConfig.cmake
[8.302s]     catkin-config.cmake
[8.302s] 
[8.302s]   Add the installation prefix of "catkin" to CMAKE_PREFIX_PATH or set
[8.302s]   "catkin_DIR" to a directory containing one of the above files.  If "catkin"
[8.302s]   provides a separate development package or SDK, be sure it has been
[8.303s]   installed.
[8.303s] 
[8.303s] [0m
[8.303s] -- Configuring incomplete, errors occurred!
[8.303s] See also "/home/remon/ros2_ws/build/hector_mapping/CMakeFiles/CMakeOutput.log".
[8.331s] Invoked command in '/home/remon/ros2_ws/build/hector_mapping' returned '1': /usr/bin/cmake /home/remon/ros2_ws/src/hector_slam/hector_mapping -DCATKIN_INSTALL_INTO_PREFIX_ROOT=0 -DCMAKE_INSTALL_PREFIX=/home/remon/ros2_ws/install/hector_mapping
