[10.386s] DEBUG:colcon:Command line arguments: ['/usr/bin/colcon', 'build', '--symlink-install', '--packages-select', 'my_bot']
[10.386s] DEBUG:colcon:Parsed command line arguments: Namespace(log_base=None, log_level=None, verb_name='build', build_base='build', install_base='install', merge_install=False, symlink_install=True, test_result_base=None, continue_on_error=False, executor='parallel', parallel_workers=8, event_handlers=None, ignore_user_meta=False, metas=['./colcon.meta'], base_paths=['.'], packages_ignore=None, packages_ignore_regex=None, paths=None, packages_up_to=None, packages_up_to_regex=None, packages_above=None, packages_above_and_dependencies=None, packages_above_depth=None, packages_select_by_dep=None, packages_skip_by_dep=None, packages_skip_up_to=None, packages_select_build_failed=False, packages_skip_build_finished=False, packages_select_test_failures=False, packages_skip_test_passed=False, packages_select=['my_bot'], packages_skip=None, packages_select_regex=None, packages_skip_regex=None, packages_start=None, packages_end=None, allow_overriding=[], cmake_args=None, cmake_target=None, cmake_target_skip_unavailable=False, cmake_clean_cache=False, cmake_clean_first=False, cmake_force_configure=False, ament_cmake_args=None, catkin_cmake_args=None, catkin_skip_building_tests=False, verb_parser=<colcon_defaults.argument_parser.defaults.DefaultArgumentsDecorator object at 0x7f65c8df61a0>, verb_extension=<colcon_core.verb.build.BuildVerb object at 0x7f65c8df4dc0>, main=<bound method BuildVerb.main of <colcon_core.verb.build.BuildVerb object at 0x7f65c8df4dc0>>)
[11.021s] Level 1:colcon.colcon_core.package_discovery:discover_packages(colcon_meta) check parameters
[11.022s] Level 1:colcon.colcon_core.package_discovery:discover_packages(recursive) check parameters
[11.022s] Level 1:colcon.colcon_core.package_discovery:discover_packages(ignore) check parameters
[11.022s] Level 1:colcon.colcon_core.package_discovery:discover_packages(path) check parameters
[11.022s] Level 1:colcon.colcon_core.package_discovery:discover_packages(colcon_meta) discover
[11.022s] Level 1:colcon.colcon_core.package_discovery:discover_packages(recursive) discover
[11.022s] INFO:colcon.colcon_core.package_discovery:Crawling recursively for packages in '/home/remon/ros2_ws'
[11.022s] Level 1:colcon.colcon_core.package_identification:_identify(.) by extensions ['ignore', 'ignore_ament_install']
[11.023s] Level 1:colcon.colcon_core.package_identification:_identify(.) by extension 'ignore'
[11.023s] Level 1:colcon.colcon_core.package_identification:_identify(.) by extension 'ignore_ament_install'
[11.023s] Level 1:colcon.colcon_core.package_identification:_identify(.) by extensions ['colcon_pkg']
[11.023s] Level 1:colcon.colcon_core.package_identification:_identify(.) by extension 'colcon_pkg'
[11.023s] Level 1:colcon.colcon_core.package_identification:_identify(.) by extensions ['colcon_meta']
[11.023s] Level 1:colcon.colcon_core.package_identification:_identify(.) by extension 'colcon_meta'
[11.023s] Level 1:colcon.colcon_core.package_identification:_identify(.) by extensions ['ros']
[11.023s] Level 1:colcon.colcon_core.package_identification:_identify(.) by extension 'ros'
[11.086s] Level 1:colcon.colcon_core.package_identification:_identify(.) by extensions ['cmake', 'python']
[11.086s] Level 1:colcon.colcon_core.package_identification:_identify(.) by extension 'cmake'
[11.086s] Level 1:colcon.colcon_core.package_identification:_identify(.) by extension 'python'
[11.086s] Level 1:colcon.colcon_core.package_identification:_identify(.) by extensions ['python_setup_py']
[11.086s] Level 1:colcon.colcon_core.package_identification:_identify(.) by extension 'python_setup_py'
[11.086s] Level 1:colcon.colcon_core.package_identification:_identify(build) by extensions ['ignore', 'ignore_ament_install']
[11.086s] Level 1:colcon.colcon_core.package_identification:_identify(build) by extension 'ignore'
[11.086s] Level 1:colcon.colcon_core.package_identification:_identify(build) ignored
[11.087s] Level 1:colcon.colcon_core.package_identification:_identify(install) by extensions ['ignore', 'ignore_ament_install']
[11.087s] Level 1:colcon.colcon_core.package_identification:_identify(install) by extension 'ignore'
[11.087s] Level 1:colcon.colcon_core.package_identification:_identify(install) ignored
[11.087s] Level 1:colcon.colcon_core.package_identification:_identify(log) by extensions ['ignore', 'ignore_ament_install']
[11.087s] Level 1:colcon.colcon_core.package_identification:_identify(log) by extension 'ignore'
[11.087s] Level 1:colcon.colcon_core.package_identification:_identify(log) ignored
[11.087s] Level 1:colcon.colcon_core.package_identification:_identify(src) by extensions ['ignore', 'ignore_ament_install']
[11.087s] Level 1:colcon.colcon_core.package_identification:_identify(src) by extension 'ignore'
[11.088s] Level 1:colcon.colcon_core.package_identification:_identify(src) by extension 'ignore_ament_install'
[11.088s] Level 1:colcon.colcon_core.package_identification:_identify(src) by extensions ['colcon_pkg']
[11.088s] Level 1:colcon.colcon_core.package_identification:_identify(src) by extension 'colcon_pkg'
[11.088s] Level 1:colcon.colcon_core.package_identification:_identify(src) by extensions ['colcon_meta']
[11.088s] Level 1:colcon.colcon_core.package_identification:_identify(src) by extension 'colcon_meta'
[11.088s] Level 1:colcon.colcon_core.package_identification:_identify(src) by extensions ['ros']
[11.088s] Level 1:colcon.colcon_core.package_identification:_identify(src) by extension 'ros'
[11.088s] Level 1:colcon.colcon_core.package_identification:_identify(src) by extensions ['cmake', 'python']
[11.088s] Level 1:colcon.colcon_core.package_identification:_identify(src) by extension 'cmake'
[11.088s] Level 1:colcon.colcon_core.package_identification:_identify(src) by extension 'python'
[11.088s] Level 1:colcon.colcon_core.package_identification:_identify(src) by extensions ['python_setup_py']
[11.088s] Level 1:colcon.colcon_core.package_identification:_identify(src) by extension 'python_setup_py'
[11.088s] Level 1:colcon.colcon_core.package_identification:_identify(src/fw_robot) by extensions ['ignore', 'ignore_ament_install']
[11.088s] Level 1:colcon.colcon_core.package_identification:_identify(src/fw_robot) by extension 'ignore'
[11.088s] Level 1:colcon.colcon_core.package_identification:_identify(src/fw_robot) by extension 'ignore_ament_install'
[11.088s] Level 1:colcon.colcon_core.package_identification:_identify(src/fw_robot) by extensions ['colcon_pkg']
[11.088s] Level 1:colcon.colcon_core.package_identification:_identify(src/fw_robot) by extension 'colcon_pkg'
[11.089s] Level 1:colcon.colcon_core.package_identification:_identify(src/fw_robot) by extensions ['colcon_meta']
[11.089s] Level 1:colcon.colcon_core.package_identification:_identify(src/fw_robot) by extension 'colcon_meta'
[11.089s] Level 1:colcon.colcon_core.package_identification:_identify(src/fw_robot) by extensions ['ros']
[11.089s] Level 1:colcon.colcon_core.package_identification:_identify(src/fw_robot) by extension 'ros'
[11.127s] DEBUG:colcon.colcon_core.package_identification:Package 'src/fw_robot' with type 'ros.ament_cmake' and name 'fw_robot'
[11.127s] Level 1:colcon.colcon_core.package_identification:_identify(src/hector_slam) by extensions ['ignore', 'ignore_ament_install']
[11.127s] Level 1:colcon.colcon_core.package_identification:_identify(src/hector_slam) by extension 'ignore'
[11.128s] Level 1:colcon.colcon_core.package_identification:_identify(src/hector_slam) by extension 'ignore_ament_install'
[11.128s] Level 1:colcon.colcon_core.package_identification:_identify(src/hector_slam) by extensions ['colcon_pkg']
[11.128s] Level 1:colcon.colcon_core.package_identification:_identify(src/hector_slam) by extension 'colcon_pkg'
[11.128s] Level 1:colcon.colcon_core.package_identification:_identify(src/hector_slam) by extensions ['colcon_meta']
[11.128s] Level 1:colcon.colcon_core.package_identification:_identify(src/hector_slam) by extension 'colcon_meta'
[11.128s] Level 1:colcon.colcon_core.package_identification:_identify(src/hector_slam) by extensions ['ros']
[11.128s] Level 1:colcon.colcon_core.package_identification:_identify(src/hector_slam) by extension 'ros'
[11.128s] Level 1:colcon.colcon_core.package_identification:_identify(src/hector_slam) by extensions ['cmake', 'python']
[11.129s] Level 1:colcon.colcon_core.package_identification:_identify(src/hector_slam) by extension 'cmake'
[11.129s] Level 1:colcon.colcon_core.package_identification:_identify(src/hector_slam) by extension 'python'
[11.129s] Level 1:colcon.colcon_core.package_identification:_identify(src/hector_slam) by extensions ['python_setup_py']
[11.129s] Level 1:colcon.colcon_core.package_identification:_identify(src/hector_slam) by extension 'python_setup_py'
[11.129s] Level 1:colcon.colcon_core.package_identification:_identify(src/hector_slam/hector_compressed_map_transport) by extensions ['ignore', 'ignore_ament_install']
[11.129s] Level 1:colcon.colcon_core.package_identification:_identify(src/hector_slam/hector_compressed_map_transport) by extension 'ignore'
[11.129s] Level 1:colcon.colcon_core.package_identification:_identify(src/hector_slam/hector_compressed_map_transport) by extension 'ignore_ament_install'
[11.129s] Level 1:colcon.colcon_core.package_identification:_identify(src/hector_slam/hector_compressed_map_transport) by extensions ['colcon_pkg']
[11.130s] Level 1:colcon.colcon_core.package_identification:_identify(src/hector_slam/hector_compressed_map_transport) by extension 'colcon_pkg'
[11.130s] Level 1:colcon.colcon_core.package_identification:_identify(src/hector_slam/hector_compressed_map_transport) by extensions ['colcon_meta']
[11.130s] Level 1:colcon.colcon_core.package_identification:_identify(src/hector_slam/hector_compressed_map_transport) by extension 'colcon_meta'
[11.130s] Level 1:colcon.colcon_core.package_identification:_identify(src/hector_slam/hector_compressed_map_transport) by extensions ['ros']
[11.130s] Level 1:colcon.colcon_core.package_identification:_identify(src/hector_slam/hector_compressed_map_transport) by extension 'ros'
[11.160s] DEBUG:colcon.colcon_core.package_identification:Package 'src/hector_slam/hector_compressed_map_transport' with type 'ros.catkin' and name 'hector_compressed_map_transport'
[11.160s] Level 1:colcon.colcon_core.package_identification:_identify(src/hector_slam/hector_geotiff) by extensions ['ignore', 'ignore_ament_install']
[11.160s] Level 1:colcon.colcon_core.package_identification:_identify(src/hector_slam/hector_geotiff) by extension 'ignore'
[11.160s] Level 1:colcon.colcon_core.package_identification:_identify(src/hector_slam/hector_geotiff) by extension 'ignore_ament_install'
[11.161s] Level 1:colcon.colcon_core.package_identification:_identify(src/hector_slam/hector_geotiff) by extensions ['colcon_pkg']
[11.161s] Level 1:colcon.colcon_core.package_identification:_identify(src/hector_slam/hector_geotiff) by extension 'colcon_pkg'
[11.161s] Level 1:colcon.colcon_core.package_identification:_identify(src/hector_slam/hector_geotiff) by extensions ['colcon_meta']
[11.161s] Level 1:colcon.colcon_core.package_identification:_identify(src/hector_slam/hector_geotiff) by extension 'colcon_meta'
[11.161s] Level 1:colcon.colcon_core.package_identification:_identify(src/hector_slam/hector_geotiff) by extensions ['ros']
[11.161s] Level 1:colcon.colcon_core.package_identification:_identify(src/hector_slam/hector_geotiff) by extension 'ros'
[11.163s] DEBUG:colcon.colcon_core.package_identification:Package 'src/hector_slam/hector_geotiff' with type 'ros.catkin' and name 'hector_geotiff'
[11.163s] Level 1:colcon.colcon_core.package_identification:_identify(src/hector_slam/hector_geotiff_launch) by extensions ['ignore', 'ignore_ament_install']
[11.164s] Level 1:colcon.colcon_core.package_identification:_identify(src/hector_slam/hector_geotiff_launch) by extension 'ignore'
[11.164s] Level 1:colcon.colcon_core.package_identification:_identify(src/hector_slam/hector_geotiff_launch) by extension 'ignore_ament_install'
[11.164s] Level 1:colcon.colcon_core.package_identification:_identify(src/hector_slam/hector_geotiff_launch) by extensions ['colcon_pkg']
[11.164s] Level 1:colcon.colcon_core.package_identification:_identify(src/hector_slam/hector_geotiff_launch) by extension 'colcon_pkg'
[11.164s] Level 1:colcon.colcon_core.package_identification:_identify(src/hector_slam/hector_geotiff_launch) by extensions ['colcon_meta']
[11.164s] Level 1:colcon.colcon_core.package_identification:_identify(src/hector_slam/hector_geotiff_launch) by extension 'colcon_meta'
[11.164s] Level 1:colcon.colcon_core.package_identification:_identify(src/hector_slam/hector_geotiff_launch) by extensions ['ros']
[11.164s] Level 1:colcon.colcon_core.package_identification:_identify(src/hector_slam/hector_geotiff_launch) by extension 'ros'
[11.165s] DEBUG:colcon.colcon_core.package_identification:Package 'src/hector_slam/hector_geotiff_launch' with type 'ros.catkin' and name 'hector_geotiff_launch'
[11.165s] Level 1:colcon.colcon_core.package_identification:_identify(src/hector_slam/hector_geotiff_plugins) by extensions ['ignore', 'ignore_ament_install']
[11.166s] Level 1:colcon.colcon_core.package_identification:_identify(src/hector_slam/hector_geotiff_plugins) by extension 'ignore'
[11.166s] Level 1:colcon.colcon_core.package_identification:_identify(src/hector_slam/hector_geotiff_plugins) by extension 'ignore_ament_install'
[11.166s] Level 1:colcon.colcon_core.package_identification:_identify(src/hector_slam/hector_geotiff_plugins) by extensions ['colcon_pkg']
[11.166s] Level 1:colcon.colcon_core.package_identification:_identify(src/hector_slam/hector_geotiff_plugins) by extension 'colcon_pkg'
[11.166s] Level 1:colcon.colcon_core.package_identification:_identify(src/hector_slam/hector_geotiff_plugins) by extensions ['colcon_meta']
[11.166s] Level 1:colcon.colcon_core.package_identification:_identify(src/hector_slam/hector_geotiff_plugins) by extension 'colcon_meta'
[11.166s] Level 1:colcon.colcon_core.package_identification:_identify(src/hector_slam/hector_geotiff_plugins) by extensions ['ros']
[11.166s] Level 1:colcon.colcon_core.package_identification:_identify(src/hector_slam/hector_geotiff_plugins) by extension 'ros'
[11.168s] DEBUG:colcon.colcon_core.package_identification:Package 'src/hector_slam/hector_geotiff_plugins' with type 'ros.catkin' and name 'hector_geotiff_plugins'
[11.168s] Level 1:colcon.colcon_core.package_identification:_identify(src/hector_slam/hector_imu_attitude_to_tf) by extensions ['ignore', 'ignore_ament_install']
[11.168s] Level 1:colcon.colcon_core.package_identification:_identify(src/hector_slam/hector_imu_attitude_to_tf) by extension 'ignore'
[11.168s] Level 1:colcon.colcon_core.package_identification:_identify(src/hector_slam/hector_imu_attitude_to_tf) by extension 'ignore_ament_install'
[11.168s] Level 1:colcon.colcon_core.package_identification:_identify(src/hector_slam/hector_imu_attitude_to_tf) by extensions ['colcon_pkg']
[11.168s] Level 1:colcon.colcon_core.package_identification:_identify(src/hector_slam/hector_imu_attitude_to_tf) by extension 'colcon_pkg'
[11.168s] Level 1:colcon.colcon_core.package_identification:_identify(src/hector_slam/hector_imu_attitude_to_tf) by extensions ['colcon_meta']
[11.168s] Level 1:colcon.colcon_core.package_identification:_identify(src/hector_slam/hector_imu_attitude_to_tf) by extension 'colcon_meta'
[11.169s] Level 1:colcon.colcon_core.package_identification:_identify(src/hector_slam/hector_imu_attitude_to_tf) by extensions ['ros']
[11.169s] Level 1:colcon.colcon_core.package_identification:_identify(src/hector_slam/hector_imu_attitude_to_tf) by extension 'ros'
[11.170s] DEBUG:colcon.colcon_core.package_identification:Package 'src/hector_slam/hector_imu_attitude_to_tf' with type 'ros.catkin' and name 'hector_imu_attitude_to_tf'
[11.170s] Level 1:colcon.colcon_core.package_identification:_identify(src/hector_slam/hector_imu_tools) by extensions ['ignore', 'ignore_ament_install']
[11.170s] Level 1:colcon.colcon_core.package_identification:_identify(src/hector_slam/hector_imu_tools) by extension 'ignore'
[11.171s] Level 1:colcon.colcon_core.package_identification:_identify(src/hector_slam/hector_imu_tools) by extension 'ignore_ament_install'
[11.171s] Level 1:colcon.colcon_core.package_identification:_identify(src/hector_slam/hector_imu_tools) by extensions ['colcon_pkg']
[11.171s] Level 1:colcon.colcon_core.package_identification:_identify(src/hector_slam/hector_imu_tools) by extension 'colcon_pkg'
[11.171s] Level 1:colcon.colcon_core.package_identification:_identify(src/hector_slam/hector_imu_tools) by extensions ['colcon_meta']
[11.171s] Level 1:colcon.colcon_core.package_identification:_identify(src/hector_slam/hector_imu_tools) by extension 'colcon_meta'
[11.171s] Level 1:colcon.colcon_core.package_identification:_identify(src/hector_slam/hector_imu_tools) by extensions ['ros']
[11.171s] Level 1:colcon.colcon_core.package_identification:_identify(src/hector_slam/hector_imu_tools) by extension 'ros'
[11.173s] DEBUG:colcon.colcon_core.package_identification:Package 'src/hector_slam/hector_imu_tools' with type 'ros.catkin' and name 'hector_imu_tools'
[11.173s] Level 1:colcon.colcon_core.package_identification:_identify(src/hector_slam/hector_map_server) by extensions ['ignore', 'ignore_ament_install']
[11.173s] Level 1:colcon.colcon_core.package_identification:_identify(src/hector_slam/hector_map_server) by extension 'ignore'
[11.173s] Level 1:colcon.colcon_core.package_identification:_identify(src/hector_slam/hector_map_server) by extension 'ignore_ament_install'
[11.173s] Level 1:colcon.colcon_core.package_identification:_identify(src/hector_slam/hector_map_server) by extensions ['colcon_pkg']
[11.173s] Level 1:colcon.colcon_core.package_identification:_identify(src/hector_slam/hector_map_server) by extension 'colcon_pkg'
[11.173s] Level 1:colcon.colcon_core.package_identification:_identify(src/hector_slam/hector_map_server) by extensions ['colcon_meta']
[11.173s] Level 1:colcon.colcon_core.package_identification:_identify(src/hector_slam/hector_map_server) by extension 'colcon_meta'
[11.173s] Level 1:colcon.colcon_core.package_identification:_identify(src/hector_slam/hector_map_server) by extensions ['ros']
[11.173s] Level 1:colcon.colcon_core.package_identification:_identify(src/hector_slam/hector_map_server) by extension 'ros'
[11.174s] DEBUG:colcon.colcon_core.package_identification:Package 'src/hector_slam/hector_map_server' with type 'ros.catkin' and name 'hector_map_server'
[11.175s] Level 1:colcon.colcon_core.package_identification:_identify(src/hector_slam/hector_map_tools) by extensions ['ignore', 'ignore_ament_install']
[11.175s] Level 1:colcon.colcon_core.package_identification:_identify(src/hector_slam/hector_map_tools) by extension 'ignore'
[11.175s] Level 1:colcon.colcon_core.package_identification:_identify(src/hector_slam/hector_map_tools) by extension 'ignore_ament_install'
[11.175s] Level 1:colcon.colcon_core.package_identification:_identify(src/hector_slam/hector_map_tools) by extensions ['colcon_pkg']
[11.175s] Level 1:colcon.colcon_core.package_identification:_identify(src/hector_slam/hector_map_tools) by extension 'colcon_pkg'
[11.175s] Level 1:colcon.colcon_core.package_identification:_identify(src/hector_slam/hector_map_tools) by extensions ['colcon_meta']
[11.175s] Level 1:colcon.colcon_core.package_identification:_identify(src/hector_slam/hector_map_tools) by extension 'colcon_meta'
[11.175s] Level 1:colcon.colcon_core.package_identification:_identify(src/hector_slam/hector_map_tools) by extensions ['ros']
[11.175s] Level 1:colcon.colcon_core.package_identification:_identify(src/hector_slam/hector_map_tools) by extension 'ros'
[11.176s] DEBUG:colcon.colcon_core.package_identification:Package 'src/hector_slam/hector_map_tools' with type 'ros.catkin' and name 'hector_map_tools'
[11.176s] Level 1:colcon.colcon_core.package_identification:_identify(src/hector_slam/hector_mapping) by extensions ['ignore', 'ignore_ament_install']
[11.176s] Level 1:colcon.colcon_core.package_identification:_identify(src/hector_slam/hector_mapping) by extension 'ignore'
[11.176s] Level 1:colcon.colcon_core.package_identification:_identify(src/hector_slam/hector_mapping) by extension 'ignore_ament_install'
[11.176s] Level 1:colcon.colcon_core.package_identification:_identify(src/hector_slam/hector_mapping) by extensions ['colcon_pkg']
[11.176s] Level 1:colcon.colcon_core.package_identification:_identify(src/hector_slam/hector_mapping) by extension 'colcon_pkg'
[11.176s] Level 1:colcon.colcon_core.package_identification:_identify(src/hector_slam/hector_mapping) by extensions ['colcon_meta']
[11.176s] Level 1:colcon.colcon_core.package_identification:_identify(src/hector_slam/hector_mapping) by extension 'colcon_meta'
[11.176s] Level 1:colcon.colcon_core.package_identification:_identify(src/hector_slam/hector_mapping) by extensions ['ros']
[11.176s] Level 1:colcon.colcon_core.package_identification:_identify(src/hector_slam/hector_mapping) by extension 'ros'
[11.178s] DEBUG:colcon.colcon_core.package_identification:Package 'src/hector_slam/hector_mapping' with type 'ros.catkin' and name 'hector_mapping'
[11.178s] Level 1:colcon.colcon_core.package_identification:_identify(src/hector_slam/hector_marker_drawing) by extensions ['ignore', 'ignore_ament_install']
[11.178s] Level 1:colcon.colcon_core.package_identification:_identify(src/hector_slam/hector_marker_drawing) by extension 'ignore'
[11.178s] Level 1:colcon.colcon_core.package_identification:_identify(src/hector_slam/hector_marker_drawing) by extension 'ignore_ament_install'
[11.178s] Level 1:colcon.colcon_core.package_identification:_identify(src/hector_slam/hector_marker_drawing) by extensions ['colcon_pkg']
[11.178s] Level 1:colcon.colcon_core.package_identification:_identify(src/hector_slam/hector_marker_drawing) by extension 'colcon_pkg'
[11.178s] Level 1:colcon.colcon_core.package_identification:_identify(src/hector_slam/hector_marker_drawing) by extensions ['colcon_meta']
[11.178s] Level 1:colcon.colcon_core.package_identification:_identify(src/hector_slam/hector_marker_drawing) by extension 'colcon_meta'
[11.178s] Level 1:colcon.colcon_core.package_identification:_identify(src/hector_slam/hector_marker_drawing) by extensions ['ros']
[11.178s] Level 1:colcon.colcon_core.package_identification:_identify(src/hector_slam/hector_marker_drawing) by extension 'ros'
[11.203s] DEBUG:colcon.colcon_core.package_identification:Package 'src/hector_slam/hector_marker_drawing' with type 'ros.catkin' and name 'hector_marker_drawing'
[11.204s] Level 1:colcon.colcon_core.package_identification:_identify(src/hector_slam/hector_nav_msgs) by extensions ['ignore', 'ignore_ament_install']
[11.204s] Level 1:colcon.colcon_core.package_identification:_identify(src/hector_slam/hector_nav_msgs) by extension 'ignore'
[11.204s] Level 1:colcon.colcon_core.package_identification:_identify(src/hector_slam/hector_nav_msgs) by extension 'ignore_ament_install'
[11.204s] Level 1:colcon.colcon_core.package_identification:_identify(src/hector_slam/hector_nav_msgs) by extensions ['colcon_pkg']
[11.204s] Level 1:colcon.colcon_core.package_identification:_identify(src/hector_slam/hector_nav_msgs) by extension 'colcon_pkg'
[11.204s] Level 1:colcon.colcon_core.package_identification:_identify(src/hector_slam/hector_nav_msgs) by extensions ['colcon_meta']
[11.204s] Level 1:colcon.colcon_core.package_identification:_identify(src/hector_slam/hector_nav_msgs) by extension 'colcon_meta'
[11.204s] Level 1:colcon.colcon_core.package_identification:_identify(src/hector_slam/hector_nav_msgs) by extensions ['ros']
[11.204s] Level 1:colcon.colcon_core.package_identification:_identify(src/hector_slam/hector_nav_msgs) by extension 'ros'
[11.206s] DEBUG:colcon.colcon_core.package_identification:Package 'src/hector_slam/hector_nav_msgs' with type 'ros.catkin' and name 'hector_nav_msgs'
[11.206s] Level 1:colcon.colcon_core.package_identification:_identify(src/hector_slam/hector_slam) by extensions ['ignore', 'ignore_ament_install']
[11.206s] Level 1:colcon.colcon_core.package_identification:_identify(src/hector_slam/hector_slam) by extension 'ignore'
[11.206s] Level 1:colcon.colcon_core.package_identification:_identify(src/hector_slam/hector_slam) by extension 'ignore_ament_install'
[11.206s] Level 1:colcon.colcon_core.package_identification:_identify(src/hector_slam/hector_slam) by extensions ['colcon_pkg']
[11.207s] Level 1:colcon.colcon_core.package_identification:_identify(src/hector_slam/hector_slam) by extension 'colcon_pkg'
[11.207s] Level 1:colcon.colcon_core.package_identification:_identify(src/hector_slam/hector_slam) by extensions ['colcon_meta']
[11.207s] Level 1:colcon.colcon_core.package_identification:_identify(src/hector_slam/hector_slam) by extension 'colcon_meta'
[11.207s] Level 1:colcon.colcon_core.package_identification:_identify(src/hector_slam/hector_slam) by extensions ['ros']
[11.207s] Level 1:colcon.colcon_core.package_identification:_identify(src/hector_slam/hector_slam) by extension 'ros'
[11.209s] DEBUG:colcon.colcon_core.package_identification:Package 'src/hector_slam/hector_slam' with type 'ros.catkin' and name 'hector_slam'
[11.209s] Level 1:colcon.colcon_core.package_identification:_identify(src/hector_slam/hector_slam_launch) by extensions ['ignore', 'ignore_ament_install']
[11.209s] Level 1:colcon.colcon_core.package_identification:_identify(src/hector_slam/hector_slam_launch) by extension 'ignore'
[11.209s] Level 1:colcon.colcon_core.package_identification:_identify(src/hector_slam/hector_slam_launch) by extension 'ignore_ament_install'
[11.210s] Level 1:colcon.colcon_core.package_identification:_identify(src/hector_slam/hector_slam_launch) by extensions ['colcon_pkg']
[11.210s] Level 1:colcon.colcon_core.package_identification:_identify(src/hector_slam/hector_slam_launch) by extension 'colcon_pkg'
[11.210s] Level 1:colcon.colcon_core.package_identification:_identify(src/hector_slam/hector_slam_launch) by extensions ['colcon_meta']
[11.210s] Level 1:colcon.colcon_core.package_identification:_identify(src/hector_slam/hector_slam_launch) by extension 'colcon_meta'
[11.210s] Level 1:colcon.colcon_core.package_identification:_identify(src/hector_slam/hector_slam_launch) by extensions ['ros']
[11.210s] Level 1:colcon.colcon_core.package_identification:_identify(src/hector_slam/hector_slam_launch) by extension 'ros'
[11.211s] DEBUG:colcon.colcon_core.package_identification:Package 'src/hector_slam/hector_slam_launch' with type 'ros.catkin' and name 'hector_slam_launch'
[11.212s] Level 1:colcon.colcon_core.package_identification:_identify(src/hector_slam/hector_trajectory_server) by extensions ['ignore', 'ignore_ament_install']
[11.212s] Level 1:colcon.colcon_core.package_identification:_identify(src/hector_slam/hector_trajectory_server) by extension 'ignore'
[11.212s] Level 1:colcon.colcon_core.package_identification:_identify(src/hector_slam/hector_trajectory_server) by extension 'ignore_ament_install'
[11.212s] Level 1:colcon.colcon_core.package_identification:_identify(src/hector_slam/hector_trajectory_server) by extensions ['colcon_pkg']
[11.212s] Level 1:colcon.colcon_core.package_identification:_identify(src/hector_slam/hector_trajectory_server) by extension 'colcon_pkg'
[11.212s] Level 1:colcon.colcon_core.package_identification:_identify(src/hector_slam/hector_trajectory_server) by extensions ['colcon_meta']
[11.212s] Level 1:colcon.colcon_core.package_identification:_identify(src/hector_slam/hector_trajectory_server) by extension 'colcon_meta'
[11.212s] Level 1:colcon.colcon_core.package_identification:_identify(src/hector_slam/hector_trajectory_server) by extensions ['ros']
[11.212s] Level 1:colcon.colcon_core.package_identification:_identify(src/hector_slam/hector_trajectory_server) by extension 'ros'
[11.214s] DEBUG:colcon.colcon_core.package_identification:Package 'src/hector_slam/hector_trajectory_server' with type 'ros.catkin' and name 'hector_trajectory_server'
[11.214s] Level 1:colcon.colcon_core.package_identification:_identify(src/my_bot) by extensions ['ignore', 'ignore_ament_install']
[11.214s] Level 1:colcon.colcon_core.package_identification:_identify(src/my_bot) by extension 'ignore'
[11.214s] Level 1:colcon.colcon_core.package_identification:_identify(src/my_bot) by extension 'ignore_ament_install'
[11.214s] Level 1:colcon.colcon_core.package_identification:_identify(src/my_bot) by extensions ['colcon_pkg']
[11.215s] Level 1:colcon.colcon_core.package_identification:_identify(src/my_bot) by extension 'colcon_pkg'
[11.215s] Level 1:colcon.colcon_core.package_identification:_identify(src/my_bot) by extensions ['colcon_meta']
[11.215s] Level 1:colcon.colcon_core.package_identification:_identify(src/my_bot) by extension 'colcon_meta'
[11.215s] Level 1:colcon.colcon_core.package_identification:_identify(src/my_bot) by extensions ['ros']
[11.215s] Level 1:colcon.colcon_core.package_identification:_identify(src/my_bot) by extension 'ros'
[11.215s] DEBUG:colcon.colcon_core.package_identification:Package 'src/my_bot' with type 'ros.ament_cmake' and name 'my_bot'
[11.216s] Level 1:colcon.colcon_core.package_identification:_identify(src/my_package) by extensions ['ignore', 'ignore_ament_install']
[11.216s] Level 1:colcon.colcon_core.package_identification:_identify(src/my_package) by extension 'ignore'
[11.216s] Level 1:colcon.colcon_core.package_identification:_identify(src/my_package) by extension 'ignore_ament_install'
[11.216s] Level 1:colcon.colcon_core.package_identification:_identify(src/my_package) by extensions ['colcon_pkg']
[11.216s] Level 1:colcon.colcon_core.package_identification:_identify(src/my_package) by extension 'colcon_pkg'
[11.216s] Level 1:colcon.colcon_core.package_identification:_identify(src/my_package) by extensions ['colcon_meta']
[11.216s] Level 1:colcon.colcon_core.package_identification:_identify(src/my_package) by extension 'colcon_meta'
[11.216s] Level 1:colcon.colcon_core.package_identification:_identify(src/my_package) by extensions ['ros']
[11.216s] Level 1:colcon.colcon_core.package_identification:_identify(src/my_package) by extension 'ros'
[11.228s] DEBUG:colcon.colcon_core.package_identification:Package 'src/my_package' with type 'ros.ament_python' and name 'my_package'
[11.229s] Level 1:colcon.colcon_core.package_identification:_identify(src/rplidar_ros2) by extensions ['ignore', 'ignore_ament_install']
[11.229s] Level 1:colcon.colcon_core.package_identification:_identify(src/rplidar_ros2) by extension 'ignore'
[11.229s] Level 1:colcon.colcon_core.package_identification:_identify(src/rplidar_ros2) by extension 'ignore_ament_install'
[11.229s] Level 1:colcon.colcon_core.package_identification:_identify(src/rplidar_ros2) by extensions ['colcon_pkg']
[11.229s] Level 1:colcon.colcon_core.package_identification:_identify(src/rplidar_ros2) by extension 'colcon_pkg'
[11.229s] Level 1:colcon.colcon_core.package_identification:_identify(src/rplidar_ros2) by extensions ['colcon_meta']
[11.229s] Level 1:colcon.colcon_core.package_identification:_identify(src/rplidar_ros2) by extension 'colcon_meta'
[11.229s] Level 1:colcon.colcon_core.package_identification:_identify(src/rplidar_ros2) by extensions ['ros']
[11.229s] Level 1:colcon.colcon_core.package_identification:_identify(src/rplidar_ros2) by extension 'ros'
[11.243s] DEBUG:colcon.colcon_core.package_identification:Package 'src/rplidar_ros2' with type 'ros.ament_cmake' and name 'rplidar_ros'
[11.243s] Level 1:colcon.colcon_core.package_identification:_identify(src/tf2_py) by extensions ['ignore', 'ignore_ament_install']
[11.244s] Level 1:colcon.colcon_core.package_identification:_identify(src/tf2_py) by extension 'ignore'
[11.244s] Level 1:colcon.colcon_core.package_identification:_identify(src/tf2_py) by extension 'ignore_ament_install'
[11.244s] Level 1:colcon.colcon_core.package_identification:_identify(src/tf2_py) by extensions ['colcon_pkg']
[11.244s] Level 1:colcon.colcon_core.package_identification:_identify(src/tf2_py) by extension 'colcon_pkg'
[11.244s] Level 1:colcon.colcon_core.package_identification:_identify(src/tf2_py) by extensions ['colcon_meta']
[11.244s] Level 1:colcon.colcon_core.package_identification:_identify(src/tf2_py) by extension 'colcon_meta'
[11.244s] Level 1:colcon.colcon_core.package_identification:_identify(src/tf2_py) by extensions ['ros']
[11.244s] Level 1:colcon.colcon_core.package_identification:_identify(src/tf2_py) by extension 'ros'
[11.268s] DEBUG:colcon.colcon_core.package_identification:Package 'src/tf2_py' with type 'ros.ament_python' and name 'tf2_py'
[11.268s] Level 1:colcon.colcon_core.package_discovery:discover_packages(recursive) using defaults
[11.268s] Level 1:colcon.colcon_core.package_discovery:discover_packages(ignore) discover
[11.268s] Level 1:colcon.colcon_core.package_discovery:discover_packages(ignore) using defaults
[11.268s] Level 1:colcon.colcon_core.package_discovery:discover_packages(path) discover
[11.268s] Level 1:colcon.colcon_core.package_discovery:discover_packages(path) using defaults
[11.609s] INFO:colcon.colcon_core.package_selection:Skipping not selected package 'fw_robot' in 'src/fw_robot'
[11.609s] INFO:colcon.colcon_core.package_selection:Skipping not selected package 'hector_imu_attitude_to_tf' in 'src/hector_slam/hector_imu_attitude_to_tf'
[11.609s] INFO:colcon.colcon_core.package_selection:Skipping not selected package 'hector_imu_tools' in 'src/hector_slam/hector_imu_tools'
[11.609s] INFO:colcon.colcon_core.package_selection:Skipping not selected package 'hector_map_tools' in 'src/hector_slam/hector_map_tools'
[11.609s] INFO:colcon.colcon_core.package_selection:Skipping not selected package 'hector_mapping' in 'src/hector_slam/hector_mapping'
[11.609s] INFO:colcon.colcon_core.package_selection:Skipping not selected package 'hector_marker_drawing' in 'src/hector_slam/hector_marker_drawing'
[11.609s] INFO:colcon.colcon_core.package_selection:Skipping not selected package 'hector_nav_msgs' in 'src/hector_slam/hector_nav_msgs'
[11.609s] INFO:colcon.colcon_core.package_selection:Skipping not selected package 'my_package' in 'src/my_package'
[11.609s] INFO:colcon.colcon_core.package_selection:Skipping not selected package 'rplidar_ros' in 'src/rplidar_ros2'
[11.609s] INFO:colcon.colcon_core.package_selection:Skipping not selected package 'tf2_py' in 'src/tf2_py'
[11.609s] INFO:colcon.colcon_core.package_selection:Skipping not selected package 'hector_compressed_map_transport' in 'src/hector_slam/hector_compressed_map_transport'
[11.609s] INFO:colcon.colcon_core.package_selection:Skipping not selected package 'hector_geotiff' in 'src/hector_slam/hector_geotiff'
[11.609s] INFO:colcon.colcon_core.package_selection:Skipping not selected package 'hector_map_server' in 'src/hector_slam/hector_map_server'
[11.609s] INFO:colcon.colcon_core.package_selection:Skipping not selected package 'hector_trajectory_server' in 'src/hector_slam/hector_trajectory_server'
[11.609s] INFO:colcon.colcon_core.package_selection:Skipping not selected package 'hector_geotiff_plugins' in 'src/hector_slam/hector_geotiff_plugins'
[11.609s] INFO:colcon.colcon_core.package_selection:Skipping not selected package 'hector_geotiff_launch' in 'src/hector_slam/hector_geotiff_launch'
[11.609s] INFO:colcon.colcon_core.package_selection:Skipping not selected package 'hector_slam_launch' in 'src/hector_slam/hector_slam_launch'
[11.609s] INFO:colcon.colcon_core.package_selection:Skipping not selected package 'hector_slam' in 'src/hector_slam/hector_slam'
[11.630s] Level 1:colcon.colcon_core.package_discovery:discover_packages(prefix_path) check parameters
[11.630s] Level 1:colcon.colcon_core.package_discovery:discover_packages(prefix_path) discover
[11.663s] DEBUG:colcon.colcon_installed_package_information.package_discovery:Found 8 installed packages in /home/remon/ros2_ws/install
[11.674s] DEBUG:colcon.colcon_installed_package_information.package_discovery:Found 386 installed packages in /opt/ros/humble
[11.676s] Level 1:colcon.colcon_core.package_discovery:discover_packages(prefix_path) using defaults
[11.950s] Level 5:colcon.colcon_core.verb:set package 'my_bot' build argument 'cmake_args' from command line to 'None'
[11.950s] Level 5:colcon.colcon_core.verb:set package 'my_bot' build argument 'cmake_target' from command line to 'None'
[11.950s] Level 5:colcon.colcon_core.verb:set package 'my_bot' build argument 'cmake_target_skip_unavailable' from command line to 'False'
[11.950s] Level 5:colcon.colcon_core.verb:set package 'my_bot' build argument 'cmake_clean_cache' from command line to 'False'
[11.950s] Level 5:colcon.colcon_core.verb:set package 'my_bot' build argument 'cmake_clean_first' from command line to 'False'
[11.950s] Level 5:colcon.colcon_core.verb:set package 'my_bot' build argument 'cmake_force_configure' from command line to 'False'
[11.950s] Level 5:colcon.colcon_core.verb:set package 'my_bot' build argument 'ament_cmake_args' from command line to 'None'
[11.950s] Level 5:colcon.colcon_core.verb:set package 'my_bot' build argument 'catkin_cmake_args' from command line to 'None'
[11.950s] Level 5:colcon.colcon_core.verb:set package 'my_bot' build argument 'catkin_skip_building_tests' from command line to 'False'
[11.950s] DEBUG:colcon.colcon_core.verb:Building package 'my_bot' with the following arguments: {'ament_cmake_args': None, 'build_base': '/home/remon/ros2_ws/build/my_bot', 'catkin_cmake_args': None, 'catkin_skip_building_tests': False, 'cmake_args': None, 'cmake_clean_cache': False, 'cmake_clean_first': False, 'cmake_force_configure': False, 'cmake_target': None, 'cmake_target_skip_unavailable': False, 'install_base': '/home/remon/ros2_ws/install/my_bot', 'merge_install': False, 'path': '/home/remon/ros2_ws/src/my_bot', 'symlink_install': True, 'test_result_base': None}
[11.961s] INFO:colcon.colcon_core.executor:Executing jobs using 'parallel' executor
[11.973s] DEBUG:colcon.colcon_parallel_executor.executor.parallel:run_until_complete
[11.973s] INFO:colcon.colcon_ros.task.ament_cmake.build:Building ROS package in '/home/remon/ros2_ws/src/my_bot' with build type 'ament_cmake'
[11.973s] INFO:colcon.colcon_cmake.task.cmake.build:Building CMake package in '/home/remon/ros2_ws/src/my_bot'
[12.018s] INFO:colcon.colcon_core.plugin_system:Skipping extension 'colcon_core.shell.bat': Not used on non-Windows systems
[12.018s] INFO:colcon.colcon_core.shell:Skip shell extension 'powershell' for command environment: Not usable outside of PowerShell
[12.018s] DEBUG:colcon.colcon_core.shell:Skip shell extension 'dsv' for command environment
[12.140s] DEBUG:colcon.colcon_core.event_handler.log_command:Invoking command in '/home/remon/ros2_ws/build/my_bot': CMAKE_PREFIX_PATH=${CMAKE_PREFIX_PATH}:/home/remon/ros2_ws/install/my_py_pkg:/opt/ros/humble /usr/bin/cmake --build /home/remon/ros2_ws/build/my_bot -- -j8 -l8
[14.382s] DEBUG:colcon.colcon_core.event_handler.log_command:Invoked command in '/home/remon/ros2_ws/build/my_bot' returned '0': CMAKE_PREFIX_PATH=${CMAKE_PREFIX_PATH}:/home/remon/ros2_ws/install/my_py_pkg:/opt/ros/humble /usr/bin/cmake --build /home/remon/ros2_ws/build/my_bot -- -j8 -l8
[14.418s] DEBUG:colcon.colcon_core.event_handler.log_command:Invoking command in '/home/remon/ros2_ws/build/my_bot': CMAKE_PREFIX_PATH=${CMAKE_PREFIX_PATH}:/home/remon/ros2_ws/install/my_py_pkg:/opt/ros/humble /usr/bin/cmake --install /home/remon/ros2_ws/build/my_bot
[14.578s] Level 1:colcon.colcon_core.environment:create_environment_scripts_only(my_bot)
[14.579s] DEBUG:colcon.colcon_core.event_handler.log_command:Invoked command in '/home/remon/ros2_ws/build/my_bot' returned '0': CMAKE_PREFIX_PATH=${CMAKE_PREFIX_PATH}:/home/remon/ros2_ws/install/my_py_pkg:/opt/ros/humble /usr/bin/cmake --install /home/remon/ros2_ws/build/my_bot
[14.748s] Level 1:colcon.colcon_core.environment:checking '/home/remon/ros2_ws/install/my_bot' for CMake module files
[14.749s] Level 1:colcon.colcon_core.environment:checking '/home/remon/ros2_ws/install/my_bot' for CMake config files
[14.749s] Level 1:colcon.colcon_core.shell:create_environment_hook('my_bot', 'cmake_prefix_path')
[14.769s] INFO:colcon.colcon_core.shell:Creating environment hook '/home/remon/ros2_ws/install/my_bot/share/my_bot/hook/cmake_prefix_path.ps1'
[14.799s] INFO:colcon.colcon_core.shell:Creating environment descriptor '/home/remon/ros2_ws/install/my_bot/share/my_bot/hook/cmake_prefix_path.dsv'
[14.816s] INFO:colcon.colcon_core.shell:Creating environment hook '/home/remon/ros2_ws/install/my_bot/share/my_bot/hook/cmake_prefix_path.sh'
[14.818s] Level 1:colcon.colcon_core.environment:checking '/home/remon/ros2_ws/install/my_bot/bin'
[14.818s] Level 1:colcon.colcon_core.environment:checking '/home/remon/ros2_ws/install/my_bot/lib/pkgconfig/my_bot.pc'
[14.818s] Level 1:colcon.colcon_core.environment:checking '/home/remon/ros2_ws/install/my_bot/lib/python3.10/site-packages'
[14.819s] Level 1:colcon.colcon_core.environment:checking '/home/remon/ros2_ws/install/my_bot/bin'
[14.838s] INFO:colcon.colcon_core.shell:Creating package script '/home/remon/ros2_ws/install/my_bot/share/my_bot/package.ps1'
[14.839s] INFO:colcon.colcon_core.shell:Creating package descriptor '/home/remon/ros2_ws/install/my_bot/share/my_bot/package.dsv'
[14.840s] INFO:colcon.colcon_core.shell:Creating package script '/home/remon/ros2_ws/install/my_bot/share/my_bot/package.sh'
[14.840s] INFO:colcon.colcon_core.shell:Creating package script '/home/remon/ros2_ws/install/my_bot/share/my_bot/package.bash'
[14.885s] INFO:colcon.colcon_core.shell:Creating package script '/home/remon/ros2_ws/install/my_bot/share/my_bot/package.zsh'
[14.924s] Level 1:colcon.colcon_core.environment:create_file_with_runtime_dependencies(/home/remon/ros2_ws/install/my_bot/share/colcon-core/packages/my_bot)
[14.976s] Level 1:colcon.colcon_core.environment:create_environment_scripts_only(my_bot)
[14.988s] Level 1:colcon.colcon_core.environment:checking '/home/remon/ros2_ws/install/my_bot' for CMake module files
[14.988s] Level 1:colcon.colcon_core.environment:checking '/home/remon/ros2_ws/install/my_bot' for CMake config files
[14.988s] Level 1:colcon.colcon_core.shell:create_environment_hook('my_bot', 'cmake_prefix_path')
[14.999s] INFO:colcon.colcon_core.shell:Creating environment hook '/home/remon/ros2_ws/install/my_bot/share/my_bot/hook/cmake_prefix_path.ps1'
[15.000s] INFO:colcon.colcon_core.shell:Creating environment descriptor '/home/remon/ros2_ws/install/my_bot/share/my_bot/hook/cmake_prefix_path.dsv'
[15.000s] INFO:colcon.colcon_core.shell:Creating environment hook '/home/remon/ros2_ws/install/my_bot/share/my_bot/hook/cmake_prefix_path.sh'
[15.001s] Level 1:colcon.colcon_core.environment:checking '/home/remon/ros2_ws/install/my_bot/bin'
[15.001s] Level 1:colcon.colcon_core.environment:checking '/home/remon/ros2_ws/install/my_bot/lib/pkgconfig/my_bot.pc'
[15.001s] Level 1:colcon.colcon_core.environment:checking '/home/remon/ros2_ws/install/my_bot/lib/python3.10/site-packages'
[15.001s] Level 1:colcon.colcon_core.environment:checking '/home/remon/ros2_ws/install/my_bot/bin'
[15.012s] INFO:colcon.colcon_core.shell:Creating package script '/home/remon/ros2_ws/install/my_bot/share/my_bot/package.ps1'
[15.013s] INFO:colcon.colcon_core.shell:Creating package descriptor '/home/remon/ros2_ws/install/my_bot/share/my_bot/package.dsv'
[15.013s] INFO:colcon.colcon_core.shell:Creating package script '/home/remon/ros2_ws/install/my_bot/share/my_bot/package.sh'
[15.014s] INFO:colcon.colcon_core.shell:Creating package script '/home/remon/ros2_ws/install/my_bot/share/my_bot/package.bash'
[15.014s] INFO:colcon.colcon_core.shell:Creating package script '/home/remon/ros2_ws/install/my_bot/share/my_bot/package.zsh'
[15.014s] Level 1:colcon.colcon_core.environment:create_file_with_runtime_dependencies(/home/remon/ros2_ws/install/my_bot/share/colcon-core/packages/my_bot)
[15.015s] DEBUG:colcon.colcon_parallel_executor.executor.parallel:closing loop
[15.015s] DEBUG:colcon.colcon_parallel_executor.executor.parallel:loop closed
[15.015s] DEBUG:colcon.colcon_parallel_executor.executor.parallel:run_until_complete finished with '0'
[15.015s] DEBUG:colcon.colcon_core.event_reactor:joining thread
[15.056s] INFO:colcon.colcon_core.plugin_system:Skipping extension 'colcon_notification.desktop_notification.terminal_notifier': Not used on non-Darwin systems
[15.056s] INFO:colcon.colcon_core.plugin_system:Skipping extension 'colcon_notification.desktop_notification.win32': Not used on non-Windows systems
[15.056s] INFO:colcon.colcon_notification.desktop_notification:Sending desktop notification using 'notify2'
[15.076s] DEBUG:colcon.colcon_core.event_reactor:joined thread
[15.095s] INFO:colcon.colcon_core.shell:Creating prefix script '/home/remon/ros2_ws/install/local_setup.ps1'
[15.097s] INFO:colcon.colcon_core.shell:Creating prefix util module '/home/remon/ros2_ws/install/_local_setup_util_ps1.py'
[15.099s] INFO:colcon.colcon_core.shell:Creating prefix chain script '/home/remon/ros2_ws/install/setup.ps1'
[15.113s] INFO:colcon.colcon_core.shell:Creating prefix script '/home/remon/ros2_ws/install/local_setup.sh'
[15.114s] INFO:colcon.colcon_core.shell:Creating prefix util module '/home/remon/ros2_ws/install/_local_setup_util_sh.py'
[15.114s] INFO:colcon.colcon_core.shell:Creating prefix chain script '/home/remon/ros2_ws/install/setup.sh'
[15.128s] INFO:colcon.colcon_core.shell:Creating prefix script '/home/remon/ros2_ws/install/local_setup.bash'
[15.128s] INFO:colcon.colcon_core.shell:Creating prefix chain script '/home/remon/ros2_ws/install/setup.bash'
[15.142s] INFO:colcon.colcon_core.shell:Creating prefix script '/home/remon/ros2_ws/install/local_setup.zsh'
[15.143s] INFO:colcon.colcon_core.shell:Creating prefix chain script '/home/remon/ros2_ws/install/setup.zsh'
