[0.053s] Invoking command in '/home/remon/ros2_ws/build/slam_toolbox': CMAKE_PREFIX_PATH=${CMAKE_PREFIX_PATH}:/home/remon/ros2_ws/install/my_py_pkg:/opt/ros/humble /usr/bin/cmake --build /home/remon/ros2_ws/build/slam_toolbox -- -j8 -l8
[0.099s] [  1%] Built target slam_toolbox__cpp
[0.102s] [ 10%] Built target slam_toolbox__rosidl_generator_c
[0.109s] [ 10%] Built target ament_cmake_python_copy_slam_toolbox
[0.122s] [ 12%] Built target kartoSlamToolbox
[0.133s] [ 20%] Built target slam_toolbox__rosidl_typesupport_c
[0.136s] [ 28%] Built target slam_toolbox__rosidl_typesupport_cpp
[0.137s] [ 36%] Built target slam_toolbox__rosidl_typesupport_introspection_cpp
[0.138s] [ 44%] Built target slam_toolbox__rosidl_typesupport_introspection_c
[0.138s] [ 53%] Built target slam_toolbox__rosidl_typesupport_fastrtps_c
[0.141s] [ 62%] Built target slam_toolbox__rosidl_typesupport_fastrtps_cpp
[0.161s] [ 62%] Built target slam_toolbox
[0.169s] [ 64%] Built target SlamToolboxPlugin
[0.177s] [ 66%] Built target ceres_solver_plugin
[0.182s] [ 66%] Built target slam_toolbox__py
[0.188s] [ 71%] Built target toolbox_common
[0.210s] [ 79%] Built target slam_toolbox__rosidl_generator_py
[0.235s] [ 81%] Built target sync_slam_toolbox
[0.237s] [ 83%] Built target merge_maps_kinematic
[0.239s] [ 87%] Built target localization_slam_toolbox
[0.239s] [ 87%] Built target async_slam_toolbox
[0.239s] [ 87%] Built target lifelong_slam_toolbox
[0.242s] [ 88%] Built target slam_toolbox__rosidl_typesupport_fastrtps_c__pyext
[0.242s] [ 90%] Built target slam_toolbox__rosidl_typesupport_introspection_c__pyext
[0.262s] [ 92%] Built target slam_toolbox__rosidl_typesupport_c__pyext
[0.279s] [ 93%] Built target async_slam_toolbox_node
[0.280s] [ 94%] Built target sync_slam_toolbox_node
[0.280s] [ 96%] Built target lifelong_slam_toolbox_node
[0.285s] [ 98%] Built target localization_slam_toolbox_node
[0.286s] [ 99%] Built target map_and_localization_slam_toolbox
[0.318s] [100%] Built target map_and_localization_slam_toolbox_node
[0.384s] running egg_info
[0.385s] writing slam_toolbox.egg-info/PKG-INFO
[0.385s] writing dependency_links to slam_toolbox.egg-info/dependency_links.txt
[0.385s] writing top-level names to slam_toolbox.egg-info/top_level.txt
[0.387s] reading manifest file 'slam_toolbox.egg-info/SOURCES.txt'
[0.388s] writing manifest file 'slam_toolbox.egg-info/SOURCES.txt'
[0.411s] [100%] Built target ament_cmake_python_build_slam_toolbox_egg
[0.421s] Invoked command in '/home/remon/ros2_ws/build/slam_toolbox' returned '0': CMAKE_PREFIX_PATH=${CMAKE_PREFIX_PATH}:/home/remon/ros2_ws/install/my_py_pkg:/opt/ros/humble /usr/bin/cmake --build /home/remon/ros2_ws/build/slam_toolbox -- -j8 -l8
[0.793s] Invoking command in '/home/remon/ros2_ws/build/slam_toolbox': CMAKE_PREFIX_PATH=${CMAKE_PREFIX_PATH}:/home/remon/ros2_ws/install/my_py_pkg:/opt/ros/humble /usr/bin/cmake --install /home/remon/ros2_ws/build/slam_toolbox
[0.800s] -- Install configuration: "Release"
[0.801s] -- Up-to-date: /home/remon/ros2_ws/install/slam_toolbox/share/ament_index/resource_index/rosidl_interfaces/slam_toolbox
[0.801s] -- Up-to-date: /home/remon/ros2_ws/install/slam_toolbox/include/slam_toolbox/slam_toolbox
[0.801s] -- Up-to-date: /home/remon/ros2_ws/install/slam_toolbox/include/slam_toolbox/slam_toolbox/srv
[0.801s] -- Up-to-date: /home/remon/ros2_ws/install/slam_toolbox/include/slam_toolbox/slam_toolbox/srv/merge_maps.h
[0.801s] -- Up-to-date: /home/remon/ros2_ws/install/slam_toolbox/include/slam_toolbox/slam_toolbox/srv/toggle_interactive.h
[0.801s] -- Up-to-date: /home/remon/ros2_ws/install/slam_toolbox/include/slam_toolbox/slam_toolbox/srv/detail
[0.801s] -- Up-to-date: /home/remon/ros2_ws/install/slam_toolbox/include/slam_toolbox/slam_toolbox/srv/detail/pause__struct.h
[0.802s] -- Up-to-date: /home/remon/ros2_ws/install/slam_toolbox/include/slam_toolbox/slam_toolbox/srv/detail/clear__struct.h
[0.802s] -- Up-to-date: /home/remon/ros2_ws/install/slam_toolbox/include/slam_toolbox/slam_toolbox/srv/detail/save_map__struct.h
[0.802s] -- Up-to-date: /home/remon/ros2_ws/install/slam_toolbox/include/slam_toolbox/slam_toolbox/srv/detail/toggle_interactive__type_support.h
[0.802s] -- Up-to-date: /home/remon/ros2_ws/install/slam_toolbox/include/slam_toolbox/slam_toolbox/srv/detail/deserialize_pose_graph__struct.h
[0.802s] -- Up-to-date: /home/remon/ros2_ws/install/slam_toolbox/include/slam_toolbox/slam_toolbox/srv/detail/clear__functions.h
[0.802s] -- Up-to-date: /home/remon/ros2_ws/install/slam_toolbox/include/slam_toolbox/slam_toolbox/srv/detail/loop_closure__type_support.h
[0.803s] -- Up-to-date: /home/remon/ros2_ws/install/slam_toolbox/include/slam_toolbox/slam_toolbox/srv/detail/toggle_interactive__struct.h
[0.803s] -- Up-to-date: /home/remon/ros2_ws/install/slam_toolbox/include/slam_toolbox/slam_toolbox/srv/detail/toggle_interactive__functions.h
[0.803s] -- Up-to-date: /home/remon/ros2_ws/install/slam_toolbox/include/slam_toolbox/slam_toolbox/srv/detail/serialize_pose_graph__functions.c
[0.803s] -- Up-to-date: /home/remon/ros2_ws/install/slam_toolbox/include/slam_toolbox/slam_toolbox/srv/detail/loop_closure__functions.h
[0.803s] -- Up-to-date: /home/remon/ros2_ws/install/slam_toolbox/include/slam_toolbox/slam_toolbox/srv/detail/save_map__type_support.h
[0.803s] -- Up-to-date: /home/remon/ros2_ws/install/slam_toolbox/include/slam_toolbox/slam_toolbox/srv/detail/loop_closure__functions.c
[0.804s] -- Up-to-date: /home/remon/ros2_ws/install/slam_toolbox/include/slam_toolbox/slam_toolbox/srv/detail/deserialize_pose_graph__functions.c
[0.804s] -- Up-to-date: /home/remon/ros2_ws/install/slam_toolbox/include/slam_toolbox/slam_toolbox/srv/detail/loop_closure__struct.h
[0.804s] -- Up-to-date: /home/remon/ros2_ws/install/slam_toolbox/include/slam_toolbox/slam_toolbox/srv/detail/deserialize_pose_graph__type_support.h
[0.804s] -- Up-to-date: /home/remon/ros2_ws/install/slam_toolbox/include/slam_toolbox/slam_toolbox/srv/detail/serialize_pose_graph__struct.h
[0.804s] -- Up-to-date: /home/remon/ros2_ws/install/slam_toolbox/include/slam_toolbox/slam_toolbox/srv/detail/add_submap__functions.c
[0.804s] -- Up-to-date: /home/remon/ros2_ws/install/slam_toolbox/include/slam_toolbox/slam_toolbox/srv/detail/clear__type_support.h
[0.804s] -- Up-to-date: /home/remon/ros2_ws/install/slam_toolbox/include/slam_toolbox/slam_toolbox/srv/detail/toggle_interactive__functions.c
[0.804s] -- Up-to-date: /home/remon/ros2_ws/install/slam_toolbox/include/slam_toolbox/slam_toolbox/srv/detail/add_submap__functions.h
[0.805s] -- Up-to-date: /home/remon/ros2_ws/install/slam_toolbox/include/slam_toolbox/slam_toolbox/srv/detail/deserialize_pose_graph__functions.h
[0.805s] -- Up-to-date: /home/remon/ros2_ws/install/slam_toolbox/include/slam_toolbox/slam_toolbox/srv/detail/merge_maps__struct.h
[0.805s] -- Up-to-date: /home/remon/ros2_ws/install/slam_toolbox/include/slam_toolbox/slam_toolbox/srv/detail/clear_queue__functions.c
[0.805s] -- Up-to-date: /home/remon/ros2_ws/install/slam_toolbox/include/slam_toolbox/slam_toolbox/srv/detail/save_map__functions.h
[0.805s] -- Up-to-date: /home/remon/ros2_ws/install/slam_toolbox/include/slam_toolbox/slam_toolbox/srv/detail/clear_queue__functions.h
[0.805s] -- Up-to-date: /home/remon/ros2_ws/install/slam_toolbox/include/slam_toolbox/slam_toolbox/srv/detail/clear__functions.c
[0.805s] -- Up-to-date: /home/remon/ros2_ws/install/slam_toolbox/include/slam_toolbox/slam_toolbox/srv/detail/clear_queue__type_support.h
[0.805s] -- Up-to-date: /home/remon/ros2_ws/install/slam_toolbox/include/slam_toolbox/slam_toolbox/srv/detail/clear_queue__struct.h
[0.806s] -- Up-to-date: /home/remon/ros2_ws/install/slam_toolbox/include/slam_toolbox/slam_toolbox/srv/detail/pause__type_support.h
[0.806s] -- Up-to-date: /home/remon/ros2_ws/install/slam_toolbox/include/slam_toolbox/slam_toolbox/srv/detail/pause__functions.c
[0.806s] -- Up-to-date: /home/remon/ros2_ws/install/slam_toolbox/include/slam_toolbox/slam_toolbox/srv/detail/serialize_pose_graph__functions.h
[0.806s] -- Up-to-date: /home/remon/ros2_ws/install/slam_toolbox/include/slam_toolbox/slam_toolbox/srv/detail/serialize_pose_graph__type_support.h
[0.806s] -- Up-to-date: /home/remon/ros2_ws/install/slam_toolbox/include/slam_toolbox/slam_toolbox/srv/detail/add_submap__struct.h
[0.806s] -- Up-to-date: /home/remon/ros2_ws/install/slam_toolbox/include/slam_toolbox/slam_toolbox/srv/detail/pause__functions.h
[0.806s] -- Up-to-date: /home/remon/ros2_ws/install/slam_toolbox/include/slam_toolbox/slam_toolbox/srv/detail/add_submap__type_support.h
[0.806s] -- Up-to-date: /home/remon/ros2_ws/install/slam_toolbox/include/slam_toolbox/slam_toolbox/srv/detail/merge_maps__functions.c
[0.806s] -- Up-to-date: /home/remon/ros2_ws/install/slam_toolbox/include/slam_toolbox/slam_toolbox/srv/detail/save_map__functions.c
[0.806s] -- Up-to-date: /home/remon/ros2_ws/install/slam_toolbox/include/slam_toolbox/slam_toolbox/srv/detail/merge_maps__functions.h
[0.806s] -- Up-to-date: /home/remon/ros2_ws/install/slam_toolbox/include/slam_toolbox/slam_toolbox/srv/detail/merge_maps__type_support.h
[0.806s] -- Up-to-date: /home/remon/ros2_ws/install/slam_toolbox/include/slam_toolbox/slam_toolbox/srv/save_map.h
[0.807s] -- Up-to-date: /home/remon/ros2_ws/install/slam_toolbox/include/slam_toolbox/slam_toolbox/srv/clear_queue.h
[0.807s] -- Up-to-date: /home/remon/ros2_ws/install/slam_toolbox/include/slam_toolbox/slam_toolbox/srv/pause.h
[0.807s] -- Up-to-date: /home/remon/ros2_ws/install/slam_toolbox/include/slam_toolbox/slam_toolbox/srv/add_submap.h
[0.807s] -- Up-to-date: /home/remon/ros2_ws/install/slam_toolbox/include/slam_toolbox/slam_toolbox/srv/loop_closure.h
[0.807s] -- Up-to-date: /home/remon/ros2_ws/install/slam_toolbox/include/slam_toolbox/slam_toolbox/srv/serialize_pose_graph.h
[0.807s] -- Up-to-date: /home/remon/ros2_ws/install/slam_toolbox/include/slam_toolbox/slam_toolbox/srv/clear.h
[0.807s] -- Up-to-date: /home/remon/ros2_ws/install/slam_toolbox/include/slam_toolbox/slam_toolbox/srv/deserialize_pose_graph.h
[0.807s] -- Up-to-date: /home/remon/ros2_ws/install/slam_toolbox/include/slam_toolbox/slam_toolbox/msg
[0.807s] -- Up-to-date: /home/remon/ros2_ws/install/slam_toolbox/include/slam_toolbox/slam_toolbox/msg/rosidl_generator_c__visibility_control.h
[0.807s] -- Up-to-date: /home/remon/ros2_ws/install/slam_toolbox/share/slam_toolbox/environment/library_path.sh
[0.807s] -- Up-to-date: /home/remon/ros2_ws/install/slam_toolbox/share/slam_toolbox/environment/library_path.dsv
[0.807s] -- Up-to-date: /home/remon/ros2_ws/install/slam_toolbox/lib/libslam_toolbox__rosidl_generator_c.so
[0.807s] -- Up-to-date: /home/remon/ros2_ws/install/slam_toolbox/include/slam_toolbox/slam_toolbox
[0.808s] -- Up-to-date: /home/remon/ros2_ws/install/slam_toolbox/include/slam_toolbox/slam_toolbox/srv
[0.808s] -- Up-to-date: /home/remon/ros2_ws/install/slam_toolbox/include/slam_toolbox/slam_toolbox/srv/detail
[0.808s] -- Up-to-date: /home/remon/ros2_ws/install/slam_toolbox/include/slam_toolbox/slam_toolbox/srv/detail/toggle_interactive__rosidl_typesupport_fastrtps_c.h
[0.808s] -- Up-to-date: /home/remon/ros2_ws/install/slam_toolbox/include/slam_toolbox/slam_toolbox/srv/detail/add_submap__rosidl_typesupport_fastrtps_c.h
[0.808s] -- Up-to-date: /home/remon/ros2_ws/install/slam_toolbox/include/slam_toolbox/slam_toolbox/srv/detail/merge_maps__rosidl_typesupport_fastrtps_c.h
[0.808s] -- Up-to-date: /home/remon/ros2_ws/install/slam_toolbox/include/slam_toolbox/slam_toolbox/srv/detail/clear_queue__rosidl_typesupport_fastrtps_c.h
[0.808s] -- Up-to-date: /home/remon/ros2_ws/install/slam_toolbox/include/slam_toolbox/slam_toolbox/srv/detail/serialize_pose_graph__rosidl_typesupport_fastrtps_c.h
[0.808s] -- Up-to-date: /home/remon/ros2_ws/install/slam_toolbox/include/slam_toolbox/slam_toolbox/srv/detail/clear__rosidl_typesupport_fastrtps_c.h
[0.808s] -- Up-to-date: /home/remon/ros2_ws/install/slam_toolbox/include/slam_toolbox/slam_toolbox/srv/detail/pause__rosidl_typesupport_fastrtps_c.h
[0.808s] -- Up-to-date: /home/remon/ros2_ws/install/slam_toolbox/include/slam_toolbox/slam_toolbox/srv/detail/deserialize_pose_graph__rosidl_typesupport_fastrtps_c.h
[0.808s] -- Up-to-date: /home/remon/ros2_ws/install/slam_toolbox/include/slam_toolbox/slam_toolbox/srv/detail/loop_closure__rosidl_typesupport_fastrtps_c.h
[0.808s] -- Up-to-date: /home/remon/ros2_ws/install/slam_toolbox/include/slam_toolbox/slam_toolbox/srv/detail/save_map__rosidl_typesupport_fastrtps_c.h
[0.809s] -- Up-to-date: /home/remon/ros2_ws/install/slam_toolbox/include/slam_toolbox/slam_toolbox/msg
[0.809s] -- Up-to-date: /home/remon/ros2_ws/install/slam_toolbox/include/slam_toolbox/slam_toolbox/msg/rosidl_typesupport_fastrtps_c__visibility_control.h
[0.809s] -- Up-to-date: /home/remon/ros2_ws/install/slam_toolbox/lib/libslam_toolbox__rosidl_typesupport_fastrtps_c.so
[0.809s] -- Up-to-date: /home/remon/ros2_ws/install/slam_toolbox/include/slam_toolbox/slam_toolbox
[0.809s] -- Up-to-date: /home/remon/ros2_ws/install/slam_toolbox/include/slam_toolbox/slam_toolbox/srv
[0.809s] -- Up-to-date: /home/remon/ros2_ws/install/slam_toolbox/include/slam_toolbox/slam_toolbox/srv/add_submap.hpp
[0.809s] -- Up-to-date: /home/remon/ros2_ws/install/slam_toolbox/include/slam_toolbox/slam_toolbox/srv/clear.hpp
[0.809s] -- Up-to-date: /home/remon/ros2_ws/install/slam_toolbox/include/slam_toolbox/slam_toolbox/srv/loop_closure.hpp
[0.809s] -- Up-to-date: /home/remon/ros2_ws/install/slam_toolbox/include/slam_toolbox/slam_toolbox/srv/pause.hpp
[0.809s] -- Up-to-date: /home/remon/ros2_ws/install/slam_toolbox/include/slam_toolbox/slam_toolbox/srv/merge_maps.hpp
[0.809s] -- Up-to-date: /home/remon/ros2_ws/install/slam_toolbox/include/slam_toolbox/slam_toolbox/srv/detail
[0.809s] -- Up-to-date: /home/remon/ros2_ws/install/slam_toolbox/include/slam_toolbox/slam_toolbox/srv/detail/loop_closure__builder.hpp
[0.809s] -- Up-to-date: /home/remon/ros2_ws/install/slam_toolbox/include/slam_toolbox/slam_toolbox/srv/detail/toggle_interactive__traits.hpp
[0.809s] -- Up-to-date: /home/remon/ros2_ws/install/slam_toolbox/include/slam_toolbox/slam_toolbox/srv/detail/clear_queue__traits.hpp
[0.810s] -- Up-to-date: /home/remon/ros2_ws/install/slam_toolbox/include/slam_toolbox/slam_toolbox/srv/detail/add_submap__struct.hpp
[0.810s] -- Up-to-date: /home/remon/ros2_ws/install/slam_toolbox/include/slam_toolbox/slam_toolbox/srv/detail/add_submap__builder.hpp
[0.810s] -- Up-to-date: /home/remon/ros2_ws/install/slam_toolbox/include/slam_toolbox/slam_toolbox/srv/detail/clear__traits.hpp
[0.810s] -- Up-to-date: /home/remon/ros2_ws/install/slam_toolbox/include/slam_toolbox/slam_toolbox/srv/detail/pause__builder.hpp
[0.810s] -- Up-to-date: /home/remon/ros2_ws/install/slam_toolbox/include/slam_toolbox/slam_toolbox/srv/detail/toggle_interactive__struct.hpp
[0.810s] -- Up-to-date: /home/remon/ros2_ws/install/slam_toolbox/include/slam_toolbox/slam_toolbox/srv/detail/deserialize_pose_graph__builder.hpp
[0.810s] -- Up-to-date: /home/remon/ros2_ws/install/slam_toolbox/include/slam_toolbox/slam_toolbox/srv/detail/merge_maps__traits.hpp
[0.810s] -- Up-to-date: /home/remon/ros2_ws/install/slam_toolbox/include/slam_toolbox/slam_toolbox/srv/detail/pause__traits.hpp
[0.810s] -- Up-to-date: /home/remon/ros2_ws/install/slam_toolbox/include/slam_toolbox/slam_toolbox/srv/detail/toggle_interactive__builder.hpp
[0.810s] -- Up-to-date: /home/remon/ros2_ws/install/slam_toolbox/include/slam_toolbox/slam_toolbox/srv/detail/loop_closure__struct.hpp
[0.810s] -- Up-to-date: /home/remon/ros2_ws/install/slam_toolbox/include/slam_toolbox/slam_toolbox/srv/detail/save_map__struct.hpp
[0.810s] -- Up-to-date: /home/remon/ros2_ws/install/slam_toolbox/include/slam_toolbox/slam_toolbox/srv/detail/clear__builder.hpp
[0.810s] -- Up-to-date: /home/remon/ros2_ws/install/slam_toolbox/include/slam_toolbox/slam_toolbox/srv/detail/deserialize_pose_graph__traits.hpp
[0.811s] -- Up-to-date: /home/remon/ros2_ws/install/slam_toolbox/include/slam_toolbox/slam_toolbox/srv/detail/clear_queue__struct.hpp
[0.811s] -- Up-to-date: /home/remon/ros2_ws/install/slam_toolbox/include/slam_toolbox/slam_toolbox/srv/detail/serialize_pose_graph__traits.hpp
[0.811s] -- Up-to-date: /home/remon/ros2_ws/install/slam_toolbox/include/slam_toolbox/slam_toolbox/srv/detail/serialize_pose_graph__builder.hpp
[0.811s] -- Up-to-date: /home/remon/ros2_ws/install/slam_toolbox/include/slam_toolbox/slam_toolbox/srv/detail/deserialize_pose_graph__struct.hpp
[0.811s] -- Up-to-date: /home/remon/ros2_ws/install/slam_toolbox/include/slam_toolbox/slam_toolbox/srv/detail/add_submap__traits.hpp
[0.811s] -- Up-to-date: /home/remon/ros2_ws/install/slam_toolbox/include/slam_toolbox/slam_toolbox/srv/detail/pause__struct.hpp
[0.811s] -- Up-to-date: /home/remon/ros2_ws/install/slam_toolbox/include/slam_toolbox/slam_toolbox/srv/detail/clear_queue__builder.hpp
[0.811s] -- Up-to-date: /home/remon/ros2_ws/install/slam_toolbox/include/slam_toolbox/slam_toolbox/srv/detail/merge_maps__struct.hpp
[0.811s] -- Up-to-date: /home/remon/ros2_ws/install/slam_toolbox/include/slam_toolbox/slam_toolbox/srv/detail/merge_maps__builder.hpp
[0.811s] -- Up-to-date: /home/remon/ros2_ws/install/slam_toolbox/include/slam_toolbox/slam_toolbox/srv/detail/save_map__traits.hpp
[0.811s] -- Up-to-date: /home/remon/ros2_ws/install/slam_toolbox/include/slam_toolbox/slam_toolbox/srv/detail/loop_closure__traits.hpp
[0.811s] -- Up-to-date: /home/remon/ros2_ws/install/slam_toolbox/include/slam_toolbox/slam_toolbox/srv/detail/serialize_pose_graph__struct.hpp
[0.811s] -- Up-to-date: /home/remon/ros2_ws/install/slam_toolbox/include/slam_toolbox/slam_toolbox/srv/detail/save_map__builder.hpp
[0.812s] -- Up-to-date: /home/remon/ros2_ws/install/slam_toolbox/include/slam_toolbox/slam_toolbox/srv/detail/clear__struct.hpp
[0.812s] -- Up-to-date: /home/remon/ros2_ws/install/slam_toolbox/include/slam_toolbox/slam_toolbox/srv/clear_queue.hpp
[0.812s] -- Up-to-date: /home/remon/ros2_ws/install/slam_toolbox/include/slam_toolbox/slam_toolbox/srv/save_map.hpp
[0.812s] -- Up-to-date: /home/remon/ros2_ws/install/slam_toolbox/include/slam_toolbox/slam_toolbox/srv/serialize_pose_graph.hpp
[0.812s] -- Up-to-date: /home/remon/ros2_ws/install/slam_toolbox/include/slam_toolbox/slam_toolbox/srv/deserialize_pose_graph.hpp
[0.812s] -- Up-to-date: /home/remon/ros2_ws/install/slam_toolbox/include/slam_toolbox/slam_toolbox/srv/toggle_interactive.hpp
[0.812s] -- Up-to-date: /home/remon/ros2_ws/install/slam_toolbox/include/slam_toolbox/slam_toolbox
[0.812s] -- Up-to-date: /home/remon/ros2_ws/install/slam_toolbox/include/slam_toolbox/slam_toolbox/srv
[0.812s] -- Up-to-date: /home/remon/ros2_ws/install/slam_toolbox/include/slam_toolbox/slam_toolbox/srv/detail
[0.812s] -- Up-to-date: /home/remon/ros2_ws/install/slam_toolbox/include/slam_toolbox/slam_toolbox/srv/detail/dds_fastrtps
[0.812s] -- Up-to-date: /home/remon/ros2_ws/install/slam_toolbox/include/slam_toolbox/slam_toolbox/srv/detail/serialize_pose_graph__rosidl_typesupport_fastrtps_cpp.hpp
[0.812s] -- Up-to-date: /home/remon/ros2_ws/install/slam_toolbox/include/slam_toolbox/slam_toolbox/srv/detail/add_submap__rosidl_typesupport_fastrtps_cpp.hpp
[0.812s] -- Up-to-date: /home/remon/ros2_ws/install/slam_toolbox/include/slam_toolbox/slam_toolbox/srv/detail/deserialize_pose_graph__rosidl_typesupport_fastrtps_cpp.hpp
[0.813s] -- Up-to-date: /home/remon/ros2_ws/install/slam_toolbox/include/slam_toolbox/slam_toolbox/srv/detail/save_map__rosidl_typesupport_fastrtps_cpp.hpp
[0.813s] -- Up-to-date: /home/remon/ros2_ws/install/slam_toolbox/include/slam_toolbox/slam_toolbox/srv/detail/merge_maps__rosidl_typesupport_fastrtps_cpp.hpp
[0.813s] -- Up-to-date: /home/remon/ros2_ws/install/slam_toolbox/include/slam_toolbox/slam_toolbox/srv/detail/pause__rosidl_typesupport_fastrtps_cpp.hpp
[0.813s] -- Up-to-date: /home/remon/ros2_ws/install/slam_toolbox/include/slam_toolbox/slam_toolbox/srv/detail/clear_queue__rosidl_typesupport_fastrtps_cpp.hpp
[0.813s] -- Up-to-date: /home/remon/ros2_ws/install/slam_toolbox/include/slam_toolbox/slam_toolbox/srv/detail/loop_closure__rosidl_typesupport_fastrtps_cpp.hpp
[0.813s] -- Up-to-date: /home/remon/ros2_ws/install/slam_toolbox/include/slam_toolbox/slam_toolbox/srv/detail/toggle_interactive__rosidl_typesupport_fastrtps_cpp.hpp
[0.813s] -- Up-to-date: /home/remon/ros2_ws/install/slam_toolbox/include/slam_toolbox/slam_toolbox/srv/detail/clear__rosidl_typesupport_fastrtps_cpp.hpp
[0.813s] -- Up-to-date: /home/remon/ros2_ws/install/slam_toolbox/include/slam_toolbox/slam_toolbox/msg
[0.813s] -- Up-to-date: /home/remon/ros2_ws/install/slam_toolbox/include/slam_toolbox/slam_toolbox/msg/rosidl_typesupport_fastrtps_cpp__visibility_control.h
[0.813s] -- Up-to-date: /home/remon/ros2_ws/install/slam_toolbox/lib/libslam_toolbox__rosidl_typesupport_fastrtps_cpp.so
[0.813s] -- Up-to-date: /home/remon/ros2_ws/install/slam_toolbox/include/slam_toolbox/slam_toolbox
[0.813s] -- Up-to-date: /home/remon/ros2_ws/install/slam_toolbox/include/slam_toolbox/slam_toolbox/srv
[0.813s] -- Up-to-date: /home/remon/ros2_ws/install/slam_toolbox/include/slam_toolbox/slam_toolbox/srv/detail
[0.813s] -- Up-to-date: /home/remon/ros2_ws/install/slam_toolbox/include/slam_toolbox/slam_toolbox/srv/detail/add_submap__type_support.c
[0.814s] -- Up-to-date: /home/remon/ros2_ws/install/slam_toolbox/include/slam_toolbox/slam_toolbox/srv/detail/clear__type_support.c
[0.814s] -- Up-to-date: /home/remon/ros2_ws/install/slam_toolbox/include/slam_toolbox/slam_toolbox/srv/detail/toggle_interactive__rosidl_typesupport_introspection_c.h
[0.814s] -- Up-to-date: /home/remon/ros2_ws/install/slam_toolbox/include/slam_toolbox/slam_toolbox/srv/detail/pause__type_support.c
[0.814s] -- Up-to-date: /home/remon/ros2_ws/install/slam_toolbox/include/slam_toolbox/slam_toolbox/srv/detail/toggle_interactive__type_support.c
[0.814s] -- Up-to-date: /home/remon/ros2_ws/install/slam_toolbox/include/slam_toolbox/slam_toolbox/srv/detail/loop_closure__type_support.c
[0.814s] -- Up-to-date: /home/remon/ros2_ws/install/slam_toolbox/include/slam_toolbox/slam_toolbox/srv/detail/deserialize_pose_graph__rosidl_typesupport_introspection_c.h
[0.814s] -- Up-to-date: /home/remon/ros2_ws/install/slam_toolbox/include/slam_toolbox/slam_toolbox/srv/detail/clear_queue__rosidl_typesupport_introspection_c.h
[0.814s] -- Up-to-date: /home/remon/ros2_ws/install/slam_toolbox/include/slam_toolbox/slam_toolbox/srv/detail/clear_queue__type_support.c
[0.814s] -- Up-to-date: /home/remon/ros2_ws/install/slam_toolbox/include/slam_toolbox/slam_toolbox/srv/detail/serialize_pose_graph__rosidl_typesupport_introspection_c.h
[0.814s] -- Up-to-date: /home/remon/ros2_ws/install/slam_toolbox/include/slam_toolbox/slam_toolbox/srv/detail/merge_maps__rosidl_typesupport_introspection_c.h
[0.814s] -- Up-to-date: /home/remon/ros2_ws/install/slam_toolbox/include/slam_toolbox/slam_toolbox/srv/detail/add_submap__rosidl_typesupport_introspection_c.h
[0.814s] -- Up-to-date: /home/remon/ros2_ws/install/slam_toolbox/include/slam_toolbox/slam_toolbox/srv/detail/deserialize_pose_graph__type_support.c
[0.815s] -- Up-to-date: /home/remon/ros2_ws/install/slam_toolbox/include/slam_toolbox/slam_toolbox/srv/detail/loop_closure__rosidl_typesupport_introspection_c.h
[0.815s] -- Up-to-date: /home/remon/ros2_ws/install/slam_toolbox/include/slam_toolbox/slam_toolbox/srv/detail/merge_maps__type_support.c
[0.815s] -- Up-to-date: /home/remon/ros2_ws/install/slam_toolbox/include/slam_toolbox/slam_toolbox/srv/detail/save_map__rosidl_typesupport_introspection_c.h
[0.815s] -- Up-to-date: /home/remon/ros2_ws/install/slam_toolbox/include/slam_toolbox/slam_toolbox/srv/detail/save_map__type_support.c
[0.815s] -- Up-to-date: /home/remon/ros2_ws/install/slam_toolbox/include/slam_toolbox/slam_toolbox/srv/detail/clear__rosidl_typesupport_introspection_c.h
[0.815s] -- Up-to-date: /home/remon/ros2_ws/install/slam_toolbox/include/slam_toolbox/slam_toolbox/srv/detail/serialize_pose_graph__type_support.c
[0.815s] -- Up-to-date: /home/remon/ros2_ws/install/slam_toolbox/include/slam_toolbox/slam_toolbox/srv/detail/pause__rosidl_typesupport_introspection_c.h
[0.815s] -- Up-to-date: /home/remon/ros2_ws/install/slam_toolbox/include/slam_toolbox/slam_toolbox/msg
[0.815s] -- Up-to-date: /home/remon/ros2_ws/install/slam_toolbox/include/slam_toolbox/slam_toolbox/msg/rosidl_typesupport_introspection_c__visibility_control.h
[0.815s] -- Up-to-date: /home/remon/ros2_ws/install/slam_toolbox/lib/libslam_toolbox__rosidl_typesupport_introspection_c.so
[0.815s] -- Up-to-date: /home/remon/ros2_ws/install/slam_toolbox/lib/libslam_toolbox__rosidl_typesupport_c.so
[0.815s] -- Up-to-date: /home/remon/ros2_ws/install/slam_toolbox/include/slam_toolbox/slam_toolbox
[0.815s] -- Up-to-date: /home/remon/ros2_ws/install/slam_toolbox/include/slam_toolbox/slam_toolbox/srv
[0.815s] -- Up-to-date: /home/remon/ros2_ws/install/slam_toolbox/include/slam_toolbox/slam_toolbox/srv/detail
[0.815s] -- Up-to-date: /home/remon/ros2_ws/install/slam_toolbox/include/slam_toolbox/slam_toolbox/srv/detail/merge_maps__type_support.cpp
[0.816s] -- Up-to-date: /home/remon/ros2_ws/install/slam_toolbox/include/slam_toolbox/slam_toolbox/srv/detail/loop_closure__type_support.cpp
[0.816s] -- Up-to-date: /home/remon/ros2_ws/install/slam_toolbox/include/slam_toolbox/slam_toolbox/srv/detail/serialize_pose_graph__type_support.cpp
[0.816s] -- Up-to-date: /home/remon/ros2_ws/install/slam_toolbox/include/slam_toolbox/slam_toolbox/srv/detail/toggle_interactive__rosidl_typesupport_introspection_cpp.hpp
[0.816s] -- Up-to-date: /home/remon/ros2_ws/install/slam_toolbox/include/slam_toolbox/slam_toolbox/srv/detail/toggle_interactive__type_support.cpp
[0.816s] -- Up-to-date: /home/remon/ros2_ws/install/slam_toolbox/include/slam_toolbox/slam_toolbox/srv/detail/deserialize_pose_graph__rosidl_typesupport_introspection_cpp.hpp
[0.816s] -- Up-to-date: /home/remon/ros2_ws/install/slam_toolbox/include/slam_toolbox/slam_toolbox/srv/detail/pause__rosidl_typesupport_introspection_cpp.hpp
[0.816s] -- Up-to-date: /home/remon/ros2_ws/install/slam_toolbox/include/slam_toolbox/slam_toolbox/srv/detail/clear_queue__rosidl_typesupport_introspection_cpp.hpp
[0.816s] -- Up-to-date: /home/remon/ros2_ws/install/slam_toolbox/include/slam_toolbox/slam_toolbox/srv/detail/serialize_pose_graph__rosidl_typesupport_introspection_cpp.hpp
[0.816s] -- Up-to-date: /home/remon/ros2_ws/install/slam_toolbox/include/slam_toolbox/slam_toolbox/srv/detail/deserialize_pose_graph__type_support.cpp
[0.816s] -- Up-to-date: /home/remon/ros2_ws/install/slam_toolbox/include/slam_toolbox/slam_toolbox/srv/detail/add_submap__type_support.cpp
[0.816s] -- Up-to-date: /home/remon/ros2_ws/install/slam_toolbox/include/slam_toolbox/slam_toolbox/srv/detail/clear_queue__type_support.cpp
[0.816s] -- Up-to-date: /home/remon/ros2_ws/install/slam_toolbox/include/slam_toolbox/slam_toolbox/srv/detail/loop_closure__rosidl_typesupport_introspection_cpp.hpp
[0.816s] -- Up-to-date: /home/remon/ros2_ws/install/slam_toolbox/include/slam_toolbox/slam_toolbox/srv/detail/save_map__rosidl_typesupport_introspection_cpp.hpp
[0.817s] -- Up-to-date: /home/remon/ros2_ws/install/slam_toolbox/include/slam_toolbox/slam_toolbox/srv/detail/clear__type_support.cpp
[0.817s] -- Up-to-date: /home/remon/ros2_ws/install/slam_toolbox/include/slam_toolbox/slam_toolbox/srv/detail/pause__type_support.cpp
[0.817s] -- Up-to-date: /home/remon/ros2_ws/install/slam_toolbox/include/slam_toolbox/slam_toolbox/srv/detail/merge_maps__rosidl_typesupport_introspection_cpp.hpp
[0.817s] -- Up-to-date: /home/remon/ros2_ws/install/slam_toolbox/include/slam_toolbox/slam_toolbox/srv/detail/clear__rosidl_typesupport_introspection_cpp.hpp
[0.817s] -- Up-to-date: /home/remon/ros2_ws/install/slam_toolbox/include/slam_toolbox/slam_toolbox/srv/detail/add_submap__rosidl_typesupport_introspection_cpp.hpp
[0.817s] -- Up-to-date: /home/remon/ros2_ws/install/slam_toolbox/include/slam_toolbox/slam_toolbox/srv/detail/save_map__type_support.cpp
[0.817s] -- Up-to-date: /home/remon/ros2_ws/install/slam_toolbox/lib/libslam_toolbox__rosidl_typesupport_introspection_cpp.so
[0.817s] -- Up-to-date: /home/remon/ros2_ws/install/slam_toolbox/lib/libslam_toolbox__rosidl_typesupport_cpp.so
[0.817s] -- Up-to-date: /home/remon/ros2_ws/install/slam_toolbox/share/slam_toolbox/environment/pythonpath.sh
[0.817s] -- Up-to-date: /home/remon/ros2_ws/install/slam_toolbox/share/slam_toolbox/environment/pythonpath.dsv
[0.817s] -- Up-to-date: /home/remon/ros2_ws/install/slam_toolbox/local/lib/python3.10/dist-packages/slam_toolbox-2.7.0-py3.10.egg-info
[0.817s] -- Installing: /home/remon/ros2_ws/install/slam_toolbox/local/lib/python3.10/dist-packages/slam_toolbox-2.7.0-py3.10.egg-info/top_level.txt
[0.817s] -- Installing: /home/remon/ros2_ws/install/slam_toolbox/local/lib/python3.10/dist-packages/slam_toolbox-2.7.0-py3.10.egg-info/PKG-INFO
[0.818s] -- Installing: /home/remon/ros2_ws/install/slam_toolbox/local/lib/python3.10/dist-packages/slam_toolbox-2.7.0-py3.10.egg-info/dependency_links.txt
[0.818s] -- Installing: /home/remon/ros2_ws/install/slam_toolbox/local/lib/python3.10/dist-packages/slam_toolbox-2.7.0-py3.10.egg-info/SOURCES.txt
[0.818s] -- Up-to-date: /home/remon/ros2_ws/install/slam_toolbox/local/lib/python3.10/dist-packages/slam_toolbox
[0.818s] -- Up-to-date: /home/remon/ros2_ws/install/slam_toolbox/local/lib/python3.10/dist-packages/slam_toolbox/slam_toolbox_s__rosidl_typesupport_c.cpython-310-x86_64-linux-gnu.so
[0.818s] -- Up-to-date: /home/remon/ros2_ws/install/slam_toolbox/local/lib/python3.10/dist-packages/slam_toolbox/__init__.py
[0.818s] -- Up-to-date: /home/remon/ros2_ws/install/slam_toolbox/local/lib/python3.10/dist-packages/slam_toolbox/_slam_toolbox_s.ep.rosidl_typesupport_introspection_c.c
[0.818s] -- Up-to-date: /home/remon/ros2_ws/install/slam_toolbox/local/lib/python3.10/dist-packages/slam_toolbox/srv
[0.818s] -- Up-to-date: /home/remon/ros2_ws/install/slam_toolbox/local/lib/python3.10/dist-packages/slam_toolbox/srv/_toggle_interactive.py
[0.818s] -- Up-to-date: /home/remon/ros2_ws/install/slam_toolbox/local/lib/python3.10/dist-packages/slam_toolbox/srv/__init__.py
[0.818s] -- Up-to-date: /home/remon/ros2_ws/install/slam_toolbox/local/lib/python3.10/dist-packages/slam_toolbox/srv/_loop_closure.py
[0.818s] -- Up-to-date: /home/remon/ros2_ws/install/slam_toolbox/local/lib/python3.10/dist-packages/slam_toolbox/srv/_clear_s.c
[0.819s] -- Up-to-date: /home/remon/ros2_ws/install/slam_toolbox/local/lib/python3.10/dist-packages/slam_toolbox/srv/_save_map_s.c
[0.819s] -- Up-to-date: /home/remon/ros2_ws/install/slam_toolbox/local/lib/python3.10/dist-packages/slam_toolbox/srv/_clear_queue.py
[0.819s] -- Up-to-date: /home/remon/ros2_ws/install/slam_toolbox/local/lib/python3.10/dist-packages/slam_toolbox/srv/_add_submap.py
[0.819s] -- Up-to-date: /home/remon/ros2_ws/install/slam_toolbox/local/lib/python3.10/dist-packages/slam_toolbox/srv/_merge_maps.py
[0.819s] -- Up-to-date: /home/remon/ros2_ws/install/slam_toolbox/local/lib/python3.10/dist-packages/slam_toolbox/srv/_loop_closure_s.c
[0.819s] -- Up-to-date: /home/remon/ros2_ws/install/slam_toolbox/local/lib/python3.10/dist-packages/slam_toolbox/srv/_add_submap_s.c
[0.819s] -- Up-to-date: /home/remon/ros2_ws/install/slam_toolbox/local/lib/python3.10/dist-packages/slam_toolbox/srv/_toggle_interactive_s.c
[0.819s] -- Up-to-date: /home/remon/ros2_ws/install/slam_toolbox/local/lib/python3.10/dist-packages/slam_toolbox/srv/_clear_queue_s.c
[0.819s] -- Up-to-date: /home/remon/ros2_ws/install/slam_toolbox/local/lib/python3.10/dist-packages/slam_toolbox/srv/_serialize_pose_graph.py
[0.819s] -- Up-to-date: /home/remon/ros2_ws/install/slam_toolbox/local/lib/python3.10/dist-packages/slam_toolbox/srv/_save_map.py
[0.819s] -- Up-to-date: /home/remon/ros2_ws/install/slam_toolbox/local/lib/python3.10/dist-packages/slam_toolbox/srv/_deserialize_pose_graph.py
[0.819s] -- Up-to-date: /home/remon/ros2_ws/install/slam_toolbox/local/lib/python3.10/dist-packages/slam_toolbox/srv/_pause.py
[0.819s] -- Up-to-date: /home/remon/ros2_ws/install/slam_toolbox/local/lib/python3.10/dist-packages/slam_toolbox/srv/_deserialize_pose_graph_s.c
[0.819s] -- Up-to-date: /home/remon/ros2_ws/install/slam_toolbox/local/lib/python3.10/dist-packages/slam_toolbox/srv/_merge_maps_s.c
[0.820s] -- Up-to-date: /home/remon/ros2_ws/install/slam_toolbox/local/lib/python3.10/dist-packages/slam_toolbox/srv/_serialize_pose_graph_s.c
[0.820s] -- Up-to-date: /home/remon/ros2_ws/install/slam_toolbox/local/lib/python3.10/dist-packages/slam_toolbox/srv/_pause_s.c
[0.820s] -- Up-to-date: /home/remon/ros2_ws/install/slam_toolbox/local/lib/python3.10/dist-packages/slam_toolbox/srv/_clear.py
[0.820s] -- Up-to-date: /home/remon/ros2_ws/install/slam_toolbox/local/lib/python3.10/dist-packages/slam_toolbox/_slam_toolbox_s.ep.rosidl_typesupport_fastrtps_c.c
[0.820s] -- Up-to-date: /home/remon/ros2_ws/install/slam_toolbox/local/lib/python3.10/dist-packages/slam_toolbox/slam_toolbox_s__rosidl_typesupport_fastrtps_c.cpython-310-x86_64-linux-gnu.so
[0.820s] -- Up-to-date: /home/remon/ros2_ws/install/slam_toolbox/local/lib/python3.10/dist-packages/slam_toolbox/_slam_toolbox_s.ep.rosidl_typesupport_c.c
[0.820s] -- Up-to-date: /home/remon/ros2_ws/install/slam_toolbox/local/lib/python3.10/dist-packages/slam_toolbox/slam_toolbox_s__rosidl_typesupport_introspection_c.cpython-310-x86_64-linux-gnu.so
[0.820s] -- Up-to-date: /home/remon/ros2_ws/install/slam_toolbox/local/lib/python3.10/dist-packages/slam_toolbox/libslam_toolbox__rosidl_generator_py.so
[0.832s] Listing '/home/remon/ros2_ws/install/slam_toolbox/local/lib/python3.10/dist-packages/slam_toolbox'...
[0.832s] Listing '/home/remon/ros2_ws/install/slam_toolbox/local/lib/python3.10/dist-packages/slam_toolbox/srv'...
[0.836s] -- Up-to-date: /home/remon/ros2_ws/install/slam_toolbox/local/lib/python3.10/dist-packages/slam_toolbox/slam_toolbox_s__rosidl_typesupport_fastrtps_c.cpython-310-x86_64-linux-gnu.so
[0.836s] -- Up-to-date: /home/remon/ros2_ws/install/slam_toolbox/local/lib/python3.10/dist-packages/slam_toolbox/slam_toolbox_s__rosidl_typesupport_introspection_c.cpython-310-x86_64-linux-gnu.so
[0.836s] -- Up-to-date: /home/remon/ros2_ws/install/slam_toolbox/local/lib/python3.10/dist-packages/slam_toolbox/slam_toolbox_s__rosidl_typesupport_c.cpython-310-x86_64-linux-gnu.so
[0.836s] -- Up-to-date: /home/remon/ros2_ws/install/slam_toolbox/lib/libslam_toolbox__rosidl_generator_py.so
[0.837s] -- Up-to-date: /home/remon/ros2_ws/install/slam_toolbox/share/slam_toolbox/srv/Pause.idl
[0.837s] -- Up-to-date: /home/remon/ros2_ws/install/slam_toolbox/share/slam_toolbox/srv/ClearQueue.idl
[0.837s] -- Up-to-date: /home/remon/ros2_ws/install/slam_toolbox/share/slam_toolbox/srv/ToggleInteractive.idl
[0.837s] -- Up-to-date: /home/remon/ros2_ws/install/slam_toolbox/share/slam_toolbox/srv/Clear.idl
[0.837s] -- Up-to-date: /home/remon/ros2_ws/install/slam_toolbox/share/slam_toolbox/srv/SaveMap.idl
[0.837s] -- Up-to-date: /home/remon/ros2_ws/install/slam_toolbox/share/slam_toolbox/srv/LoopClosure.idl
[0.837s] -- Up-to-date: /home/remon/ros2_ws/install/slam_toolbox/share/slam_toolbox/srv/MergeMaps.idl
[0.837s] -- Up-to-date: /home/remon/ros2_ws/install/slam_toolbox/share/slam_toolbox/srv/AddSubmap.idl
[0.838s] -- Up-to-date: /home/remon/ros2_ws/install/slam_toolbox/share/slam_toolbox/srv/DeserializePoseGraph.idl
[0.838s] -- Up-to-date: /home/remon/ros2_ws/install/slam_toolbox/share/slam_toolbox/srv/SerializePoseGraph.idl
[0.838s] -- Up-to-date: /home/remon/ros2_ws/install/slam_toolbox/share/slam_toolbox/srvs/Pause.srv
[0.838s] -- Up-to-date: /home/remon/ros2_ws/install/slam_toolbox/share/slam_toolbox/srvs/Pause_Request.msg
[0.838s] -- Up-to-date: /home/remon/ros2_ws/install/slam_toolbox/share/slam_toolbox/srvs/Pause_Response.msg
[0.838s] -- Up-to-date: /home/remon/ros2_ws/install/slam_toolbox/share/slam_toolbox/srvs/ClearQueue.srv
[0.838s] -- Up-to-date: /home/remon/ros2_ws/install/slam_toolbox/share/slam_toolbox/srvs/ClearQueue_Request.msg
[0.838s] -- Up-to-date: /home/remon/ros2_ws/install/slam_toolbox/share/slam_toolbox/srvs/ClearQueue_Response.msg
[0.838s] -- Up-to-date: /home/remon/ros2_ws/install/slam_toolbox/share/slam_toolbox/srvs/ToggleInteractive.srv
[0.838s] -- Up-to-date: /home/remon/ros2_ws/install/slam_toolbox/share/slam_toolbox/srvs/ToggleInteractive_Request.msg
[0.838s] -- Up-to-date: /home/remon/ros2_ws/install/slam_toolbox/share/slam_toolbox/srvs/ToggleInteractive_Response.msg
[0.839s] -- Up-to-date: /home/remon/ros2_ws/install/slam_toolbox/share/slam_toolbox/srvs/Clear.srv
[0.839s] -- Up-to-date: /home/remon/ros2_ws/install/slam_toolbox/share/slam_toolbox/srvs/Clear_Request.msg
[0.839s] -- Up-to-date: /home/remon/ros2_ws/install/slam_toolbox/share/slam_toolbox/srvs/Clear_Response.msg
[0.839s] -- Up-to-date: /home/remon/ros2_ws/install/slam_toolbox/share/slam_toolbox/srvs/SaveMap.srv
[0.839s] -- Up-to-date: /home/remon/ros2_ws/install/slam_toolbox/share/slam_toolbox/srvs/SaveMap_Request.msg
[0.839s] -- Up-to-date: /home/remon/ros2_ws/install/slam_toolbox/share/slam_toolbox/srvs/SaveMap_Response.msg
[0.839s] -- Up-to-date: /home/remon/ros2_ws/install/slam_toolbox/share/slam_toolbox/srvs/LoopClosure.srv
[0.839s] -- Up-to-date: /home/remon/ros2_ws/install/slam_toolbox/share/slam_toolbox/srvs/LoopClosure_Request.msg
[0.839s] -- Up-to-date: /home/remon/ros2_ws/install/slam_toolbox/share/slam_toolbox/srvs/LoopClosure_Response.msg
[0.839s] -- Up-to-date: /home/remon/ros2_ws/install/slam_toolbox/share/slam_toolbox/srvs/MergeMaps.srv
[0.839s] -- Up-to-date: /home/remon/ros2_ws/install/slam_toolbox/share/slam_toolbox/srvs/MergeMaps_Request.msg
[0.839s] -- Up-to-date: /home/remon/ros2_ws/install/slam_toolbox/share/slam_toolbox/srvs/MergeMaps_Response.msg
[0.840s] -- Up-to-date: /home/remon/ros2_ws/install/slam_toolbox/share/slam_toolbox/srvs/AddSubmap.srv
[0.840s] -- Up-to-date: /home/remon/ros2_ws/install/slam_toolbox/share/slam_toolbox/srvs/AddSubmap_Request.msg
[0.840s] -- Up-to-date: /home/remon/ros2_ws/install/slam_toolbox/share/slam_toolbox/srvs/AddSubmap_Response.msg
[0.840s] -- Up-to-date: /home/remon/ros2_ws/install/slam_toolbox/share/slam_toolbox/srvs/DeserializePoseGraph.srv
[0.840s] -- Up-to-date: /home/remon/ros2_ws/install/slam_toolbox/share/slam_toolbox/srvs/DeserializePoseGraph_Request.msg
[0.840s] -- Up-to-date: /home/remon/ros2_ws/install/slam_toolbox/share/slam_toolbox/srvs/DeserializePoseGraph_Response.msg
[0.840s] -- Up-to-date: /home/remon/ros2_ws/install/slam_toolbox/share/slam_toolbox/srvs/SerializePoseGraph.srv
[0.840s] -- Up-to-date: /home/remon/ros2_ws/install/slam_toolbox/share/slam_toolbox/srvs/SerializePoseGraph_Request.msg
[0.840s] -- Up-to-date: /home/remon/ros2_ws/install/slam_toolbox/share/slam_toolbox/srvs/SerializePoseGraph_Response.msg
[0.840s] -- Up-to-date: /home/remon/ros2_ws/install/slam_toolbox/share/slam_toolbox/rviz_plugins.xml
[0.840s] -- Up-to-date: /home/remon/ros2_ws/install/slam_toolbox/share/slam_toolbox/solver_plugins.xml
[0.840s] -- Up-to-date: /home/remon/ros2_ws/install/slam_toolbox/lib/slam_toolbox/async_slam_toolbox_node
[0.841s] -- Up-to-date: /home/remon/ros2_ws/install/slam_toolbox/lib/slam_toolbox/sync_slam_toolbox_node
[0.841s] -- Up-to-date: /home/remon/ros2_ws/install/slam_toolbox/lib/slam_toolbox/localization_slam_toolbox_node
[0.841s] -- Up-to-date: /home/remon/ros2_ws/install/slam_toolbox/lib/slam_toolbox/map_and_localization_slam_toolbox_node
[0.841s] -- Up-to-date: /home/remon/ros2_ws/install/slam_toolbox/lib/slam_toolbox/merge_maps_kinematic
[0.841s] -- Up-to-date: /home/remon/ros2_ws/install/slam_toolbox/lib/libtoolbox_common.so
[0.841s] -- Up-to-date: /home/remon/ros2_ws/install/slam_toolbox/lib/libSlamToolboxPlugin.so
[0.841s] -- Up-to-date: /home/remon/ros2_ws/install/slam_toolbox/lib/libceres_solver_plugin.so
[0.841s] -- Up-to-date: /home/remon/ros2_ws/install/slam_toolbox/lib/libasync_slam_toolbox.so
[0.841s] -- Up-to-date: /home/remon/ros2_ws/install/slam_toolbox/lib/libsync_slam_toolbox.so
[0.841s] -- Up-to-date: /home/remon/ros2_ws/install/slam_toolbox/lib/liblocalization_slam_toolbox.so
[0.842s] -- Up-to-date: /home/remon/ros2_ws/install/slam_toolbox/lib/liblifelong_slam_toolbox.so
[0.842s] -- Up-to-date: /home/remon/ros2_ws/install/slam_toolbox/lib/libmap_and_localization_slam_toolbox.so
[0.842s] -- Up-to-date: /home/remon/ros2_ws/install/slam_toolbox/lib/libkartoSlamToolbox.so
[0.842s] -- Up-to-date: /home/remon/ros2_ws/install/slam_toolbox/lib/libSlamToolboxPlugin.so
[0.842s] -- Up-to-date: /home/remon/ros2_ws/install/slam_toolbox/include
[0.842s] -- Up-to-date: /home/remon/ros2_ws/install/slam_toolbox/include/slam_toolbox
[0.842s] -- Up-to-date: /home/remon/ros2_ws/install/slam_toolbox/include/slam_toolbox/laser_utils.hpp
[0.842s] -- Up-to-date: /home/remon/ros2_ws/install/slam_toolbox/include/slam_toolbox/slam_toolbox_common.hpp
[0.842s] -- Up-to-date: /home/remon/ros2_ws/install/slam_toolbox/include/slam_toolbox/slam_toolbox_async.hpp
[0.842s] -- Up-to-date: /home/remon/ros2_ws/install/slam_toolbox/include/slam_toolbox/snap_utils.hpp
[0.842s] -- Up-to-date: /home/remon/ros2_ws/install/slam_toolbox/include/slam_toolbox/toolbox_msgs.hpp
[0.843s] -- Up-to-date: /home/remon/ros2_ws/install/slam_toolbox/include/slam_toolbox/slam_toolbox_localization.hpp
[0.843s] -- Up-to-date: /home/remon/ros2_ws/install/slam_toolbox/include/slam_toolbox/toolbox_types.hpp
[0.843s] -- Up-to-date: /home/remon/ros2_ws/install/slam_toolbox/include/slam_toolbox/loop_closure_assistant.hpp
[0.843s] -- Up-to-date: /home/remon/ros2_ws/install/slam_toolbox/include/slam_toolbox/merge_maps_kinematic.hpp
[0.843s] -- Up-to-date: /home/remon/ros2_ws/install/slam_toolbox/include/slam_toolbox/slam_toolbox_sync.hpp
[0.843s] -- Up-to-date: /home/remon/ros2_ws/install/slam_toolbox/include/slam_toolbox/get_pose_helper.hpp
[0.843s] -- Up-to-date: /home/remon/ros2_ws/install/slam_toolbox/include/slam_toolbox/experimental
[0.843s] -- Up-to-date: /home/remon/ros2_ws/install/slam_toolbox/include/slam_toolbox/experimental/slam_toolbox_map_and_localization.hpp
[0.843s] -- Up-to-date: /home/remon/ros2_ws/install/slam_toolbox/include/slam_toolbox/experimental/slam_toolbox_lifelong.hpp
[0.843s] -- Up-to-date: /home/remon/ros2_ws/install/slam_toolbox/include/slam_toolbox/slam_mapper.hpp
[0.843s] -- Up-to-date: /home/remon/ros2_ws/install/slam_toolbox/include/slam_toolbox/visualization_utils.hpp
[0.844s] -- Up-to-date: /home/remon/ros2_ws/install/slam_toolbox/include/slam_toolbox/serialization.hpp
[0.844s] -- Up-to-date: /home/remon/ros2_ws/install/slam_toolbox/include/slam_toolbox/map_saver.hpp
[0.844s] -- Up-to-date: /home/remon/ros2_ws/install/slam_toolbox/share/slam_toolbox/launch
[0.844s] -- Up-to-date: /home/remon/ros2_ws/install/slam_toolbox/share/slam_toolbox/launch/offline_launch.py
[0.844s] -- Up-to-date: /home/remon/ros2_ws/install/slam_toolbox/share/slam_toolbox/launch/online_async_launch.py
[0.844s] -- Up-to-date: /home/remon/ros2_ws/install/slam_toolbox/share/slam_toolbox/launch/merge_maps_kinematic_launch.py
[0.844s] -- Up-to-date: /home/remon/ros2_ws/install/slam_toolbox/share/slam_toolbox/launch/online_sync_launch.py
[0.844s] -- Up-to-date: /home/remon/ros2_ws/install/slam_toolbox/share/slam_toolbox/launch/localization_launch.py
[0.844s] -- Up-to-date: /home/remon/ros2_ws/install/slam_toolbox/share/slam_toolbox/config
[0.844s] -- Up-to-date: /home/remon/ros2_ws/install/slam_toolbox/share/slam_toolbox/config/slam_toolbox_default.rviz
[0.844s] -- Up-to-date: /home/remon/ros2_ws/install/slam_toolbox/share/slam_toolbox/config/mapper_params_online_async.yaml
[0.845s] -- Up-to-date: /home/remon/ros2_ws/install/slam_toolbox/share/slam_toolbox/config/mapper_params_localization.yaml
[0.845s] -- Installing: /home/remon/ros2_ws/install/slam_toolbox/share/slam_toolbox/config/mapper_params_online_sync.yaml
[0.845s] -- Up-to-date: /home/remon/ros2_ws/install/slam_toolbox/share/slam_toolbox/config/mapper_params_lifelong.yaml
[0.845s] -- Up-to-date: /home/remon/ros2_ws/install/slam_toolbox/share/slam_toolbox/config/mapper_params_offline.yaml
[0.845s] -- Up-to-date: /home/remon/ros2_ws/install/slam_toolbox/share/solver_plugins.xml
[0.845s] -- Up-to-date: /home/remon/ros2_ws/install/slam_toolbox/share/rviz_plugins.xml
[0.845s] -- Up-to-date: /home/remon/ros2_ws/install/slam_toolbox/share/ament_index/resource_index/package_run_dependencies/slam_toolbox
[0.845s] -- Up-to-date: /home/remon/ros2_ws/install/slam_toolbox/share/ament_index/resource_index/parent_prefix_path/slam_toolbox
[0.845s] -- Up-to-date: /home/remon/ros2_ws/install/slam_toolbox/share/slam_toolbox/environment/ament_prefix_path.sh
[0.845s] -- Up-to-date: /home/remon/ros2_ws/install/slam_toolbox/share/slam_toolbox/environment/ament_prefix_path.dsv
[0.845s] -- Up-to-date: /home/remon/ros2_ws/install/slam_toolbox/share/slam_toolbox/environment/path.sh
[0.846s] -- Up-to-date: /home/remon/ros2_ws/install/slam_toolbox/share/slam_toolbox/environment/path.dsv
[0.846s] -- Up-to-date: /home/remon/ros2_ws/install/slam_toolbox/share/slam_toolbox/local_setup.bash
[0.846s] -- Up-to-date: /home/remon/ros2_ws/install/slam_toolbox/share/slam_toolbox/local_setup.sh
[0.846s] -- Up-to-date: /home/remon/ros2_ws/install/slam_toolbox/share/slam_toolbox/local_setup.zsh
[0.846s] -- Up-to-date: /home/remon/ros2_ws/install/slam_toolbox/share/slam_toolbox/local_setup.dsv
[0.846s] -- Installing: /home/remon/ros2_ws/install/slam_toolbox/share/slam_toolbox/package.dsv
[0.846s] -- Up-to-date: /home/remon/ros2_ws/install/slam_toolbox/share/ament_index/resource_index/packages/slam_toolbox
[0.846s] -- Up-to-date: /home/remon/ros2_ws/install/slam_toolbox/share/ament_index/resource_index/rviz_common__pluginlib__plugin/slam_toolbox
[0.846s] -- Up-to-date: /home/remon/ros2_ws/install/slam_toolbox/share/ament_index/resource_index/slam_toolbox__pluginlib__plugin/slam_toolbox
[0.846s] -- Up-to-date: /home/remon/ros2_ws/install/slam_toolbox/share/slam_toolbox/cmake/export_slam_toolbox__rosidl_generator_cExport.cmake
[0.846s] -- Up-to-date: /home/remon/ros2_ws/install/slam_toolbox/share/slam_toolbox/cmake/export_slam_toolbox__rosidl_generator_cExport-release.cmake
[0.846s] -- Up-to-date: /home/remon/ros2_ws/install/slam_toolbox/share/slam_toolbox/cmake/export_slam_toolbox__rosidl_typesupport_fastrtps_cExport.cmake
[0.846s] -- Up-to-date: /home/remon/ros2_ws/install/slam_toolbox/share/slam_toolbox/cmake/export_slam_toolbox__rosidl_typesupport_fastrtps_cExport-release.cmake
[0.847s] -- Up-to-date: /home/remon/ros2_ws/install/slam_toolbox/share/slam_toolbox/cmake/export_slam_toolbox__rosidl_generator_cppExport.cmake
[0.847s] -- Up-to-date: /home/remon/ros2_ws/install/slam_toolbox/share/slam_toolbox/cmake/export_slam_toolbox__rosidl_typesupport_fastrtps_cppExport.cmake
[0.847s] -- Up-to-date: /home/remon/ros2_ws/install/slam_toolbox/share/slam_toolbox/cmake/export_slam_toolbox__rosidl_typesupport_fastrtps_cppExport-release.cmake
[0.847s] -- Up-to-date: /home/remon/ros2_ws/install/slam_toolbox/share/slam_toolbox/cmake/slam_toolbox__rosidl_typesupport_introspection_cExport.cmake
[0.847s] -- Up-to-date: /home/remon/ros2_ws/install/slam_toolbox/share/slam_toolbox/cmake/slam_toolbox__rosidl_typesupport_introspection_cExport-release.cmake
[0.847s] -- Up-to-date: /home/remon/ros2_ws/install/slam_toolbox/share/slam_toolbox/cmake/slam_toolbox__rosidl_typesupport_cExport.cmake
[0.847s] -- Up-to-date: /home/remon/ros2_ws/install/slam_toolbox/share/slam_toolbox/cmake/slam_toolbox__rosidl_typesupport_cExport-release.cmake
[0.847s] -- Up-to-date: /home/remon/ros2_ws/install/slam_toolbox/share/slam_toolbox/cmake/slam_toolbox__rosidl_typesupport_introspection_cppExport.cmake
[0.848s] -- Up-to-date: /home/remon/ros2_ws/install/slam_toolbox/share/slam_toolbox/cmake/slam_toolbox__rosidl_typesupport_introspection_cppExport-release.cmake
[0.848s] -- Up-to-date: /home/remon/ros2_ws/install/slam_toolbox/share/slam_toolbox/cmake/slam_toolbox__rosidl_typesupport_cppExport.cmake
[0.848s] -- Up-to-date: /home/remon/ros2_ws/install/slam_toolbox/share/slam_toolbox/cmake/slam_toolbox__rosidl_typesupport_cppExport-release.cmake
[0.848s] -- Up-to-date: /home/remon/ros2_ws/install/slam_toolbox/share/slam_toolbox/cmake/export_slam_toolbox__rosidl_generator_pyExport.cmake
[0.849s] -- Up-to-date: /home/remon/ros2_ws/install/slam_toolbox/share/slam_toolbox/cmake/export_slam_toolbox__rosidl_generator_pyExport-release.cmake
[0.849s] -- Up-to-date: /home/remon/ros2_ws/install/slam_toolbox/share/slam_toolbox/cmake/SlamToolboxPluginExport.cmake
[0.849s] -- Up-to-date: /home/remon/ros2_ws/install/slam_toolbox/share/slam_toolbox/cmake/SlamToolboxPluginExport-release.cmake
[0.849s] -- Up-to-date: /home/remon/ros2_ws/install/slam_toolbox/share/ament_index/resource_index/rclcpp_components/slam_toolbox
[0.849s] -- Up-to-date: /home/remon/ros2_ws/install/slam_toolbox/share/slam_toolbox/cmake/rosidl_cmake-extras.cmake
[0.850s] -- Up-to-date: /home/remon/ros2_ws/install/slam_toolbox/share/slam_toolbox/cmake/ament_cmake_export_dependencies-extras.cmake
[0.850s] -- Up-to-date: /home/remon/ros2_ws/install/slam_toolbox/share/slam_toolbox/cmake/ament_cmake_export_include_directories-extras.cmake
[0.850s] -- Up-to-date: /home/remon/ros2_ws/install/slam_toolbox/share/slam_toolbox/cmake/ament_cmake_export_libraries-extras.cmake
[0.850s] -- Up-to-date: /home/remon/ros2_ws/install/slam_toolbox/share/slam_toolbox/cmake/ament_cmake_export_targets-extras.cmake
[0.850s] -- Up-to-date: /home/remon/ros2_ws/install/slam_toolbox/share/slam_toolbox/cmake/rosidl_cmake_export_typesupport_targets-extras.cmake
[0.850s] -- Up-to-date: /home/remon/ros2_ws/install/slam_toolbox/share/slam_toolbox/cmake/rosidl_cmake_export_typesupport_libraries-extras.cmake
[0.851s] -- Up-to-date: /home/remon/ros2_ws/install/slam_toolbox/share/slam_toolbox/cmake/slam_toolboxConfig.cmake
[0.851s] -- Up-to-date: /home/remon/ros2_ws/install/slam_toolbox/share/slam_toolbox/cmake/slam_toolboxConfig-version.cmake
[0.851s] -- Up-to-date: /home/remon/ros2_ws/install/slam_toolbox/share/slam_toolbox/package.xml
[0.851s] -- Up-to-date: /home/remon/ros2_ws/install/slam_toolbox/include/
[0.852s] -- Up-to-date: /home/remon/ros2_ws/install/slam_toolbox/include//karto_sdk
[0.852s] -- Up-to-date: /home/remon/ros2_ws/install/slam_toolbox/include//karto_sdk/Karto.h
[0.852s] -- Up-to-date: /home/remon/ros2_ws/install/slam_toolbox/include//karto_sdk/Types.h
[0.852s] -- Up-to-date: /home/remon/ros2_ws/install/slam_toolbox/include//karto_sdk/Macros.h
[0.853s] -- Up-to-date: /home/remon/ros2_ws/install/slam_toolbox/include//karto_sdk/nanoflann.hpp
[0.853s] -- Up-to-date: /home/remon/ros2_ws/install/slam_toolbox/include//karto_sdk/nanoflann_adaptors.h
[0.853s] -- Up-to-date: /home/remon/ros2_ws/install/slam_toolbox/include//karto_sdk/Math.h
[0.853s] -- Up-to-date: /home/remon/ros2_ws/install/slam_toolbox/include//karto_sdk/Mapper.h
[0.854s] Invoked command in '/home/remon/ros2_ws/build/slam_toolbox' returned '0': CMAKE_PREFIX_PATH=${CMAKE_PREFIX_PATH}:/home/remon/ros2_ws/install/my_py_pkg:/opt/ros/humble /usr/bin/cmake --install /home/remon/ros2_ws/build/slam_toolbox
