[24.924s] DEBUG:colcon:Command line arguments: ['/usr/bin/colcon', 'build', '--packages-select', 'rplidar_ros2-ros2']
[24.925s] DEBUG:colcon:Parsed command line arguments: Namespace(log_base=None, log_level=None, verb_name='build', build_base='build', install_base='install', merge_install=False, symlink_install=False, test_result_base=None, continue_on_error=False, executor='parallel', parallel_workers=8, event_handlers=None, ignore_user_meta=False, metas=['./colcon.meta'], base_paths=['.'], packages_ignore=None, packages_ignore_regex=None, paths=None, packages_up_to=None, packages_up_to_regex=None, packages_above=None, packages_above_and_dependencies=None, packages_above_depth=None, packages_select_by_dep=None, packages_skip_by_dep=None, packages_skip_up_to=None, packages_select_build_failed=False, packages_skip_build_finished=False, packages_select_test_failures=False, packages_skip_test_passed=False, packages_select=['rplidar_ros2-ros2'], packages_skip=None, packages_select_regex=None, packages_skip_regex=None, packages_start=None, packages_end=None, allow_overriding=[], cmake_args=None, cmake_target=None, cmake_target_skip_unavailable=False, cmake_clean_cache=False, cmake_clean_first=False, cmake_force_configure=False, ament_cmake_args=None, catkin_cmake_args=None, catkin_skip_building_tests=False, verb_parser=<colcon_defaults.argument_parser.defaults.DefaultArgumentsDecorator object at 0x7f8a46568610>, verb_extension=<colcon_core.verb.build.BuildVerb object at 0x7f8a4657e020>, main=<bound method BuildVerb.main of <colcon_core.verb.build.BuildVerb object at 0x7f8a4657e020>>)
[26.737s] Level 1:colcon.colcon_core.package_discovery:discover_packages(colcon_meta) check parameters
[26.737s] Level 1:colcon.colcon_core.package_discovery:discover_packages(recursive) check parameters
[26.737s] Level 1:colcon.colcon_core.package_discovery:discover_packages(ignore) check parameters
[26.737s] Level 1:colcon.colcon_core.package_discovery:discover_packages(path) check parameters
[26.737s] Level 1:colcon.colcon_core.package_discovery:discover_packages(colcon_meta) discover
[26.737s] Level 1:colcon.colcon_core.package_discovery:discover_packages(recursive) discover
[26.737s] INFO:colcon.colcon_core.package_discovery:Crawling recursively for packages in '/home/remon/ros2_ws'
[26.737s] Level 1:colcon.colcon_core.package_identification:_identify(.) by extensions ['ignore', 'ignore_ament_install']
[26.737s] Level 1:colcon.colcon_core.package_identification:_identify(.) by extension 'ignore'
[26.737s] Level 1:colcon.colcon_core.package_identification:_identify(.) by extension 'ignore_ament_install'
[26.737s] Level 1:colcon.colcon_core.package_identification:_identify(.) by extensions ['colcon_pkg']
[26.737s] Level 1:colcon.colcon_core.package_identification:_identify(.) by extension 'colcon_pkg'
[26.737s] Level 1:colcon.colcon_core.package_identification:_identify(.) by extensions ['colcon_meta']
[26.737s] Level 1:colcon.colcon_core.package_identification:_identify(.) by extension 'colcon_meta'
[26.737s] Level 1:colcon.colcon_core.package_identification:_identify(.) by extensions ['ros']
[26.737s] Level 1:colcon.colcon_core.package_identification:_identify(.) by extension 'ros'
[26.754s] Level 1:colcon.colcon_core.package_identification:_identify(.) by extensions ['cmake', 'python']
[26.754s] Level 1:colcon.colcon_core.package_identification:_identify(.) by extension 'cmake'
[26.754s] Level 1:colcon.colcon_core.package_identification:_identify(.) by extension 'python'
[26.754s] Level 1:colcon.colcon_core.package_identification:_identify(.) by extensions ['python_setup_py']
[26.754s] Level 1:colcon.colcon_core.package_identification:_identify(.) by extension 'python_setup_py'
[26.754s] Level 1:colcon.colcon_core.package_identification:_identify(build) by extensions ['ignore', 'ignore_ament_install']
[26.754s] Level 1:colcon.colcon_core.package_identification:_identify(build) by extension 'ignore'
[26.754s] Level 1:colcon.colcon_core.package_identification:_identify(build) ignored
[26.755s] Level 1:colcon.colcon_core.package_identification:_identify(install) by extensions ['ignore', 'ignore_ament_install']
[26.755s] Level 1:colcon.colcon_core.package_identification:_identify(install) by extension 'ignore'
[26.755s] Level 1:colcon.colcon_core.package_identification:_identify(install) ignored
[26.755s] Level 1:colcon.colcon_core.package_identification:_identify(log) by extensions ['ignore', 'ignore_ament_install']
[26.755s] Level 1:colcon.colcon_core.package_identification:_identify(log) by extension 'ignore'
[26.755s] Level 1:colcon.colcon_core.package_identification:_identify(log) ignored
[26.798s] Level 1:colcon.colcon_core.package_identification:_identify(src) by extensions ['ignore', 'ignore_ament_install']
[26.798s] Level 1:colcon.colcon_core.package_identification:_identify(src) by extension 'ignore'
[26.799s] Level 1:colcon.colcon_core.package_identification:_identify(src) by extension 'ignore_ament_install'
[26.799s] Level 1:colcon.colcon_core.package_identification:_identify(src) by extensions ['colcon_pkg']
[26.799s] Level 1:colcon.colcon_core.package_identification:_identify(src) by extension 'colcon_pkg'
[26.799s] Level 1:colcon.colcon_core.package_identification:_identify(src) by extensions ['colcon_meta']
[26.799s] Level 1:colcon.colcon_core.package_identification:_identify(src) by extension 'colcon_meta'
[26.799s] Level 1:colcon.colcon_core.package_identification:_identify(src) by extensions ['ros']
[26.799s] Level 1:colcon.colcon_core.package_identification:_identify(src) by extension 'ros'
[26.799s] Level 1:colcon.colcon_core.package_identification:_identify(src) by extensions ['cmake', 'python']
[26.799s] Level 1:colcon.colcon_core.package_identification:_identify(src) by extension 'cmake'
[26.799s] Level 1:colcon.colcon_core.package_identification:_identify(src) by extension 'python'
[26.799s] Level 1:colcon.colcon_core.package_identification:_identify(src) by extensions ['python_setup_py']
[26.800s] Level 1:colcon.colcon_core.package_identification:_identify(src) by extension 'python_setup_py'
[26.817s] Level 1:colcon.colcon_core.package_identification:_identify(src/cpp_pkg2) by extensions ['ignore', 'ignore_ament_install']
[26.817s] Level 1:colcon.colcon_core.package_identification:_identify(src/cpp_pkg2) by extension 'ignore'
[26.817s] Level 1:colcon.colcon_core.package_identification:_identify(src/cpp_pkg2) by extension 'ignore_ament_install'
[26.817s] Level 1:colcon.colcon_core.package_identification:_identify(src/cpp_pkg2) by extensions ['colcon_pkg']
[26.817s] Level 1:colcon.colcon_core.package_identification:_identify(src/cpp_pkg2) by extension 'colcon_pkg'
[26.817s] Level 1:colcon.colcon_core.package_identification:_identify(src/cpp_pkg2) by extensions ['colcon_meta']
[26.817s] Level 1:colcon.colcon_core.package_identification:_identify(src/cpp_pkg2) by extension 'colcon_meta'
[26.817s] Level 1:colcon.colcon_core.package_identification:_identify(src/cpp_pkg2) by extensions ['ros']
[26.817s] Level 1:colcon.colcon_core.package_identification:_identify(src/cpp_pkg2) by extension 'ros'
[27.127s] DEBUG:colcon.colcon_core.package_identification:Package 'src/cpp_pkg2' with type 'ros.ament_cmake' and name 'cpp_pkg2'
[27.176s] Level 1:colcon.colcon_core.package_identification:_identify(src/my_cpp_pkg) by extensions ['ignore', 'ignore_ament_install']
[27.176s] Level 1:colcon.colcon_core.package_identification:_identify(src/my_cpp_pkg) by extension 'ignore'
[27.176s] Level 1:colcon.colcon_core.package_identification:_identify(src/my_cpp_pkg) by extension 'ignore_ament_install'
[27.176s] Level 1:colcon.colcon_core.package_identification:_identify(src/my_cpp_pkg) by extensions ['colcon_pkg']
[27.176s] Level 1:colcon.colcon_core.package_identification:_identify(src/my_cpp_pkg) by extension 'colcon_pkg'
[27.177s] Level 1:colcon.colcon_core.package_identification:_identify(src/my_cpp_pkg) by extensions ['colcon_meta']
[27.177s] Level 1:colcon.colcon_core.package_identification:_identify(src/my_cpp_pkg) by extension 'colcon_meta'
[27.177s] Level 1:colcon.colcon_core.package_identification:_identify(src/my_cpp_pkg) by extensions ['ros']
[27.177s] Level 1:colcon.colcon_core.package_identification:_identify(src/my_cpp_pkg) by extension 'ros'
[27.246s] DEBUG:colcon.colcon_core.package_identification:Package 'src/my_cpp_pkg' with type 'ros.ament_cmake' and name 'my_cpp_pkg'
[27.433s] Level 1:colcon.colcon_core.package_identification:_identify(src/my_py_pkg) by extensions ['ignore', 'ignore_ament_install']
[27.433s] Level 1:colcon.colcon_core.package_identification:_identify(src/my_py_pkg) by extension 'ignore'
[27.433s] Level 1:colcon.colcon_core.package_identification:_identify(src/my_py_pkg) by extension 'ignore_ament_install'
[27.433s] Level 1:colcon.colcon_core.package_identification:_identify(src/my_py_pkg) by extensions ['colcon_pkg']
[27.433s] Level 1:colcon.colcon_core.package_identification:_identify(src/my_py_pkg) by extension 'colcon_pkg'
[27.433s] Level 1:colcon.colcon_core.package_identification:_identify(src/my_py_pkg) by extensions ['colcon_meta']
[27.433s] Level 1:colcon.colcon_core.package_identification:_identify(src/my_py_pkg) by extension 'colcon_meta'
[27.433s] Level 1:colcon.colcon_core.package_identification:_identify(src/my_py_pkg) by extensions ['ros']
[27.433s] Level 1:colcon.colcon_core.package_identification:_identify(src/my_py_pkg) by extension 'ros'
[27.495s] DEBUG:colcon.colcon_core.package_identification:Package 'src/my_py_pkg' with type 'ros.ament_python' and name 'my_py_pkg'
[27.535s] Level 1:colcon.colcon_core.package_identification:_identify(src/rplidar_ros2-ros2) by extensions ['ignore', 'ignore_ament_install']
[27.535s] Level 1:colcon.colcon_core.package_identification:_identify(src/rplidar_ros2-ros2) by extension 'ignore'
[27.535s] Level 1:colcon.colcon_core.package_identification:_identify(src/rplidar_ros2-ros2) by extension 'ignore_ament_install'
[27.535s] Level 1:colcon.colcon_core.package_identification:_identify(src/rplidar_ros2-ros2) by extensions ['colcon_pkg']
[27.535s] Level 1:colcon.colcon_core.package_identification:_identify(src/rplidar_ros2-ros2) by extension 'colcon_pkg'
[27.536s] Level 1:colcon.colcon_core.package_identification:_identify(src/rplidar_ros2-ros2) by extensions ['colcon_meta']
[27.536s] Level 1:colcon.colcon_core.package_identification:_identify(src/rplidar_ros2-ros2) by extension 'colcon_meta'
[27.536s] Level 1:colcon.colcon_core.package_identification:_identify(src/rplidar_ros2-ros2) by extensions ['ros']
[27.536s] Level 1:colcon.colcon_core.package_identification:_identify(src/rplidar_ros2-ros2) by extension 'ros'
[27.712s] DEBUG:colcon.colcon_core.package_identification:Package 'src/rplidar_ros2-ros2' with type 'ros.ament_cmake' and name 'rplidar_ros'
[27.730s] Level 1:colcon.colcon_core.package_identification:_identify(src/sllidar_ros2) by extensions ['ignore', 'ignore_ament_install']
[27.731s] Level 1:colcon.colcon_core.package_identification:_identify(src/sllidar_ros2) by extension 'ignore'
[27.731s] Level 1:colcon.colcon_core.package_identification:_identify(src/sllidar_ros2) by extension 'ignore_ament_install'
[27.731s] Level 1:colcon.colcon_core.package_identification:_identify(src/sllidar_ros2) by extensions ['colcon_pkg']
[27.731s] Level 1:colcon.colcon_core.package_identification:_identify(src/sllidar_ros2) by extension 'colcon_pkg'
[27.731s] Level 1:colcon.colcon_core.package_identification:_identify(src/sllidar_ros2) by extensions ['colcon_meta']
[27.731s] Level 1:colcon.colcon_core.package_identification:_identify(src/sllidar_ros2) by extension 'colcon_meta'
[27.732s] Level 1:colcon.colcon_core.package_identification:_identify(src/sllidar_ros2) by extensions ['ros']
[27.732s] Level 1:colcon.colcon_core.package_identification:_identify(src/sllidar_ros2) by extension 'ros'
[27.841s] DEBUG:colcon.colcon_core.package_identification:Package 'src/sllidar_ros2' with type 'ros.ament_cmake' and name 'sllidar_ros2'
[27.841s] Level 1:colcon.colcon_core.package_discovery:discover_packages(recursive) using defaults
[27.841s] Level 1:colcon.colcon_core.package_discovery:discover_packages(ignore) discover
[27.841s] Level 1:colcon.colcon_core.package_discovery:discover_packages(ignore) using defaults
[27.841s] Level 1:colcon.colcon_core.package_discovery:discover_packages(path) discover
[27.841s] Level 1:colcon.colcon_core.package_discovery:discover_packages(path) using defaults
[27.857s] WARNING:colcon.colcon_core.package_selection:ignoring unknown package 'rplidar_ros2-ros2' in --packages-select
[28.833s] INFO:colcon.colcon_core.package_selection:Skipping not selected package 'cpp_pkg2' in 'src/cpp_pkg2'
[28.833s] INFO:colcon.colcon_core.package_selection:Skipping not selected package 'my_cpp_pkg' in 'src/my_cpp_pkg'
[28.833s] INFO:colcon.colcon_core.package_selection:Skipping not selected package 'my_py_pkg' in 'src/my_py_pkg'
[28.833s] INFO:colcon.colcon_core.package_selection:Skipping not selected package 'rplidar_ros' in 'src/rplidar_ros2-ros2'
[28.833s] INFO:colcon.colcon_core.package_selection:Skipping not selected package 'sllidar_ros2' in 'src/sllidar_ros2'
[29.018s] Level 1:colcon.colcon_core.package_discovery:discover_packages(prefix_path) check parameters
[29.018s] Level 1:colcon.colcon_core.package_discovery:discover_packages(prefix_path) discover
[29.659s] DEBUG:colcon.colcon_installed_package_information.package_discovery:Found 4 installed packages in /home/remon/ros2_ws/install
[29.815s] DEBUG:colcon.colcon_installed_package_information.package_discovery:Found 270 installed packages in /opt/ros/humble
[29.818s] Level 1:colcon.colcon_core.package_discovery:discover_packages(prefix_path) using defaults
[30.986s] INFO:colcon.colcon_core.executor:Executing jobs using 'parallel' executor
[31.000s] DEBUG:colcon.colcon_parallel_executor.executor.parallel:run_until_complete
[31.000s] DEBUG:colcon.colcon_parallel_executor.executor.parallel:closing loop
[31.000s] DEBUG:colcon.colcon_parallel_executor.executor.parallel:loop closed
[31.000s] DEBUG:colcon.colcon_parallel_executor.executor.parallel:run_until_complete finished with '0'
[31.000s] DEBUG:colcon.colcon_core.event_reactor:joining thread
[31.185s] INFO:colcon.colcon_core.plugin_system:Skipping extension 'colcon_notification.desktop_notification.terminal_notifier': Not used on non-Darwin systems
[31.185s] INFO:colcon.colcon_core.plugin_system:Skipping extension 'colcon_notification.desktop_notification.win32': Not used on non-Windows systems
[31.185s] INFO:colcon.colcon_notification.desktop_notification:Sending desktop notification using 'notify2'
[31.196s] DEBUG:colcon.colcon_core.event_reactor:joined thread
[31.476s] INFO:colcon.colcon_core.plugin_system:Skipping extension 'colcon_core.shell.bat': Not used on non-Windows systems
[31.477s] INFO:colcon.colcon_core.shell:Creating prefix script '/home/remon/ros2_ws/install/local_setup.ps1'
[31.489s] INFO:colcon.colcon_core.shell:Creating prefix util module '/home/remon/ros2_ws/install/_local_setup_util_ps1.py'
[31.527s] INFO:colcon.colcon_core.shell:Creating prefix chain script '/home/remon/ros2_ws/install/setup.ps1'
[31.614s] INFO:colcon.colcon_core.shell:Creating prefix script '/home/remon/ros2_ws/install/local_setup.sh'
[31.638s] INFO:colcon.colcon_core.shell:Creating prefix util module '/home/remon/ros2_ws/install/_local_setup_util_sh.py'
[31.638s] INFO:colcon.colcon_core.shell:Creating prefix chain script '/home/remon/ros2_ws/install/setup.sh'
[31.662s] INFO:colcon.colcon_core.shell:Creating prefix script '/home/remon/ros2_ws/install/local_setup.bash'
[31.721s] INFO:colcon.colcon_core.shell:Creating prefix chain script '/home/remon/ros2_ws/install/setup.bash'
[31.767s] INFO:colcon.colcon_core.shell:Creating prefix script '/home/remon/ros2_ws/install/local_setup.zsh'
[31.851s] INFO:colcon.colcon_core.shell:Creating prefix chain script '/home/remon/ros2_ws/install/setup.zsh'
