[0.559s] Invoking command in '/home/remon/ros2_ws/build/hector_imu_tools': /usr/bin/cmake /home/remon/ros2_ws/src/hector_slam/hector_imu_tools -DCATKIN_INSTALL_INTO_PREFIX_ROOT=0 -DCMAKE_INSTALL_PREFIX=/home/remon/ros2_ws/install/hector_imu_tools
[8.093s] -- The C compiler identification is GNU 11.4.0
[8.093s] -- The CXX compiler identification is GNU 11.4.0
[8.093s] -- Detecting C compiler ABI info
[8.094s] -- Detecting C compiler ABI info - done
[8.094s] -- Check for working C compiler: /usr/bin/cc - skipped
[8.094s] -- Detecting C compile features
[8.094s] -- Detecting C compile features - done
[8.094s] -- Detecting CXX compiler ABI info
[8.095s] -- Detecting CXX compiler ABI info - done
[8.095s] -- Check for working CXX compiler: /usr/bin/c++ - skipped
[8.095s] -- Detecting CXX compile features
[8.096s] -- Detecting CXX compile features - done
[8.097s] -- Configuring incomplete, errors occurred!
[8.097s] See also "/home/remon/ros2_ws/build/hector_imu_tools/CMakeFiles/CMakeOutput.log".
[8.098s] [31mCMake Error at CMakeLists.txt:4 (find_package):
[8.098s]   By not providing "Findcatkin.cmake" in CMAKE_MODULE_PATH this project has
[8.099s]   asked CMake to find a package configuration file provided by "catkin", but
[8.100s]   CMake did not find one.
[8.101s] 
[8.101s]   Could not find a package configuration file provided by "catkin" with any
[8.101s]   of the following names:
[8.102s] 
[8.102s]     catkinConfig.cmake
[8.102s]     catkin-config.cmake
[8.103s] 
[8.103s]   Add the installation prefix of "catkin" to CMAKE_PREFIX_PATH or set
[8.104s]   "catkin_DIR" to a directory containing one of the above files.  If "catkin"
[8.105s]   provides a separate development package or SDK, be sure it has been
[8.106s]   installed.
[8.106s] 
[8.107s] [0m
[8.119s] Invoked command in '/home/remon/ros2_ws/build/hector_imu_tools' returned '1': /usr/bin/cmake /home/remon/ros2_ws/src/hector_slam/hector_imu_tools -DCATKIN_INSTALL_INTO_PREFIX_ROOT=0 -DCMAKE_INSTALL_PREFIX=/home/remon/ros2_ws/install/hector_imu_tools
