[0.050s] Invoking command in '/home/remon/ros2_ws/build/fw_robot': CMAKE_PREFIX_PATH=${CMAKE_PREFIX_PATH}:/home/remon/ros2_ws/install/my_py_pkg:/opt/ros/humble /usr/bin/cmake /home/remon/ros2_ws/src/fw_robot -DCMAKE_INSTALL_PREFIX=/home/remon/ros2_ws/install/fw_robot
[0.095s] -- The C compiler identification is GNU 11.4.0
[0.147s] -- The CXX compiler identification is GNU 11.4.0
[0.153s] -- Detecting C compiler ABI info
[0.206s] -- Detecting C compiler ABI info - done
[0.211s] -- Check for working C compiler: /usr/bin/cc - skipped
[0.211s] -- Detecting C compile features
[0.212s] -- Detecting C compile features - done
[0.214s] -- Detecting CXX compiler ABI info
[0.276s] -- Detecting CXX compiler ABI info - done
[0.283s] -- Check for working CXX compiler: /usr/bin/c++ - skipped
[0.284s] -- Detecting CXX compile features
[0.284s] -- Detecting CXX compile features - done
[0.287s] -- Found ament_cmake: 1.3.5 (/opt/ros/humble/share/ament_cmake/cmake)
[0.454s] -- Found Python3: /usr/bin/python3.10 (found version "3.10.12") found components: Interpreter 
[0.533s] -- Found rclcpp: 16.0.6 (/opt/ros/humble/share/rclcpp/cmake)
[0.566s] -- Found rosidl_generator_c: 3.1.5 (/opt/ros/humble/share/rosidl_generator_c/cmake)
[0.570s] -- Found rosidl_adapter: 3.1.5 (/opt/ros/humble/share/rosidl_adapter/cmake)
[0.577s] -- Found rosidl_generator_cpp: 3.1.5 (/opt/ros/humble/share/rosidl_generator_cpp/cmake)
[0.588s] -- Using all available rosidl_typesupport_c: rosidl_typesupport_fastrtps_c;rosidl_typesupport_introspection_c
[0.603s] -- Using all available rosidl_typesupport_cpp: rosidl_typesupport_fastrtps_cpp;rosidl_typesupport_introspection_cpp
[0.656s] -- Found rmw_implementation_cmake: 6.1.1 (/opt/ros/humble/share/rmw_implementation_cmake/cmake)
[0.659s] -- Found rmw_fastrtps_cpp: 6.2.4 (/opt/ros/humble/share/rmw_fastrtps_cpp/cmake)
[0.732s] -- Found OpenSSL: /usr/lib/x86_64-linux-gnu/libcrypto.so (found version "3.0.2")  
[0.753s] -- Found FastRTPS: /opt/ros/humble/include  
[0.793s] -- Using RMW implementation 'rmw_fastrtps_cpp' as default
[0.803s] -- Looking for pthread.h
[0.861s] -- Looking for pthread.h - found
[0.861s] -- Performing Test CMAKE_HAVE_LIBC_PTHREAD
[0.930s] -- Performing Test CMAKE_HAVE_LIBC_PTHREAD - Success
[0.931s] -- Found Threads: TRUE  
[1.064s] -- Found tf2: 0.25.4 (/opt/ros/humble/share/tf2/cmake)
[1.112s] -- Found urdf: 2.6.0 (/opt/ros/humble/share/urdf/cmake)
[1.185s] [31mCMake Error at CMakeLists.txt:14 (find_package):
[1.185s]   By not providing "Findrviz.cmake" in CMAKE_MODULE_PATH this project has
[1.185s]   asked CMake to find a package configuration file provided by "rviz", but
[1.185s]   CMake did not find one.
[1.185s] 
[1.185s]   Could not find a package configuration file provided by "rviz" with any of
[1.185s]   the following names:
[1.185s] 
[1.185s]     rvizConfig.cmake
[1.185s]     rviz-config.cmake
[1.185s] 
[1.185s]   Add the installation prefix of "rviz" to CMAKE_PREFIX_PATH or set
[1.185s]   "rviz_DIR" to a directory containing one of the above files.  If "rviz"
[1.185s]   provides a separate development package or SDK, be sure it has been
[1.185s]   installed.
[1.185s] 
[1.186s] [0m
[1.186s] -- Configuring incomplete, errors occurred!
[1.186s] See also "/home/remon/ros2_ws/build/fw_robot/CMakeFiles/CMakeOutput.log".
[1.192s] Invoked command in '/home/remon/ros2_ws/build/fw_robot' returned '1': CMAKE_PREFIX_PATH=${CMAKE_PREFIX_PATH}:/home/remon/ros2_ws/install/my_py_pkg:/opt/ros/humble /usr/bin/cmake /home/remon/ros2_ws/src/fw_robot -DCMAKE_INSTALL_PREFIX=/home/remon/ros2_ws/install/fw_robot
