[0.048s] Invoking command in '/home/remon/ros2_ws/build/cpp_pkg2': CMAKE_PREFIX_PATH=${CMAKE_PREFIX_PATH}:/home/remon/ros2_ws/install/my_py_pkg:/opt/ros/humble /usr/bin/cmake /home/remon/ros2_ws/src/cpp_pkg2 -DCMAKE_INSTALL_PREFIX=/home/remon/ros2_ws/install/cpp_pkg2
[0.663s] -- The C compiler identification is GNU 11.4.0
[1.004s] -- The CXX compiler identification is GNU 11.4.0
[1.010s] -- Detecting C compiler ABI info
[1.154s] -- Detecting C compiler ABI info - done
[1.161s] -- Check for working C compiler: /usr/bin/cc - skipped
[1.162s] -- Detecting C compile features
[1.186s] -- Detecting C compile features - done
[1.192s] -- Detecting CXX compiler ABI info
[1.382s] -- Detecting CXX compiler ABI info - done
[1.388s] -- Check for working CXX compiler: /usr/bin/c++ - skipped
[1.388s] -- Detecting CXX compile features
[1.388s] -- Detecting CXX compile features - done
[1.528s] -- Found ament_cmake: 1.3.5 (/opt/ros/humble/share/ament_cmake/cmake)
[1.799s] -- Found Python3: /usr/bin/python3.10 (found version "3.10.12") found components: Interpreter 
[1.919s] -- Found rclcpp: 16.0.6 (/opt/ros/humble/share/rclcpp/cmake)
[1.961s] -- Found rosidl_generator_c: 3.1.5 (/opt/ros/humble/share/rosidl_generator_c/cmake)
[1.969s] -- Found rosidl_adapter: 3.1.5 (/opt/ros/humble/share/rosidl_adapter/cmake)
[1.975s] -- Found rosidl_generator_cpp: 3.1.5 (/opt/ros/humble/share/rosidl_generator_cpp/cmake)
[1.985s] -- Using all available rosidl_typesupport_c: rosidl_typesupport_fastrtps_c;rosidl_typesupport_introspection_c
[1.999s] -- Using all available rosidl_typesupport_cpp: rosidl_typesupport_fastrtps_cpp;rosidl_typesupport_introspection_cpp
[2.060s] -- Found rmw_implementation_cmake: 6.1.1 (/opt/ros/humble/share/rmw_implementation_cmake/cmake)
[2.062s] -- Found rmw_fastrtps_cpp: 6.2.4 (/opt/ros/humble/share/rmw_fastrtps_cpp/cmake)
[2.405s] -- Found OpenSSL: /usr/lib/x86_64-linux-gnu/libcrypto.so (found version "3.0.2")  
[2.427s] -- Found FastRTPS: /opt/ros/humble/include  
[2.462s] -- Using RMW implementation 'rmw_fastrtps_cpp' as default
[2.469s] -- Looking for pthread.h
[2.560s] -- Looking for pthread.h - found
[2.560s] -- Performing Test CMAKE_HAVE_LIBC_PTHREAD
[2.625s] -- Performing Test CMAKE_HAVE_LIBC_PTHREAD - Success
[2.626s] -- Found Threads: TRUE  
[2.792s] -- Configuring done
[2.797s] -- Generating done
[2.840s] -- Build files have been written to: /home/remon/ros2_ws/build/cpp_pkg2
[2.853s] Invoked command in '/home/remon/ros2_ws/build/cpp_pkg2' returned '0': CMAKE_PREFIX_PATH=${CMAKE_PREFIX_PATH}:/home/remon/ros2_ws/install/my_py_pkg:/opt/ros/humble /usr/bin/cmake /home/remon/ros2_ws/src/cpp_pkg2 -DCMAKE_INSTALL_PREFIX=/home/remon/ros2_ws/install/cpp_pkg2
[2.855s] Invoking command in '/home/remon/ros2_ws/build/cpp_pkg2': CMAKE_PREFIX_PATH=${CMAKE_PREFIX_PATH}:/home/remon/ros2_ws/install/my_py_pkg:/opt/ros/humble /usr/bin/cmake --build /home/remon/ros2_ws/build/cpp_pkg2 -- -j8 -l8
[2.896s] [ 50%] [32mBuilding CXX object CMakeFiles/cpp_node.dir/src/cpp_pkg2.cpp.o[0m
[5.545s] [100%] [32m[1mLinking CXX executable cpp_node[0m
[5.725s] [100%] Built target cpp_node
[5.734s] Invoked command in '/home/remon/ros2_ws/build/cpp_pkg2' returned '0': CMAKE_PREFIX_PATH=${CMAKE_PREFIX_PATH}:/home/remon/ros2_ws/install/my_py_pkg:/opt/ros/humble /usr/bin/cmake --build /home/remon/ros2_ws/build/cpp_pkg2 -- -j8 -l8
[5.765s] Invoking command in '/home/remon/ros2_ws/build/cpp_pkg2': CMAKE_PREFIX_PATH=${CMAKE_PREFIX_PATH}:/home/remon/ros2_ws/install/my_py_pkg:/opt/ros/humble /usr/bin/cmake --install /home/remon/ros2_ws/build/cpp_pkg2
[5.774s] -- Install configuration: ""
[5.775s] -- Installing: /home/remon/ros2_ws/install/cpp_pkg2/lib/cpp_pkg2/cpp_node
[5.775s] -- Set runtime path of "/home/remon/ros2_ws/install/cpp_pkg2/lib/cpp_pkg2/cpp_node" to ""
[5.776s] -- Installing: /home/remon/ros2_ws/install/cpp_pkg2/share/ament_index/resource_index/package_run_dependencies/cpp_pkg2
[5.776s] -- Installing: /home/remon/ros2_ws/install/cpp_pkg2/share/ament_index/resource_index/parent_prefix_path/cpp_pkg2
[5.776s] -- Installing: /home/remon/ros2_ws/install/cpp_pkg2/share/cpp_pkg2/environment/ament_prefix_path.sh
[5.776s] -- Installing: /home/remon/ros2_ws/install/cpp_pkg2/share/cpp_pkg2/environment/ament_prefix_path.dsv
[5.776s] -- Installing: /home/remon/ros2_ws/install/cpp_pkg2/share/cpp_pkg2/environment/path.sh
[5.776s] -- Installing: /home/remon/ros2_ws/install/cpp_pkg2/share/cpp_pkg2/environment/path.dsv
[5.776s] -- Installing: /home/remon/ros2_ws/install/cpp_pkg2/share/cpp_pkg2/local_setup.bash
[5.777s] -- Installing: /home/remon/ros2_ws/install/cpp_pkg2/share/cpp_pkg2/local_setup.sh
[5.777s] -- Installing: /home/remon/ros2_ws/install/cpp_pkg2/share/cpp_pkg2/local_setup.zsh
[5.777s] -- Installing: /home/remon/ros2_ws/install/cpp_pkg2/share/cpp_pkg2/local_setup.dsv
[5.777s] -- Installing: /home/remon/ros2_ws/install/cpp_pkg2/share/cpp_pkg2/package.dsv
[5.777s] -- Installing: /home/remon/ros2_ws/install/cpp_pkg2/share/ament_index/resource_index/packages/cpp_pkg2
[5.777s] -- Installing: /home/remon/ros2_ws/install/cpp_pkg2/share/cpp_pkg2/cmake/cpp_pkg2Config.cmake
[5.777s] -- Installing: /home/remon/ros2_ws/install/cpp_pkg2/share/cpp_pkg2/cmake/cpp_pkg2Config-version.cmake
[5.777s] -- Installing: /home/remon/ros2_ws/install/cpp_pkg2/share/cpp_pkg2/package.xml
[5.779s] Invoked command in '/home/remon/ros2_ws/build/cpp_pkg2' returned '0': CMAKE_PREFIX_PATH=${CMAKE_PREFIX_PATH}:/home/remon/ros2_ws/install/my_py_pkg:/opt/ros/humble /usr/bin/cmake --install /home/remon/ros2_ws/build/cpp_pkg2
