[0.238s] Invoking command in '/home/remon/ros2_ws/build/hector_imu_attitude_to_tf': /usr/bin/cmake /home/remon/ros2_ws/src/hector_slam/hector_imu_attitude_to_tf -DCATKIN_INSTALL_INTO_PREFIX_ROOT=0 -DCMAKE_INSTALL_PREFIX=/home/remon/ros2_ws/install/hector_imu_attitude_to_tf
[0.513s] -- Configuring incomplete, errors occurred!
[0.513s] See also "/home/remon/ros2_ws/build/hector_imu_attitude_to_tf/CMakeFiles/CMakeOutput.log".
[0.514s] [31mCMake Error at CMakeLists.txt:4 (find_package):
[0.514s]   By not providing "Findcatkin.cmake" in CMAKE_MODULE_PATH this project has
[0.514s]   asked CMake to find a package configuration file provided by "catkin", but
[0.514s]   CMake did not find one.
[0.514s] 
[0.514s]   Could not find a package configuration file provided by "catkin" with any
[0.514s]   of the following names:
[0.514s] 
[0.514s]     catkinConfig.cmake
[0.514s]     catkin-config.cmake
[0.514s] 
[0.514s]   Add the installation prefix of "catkin" to CMAKE_PREFIX_PATH or set
[0.514s]   "catkin_DIR" to a directory containing one of the above files.  If "catkin"
[0.514s]   provides a separate development package or SDK, be sure it has been
[0.514s]   installed.
[0.514s] 
[0.514s] [0m
[0.523s] Invoked command in '/home/remon/ros2_ws/build/hector_imu_attitude_to_tf' returned '1': /usr/bin/cmake /home/remon/ros2_ws/src/hector_slam/hector_imu_attitude_to_tf -DCATKIN_INSTALL_INTO_PREFIX_ROOT=0 -DCMAKE_INSTALL_PREFIX=/home/remon/ros2_ws/install/hector_imu_attitude_to_tf
