[0.051s] Invoking command in '/home/remon/ros2_ws/build/my_bot': CMAKE_PREFIX_PATH=${CMAKE_PREFIX_PATH}:/home/remon/ros2_ws/install/my_py_pkg:/opt/ros/humble /usr/bin/cmake /home/remon/ros2_ws/src/my_bot -DCMAKE_INSTALL_PREFIX=/home/remon/ros2_ws/install/my_bot
[0.059s] -- Found ament_cmake: 1.3.5 (/opt/ros/humble/share/ament_cmake/cmake)
[0.169s] -- Override CMake install command with custom implementation using symlinks instead of copying resources
[0.175s] -- Found ament_lint_auto: 0.12.8 (/opt/ros/humble/share/ament_lint_auto/cmake)
[0.232s] -- Added test 'copyright' to check source files copyright and LICENSE
[0.236s] -- Added test 'flake8' to check Python code syntax and style conventions
[0.237s] -- Added test 'lint_cmake' to check CMake code style
[0.237s] -- Added test 'pep257' to check Python code against some of the docstring style conventions in PEP 257
[0.239s] -- Added test 'xmllint' to check XML markup files
[0.240s] -- Configuring done
[0.243s] -- Generating done
[0.244s] -- Build files have been written to: /home/remon/ros2_ws/build/my_bot
[0.247s] Invoked command in '/home/remon/ros2_ws/build/my_bot' returned '0': CMAKE_PREFIX_PATH=${CMAKE_PREFIX_PATH}:/home/remon/ros2_ws/install/my_py_pkg:/opt/ros/humble /usr/bin/cmake /home/remon/ros2_ws/src/my_bot -DCMAKE_INSTALL_PREFIX=/home/remon/ros2_ws/install/my_bot
[0.249s] Invoking command in '/home/remon/ros2_ws/build/my_bot': CMAKE_PREFIX_PATH=${CMAKE_PREFIX_PATH}:/home/remon/ros2_ws/install/my_py_pkg:/opt/ros/humble /usr/bin/cmake --build /home/remon/ros2_ws/build/my_bot -- -j8 -l8
[0.278s] Invoked command in '/home/remon/ros2_ws/build/my_bot' returned '0': CMAKE_PREFIX_PATH=${CMAKE_PREFIX_PATH}:/home/remon/ros2_ws/install/my_py_pkg:/opt/ros/humble /usr/bin/cmake --build /home/remon/ros2_ws/build/my_bot -- -j8 -l8
[0.304s] Invoking command in '/home/remon/ros2_ws/build/my_bot': CMAKE_PREFIX_PATH=${CMAKE_PREFIX_PATH}:/home/remon/ros2_ws/install/my_py_pkg:/opt/ros/humble /usr/bin/cmake --install /home/remon/ros2_ws/build/my_bot
[0.309s] -- Install configuration: ""
[0.310s] -- Execute custom install script
[0.310s] -- Up-to-date symlink: /home/remon/ros2_ws/install/my_bot/share/my_bot/config/empty.yaml
[0.310s] -- Up-to-date symlink: /home/remon/ros2_ws/install/my_bot/share/my_bot/description/robot.urdf.xacro
[0.310s] -- Up-to-date symlink: /home/remon/ros2_ws/install/my_bot/share/my_bot/description/robot_core.xacro
[0.310s] -- Up-to-date symlink: /home/remon/ros2_ws/install/my_bot/share/my_bot/launch/rsp.launch.py
[0.311s] -- Up-to-date symlink: /home/remon/ros2_ws/install/my_bot/share/my_bot/worlds/empty.world
[0.311s] -- Up-to-date symlink: /home/remon/ros2_ws/install/my_bot/share/ament_index/resource_index/package_run_dependencies/my_bot
[0.311s] -- Up-to-date symlink: /home/remon/ros2_ws/install/my_bot/share/ament_index/resource_index/parent_prefix_path/my_bot
[0.311s] -- Up-to-date symlink: /home/remon/ros2_ws/install/my_bot/share/my_bot/environment/ament_prefix_path.sh
[0.311s] -- Up-to-date symlink: /home/remon/ros2_ws/install/my_bot/share/my_bot/environment/ament_prefix_path.dsv
[0.311s] -- Up-to-date symlink: /home/remon/ros2_ws/install/my_bot/share/my_bot/environment/path.sh
[0.311s] -- Up-to-date symlink: /home/remon/ros2_ws/install/my_bot/share/my_bot/environment/path.dsv
[0.311s] -- Up-to-date symlink: /home/remon/ros2_ws/install/my_bot/share/my_bot/local_setup.bash
[0.311s] -- Up-to-date symlink: /home/remon/ros2_ws/install/my_bot/share/my_bot/local_setup.sh
[0.311s] -- Up-to-date symlink: /home/remon/ros2_ws/install/my_bot/share/my_bot/local_setup.zsh
[0.311s] -- Up-to-date symlink: /home/remon/ros2_ws/install/my_bot/share/my_bot/local_setup.dsv
[0.311s] -- Symlinking: /home/remon/ros2_ws/install/my_bot/share/my_bot/package.dsv
[0.319s] -- Up-to-date symlink: /home/remon/ros2_ws/install/my_bot/share/ament_index/resource_index/packages/my_bot
[0.319s] -- Up-to-date symlink: /home/remon/ros2_ws/install/my_bot/share/my_bot/cmake/my_botConfig.cmake
[0.319s] -- Up-to-date symlink: /home/remon/ros2_ws/install/my_bot/share/my_bot/cmake/my_botConfig-version.cmake
[0.319s] -- Up-to-date symlink: /home/remon/ros2_ws/install/my_bot/share/my_bot/package.xml
[0.320s] Invoked command in '/home/remon/ros2_ws/build/my_bot' returned '0': CMAKE_PREFIX_PATH=${CMAKE_PREFIX_PATH}:/home/remon/ros2_ws/install/my_py_pkg:/opt/ros/humble /usr/bin/cmake --install /home/remon/ros2_ws/build/my_bot
