[0.282s] Invoking command in '/home/remon/ros2_ws/build/hector_mapping': /usr/bin/cmake /home/remon/ros2_ws/src/hector_slam/hector_mapping -DCATKIN_INSTALL_INTO_PREFIX_ROOT=0 -DCMAKE_INSTALL_PREFIX=/home/remon/ros2_ws/install/hector_mapping
[0.561s] -- Configuring incomplete, errors occurred!
[0.561s] See also "/home/remon/ros2_ws/build/hector_mapping/CMakeFiles/CMakeOutput.log".
[0.561s] [31mCMake Error at CMakeLists.txt:4 (find_package):
[0.561s]   By not providing "Findcatkin.cmake" in CMAKE_MODULE_PATH this project has
[0.561s]   asked CMake to find a package configuration file provided by "catkin", but
[0.561s]   CMake did not find one.
[0.561s] 
[0.561s]   Could not find a package configuration file provided by "catkin" with any
[0.561s]   of the following names:
[0.561s] 
[0.561s]     catkinConfig.cmake
[0.561s]     catkin-config.cmake
[0.562s] 
[0.562s]   Add the installation prefix of "catkin" to CMAKE_PREFIX_PATH or set
[0.562s]   "catkin_DIR" to a directory containing one of the above files.  If "catkin"
[0.562s]   provides a separate development package or SDK, be sure it has been
[0.562s]   installed.
[0.562s] 
[0.562s] [0m
[0.568s] Invoked command in '/home/remon/ros2_ws/build/hector_mapping' returned '1': /usr/bin/cmake /home/remon/ros2_ws/src/hector_slam/hector_mapping -DCATKIN_INSTALL_INTO_PREFIX_ROOT=0 -DCMAKE_INSTALL_PREFIX=/home/remon/ros2_ws/install/hector_mapping
