[0.227s] Invoking command in '/home/remon/ros2_ws/build/hector_imu_attitude_to_tf': /usr/bin/cmake /home/remon/ros2_ws/src/hector_slam/hector_imu_attitude_to_tf -DCATKIN_INSTALL_INTO_PREFIX_ROOT=0 -DCMAKE_INSTALL_PREFIX=/home/remon/ros2_ws/install/hector_imu_attitude_to_tf
[5.107s] -- The C compiler identification is GNU 11.4.0
[7.597s] -- The CXX compiler identification is GNU 11.4.0
[7.622s] -- Detecting C compiler ABI info
[7.900s] -- Detecting C compiler ABI info - done
[7.908s] -- Check for working C compiler: /usr/bin/cc - skipped
[7.908s] -- Detecting C compile features
[7.909s] -- Detecting C compile features - done
[7.921s] -- Detecting CXX compiler ABI info
[8.188s] -- Detecting CXX compiler ABI info - done
[8.202s] -- Check for working CXX compiler: /usr/bin/c++ - skipped
[8.202s] -- Detecting CXX compile features
[8.203s] -- Detecting CXX compile features - done
[8.273s] [31mCMake Error at CMakeLists.txt:4 (find_package):
[8.273s]   By not providing "Findcatkin.cmake" in CMAKE_MODULE_PATH this project has
[8.274s]   asked CMake to find a package configuration file provided by "catkin", but
[8.274s]   CMake did not find one.
[8.274s] 
[8.274s]   Could not find a package configuration file provided by "catkin" with any
[8.274s]   of the following names:
[8.274s] 
[8.274s]     catkinConfig.cmake
[8.275s]     catkin-config.cmake
[8.275s] 
[8.275s]   Add the installation prefix of "catkin" to CMAKE_PREFIX_PATH or set
[8.275s]   "catkin_DIR" to a directory containing one of the above files.  If "catkin"
[8.275s]   provides a separate development package or SDK, be sure it has been
[8.275s]   installed.
[8.275s] 
[8.275s] [0m
[8.282s] -- Configuring incomplete, errors occurred!
[8.282s] See also "/home/remon/ros2_ws/build/hector_imu_attitude_to_tf/CMakeFiles/CMakeOutput.log".
[8.286s] Invoked command in '/home/remon/ros2_ws/build/hector_imu_attitude_to_tf' returned '1': /usr/bin/cmake /home/remon/ros2_ws/src/hector_slam/hector_imu_attitude_to_tf -DCATKIN_INSTALL_INTO_PREFIX_ROOT=0 -DCMAKE_INSTALL_PREFIX=/home/remon/ros2_ws/install/hector_imu_attitude_to_tf
