[0.052s] Invoking command in '/home/remon/ros2_ws/build/fw_robot': CMAKE_PREFIX_PATH=${CMAKE_PREFIX_PATH}:/home/remon/ros2_ws/install/my_py_pkg:/opt/ros/humble /usr/bin/cmake /home/remon/ros2_ws/src/fw_robot -DCMAKE_INSTALL_PREFIX=/home/remon/ros2_ws/install/fw_robot
[0.061s] -- Found ament_cmake: 1.3.5 (/opt/ros/humble/share/ament_cmake/cmake)
[0.181s] -- Found rclcpp: 16.0.6 (/opt/ros/humble/share/rclcpp/cmake)
[0.203s] -- Found rosidl_generator_c: 3.1.5 (/opt/ros/humble/share/rosidl_generator_c/cmake)
[0.206s] -- Found rosidl_adapter: 3.1.5 (/opt/ros/humble/share/rosidl_adapter/cmake)
[0.210s] -- Found rosidl_generator_cpp: 3.1.5 (/opt/ros/humble/share/rosidl_generator_cpp/cmake)
[0.219s] -- Using all available rosidl_typesupport_c: rosidl_typesupport_fastrtps_c;rosidl_typesupport_introspection_c
[0.231s] -- Using all available rosidl_typesupport_cpp: rosidl_typesupport_fastrtps_cpp;rosidl_typesupport_introspection_cpp
[0.276s] -- Found rmw_implementation_cmake: 6.1.1 (/opt/ros/humble/share/rmw_implementation_cmake/cmake)
[0.277s] -- Found rmw_fastrtps_cpp: 6.2.4 (/opt/ros/humble/share/rmw_fastrtps_cpp/cmake)
[0.380s] -- Using RMW implementation 'rmw_fastrtps_cpp' as default
[0.509s] -- Found tf2: 0.25.4 (/opt/ros/humble/share/tf2/cmake)
[0.554s] -- Found urdf: 2.6.0 (/opt/ros/humble/share/urdf/cmake)
[0.579s] [31mCMake Error at CMakeLists.txt:14 (find_package):
[0.579s]   By not providing "Findrviz.cmake" in CMAKE_MODULE_PATH this project has
[0.579s]   asked CMake to find a package configuration file provided by "rviz", but
[0.579s]   CMake did not find one.
[0.579s] 
[0.579s]   Could not find a package configuration file provided by "rviz" with any of
[0.579s]   the following names:
[0.579s] 
[0.579s]     rvizConfig.cmake
[0.580s]     rviz-config.cmake
[0.580s] 
[0.580s]   Add the installation prefix of "rviz" to CMAKE_PREFIX_PATH or set
[0.580s]   "rviz_DIR" to a directory containing one of the above files.  If "rviz"
[0.580s]   provides a separate development package or SDK, be sure it has been
[0.580s]   installed.
[0.580s] 
[0.580s] [0m
[0.580s] -- Configuring incomplete, errors occurred!
[0.580s] See also "/home/remon/ros2_ws/build/fw_robot/CMakeFiles/CMakeOutput.log".
[0.587s] Invoked command in '/home/remon/ros2_ws/build/fw_robot' returned '1': CMAKE_PREFIX_PATH=${CMAKE_PREFIX_PATH}:/home/remon/ros2_ws/install/my_py_pkg:/opt/ros/humble /usr/bin/cmake /home/remon/ros2_ws/src/fw_robot -DCMAKE_INSTALL_PREFIX=/home/remon/ros2_ws/install/fw_robot
