running develop
Removing /home/remon/ros2_ws/install/autonomous_exploration/lib/python3.10/site-packages/autonomous-exploration.egg-link (link to .)
running egg_info
writing ../../build/autonomous_exploration/autonomous_exploration.egg-info/PKG-INFO
writing dependency_links to ../../build/autonomous_exploration/autonomous_exploration.egg-info/dependency_links.txt
writing entry points to ../../build/autonomous_exploration/autonomous_exploration.egg-info/entry_points.txt
writing requirements to ../../build/autonomous_exploration/autonomous_exploration.egg-info/requires.txt
writing top-level names to ../../build/autonomous_exploration/autonomous_exploration.egg-info/top_level.txt
reading manifest file '../../build/autonomous_exploration/autonomous_exploration.egg-info/SOURCES.txt'
writing manifest file '../../build/autonomous_exploration/autonomous_exploration.egg-info/SOURCES.txt'
running build
running build_py
copying autonomous_exploration/control.py -> /home/remon/ros2_ws/build/autonomous_exploration/build/lib/autonomous_exploration
running install
running install_lib
creating /home/remon/ros2_ws/install/autonomous_exploration/lib/python3.10/site-packages/autonomous_exploration
copying /home/remon/ros2_ws/build/autonomous_exploration/build/lib/autonomous_exploration/__init__.py -> /home/remon/ros2_ws/install/autonomous_exploration/lib/python3.10/site-packages/autonomous_exploration
copying /home/remon/ros2_ws/build/autonomous_exploration/build/lib/autonomous_exploration/control.py -> /home/remon/ros2_ws/install/autonomous_exploration/lib/python3.10/site-packages/autonomous_exploration
byte-compiling /home/remon/ros2_ws/install/autonomous_exploration/lib/python3.10/site-packages/autonomous_exploration/__init__.py to __init__.cpython-310.pyc
byte-compiling /home/remon/ros2_ws/install/autonomous_exploration/lib/python3.10/site-packages/autonomous_exploration/control.py to control.cpython-310.pyc
running install_data
running install_egg_info
Copying ../../build/autonomous_exploration/autonomous_exploration.egg-info to /home/remon/ros2_ws/install/autonomous_exploration/lib/python3.10/site-packages/autonomous_exploration-0.0.0-py3.10.egg-info
running install_scripts
Installing control script to /home/remon/ros2_ws/install/autonomous_exploration/lib/autonomous_exploration
writing list of installed files to '/home/remon/ros2_ws/build/autonomous_exploration/install.log'
