[0.545s] Invoking command in '/home/remon/ros2_ws/src/my_py_pkg': PYTHONPATH=/home/remon/ros2_ws/build/my_py_pkg/prefix_override:/home/remon/ros2_ws/install/my_py_pkg/lib/python3.10/site-packages:${PYTHONPATH} /usr/bin/python3 setup.py egg_info --egg-base ../../build/my_py_pkg build --build-base /home/remon/ros2_ws/build/my_py_pkg/build install --record /home/remon/ros2_ws/build/my_py_pkg/install.log --single-version-externally-managed
[0.722s] running egg_info
[0.722s] writing ../../build/my_py_pkg/my_py_pkg.egg-info/PKG-INFO
[0.723s] writing dependency_links to ../../build/my_py_pkg/my_py_pkg.egg-info/dependency_links.txt
[0.723s] writing entry points to ../../build/my_py_pkg/my_py_pkg.egg-info/entry_points.txt
[0.723s] writing requirements to ../../build/my_py_pkg/my_py_pkg.egg-info/requires.txt
[0.723s] writing top-level names to ../../build/my_py_pkg/my_py_pkg.egg-info/top_level.txt
[0.725s] reading manifest file '../../build/my_py_pkg/my_py_pkg.egg-info/SOURCES.txt'
[0.726s] writing manifest file '../../build/my_py_pkg/my_py_pkg.egg-info/SOURCES.txt'
[0.726s] running build
[0.726s] running build_py
[0.726s] copying my_py_pkg/1py_node.py -> /home/remon/ros2_ws/build/my_py_pkg/build/lib/my_py_pkg
[0.726s] running install
[0.727s] running install_lib
[0.727s] copying /home/remon/ros2_ws/build/my_py_pkg/build/lib/my_py_pkg/1py_node.py -> /home/remon/ros2_ws/install/my_py_pkg/lib/python3.10/site-packages/my_py_pkg
[0.728s] byte-compiling /home/remon/ros2_ws/install/my_py_pkg/lib/python3.10/site-packages/my_py_pkg/1py_node.py to 1py_node.cpython-310.pyc
[0.728s] running install_data
[0.729s] running install_egg_info
[0.731s] removing '/home/remon/ros2_ws/install/my_py_pkg/lib/python3.10/site-packages/my_py_pkg-0.0.0-py3.10.egg-info' (and everything under it)
[0.731s] Copying ../../build/my_py_pkg/my_py_pkg.egg-info to /home/remon/ros2_ws/install/my_py_pkg/lib/python3.10/site-packages/my_py_pkg-0.0.0-py3.10.egg-info
[0.731s] running install_scripts
[0.746s] Installing py_node script to /home/remon/ros2_ws/install/my_py_pkg/lib/my_py_pkg
[0.747s] writing list of installed files to '/home/remon/ros2_ws/build/my_py_pkg/install.log'
[0.766s] Invoked command in '/home/remon/ros2_ws/src/my_py_pkg' returned '0': PYTHONPATH=/home/remon/ros2_ws/build/my_py_pkg/prefix_override:/home/remon/ros2_ws/install/my_py_pkg/lib/python3.10/site-packages:${PYTHONPATH} /usr/bin/python3 setup.py egg_info --egg-base ../../build/my_py_pkg build --build-base /home/remon/ros2_ws/build/my_py_pkg/build install --record /home/remon/ros2_ws/build/my_py_pkg/install.log --single-version-externally-managed
