[0.316s] Invoking command in '/home/remon/ros2_ws/build/my_cpp_pkg': CMAKE_PREFIX_PATH=${CMAKE_PREFIX_PATH}:/home/remon/ros2_ws/install/my_py_pkg:/opt/ros/humble /usr/bin/cmake /home/remon/ros2_ws/src/my_cpp_pkg -DAMENT_CMAKE_SYMLINK_INSTALL=1 -DCMAKE_INSTALL_PREFIX=/home/remon/ros2_ws/install/my_cpp_pkg
[0.936s] -- Found ament_cmake: 1.3.5 (/opt/ros/humble/share/ament_cmake/cmake)
[1.722s] -- Override CMake install command with custom implementation using symlinks instead of copying resources
[2.790s] -- Found rclcpp: 16.0.6 (/opt/ros/humble/share/rclcpp/cmake)
[4.180s] -- Found rosidl_generator_c: 3.1.5 (/opt/ros/humble/share/rosidl_generator_c/cmake)
[4.287s] -- Found rosidl_adapter: 3.1.5 (/opt/ros/humble/share/rosidl_adapter/cmake)
[4.450s] -- Found rosidl_generator_cpp: 3.1.5 (/opt/ros/humble/share/rosidl_generator_cpp/cmake)
[4.605s] -- Using all available rosidl_typesupport_c: rosidl_typesupport_fastrtps_c;rosidl_typesupport_introspection_c
[4.787s] -- Using all available rosidl_typesupport_cpp: rosidl_typesupport_fastrtps_cpp;rosidl_typesupport_introspection_cpp
[5.253s] -- Found rmw_implementation_cmake: 6.1.1 (/opt/ros/humble/share/rmw_implementation_cmake/cmake)
[5.318s] -- Found rmw_fastrtps_cpp: 6.2.4 (/opt/ros/humble/share/rmw_fastrtps_cpp/cmake)
[5.679s] -- Using RMW implementation 'rmw_fastrtps_cpp' as default
[6.281s] -- Found ament_lint_auto: 0.12.8 (/opt/ros/humble/share/ament_lint_auto/cmake)
[6.557s] -- Added test 'cppcheck' to perform static code analysis on C / C++ code
[6.558s] -- Configured cppcheck include dirs: 
[6.558s] -- Configured cppcheck exclude dirs and/or files: 
[6.558s] -- Added test 'lint_cmake' to check CMake code style
[6.560s] -- Added test 'uncrustify' to check C / C++ code style
[6.560s] -- Configured uncrustify additional arguments: 
[6.560s] -- Added test 'xmllint' to check XML markup files
[6.675s] -- Configuring done
[6.687s] -- Generating done
[6.689s] -- Build files have been written to: /home/remon/ros2_ws/build/my_cpp_pkg
[6.696s] Invoked command in '/home/remon/ros2_ws/build/my_cpp_pkg' returned '0': CMAKE_PREFIX_PATH=${CMAKE_PREFIX_PATH}:/home/remon/ros2_ws/install/my_py_pkg:/opt/ros/humble /usr/bin/cmake /home/remon/ros2_ws/src/my_cpp_pkg -DAMENT_CMAKE_SYMLINK_INSTALL=1 -DCMAKE_INSTALL_PREFIX=/home/remon/ros2_ws/install/my_cpp_pkg
[6.697s] Invoking command in '/home/remon/ros2_ws/build/my_cpp_pkg': CMAKE_PREFIX_PATH=${CMAKE_PREFIX_PATH}:/home/remon/ros2_ws/install/my_py_pkg:/opt/ros/humble /usr/bin/cmake --build /home/remon/ros2_ws/build/my_cpp_pkg -- -j8 -l8
[6.741s] Invoked command in '/home/remon/ros2_ws/build/my_cpp_pkg' returned '0': CMAKE_PREFIX_PATH=${CMAKE_PREFIX_PATH}:/home/remon/ros2_ws/install/my_py_pkg:/opt/ros/humble /usr/bin/cmake --build /home/remon/ros2_ws/build/my_cpp_pkg -- -j8 -l8
[6.778s] Invoking command in '/home/remon/ros2_ws/build/my_cpp_pkg': CMAKE_PREFIX_PATH=${CMAKE_PREFIX_PATH}:/home/remon/ros2_ws/install/my_py_pkg:/opt/ros/humble /usr/bin/cmake --install /home/remon/ros2_ws/build/my_cpp_pkg
[6.784s] -- Install configuration: ""
[6.785s] -- Execute custom install script
[6.785s] -- Symlinking: /home/remon/ros2_ws/install/my_cpp_pkg/share/ament_index/resource_index/package_run_dependencies/my_cpp_pkg
[6.793s] -- Symlinking: /home/remon/ros2_ws/install/my_cpp_pkg/share/ament_index/resource_index/parent_prefix_path/my_cpp_pkg
[6.800s] -- Symlinking: /home/remon/ros2_ws/install/my_cpp_pkg/share/my_cpp_pkg/environment/ament_prefix_path.sh
[6.808s] -- Symlinking: /home/remon/ros2_ws/install/my_cpp_pkg/share/my_cpp_pkg/environment/ament_prefix_path.dsv
[6.816s] -- Symlinking: /home/remon/ros2_ws/install/my_cpp_pkg/share/my_cpp_pkg/environment/path.sh
[6.824s] -- Symlinking: /home/remon/ros2_ws/install/my_cpp_pkg/share/my_cpp_pkg/environment/path.dsv
[6.832s] -- Symlinking: /home/remon/ros2_ws/install/my_cpp_pkg/share/my_cpp_pkg/local_setup.bash
[6.844s] -- Symlinking: /home/remon/ros2_ws/install/my_cpp_pkg/share/my_cpp_pkg/local_setup.sh
[6.856s] -- Symlinking: /home/remon/ros2_ws/install/my_cpp_pkg/share/my_cpp_pkg/local_setup.zsh
[6.867s] -- Symlinking: /home/remon/ros2_ws/install/my_cpp_pkg/share/my_cpp_pkg/local_setup.dsv
[6.876s] -- Symlinking: /home/remon/ros2_ws/install/my_cpp_pkg/share/my_cpp_pkg/package.dsv
[6.895s] -- Symlinking: /home/remon/ros2_ws/install/my_cpp_pkg/share/ament_index/resource_index/packages/my_cpp_pkg
[6.912s] -- Symlinking: /home/remon/ros2_ws/install/my_cpp_pkg/share/my_cpp_pkg/cmake/my_cpp_pkgConfig.cmake
[6.923s] -- Symlinking: /home/remon/ros2_ws/install/my_cpp_pkg/share/my_cpp_pkg/cmake/my_cpp_pkgConfig-version.cmake
[6.933s] -- Symlinking: /home/remon/ros2_ws/install/my_cpp_pkg/share/my_cpp_pkg/package.xml
[6.972s] Invoked command in '/home/remon/ros2_ws/build/my_cpp_pkg' returned '0': CMAKE_PREFIX_PATH=${CMAKE_PREFIX_PATH}:/home/remon/ros2_ws/install/my_py_pkg:/opt/ros/humble /usr/bin/cmake --install /home/remon/ros2_ws/build/my_cpp_pkg
