[0.667s] DEBUG:colcon:Command line arguments: ['/usr/bin/colcon', 'build', '--symlink-install']
[0.667s] DEBUG:colcon:Parsed command line arguments: Namespace(log_base=None, log_level=None, verb_name='build', build_base='build', install_base='install', merge_install=False, symlink_install=True, test_result_base=None, continue_on_error=False, executor='parallel', parallel_workers=8, event_handlers=None, ignore_user_meta=False, metas=['./colcon.meta'], base_paths=['.'], packages_ignore=None, packages_ignore_regex=None, paths=None, packages_up_to=None, packages_up_to_regex=None, packages_above=None, packages_above_and_dependencies=None, packages_above_depth=None, packages_select_by_dep=None, packages_skip_by_dep=None, packages_skip_up_to=None, packages_select_build_failed=False, packages_skip_build_finished=False, packages_select_test_failures=False, packages_skip_test_passed=False, packages_select=None, packages_skip=None, packages_select_regex=None, packages_skip_regex=None, packages_start=None, packages_end=None, allow_overriding=[], cmake_args=None, cmake_target=None, cmake_target_skip_unavailable=False, cmake_clean_cache=False, cmake_clean_first=False, cmake_force_configure=False, ament_cmake_args=None, catkin_cmake_args=None, catkin_skip_building_tests=False, verb_parser=<colcon_defaults.argument_parser.defaults.DefaultArgumentsDecorator object at 0x7f66fea42b90>, verb_extension=<colcon_core.verb.build.BuildVerb object at 0x7f66fea5f190>, main=<bound method BuildVerb.main of <colcon_core.verb.build.BuildVerb object at 0x7f66fea5f190>>)
[0.698s] Level 1:colcon.colcon_core.package_discovery:discover_packages(colcon_meta) check parameters
[0.698s] Level 1:colcon.colcon_core.package_discovery:discover_packages(recursive) check parameters
[0.698s] Level 1:colcon.colcon_core.package_discovery:discover_packages(ignore) check parameters
[0.698s] Level 1:colcon.colcon_core.package_discovery:discover_packages(path) check parameters
[0.698s] Level 1:colcon.colcon_core.package_discovery:discover_packages(colcon_meta) discover
[0.699s] Level 1:colcon.colcon_core.package_discovery:discover_packages(recursive) discover
[0.699s] INFO:colcon.colcon_core.package_discovery:Crawling recursively for packages in '/home/remon/ros2_ws'
[0.699s] Level 1:colcon.colcon_core.package_identification:_identify(.) by extensions ['ignore', 'ignore_ament_install']
[0.699s] Level 1:colcon.colcon_core.package_identification:_identify(.) by extension 'ignore'
[0.699s] Level 1:colcon.colcon_core.package_identification:_identify(.) by extension 'ignore_ament_install'
[0.699s] Level 1:colcon.colcon_core.package_identification:_identify(.) by extensions ['colcon_pkg']
[0.699s] Level 1:colcon.colcon_core.package_identification:_identify(.) by extension 'colcon_pkg'
[0.699s] Level 1:colcon.colcon_core.package_identification:_identify(.) by extensions ['colcon_meta']
[0.699s] Level 1:colcon.colcon_core.package_identification:_identify(.) by extension 'colcon_meta'
[0.699s] Level 1:colcon.colcon_core.package_identification:_identify(.) by extensions ['ros']
[0.699s] Level 1:colcon.colcon_core.package_identification:_identify(.) by extension 'ros'
[0.707s] Level 1:colcon.colcon_core.package_identification:_identify(.) by extensions ['cmake', 'python']
[0.707s] Level 1:colcon.colcon_core.package_identification:_identify(.) by extension 'cmake'
[0.707s] Level 1:colcon.colcon_core.package_identification:_identify(.) by extension 'python'
[0.707s] Level 1:colcon.colcon_core.package_identification:_identify(.) by extensions ['python_setup_py']
[0.707s] Level 1:colcon.colcon_core.package_identification:_identify(.) by extension 'python_setup_py'
[0.707s] Level 1:colcon.colcon_core.package_identification:_identify(build) by extensions ['ignore', 'ignore_ament_install']
[0.707s] Level 1:colcon.colcon_core.package_identification:_identify(build) by extension 'ignore'
[0.707s] Level 1:colcon.colcon_core.package_identification:_identify(build) ignored
[0.707s] Level 1:colcon.colcon_core.package_identification:_identify(install) by extensions ['ignore', 'ignore_ament_install']
[0.707s] Level 1:colcon.colcon_core.package_identification:_identify(install) by extension 'ignore'
[0.707s] Level 1:colcon.colcon_core.package_identification:_identify(install) ignored
[0.708s] Level 1:colcon.colcon_core.package_identification:_identify(log) by extensions ['ignore', 'ignore_ament_install']
[0.708s] Level 1:colcon.colcon_core.package_identification:_identify(log) by extension 'ignore'
[0.708s] Level 1:colcon.colcon_core.package_identification:_identify(log) ignored
[0.708s] Level 1:colcon.colcon_core.package_identification:_identify(src) by extensions ['ignore', 'ignore_ament_install']
[0.708s] Level 1:colcon.colcon_core.package_identification:_identify(src) by extension 'ignore'
[0.708s] Level 1:colcon.colcon_core.package_identification:_identify(src) by extension 'ignore_ament_install'
[0.708s] Level 1:colcon.colcon_core.package_identification:_identify(src) by extensions ['colcon_pkg']
[0.708s] Level 1:colcon.colcon_core.package_identification:_identify(src) by extension 'colcon_pkg'
[0.708s] Level 1:colcon.colcon_core.package_identification:_identify(src) by extensions ['colcon_meta']
[0.708s] Level 1:colcon.colcon_core.package_identification:_identify(src) by extension 'colcon_meta'
[0.708s] Level 1:colcon.colcon_core.package_identification:_identify(src) by extensions ['ros']
[0.708s] Level 1:colcon.colcon_core.package_identification:_identify(src) by extension 'ros'
[0.708s] Level 1:colcon.colcon_core.package_identification:_identify(src) by extensions ['cmake', 'python']
[0.708s] Level 1:colcon.colcon_core.package_identification:_identify(src) by extension 'cmake'
[0.708s] Level 1:colcon.colcon_core.package_identification:_identify(src) by extension 'python'
[0.708s] Level 1:colcon.colcon_core.package_identification:_identify(src) by extensions ['python_setup_py']
[0.708s] Level 1:colcon.colcon_core.package_identification:_identify(src) by extension 'python_setup_py'
[0.708s] Level 1:colcon.colcon_core.package_identification:_identify(src/my_cpp_pkg) by extensions ['ignore', 'ignore_ament_install']
[0.708s] Level 1:colcon.colcon_core.package_identification:_identify(src/my_cpp_pkg) by extension 'ignore'
[0.708s] Level 1:colcon.colcon_core.package_identification:_identify(src/my_cpp_pkg) by extension 'ignore_ament_install'
[0.708s] Level 1:colcon.colcon_core.package_identification:_identify(src/my_cpp_pkg) by extensions ['colcon_pkg']
[0.708s] Level 1:colcon.colcon_core.package_identification:_identify(src/my_cpp_pkg) by extension 'colcon_pkg'
[0.708s] Level 1:colcon.colcon_core.package_identification:_identify(src/my_cpp_pkg) by extensions ['colcon_meta']
[0.708s] Level 1:colcon.colcon_core.package_identification:_identify(src/my_cpp_pkg) by extension 'colcon_meta'
[0.708s] Level 1:colcon.colcon_core.package_identification:_identify(src/my_cpp_pkg) by extensions ['ros']
[0.708s] Level 1:colcon.colcon_core.package_identification:_identify(src/my_cpp_pkg) by extension 'ros'
[0.710s] DEBUG:colcon.colcon_core.package_identification:Package 'src/my_cpp_pkg' with type 'ros.ament_cmake' and name 'my_cpp_pkg'
[0.710s] Level 1:colcon.colcon_core.package_identification:_identify(src/my_py_pkg) by extensions ['ignore', 'ignore_ament_install']
[0.710s] Level 1:colcon.colcon_core.package_identification:_identify(src/my_py_pkg) by extension 'ignore'
[0.710s] Level 1:colcon.colcon_core.package_identification:_identify(src/my_py_pkg) by extension 'ignore_ament_install'
[0.710s] Level 1:colcon.colcon_core.package_identification:_identify(src/my_py_pkg) by extensions ['colcon_pkg']
[0.710s] Level 1:colcon.colcon_core.package_identification:_identify(src/my_py_pkg) by extension 'colcon_pkg'
[0.710s] Level 1:colcon.colcon_core.package_identification:_identify(src/my_py_pkg) by extensions ['colcon_meta']
[0.711s] Level 1:colcon.colcon_core.package_identification:_identify(src/my_py_pkg) by extension 'colcon_meta'
[0.711s] Level 1:colcon.colcon_core.package_identification:_identify(src/my_py_pkg) by extensions ['ros']
[0.711s] Level 1:colcon.colcon_core.package_identification:_identify(src/my_py_pkg) by extension 'ros'
[0.711s] DEBUG:colcon.colcon_core.package_identification:Package 'src/my_py_pkg' with type 'ros.ament_python' and name 'my_py_pkg'
[0.711s] Level 1:colcon.colcon_core.package_identification:_identify(src/sllidar_ros2) by extensions ['ignore', 'ignore_ament_install']
[0.711s] Level 1:colcon.colcon_core.package_identification:_identify(src/sllidar_ros2) by extension 'ignore'
[0.711s] Level 1:colcon.colcon_core.package_identification:_identify(src/sllidar_ros2) by extension 'ignore_ament_install'
[0.711s] Level 1:colcon.colcon_core.package_identification:_identify(src/sllidar_ros2) by extensions ['colcon_pkg']
[0.711s] Level 1:colcon.colcon_core.package_identification:_identify(src/sllidar_ros2) by extension 'colcon_pkg'
[0.711s] Level 1:colcon.colcon_core.package_identification:_identify(src/sllidar_ros2) by extensions ['colcon_meta']
[0.711s] Level 1:colcon.colcon_core.package_identification:_identify(src/sllidar_ros2) by extension 'colcon_meta'
[0.711s] Level 1:colcon.colcon_core.package_identification:_identify(src/sllidar_ros2) by extensions ['ros']
[0.711s] Level 1:colcon.colcon_core.package_identification:_identify(src/sllidar_ros2) by extension 'ros'
[0.712s] DEBUG:colcon.colcon_core.package_identification:Package 'src/sllidar_ros2' with type 'ros.ament_cmake' and name 'sllidar_ros2'
[0.712s] Level 1:colcon.colcon_core.package_discovery:discover_packages(recursive) using defaults
[0.712s] Level 1:colcon.colcon_core.package_discovery:discover_packages(ignore) discover
[0.712s] Level 1:colcon.colcon_core.package_discovery:discover_packages(ignore) using defaults
[0.712s] Level 1:colcon.colcon_core.package_discovery:discover_packages(path) discover
[0.712s] Level 1:colcon.colcon_core.package_discovery:discover_packages(path) using defaults
[0.773s] Level 1:colcon.colcon_core.package_discovery:discover_packages(prefix_path) check parameters
[0.773s] Level 1:colcon.colcon_core.package_discovery:discover_packages(prefix_path) discover
[0.792s] DEBUG:colcon.colcon_installed_package_information.package_discovery:Found 3 installed packages in /home/remon/ros2_ws/install
[0.802s] DEBUG:colcon.colcon_installed_package_information.package_discovery:Found 270 installed packages in /opt/ros/humble
[0.803s] Level 1:colcon.colcon_core.package_discovery:discover_packages(prefix_path) using defaults
[0.867s] Level 5:colcon.colcon_core.verb:set package 'my_cpp_pkg' build argument 'cmake_args' from command line to 'None'
[0.867s] Level 5:colcon.colcon_core.verb:set package 'my_cpp_pkg' build argument 'cmake_target' from command line to 'None'
[0.867s] Level 5:colcon.colcon_core.verb:set package 'my_cpp_pkg' build argument 'cmake_target_skip_unavailable' from command line to 'False'
[0.867s] Level 5:colcon.colcon_core.verb:set package 'my_cpp_pkg' build argument 'cmake_clean_cache' from command line to 'False'
[0.867s] Level 5:colcon.colcon_core.verb:set package 'my_cpp_pkg' build argument 'cmake_clean_first' from command line to 'False'
[0.867s] Level 5:colcon.colcon_core.verb:set package 'my_cpp_pkg' build argument 'cmake_force_configure' from command line to 'False'
[0.867s] Level 5:colcon.colcon_core.verb:set package 'my_cpp_pkg' build argument 'ament_cmake_args' from command line to 'None'
[0.867s] Level 5:colcon.colcon_core.verb:set package 'my_cpp_pkg' build argument 'catkin_cmake_args' from command line to 'None'
[0.867s] Level 5:colcon.colcon_core.verb:set package 'my_cpp_pkg' build argument 'catkin_skip_building_tests' from command line to 'False'
[0.867s] DEBUG:colcon.colcon_core.verb:Building package 'my_cpp_pkg' with the following arguments: {'ament_cmake_args': None, 'build_base': '/home/remon/ros2_ws/build/my_cpp_pkg', 'catkin_cmake_args': None, 'catkin_skip_building_tests': False, 'cmake_args': None, 'cmake_clean_cache': False, 'cmake_clean_first': False, 'cmake_force_configure': False, 'cmake_target': None, 'cmake_target_skip_unavailable': False, 'install_base': '/home/remon/ros2_ws/install/my_cpp_pkg', 'merge_install': False, 'path': '/home/remon/ros2_ws/src/my_cpp_pkg', 'symlink_install': True, 'test_result_base': None}
[0.876s] Level 5:colcon.colcon_core.verb:set package 'my_py_pkg' build argument 'cmake_args' from command line to 'None'
[0.876s] Level 5:colcon.colcon_core.verb:set package 'my_py_pkg' build argument 'cmake_target' from command line to 'None'
[0.876s] Level 5:colcon.colcon_core.verb:set package 'my_py_pkg' build argument 'cmake_target_skip_unavailable' from command line to 'False'
[0.876s] Level 5:colcon.colcon_core.verb:set package 'my_py_pkg' build argument 'cmake_clean_cache' from command line to 'False'
[0.876s] Level 5:colcon.colcon_core.verb:set package 'my_py_pkg' build argument 'cmake_clean_first' from command line to 'False'
[0.876s] Level 5:colcon.colcon_core.verb:set package 'my_py_pkg' build argument 'cmake_force_configure' from command line to 'False'
[0.876s] Level 5:colcon.colcon_core.verb:set package 'my_py_pkg' build argument 'ament_cmake_args' from command line to 'None'
[0.876s] Level 5:colcon.colcon_core.verb:set package 'my_py_pkg' build argument 'catkin_cmake_args' from command line to 'None'
[0.876s] Level 5:colcon.colcon_core.verb:set package 'my_py_pkg' build argument 'catkin_skip_building_tests' from command line to 'False'
[0.876s] DEBUG:colcon.colcon_core.verb:Building package 'my_py_pkg' with the following arguments: {'ament_cmake_args': None, 'build_base': '/home/remon/ros2_ws/build/my_py_pkg', 'catkin_cmake_args': None, 'catkin_skip_building_tests': False, 'cmake_args': None, 'cmake_clean_cache': False, 'cmake_clean_first': False, 'cmake_force_configure': False, 'cmake_target': None, 'cmake_target_skip_unavailable': False, 'install_base': '/home/remon/ros2_ws/install/my_py_pkg', 'merge_install': False, 'path': '/home/remon/ros2_ws/src/my_py_pkg', 'symlink_install': True, 'test_result_base': None}
[0.885s] Level 5:colcon.colcon_core.verb:set package 'sllidar_ros2' build argument 'cmake_args' from command line to 'None'
[0.885s] Level 5:colcon.colcon_core.verb:set package 'sllidar_ros2' build argument 'cmake_target' from command line to 'None'
[0.885s] Level 5:colcon.colcon_core.verb:set package 'sllidar_ros2' build argument 'cmake_target_skip_unavailable' from command line to 'False'
[0.886s] Level 5:colcon.colcon_core.verb:set package 'sllidar_ros2' build argument 'cmake_clean_cache' from command line to 'False'
[0.886s] Level 5:colcon.colcon_core.verb:set package 'sllidar_ros2' build argument 'cmake_clean_first' from command line to 'False'
[0.886s] Level 5:colcon.colcon_core.verb:set package 'sllidar_ros2' build argument 'cmake_force_configure' from command line to 'False'
[0.886s] Level 5:colcon.colcon_core.verb:set package 'sllidar_ros2' build argument 'ament_cmake_args' from command line to 'None'
[0.886s] Level 5:colcon.colcon_core.verb:set package 'sllidar_ros2' build argument 'catkin_cmake_args' from command line to 'None'
[0.886s] Level 5:colcon.colcon_core.verb:set package 'sllidar_ros2' build argument 'catkin_skip_building_tests' from command line to 'False'
[0.886s] DEBUG:colcon.colcon_core.verb:Building package 'sllidar_ros2' with the following arguments: {'ament_cmake_args': None, 'build_base': '/home/remon/ros2_ws/build/sllidar_ros2', 'catkin_cmake_args': None, 'catkin_skip_building_tests': False, 'cmake_args': None, 'cmake_clean_cache': False, 'cmake_clean_first': False, 'cmake_force_configure': False, 'cmake_target': None, 'cmake_target_skip_unavailable': False, 'install_base': '/home/remon/ros2_ws/install/sllidar_ros2', 'merge_install': False, 'path': '/home/remon/ros2_ws/src/sllidar_ros2', 'symlink_install': True, 'test_result_base': None}
[0.895s] INFO:colcon.colcon_core.executor:Executing jobs using 'parallel' executor
[0.904s] DEBUG:colcon.colcon_parallel_executor.executor.parallel:run_until_complete
[0.904s] INFO:colcon.colcon_ros.task.ament_cmake.build:Building ROS package in '/home/remon/ros2_ws/src/my_cpp_pkg' with build type 'ament_cmake'
[0.905s] INFO:colcon.colcon_cmake.task.cmake.build:Building CMake package in '/home/remon/ros2_ws/src/my_cpp_pkg'
[0.916s] INFO:colcon.colcon_core.plugin_system:Skipping extension 'colcon_core.shell.bat': Not used on non-Windows systems
[0.916s] INFO:colcon.colcon_core.shell:Skip shell extension 'powershell' for command environment: Not usable outside of PowerShell
[0.916s] DEBUG:colcon.colcon_core.shell:Skip shell extension 'dsv' for command environment
[0.947s] INFO:colcon.colcon_ros.task.ament_python.build:Building ROS package in '/home/remon/ros2_ws/src/my_py_pkg' with build type 'ament_python'
[0.947s] Level 1:colcon.colcon_core.shell:create_environment_hook('my_py_pkg', 'ament_prefix_path')
[0.957s] INFO:colcon.colcon_core.shell:Creating environment hook '/home/remon/ros2_ws/install/my_py_pkg/share/my_py_pkg/hook/ament_prefix_path.ps1'
[0.957s] INFO:colcon.colcon_core.shell:Creating environment descriptor '/home/remon/ros2_ws/install/my_py_pkg/share/my_py_pkg/hook/ament_prefix_path.dsv'
[0.957s] INFO:colcon.colcon_core.shell:Creating environment hook '/home/remon/ros2_ws/install/my_py_pkg/share/my_py_pkg/hook/ament_prefix_path.sh'
[0.968s] INFO:colcon.colcon_core.shell:Skip shell extension 'powershell' for command environment: Not usable outside of PowerShell
[0.968s] DEBUG:colcon.colcon_core.shell:Skip shell extension 'dsv' for command environment
[0.999s] INFO:colcon.colcon_ros.task.ament_cmake.build:Building ROS package in '/home/remon/ros2_ws/src/sllidar_ros2' with build type 'ament_cmake'
[0.999s] INFO:colcon.colcon_cmake.task.cmake.build:Building CMake package in '/home/remon/ros2_ws/src/sllidar_ros2'
[1.009s] INFO:colcon.colcon_core.shell:Skip shell extension 'powershell' for command environment: Not usable outside of PowerShell
[1.009s] DEBUG:colcon.colcon_core.shell:Skip shell extension 'dsv' for command environment
[1.046s] DEBUG:colcon.colcon_core.event_handler.log_command:Invoking command in '/home/remon/ros2_ws/build/my_cpp_pkg': CMAKE_PREFIX_PATH=${CMAKE_PREFIX_PATH}:/home/remon/ros2_ws/install/my_py_pkg:/opt/ros/humble /usr/bin/cmake --build /home/remon/ros2_ws/build/my_cpp_pkg -- -j8 -l8
[1.243s] INFO:colcon.colcon_core.task.python.build:Building Python package in '/home/remon/ros2_ws/src/my_py_pkg'
[1.254s] INFO:colcon.colcon_core.shell:Skip shell extension 'powershell' for command environment: Not usable outside of PowerShell
[1.254s] DEBUG:colcon.colcon_core.shell:Skip shell extension 'dsv' for command environment
[1.357s] DEBUG:colcon.colcon_core.event_handler.log_command:Invoking command in '/home/remon/ros2_ws/build/sllidar_ros2': CMAKE_PREFIX_PATH=${CMAKE_PREFIX_PATH}:/home/remon/ros2_ws/install/my_py_pkg:/opt/ros/humble /usr/bin/cmake --build /home/remon/ros2_ws/build/sllidar_ros2 -- -j8 -l8
[1.358s] DEBUG:colcon.colcon_core.event_handler.log_command:Invoked command in '/home/remon/ros2_ws/build/my_cpp_pkg' returned '0': CMAKE_PREFIX_PATH=${CMAKE_PREFIX_PATH}:/home/remon/ros2_ws/install/my_py_pkg:/opt/ros/humble /usr/bin/cmake --build /home/remon/ros2_ws/build/my_cpp_pkg -- -j8 -l8
[1.390s] DEBUG:colcon.colcon_core.event_handler.log_command:Invoking command in '/home/remon/ros2_ws/build/my_cpp_pkg': CMAKE_PREFIX_PATH=${CMAKE_PREFIX_PATH}:/home/remon/ros2_ws/install/my_py_pkg:/opt/ros/humble /usr/bin/cmake --install /home/remon/ros2_ws/build/my_cpp_pkg
[1.406s] Level 1:colcon.colcon_core.environment:create_environment_scripts_only(my_cpp_pkg)
[1.407s] DEBUG:colcon.colcon_core.event_handler.log_command:Invoked command in '/home/remon/ros2_ws/build/my_cpp_pkg' returned '0': CMAKE_PREFIX_PATH=${CMAKE_PREFIX_PATH}:/home/remon/ros2_ws/install/my_py_pkg:/opt/ros/humble /usr/bin/cmake --install /home/remon/ros2_ws/build/my_cpp_pkg
[1.421s] Level 1:colcon.colcon_core.environment:checking '/home/remon/ros2_ws/install/my_cpp_pkg' for CMake module files
[1.422s] Level 1:colcon.colcon_core.environment:checking '/home/remon/ros2_ws/install/my_cpp_pkg' for CMake config files
[1.422s] Level 1:colcon.colcon_core.shell:create_environment_hook('my_cpp_pkg', 'cmake_prefix_path')
[1.433s] INFO:colcon.colcon_core.shell:Creating environment hook '/home/remon/ros2_ws/install/my_cpp_pkg/share/my_cpp_pkg/hook/cmake_prefix_path.ps1'
[1.433s] INFO:colcon.colcon_core.shell:Creating environment descriptor '/home/remon/ros2_ws/install/my_cpp_pkg/share/my_cpp_pkg/hook/cmake_prefix_path.dsv'
[1.433s] INFO:colcon.colcon_core.shell:Creating environment hook '/home/remon/ros2_ws/install/my_cpp_pkg/share/my_cpp_pkg/hook/cmake_prefix_path.sh'
[1.434s] Level 1:colcon.colcon_core.environment:checking '/home/remon/ros2_ws/install/my_cpp_pkg/bin'
[1.434s] Level 1:colcon.colcon_core.environment:checking '/home/remon/ros2_ws/install/my_cpp_pkg/lib/pkgconfig/my_cpp_pkg.pc'
[1.434s] Level 1:colcon.colcon_core.environment:checking '/home/remon/ros2_ws/install/my_cpp_pkg/lib/python3.10/site-packages'
[1.434s] Level 1:colcon.colcon_core.environment:checking '/home/remon/ros2_ws/install/my_cpp_pkg/bin'
[1.445s] INFO:colcon.colcon_core.shell:Creating package script '/home/remon/ros2_ws/install/my_cpp_pkg/share/my_cpp_pkg/package.ps1'
[1.445s] INFO:colcon.colcon_core.shell:Creating package descriptor '/home/remon/ros2_ws/install/my_cpp_pkg/share/my_cpp_pkg/package.dsv'
[1.446s] INFO:colcon.colcon_core.shell:Creating package script '/home/remon/ros2_ws/install/my_cpp_pkg/share/my_cpp_pkg/package.sh'
[1.446s] INFO:colcon.colcon_core.shell:Creating package script '/home/remon/ros2_ws/install/my_cpp_pkg/share/my_cpp_pkg/package.bash'
[1.447s] INFO:colcon.colcon_core.shell:Creating package script '/home/remon/ros2_ws/install/my_cpp_pkg/share/my_cpp_pkg/package.zsh'
[1.447s] Level 1:colcon.colcon_core.environment:create_file_with_runtime_dependencies(/home/remon/ros2_ws/install/my_cpp_pkg/share/colcon-core/packages/my_cpp_pkg)
[1.449s] DEBUG:colcon.colcon_core.event_handler.log_command:Invoked command in '/home/remon/ros2_ws/build/sllidar_ros2' returned '0': CMAKE_PREFIX_PATH=${CMAKE_PREFIX_PATH}:/home/remon/ros2_ws/install/my_py_pkg:/opt/ros/humble /usr/bin/cmake --build /home/remon/ros2_ws/build/sllidar_ros2 -- -j8 -l8
[1.484s] Level 1:colcon.colcon_core.environment:create_environment_scripts_only(my_cpp_pkg)
[1.495s] Level 1:colcon.colcon_core.environment:checking '/home/remon/ros2_ws/install/my_cpp_pkg' for CMake module files
[1.495s] Level 1:colcon.colcon_core.environment:checking '/home/remon/ros2_ws/install/my_cpp_pkg' for CMake config files
[1.496s] Level 1:colcon.colcon_core.shell:create_environment_hook('my_cpp_pkg', 'cmake_prefix_path')
[1.505s] INFO:colcon.colcon_core.shell:Creating environment hook '/home/remon/ros2_ws/install/my_cpp_pkg/share/my_cpp_pkg/hook/cmake_prefix_path.ps1'
[1.506s] INFO:colcon.colcon_core.shell:Creating environment descriptor '/home/remon/ros2_ws/install/my_cpp_pkg/share/my_cpp_pkg/hook/cmake_prefix_path.dsv'
[1.506s] INFO:colcon.colcon_core.shell:Creating environment hook '/home/remon/ros2_ws/install/my_cpp_pkg/share/my_cpp_pkg/hook/cmake_prefix_path.sh'
[1.506s] Level 1:colcon.colcon_core.environment:checking '/home/remon/ros2_ws/install/my_cpp_pkg/bin'
[1.506s] Level 1:colcon.colcon_core.environment:checking '/home/remon/ros2_ws/install/my_cpp_pkg/lib/pkgconfig/my_cpp_pkg.pc'
[1.507s] Level 1:colcon.colcon_core.environment:checking '/home/remon/ros2_ws/install/my_cpp_pkg/lib/python3.10/site-packages'
[1.507s] Level 1:colcon.colcon_core.environment:checking '/home/remon/ros2_ws/install/my_cpp_pkg/bin'
[1.517s] INFO:colcon.colcon_core.shell:Creating package script '/home/remon/ros2_ws/install/my_cpp_pkg/share/my_cpp_pkg/package.ps1'
[1.517s] INFO:colcon.colcon_core.shell:Creating package descriptor '/home/remon/ros2_ws/install/my_cpp_pkg/share/my_cpp_pkg/package.dsv'
[1.517s] INFO:colcon.colcon_core.shell:Creating package script '/home/remon/ros2_ws/install/my_cpp_pkg/share/my_cpp_pkg/package.sh'
[1.518s] INFO:colcon.colcon_core.shell:Creating package script '/home/remon/ros2_ws/install/my_cpp_pkg/share/my_cpp_pkg/package.bash'
[1.518s] INFO:colcon.colcon_core.shell:Creating package script '/home/remon/ros2_ws/install/my_cpp_pkg/share/my_cpp_pkg/package.zsh'
[1.518s] Level 1:colcon.colcon_core.environment:create_file_with_runtime_dependencies(/home/remon/ros2_ws/install/my_cpp_pkg/share/colcon-core/packages/my_cpp_pkg)
[1.520s] DEBUG:colcon.colcon_core.event_handler.log_command:Invoking command in '/home/remon/ros2_ws/build/sllidar_ros2': CMAKE_PREFIX_PATH=${CMAKE_PREFIX_PATH}:/home/remon/ros2_ws/install/my_py_pkg:/opt/ros/humble /usr/bin/cmake --install /home/remon/ros2_ws/build/sllidar_ros2
[1.538s] Level 1:colcon.colcon_core.environment:create_environment_scripts_only(sllidar_ros2)
[1.538s] DEBUG:colcon.colcon_core.event_handler.log_command:Invoked command in '/home/remon/ros2_ws/build/sllidar_ros2' returned '0': CMAKE_PREFIX_PATH=${CMAKE_PREFIX_PATH}:/home/remon/ros2_ws/install/my_py_pkg:/opt/ros/humble /usr/bin/cmake --install /home/remon/ros2_ws/build/sllidar_ros2
[1.549s] Level 1:colcon.colcon_core.environment:checking '/home/remon/ros2_ws/install/sllidar_ros2' for CMake module files
[1.549s] Level 1:colcon.colcon_core.environment:checking '/home/remon/ros2_ws/install/sllidar_ros2' for CMake config files
[1.550s] Level 1:colcon.colcon_core.shell:create_environment_hook('sllidar_ros2', 'cmake_prefix_path')
[1.560s] INFO:colcon.colcon_core.shell:Creating environment hook '/home/remon/ros2_ws/install/sllidar_ros2/share/sllidar_ros2/hook/cmake_prefix_path.ps1'
[1.560s] INFO:colcon.colcon_core.shell:Creating environment descriptor '/home/remon/ros2_ws/install/sllidar_ros2/share/sllidar_ros2/hook/cmake_prefix_path.dsv'
[1.560s] INFO:colcon.colcon_core.shell:Creating environment hook '/home/remon/ros2_ws/install/sllidar_ros2/share/sllidar_ros2/hook/cmake_prefix_path.sh'
[1.561s] Level 1:colcon.colcon_core.environment:checking '/home/remon/ros2_ws/install/sllidar_ros2/lib'
[1.561s] Level 1:colcon.colcon_core.environment:checking '/home/remon/ros2_ws/install/sllidar_ros2/bin'
[1.561s] Level 1:colcon.colcon_core.environment:checking '/home/remon/ros2_ws/install/sllidar_ros2/lib/pkgconfig/sllidar_ros2.pc'
[1.561s] Level 1:colcon.colcon_core.environment:checking '/home/remon/ros2_ws/install/sllidar_ros2/lib/python3.10/site-packages'
[1.561s] Level 1:colcon.colcon_core.environment:checking '/home/remon/ros2_ws/install/sllidar_ros2/bin'
[1.571s] INFO:colcon.colcon_core.shell:Creating package script '/home/remon/ros2_ws/install/sllidar_ros2/share/sllidar_ros2/package.ps1'
[1.572s] INFO:colcon.colcon_core.shell:Creating package descriptor '/home/remon/ros2_ws/install/sllidar_ros2/share/sllidar_ros2/package.dsv'
[1.572s] INFO:colcon.colcon_core.shell:Creating package script '/home/remon/ros2_ws/install/sllidar_ros2/share/sllidar_ros2/package.sh'
[1.572s] INFO:colcon.colcon_core.shell:Creating package script '/home/remon/ros2_ws/install/sllidar_ros2/share/sllidar_ros2/package.bash'
[1.573s] INFO:colcon.colcon_core.shell:Creating package script '/home/remon/ros2_ws/install/sllidar_ros2/share/sllidar_ros2/package.zsh'
[1.573s] Level 1:colcon.colcon_core.environment:create_file_with_runtime_dependencies(/home/remon/ros2_ws/install/sllidar_ros2/share/colcon-core/packages/sllidar_ros2)
[1.629s] Level 1:colcon.colcon_core.environment:create_environment_scripts_only(sllidar_ros2)
[1.642s] Level 1:colcon.colcon_core.environment:checking '/home/remon/ros2_ws/install/sllidar_ros2' for CMake module files
[1.642s] Level 1:colcon.colcon_core.environment:checking '/home/remon/ros2_ws/install/sllidar_ros2' for CMake config files
[1.643s] Level 1:colcon.colcon_core.shell:create_environment_hook('sllidar_ros2', 'cmake_prefix_path')
[1.653s] INFO:colcon.colcon_core.shell:Creating environment hook '/home/remon/ros2_ws/install/sllidar_ros2/share/sllidar_ros2/hook/cmake_prefix_path.ps1'
[1.653s] INFO:colcon.colcon_core.shell:Creating environment descriptor '/home/remon/ros2_ws/install/sllidar_ros2/share/sllidar_ros2/hook/cmake_prefix_path.dsv'
[1.653s] INFO:colcon.colcon_core.shell:Creating environment hook '/home/remon/ros2_ws/install/sllidar_ros2/share/sllidar_ros2/hook/cmake_prefix_path.sh'
[1.654s] Level 1:colcon.colcon_core.environment:checking '/home/remon/ros2_ws/install/sllidar_ros2/lib'
[1.654s] Level 1:colcon.colcon_core.environment:checking '/home/remon/ros2_ws/install/sllidar_ros2/bin'
[1.654s] Level 1:colcon.colcon_core.environment:checking '/home/remon/ros2_ws/install/sllidar_ros2/lib/pkgconfig/sllidar_ros2.pc'
[1.654s] Level 1:colcon.colcon_core.environment:checking '/home/remon/ros2_ws/install/sllidar_ros2/lib/python3.10/site-packages'
[1.654s] Level 1:colcon.colcon_core.environment:checking '/home/remon/ros2_ws/install/sllidar_ros2/bin'
[1.665s] INFO:colcon.colcon_core.shell:Creating package script '/home/remon/ros2_ws/install/sllidar_ros2/share/sllidar_ros2/package.ps1'
[1.665s] INFO:colcon.colcon_core.shell:Creating package descriptor '/home/remon/ros2_ws/install/sllidar_ros2/share/sllidar_ros2/package.dsv'
[1.666s] INFO:colcon.colcon_core.shell:Creating package script '/home/remon/ros2_ws/install/sllidar_ros2/share/sllidar_ros2/package.sh'
[1.666s] INFO:colcon.colcon_core.shell:Creating package script '/home/remon/ros2_ws/install/sllidar_ros2/share/sllidar_ros2/package.bash'
[1.666s] INFO:colcon.colcon_core.shell:Creating package script '/home/remon/ros2_ws/install/sllidar_ros2/share/sllidar_ros2/package.zsh'
[1.667s] Level 1:colcon.colcon_core.environment:create_file_with_runtime_dependencies(/home/remon/ros2_ws/install/sllidar_ros2/share/colcon-core/packages/sllidar_ros2)
[1.670s] DEBUG:colcon.colcon_core.event_handler.log_command:Invoking command in '/home/remon/ros2_ws/build/my_py_pkg': PYTHONPATH=/home/remon/ros2_ws/build/my_py_pkg/prefix_override:/home/remon/ros2_ws/install/my_py_pkg/lib/python3.10/site-packages:${PYTHONPATH} /usr/bin/python3 setup.py develop --editable --build-directory /home/remon/ros2_ws/build/my_py_pkg/build --no-deps install_data
[2.010s] Level 1:colcon.colcon_core.shell:create_environment_hook('my_py_pkg', 'pythonpath_develop')
[2.010s] DEBUG:colcon.colcon_core.event_handler.log_command:Invoked command in '/home/remon/ros2_ws/build/my_py_pkg' returned '0': PYTHONPATH=/home/remon/ros2_ws/build/my_py_pkg/prefix_override:/home/remon/ros2_ws/install/my_py_pkg/lib/python3.10/site-packages:${PYTHONPATH} /usr/bin/python3 setup.py develop --editable --build-directory /home/remon/ros2_ws/build/my_py_pkg/build --no-deps install_data
[2.020s] INFO:colcon.colcon_core.shell:Creating environment hook '/home/remon/ros2_ws/build/my_py_pkg/share/my_py_pkg/hook/pythonpath_develop.ps1'
[2.020s] INFO:colcon.colcon_core.shell:Creating environment descriptor '/home/remon/ros2_ws/build/my_py_pkg/share/my_py_pkg/hook/pythonpath_develop.dsv'
[2.021s] INFO:colcon.colcon_core.shell:Creating environment hook '/home/remon/ros2_ws/build/my_py_pkg/share/my_py_pkg/hook/pythonpath_develop.sh'
[2.030s] Level 1:colcon.colcon_core.environment:checking '/home/remon/ros2_ws/install/my_py_pkg' for CMake module files
[2.030s] Level 1:colcon.colcon_core.environment:checking '/home/remon/ros2_ws/install/my_py_pkg' for CMake config files
[2.031s] Level 1:colcon.colcon_core.environment:checking '/home/remon/ros2_ws/install/my_py_pkg/lib'
[2.031s] Level 1:colcon.colcon_core.environment:checking '/home/remon/ros2_ws/install/my_py_pkg/bin'
[2.031s] Level 1:colcon.colcon_core.environment:checking '/home/remon/ros2_ws/install/my_py_pkg/lib/pkgconfig/my_py_pkg.pc'
[2.031s] Level 1:colcon.colcon_core.environment:checking '/home/remon/ros2_ws/install/my_py_pkg/lib/python3.10/site-packages'
[2.031s] Level 1:colcon.colcon_core.shell:create_environment_hook('my_py_pkg', 'pythonpath')
[2.042s] INFO:colcon.colcon_core.shell:Creating environment hook '/home/remon/ros2_ws/install/my_py_pkg/share/my_py_pkg/hook/pythonpath.ps1'
[2.042s] INFO:colcon.colcon_core.shell:Creating environment descriptor '/home/remon/ros2_ws/install/my_py_pkg/share/my_py_pkg/hook/pythonpath.dsv'
[2.042s] INFO:colcon.colcon_core.shell:Creating environment hook '/home/remon/ros2_ws/install/my_py_pkg/share/my_py_pkg/hook/pythonpath.sh'
[2.043s] Level 1:colcon.colcon_core.environment:checking '/home/remon/ros2_ws/install/my_py_pkg/bin'
[2.043s] Level 1:colcon.colcon_core.environment:create_environment_scripts_only(my_py_pkg)
[2.053s] INFO:colcon.colcon_core.shell:Creating package script '/home/remon/ros2_ws/install/my_py_pkg/share/my_py_pkg/package.ps1'
[2.053s] INFO:colcon.colcon_core.shell:Creating package descriptor '/home/remon/ros2_ws/install/my_py_pkg/share/my_py_pkg/package.dsv'
[2.053s] INFO:colcon.colcon_core.shell:Creating package script '/home/remon/ros2_ws/install/my_py_pkg/share/my_py_pkg/package.sh'
[2.054s] INFO:colcon.colcon_core.shell:Creating package script '/home/remon/ros2_ws/install/my_py_pkg/share/my_py_pkg/package.bash'
[2.054s] INFO:colcon.colcon_core.shell:Creating package script '/home/remon/ros2_ws/install/my_py_pkg/share/my_py_pkg/package.zsh'
[2.054s] Level 1:colcon.colcon_core.environment:create_file_with_runtime_dependencies(/home/remon/ros2_ws/install/my_py_pkg/share/colcon-core/packages/my_py_pkg)
[2.054s] DEBUG:colcon.colcon_parallel_executor.executor.parallel:closing loop
[2.055s] DEBUG:colcon.colcon_parallel_executor.executor.parallel:loop closed
[2.055s] DEBUG:colcon.colcon_parallel_executor.executor.parallel:run_until_complete finished with '0'
[2.055s] DEBUG:colcon.colcon_core.event_reactor:joining thread
[2.070s] INFO:colcon.colcon_core.plugin_system:Skipping extension 'colcon_notification.desktop_notification.terminal_notifier': Not used on non-Darwin systems
[2.070s] INFO:colcon.colcon_core.plugin_system:Skipping extension 'colcon_notification.desktop_notification.win32': Not used on non-Windows systems
[2.070s] INFO:colcon.colcon_notification.desktop_notification:Sending desktop notification using 'notify2'
[2.080s] DEBUG:colcon.colcon_core.event_reactor:joined thread
[2.092s] INFO:colcon.colcon_core.shell:Creating prefix script '/home/remon/ros2_ws/install/local_setup.ps1'
[2.093s] INFO:colcon.colcon_core.shell:Creating prefix util module '/home/remon/ros2_ws/install/_local_setup_util_ps1.py'
[2.094s] INFO:colcon.colcon_core.shell:Creating prefix chain script '/home/remon/ros2_ws/install/setup.ps1'
[2.104s] INFO:colcon.colcon_core.shell:Creating prefix script '/home/remon/ros2_ws/install/local_setup.sh'
[2.104s] INFO:colcon.colcon_core.shell:Creating prefix util module '/home/remon/ros2_ws/install/_local_setup_util_sh.py'
[2.105s] INFO:colcon.colcon_core.shell:Creating prefix chain script '/home/remon/ros2_ws/install/setup.sh'
[2.116s] INFO:colcon.colcon_core.shell:Creating prefix script '/home/remon/ros2_ws/install/local_setup.bash'
[2.116s] INFO:colcon.colcon_core.shell:Creating prefix chain script '/home/remon/ros2_ws/install/setup.bash'
[2.127s] INFO:colcon.colcon_core.shell:Creating prefix script '/home/remon/ros2_ws/install/local_setup.zsh'
[2.128s] INFO:colcon.colcon_core.shell:Creating prefix chain script '/home/remon/ros2_ws/install/setup.zsh'
