[0.045s] Invoking command in '/home/remon/ros2_ws/build/my_bot': CMAKE_PREFIX_PATH=/opt/ros/humble: /usr/bin/cmake /home/remon/ros2_ws/src/my_bot -DAMENT_CMAKE_SYMLINK_INSTALL=1 -DCMAKE_INSTALL_PREFIX=/home/remon/ros2_ws/install/my_bot
[2.866s] -- The C compiler identification is GNU 11.4.0
[4.056s] -- The CXX compiler identification is GNU 11.4.0
[4.083s] -- Detecting C compiler ABI info
[4.333s] -- Detecting C compiler ABI info - done
[4.338s] -- Check for working C compiler: /usr/bin/cc - skipped
[4.339s] -- Detecting C compile features
[4.357s] -- Detecting C compile features - done
[4.363s] -- Detecting CXX compiler ABI info
[4.522s] -- Detecting CXX compiler ABI info - done
[4.527s] -- Check for working CXX compiler: /usr/bin/c++ - skipped
[4.528s] -- Detecting CXX compile features
[4.528s] -- Detecting CXX compile features - done
[4.623s] -- Found ament_cmake: 1.3.5 (/opt/ros/humble/share/ament_cmake/cmake)
[4.931s] -- Found Python3: /usr/bin/python3.10 (found version "3.10.12") found components: Interpreter 
[4.994s] Traceback (most recent call last):
[4.994s]   File "/opt/ros/humble/share/ament_cmake_core/cmake/package_templates/templates_2_cmake.py", line 21, in <module>
[4.994s]     from ament_package.templates import get_environment_hook_template_path
[4.994s] ModuleNotFoundError: No module named 'ament_package'
[5.002s] [31mCMake Error at /opt/ros/humble/share/ament_cmake_core/cmake/ament_cmake_package_templates-extras.cmake:41 (message):
[5.003s]   execute_process(/usr/bin/python3.10
[5.003s]   /opt/ros/humble/share/ament_cmake_core/cmake/package_templates/templates_2_cmake.py
[5.003s]   /home/remon/ros2_ws/build/my_bot/ament_cmake_package_templates/templates.cmake)
[5.003s]   returned error code 1
[5.003s] Call Stack (most recent call first):
[5.003s]   /opt/ros/humble/share/ament_cmake_core/cmake/ament_cmake_coreConfig.cmake:41 (include)
[5.003s]   /opt/ros/humble/share/ament_cmake/cmake/ament_cmake_export_dependencies-extras.cmake:15 (find_package)
[5.003s]   /opt/ros/humble/share/ament_cmake/cmake/ament_cmakeConfig.cmake:41 (include)
[5.003s]   CMakeLists.txt:19 (find_package)
[5.003s] 
[5.003s] [0m
[5.003s] -- Configuring incomplete, errors occurred!
[5.003s] See also "/home/remon/ros2_ws/build/my_bot/CMakeFiles/CMakeOutput.log".
[5.006s] Invoked command in '/home/remon/ros2_ws/build/my_bot' returned '1': CMAKE_PREFIX_PATH=/opt/ros/humble: /usr/bin/cmake /home/remon/ros2_ws/src/my_bot -DAMENT_CMAKE_SYMLINK_INSTALL=1 -DCMAKE_INSTALL_PREFIX=/home/remon/ros2_ws/install/my_bot
