[0.535s] Invoking command in '/home/remon/ros2_ws/src/my_py_pkg': PYTHONPATH=/home/remon/ros2_ws/build/my_py_pkg/prefix_override:/home/remon/ros2_ws/install/my_py_pkg/lib/python3.10/site-packages:${PYTHONPATH} /usr/bin/python3 setup.py egg_info --egg-base ../../build/my_py_pkg build --build-base /home/remon/ros2_ws/build/my_py_pkg/build install --record /home/remon/ros2_ws/build/my_py_pkg/install.log --single-version-externally-managed
[0.713s] running egg_info
[0.713s] writing ../../build/my_py_pkg/my_py_pkg.egg-info/PKG-INFO
[0.714s] writing dependency_links to ../../build/my_py_pkg/my_py_pkg.egg-info/dependency_links.txt
[0.714s] writing entry points to ../../build/my_py_pkg/my_py_pkg.egg-info/entry_points.txt
[0.714s] writing requirements to ../../build/my_py_pkg/my_py_pkg.egg-info/requires.txt
[0.714s] writing top-level names to ../../build/my_py_pkg/my_py_pkg.egg-info/top_level.txt
[0.715s] reading manifest file '../../build/my_py_pkg/my_py_pkg.egg-info/SOURCES.txt'
[0.716s] writing manifest file '../../build/my_py_pkg/my_py_pkg.egg-info/SOURCES.txt'
[0.716s] running build
[0.716s] running build_py
[0.716s] copying my_py_pkg/1py_node.py -> /home/remon/ros2_ws/build/my_py_pkg/build/lib/my_py_pkg
[0.717s] running install
[0.717s] running install_lib
[0.717s] copying /home/remon/ros2_ws/build/my_py_pkg/build/lib/my_py_pkg/1py_node.py -> /home/remon/ros2_ws/install/my_py_pkg/lib/python3.10/site-packages/my_py_pkg
[0.718s] byte-compiling /home/remon/ros2_ws/install/my_py_pkg/lib/python3.10/site-packages/my_py_pkg/1py_node.py to 1py_node.cpython-310.pyc
[0.719s] running install_data
[0.719s] running install_egg_info
[0.720s] removing '/home/remon/ros2_ws/install/my_py_pkg/lib/python3.10/site-packages/my_py_pkg-0.0.0-py3.10.egg-info' (and everything under it)
[0.721s] Copying ../../build/my_py_pkg/my_py_pkg.egg-info to /home/remon/ros2_ws/install/my_py_pkg/lib/python3.10/site-packages/my_py_pkg-0.0.0-py3.10.egg-info
[0.722s] running install_scripts
[0.738s] Installing py_node script to /home/remon/ros2_ws/install/my_py_pkg/lib/my_py_pkg
[0.738s] writing list of installed files to '/home/remon/ros2_ws/build/my_py_pkg/install.log'
[0.758s] Invoked command in '/home/remon/ros2_ws/src/my_py_pkg' returned '0': PYTHONPATH=/home/remon/ros2_ws/build/my_py_pkg/prefix_override:/home/remon/ros2_ws/install/my_py_pkg/lib/python3.10/site-packages:${PYTHONPATH} /usr/bin/python3 setup.py egg_info --egg-base ../../build/my_py_pkg build --build-base /home/remon/ros2_ws/build/my_py_pkg/build install --record /home/remon/ros2_ws/build/my_py_pkg/install.log --single-version-externally-managed
