[0.600s] Invoking command in '/home/remon/ros2_ws/build/fw_robot': CMAKE_PREFIX_PATH=${CMAKE_PREFIX_PATH}:/home/remon/ros2_ws/install/my_py_pkg:/home/remon/ros2_ws/install/autonomous_exploration:/opt/ros/humble /usr/bin/cmake --build /home/remon/ros2_ws/build/fw_robot -- -j8 -l8
[2.452s] -- Found ament_cmake: 1.3.7 (/opt/ros/humble/share/ament_cmake/cmake)
[2.853s] -- Found rclcpp: 16.0.8 (/opt/ros/humble/share/rclcpp/cmake)
[3.758s] -- Found rosidl_generator_c: 3.1.5 (/opt/ros/humble/share/rosidl_generator_c/cmake)
[3.911s] -- Found rosidl_adapter: 3.1.5 (/opt/ros/humble/share/rosidl_adapter/cmake)
[4.039s] -- Found rosidl_generator_cpp: 3.1.5 (/opt/ros/humble/share/rosidl_generator_cpp/cmake)
[4.469s] -- Using all available rosidl_typesupport_c: rosidl_typesupport_fastrtps_c;rosidl_typesupport_introspection_c
[4.977s] -- Using all available rosidl_typesupport_cpp: rosidl_typesupport_fastrtps_cpp;rosidl_typesupport_introspection_cpp
[6.301s] -- Found rmw_implementation_cmake: 6.1.1 (/opt/ros/humble/share/rmw_implementation_cmake/cmake)
[6.616s] -- Found rmw_cyclonedds_cpp: 1.3.4 (/opt/ros/humble/share/rmw_cyclonedds_cpp/cmake)
[7.241s] -- Using RMW implementation 'rmw_cyclonedds_cpp' as default
[7.917s] -- Found tf2: 0.25.5 (/opt/ros/humble/share/tf2/cmake)
[8.157s] -- Found urdf: 2.6.0 (/opt/ros/humble/share/urdf/cmake)
[8.324s] -- Found rviz2: 11.2.10 (/opt/ros/humble/share/rviz2/cmake)
[8.324s] -- Found ament_lint_auto: 0.12.10 (/opt/ros/humble/share/ament_lint_auto/cmake)
[8.410s] -- Added test 'lint_cmake' to check CMake code style
[8.411s] -- Added test 'xmllint' to check XML markup files
[8.412s] -- Configuring done
[8.495s] -- Generating done
[8.497s] -- Build files have been written to: /home/remon/ros2_ws/build/fw_robot
