[0.000000] (-) TimerEvent: {}
[0.000470] (-) JobUnselected: {'identifier': 'hector_compressed_map_transport'}
[0.000590] (-) JobUnselected: {'identifier': 'hector_geotiff'}
[0.000642] (-) JobUnselected: {'identifier': 'hector_geotiff_launch'}
[0.000655] (-) JobUnselected: {'identifier': 'hector_geotiff_plugins'}
[0.000667] (-) JobUnselected: {'identifier': 'hector_imu_attitude_to_tf'}
[0.000679] (-) JobUnselected: {'identifier': 'hector_imu_tools'}
[0.000690] (-) JobUnselected: {'identifier': 'hector_map_server'}
[0.000702] (-) JobUnselected: {'identifier': 'hector_map_tools'}
[0.000713] (-) JobUnselected: {'identifier': 'hector_mapping'}
[0.000725] (-) JobUnselected: {'identifier': 'hector_marker_drawing'}
[0.000736] (-) JobUnselected: {'identifier': 'hector_nav_msgs'}
[0.000747] (-) JobUnselected: {'identifier': 'hector_slam_launch'}
[0.000759] (-) JobUnselected: {'identifier': 'hector_trajectory_server'}
[0.000770] (-) JobUnselected: {'identifier': 'my_bot'}
[0.000781] (-) JobUnselected: {'identifier': 'my_package'}
[0.000793] (-) JobUnselected: {'identifier': 'rplidar_ros'}
[0.000806] (hector_slam) JobQueued: {'identifier': 'hector_slam', 'dependencies': OrderedDict([('hector_imu_attitude_to_tf', '/home/remon/ros2_ws/install/hector_imu_attitude_to_tf'), ('hector_map_tools', '/home/remon/ros2_ws/install/hector_map_tools'), ('hector_mapping', '/home/remon/ros2_ws/install/hector_mapping'), ('hector_marker_drawing', '/home/remon/ros2_ws/install/hector_marker_drawing'), ('hector_nav_msgs', '/home/remon/ros2_ws/install/hector_nav_msgs'), ('hector_compressed_map_transport', '/home/remon/ros2_ws/install/hector_compressed_map_transport'), ('hector_geotiff', '/home/remon/ros2_ws/install/hector_geotiff'), ('hector_map_server', '/home/remon/ros2_ws/install/hector_map_server'), ('hector_trajectory_server', '/home/remon/ros2_ws/install/hector_trajectory_server'), ('hector_geotiff_plugins', '/home/remon/ros2_ws/install/hector_geotiff_plugins'), ('hector_geotiff_launch', '/home/remon/ros2_ws/install/hector_geotiff_launch'), ('hector_slam_launch', '/home/remon/ros2_ws/install/hector_slam_launch')])}
[0.000894] (hector_slam) JobStarted: {'identifier': 'hector_slam'}
[0.073833] (hector_slam) JobEnded: {'identifier': 'hector_slam', 'rc': 1}
[0.084078] (-) EventReactorShutdown: {}
