[0.361s] Invoking command in '/home/remon/ros2_ws/build/hector_nav_msgs': /usr/bin/cmake /home/remon/ros2_ws/src/hector_slam/hector_nav_msgs -DCATKIN_INSTALL_INTO_PREFIX_ROOT=0 -DCMAKE_INSTALL_PREFIX=/home/remon/ros2_ws/install/hector_nav_msgs
[5.251s] -- The C compiler identification is GNU 11.4.0
[7.730s] -- The CXX compiler identification is GNU 11.4.0
[7.765s] -- Detecting C compiler ABI info
[8.035s] -- Detecting C compiler ABI info - done
[8.048s] -- Check for working C compiler: /usr/bin/cc - skipped
[8.049s] -- Detecting C compile features
[8.049s] -- Detecting C compile features - done
[8.064s] -- Detecting CXX compiler ABI info
[8.328s] -- Detecting CXX compiler ABI info - done
[8.342s] -- Check for working CXX compiler: /usr/bin/c++ - skipped
[8.342s] -- Detecting CXX compile features
[8.343s] -- Detecting CXX compile features - done
[8.418s] [31mCMake Error at CMakeLists.txt:4 (find_package):
[8.418s]   By not providing "Findcatkin.cmake" in CMAKE_MODULE_PATH this project has
[8.419s]   asked CMake to find a package configuration file provided by "catkin", but
[8.419s]   CMake did not find one.
[8.419s] 
[8.419s]   Could not find a package configuration file provided by "catkin" with any
[8.419s]   of the following names:
[8.419s] 
[8.419s]     catkinConfig.cmake
[8.420s]     catkin-config.cmake
[8.420s] 
[8.421s]   Add the installation prefix of "catkin" to CMAKE_PREFIX_PATH or set
[8.421s]   "catkin_DIR" to a directory containing one of the above files.  If "catkin"
[8.422s]   provides a separate development package or SDK, be sure it has been
[8.422s]   installed.
[8.422s] 
[8.423s] [0m
[8.424s] -- Configuring incomplete, errors occurred!
[8.424s] See also "/home/remon/ros2_ws/build/hector_nav_msgs/CMakeFiles/CMakeOutput.log".
[8.428s] Invoked command in '/home/remon/ros2_ws/build/hector_nav_msgs' returned '1': /usr/bin/cmake /home/remon/ros2_ws/src/hector_slam/hector_nav_msgs -DCATKIN_INSTALL_INTO_PREFIX_ROOT=0 -DCMAKE_INSTALL_PREFIX=/home/remon/ros2_ws/install/hector_nav_msgs
