[0.653s] DEBUG:colcon:Command line arguments: ['/usr/bin/colcon', 'build', '--packages-select', 'my_cpp_pkg']
[0.653s] DEBUG:colcon:Parsed command line arguments: Namespace(log_base=None, log_level=None, verb_name='build', build_base='build', install_base='install', merge_install=False, symlink_install=False, test_result_base=None, continue_on_error=False, executor='parallel', parallel_workers=8, event_handlers=None, ignore_user_meta=False, metas=['./colcon.meta'], base_paths=['.'], packages_ignore=None, packages_ignore_regex=None, paths=None, packages_up_to=None, packages_up_to_regex=None, packages_above=None, packages_above_and_dependencies=None, packages_above_depth=None, packages_select_by_dep=None, packages_skip_by_dep=None, packages_skip_up_to=None, packages_select_build_failed=False, packages_skip_build_finished=False, packages_select_test_failures=False, packages_skip_test_passed=False, packages_select=['my_cpp_pkg'], packages_skip=None, packages_select_regex=None, packages_skip_regex=None, packages_start=None, packages_end=None, allow_overriding=[], cmake_args=None, cmake_target=None, cmake_target_skip_unavailable=False, cmake_clean_cache=False, cmake_clean_first=False, cmake_force_configure=False, ament_cmake_args=None, catkin_cmake_args=None, catkin_skip_building_tests=False, verb_parser=<colcon_defaults.argument_parser.defaults.DefaultArgumentsDecorator object at 0x7f4097a411b0>, verb_extension=<colcon_core.verb.build.BuildVerb object at 0x7f4097a525f0>, main=<bound method BuildVerb.main of <colcon_core.verb.build.BuildVerb object at 0x7f4097a525f0>>)
[0.683s] Level 1:colcon.colcon_core.package_discovery:discover_packages(colcon_meta) check parameters
[0.683s] Level 1:colcon.colcon_core.package_discovery:discover_packages(recursive) check parameters
[0.683s] Level 1:colcon.colcon_core.package_discovery:discover_packages(ignore) check parameters
[0.683s] Level 1:colcon.colcon_core.package_discovery:discover_packages(path) check parameters
[0.683s] Level 1:colcon.colcon_core.package_discovery:discover_packages(colcon_meta) discover
[0.683s] Level 1:colcon.colcon_core.package_discovery:discover_packages(recursive) discover
[0.683s] INFO:colcon.colcon_core.package_discovery:Crawling recursively for packages in '/home/remon/ros2_ws/install/my_cpp_pkg/share'
[0.683s] Level 1:colcon.colcon_core.package_identification:_identify(.) by extensions ['ignore', 'ignore_ament_install']
[0.683s] Level 1:colcon.colcon_core.package_identification:_identify(.) by extension 'ignore'
[0.684s] Level 1:colcon.colcon_core.package_identification:_identify(.) by extension 'ignore_ament_install'
[0.684s] Level 1:colcon.colcon_core.package_identification:_identify(.) by extensions ['colcon_pkg']
[0.684s] Level 1:colcon.colcon_core.package_identification:_identify(.) by extension 'colcon_pkg'
[0.684s] Level 1:colcon.colcon_core.package_identification:_identify(.) by extensions ['colcon_meta']
[0.684s] Level 1:colcon.colcon_core.package_identification:_identify(.) by extension 'colcon_meta'
[0.684s] Level 1:colcon.colcon_core.package_identification:_identify(.) by extensions ['ros']
[0.684s] Level 1:colcon.colcon_core.package_identification:_identify(.) by extension 'ros'
[0.691s] Level 1:colcon.colcon_core.package_identification:_identify(.) by extensions ['cmake', 'python']
[0.691s] Level 1:colcon.colcon_core.package_identification:_identify(.) by extension 'cmake'
[0.691s] Level 1:colcon.colcon_core.package_identification:_identify(.) by extension 'python'
[0.691s] Level 1:colcon.colcon_core.package_identification:_identify(.) by extensions ['python_setup_py']
[0.691s] Level 1:colcon.colcon_core.package_identification:_identify(.) by extension 'python_setup_py'
[0.692s] Level 1:colcon.colcon_core.package_identification:_identify(ament_index) by extensions ['ignore', 'ignore_ament_install']
[0.692s] Level 1:colcon.colcon_core.package_identification:_identify(ament_index) by extension 'ignore'
[0.692s] Level 1:colcon.colcon_core.package_identification:_identify(ament_index) by extension 'ignore_ament_install'
[0.692s] Level 1:colcon.colcon_core.package_identification:_identify(ament_index) by extensions ['colcon_pkg']
[0.692s] Level 1:colcon.colcon_core.package_identification:_identify(ament_index) by extension 'colcon_pkg'
[0.692s] Level 1:colcon.colcon_core.package_identification:_identify(ament_index) by extensions ['colcon_meta']
[0.692s] Level 1:colcon.colcon_core.package_identification:_identify(ament_index) by extension 'colcon_meta'
[0.692s] Level 1:colcon.colcon_core.package_identification:_identify(ament_index) by extensions ['ros']
[0.692s] Level 1:colcon.colcon_core.package_identification:_identify(ament_index) by extension 'ros'
[0.692s] Level 1:colcon.colcon_core.package_identification:_identify(ament_index) by extensions ['cmake', 'python']
[0.692s] Level 1:colcon.colcon_core.package_identification:_identify(ament_index) by extension 'cmake'
[0.692s] Level 1:colcon.colcon_core.package_identification:_identify(ament_index) by extension 'python'
[0.692s] Level 1:colcon.colcon_core.package_identification:_identify(ament_index) by extensions ['python_setup_py']
[0.692s] Level 1:colcon.colcon_core.package_identification:_identify(ament_index) by extension 'python_setup_py'
[0.692s] Level 1:colcon.colcon_core.package_identification:_identify(ament_index/resource_index) by extensions ['ignore', 'ignore_ament_install']
[0.692s] Level 1:colcon.colcon_core.package_identification:_identify(ament_index/resource_index) by extension 'ignore'
[0.692s] Level 1:colcon.colcon_core.package_identification:_identify(ament_index/resource_index) by extension 'ignore_ament_install'
[0.692s] Level 1:colcon.colcon_core.package_identification:_identify(ament_index/resource_index) by extensions ['colcon_pkg']
[0.692s] Level 1:colcon.colcon_core.package_identification:_identify(ament_index/resource_index) by extension 'colcon_pkg'
[0.692s] Level 1:colcon.colcon_core.package_identification:_identify(ament_index/resource_index) by extensions ['colcon_meta']
[0.692s] Level 1:colcon.colcon_core.package_identification:_identify(ament_index/resource_index) by extension 'colcon_meta'
[0.692s] Level 1:colcon.colcon_core.package_identification:_identify(ament_index/resource_index) by extensions ['ros']
[0.692s] Level 1:colcon.colcon_core.package_identification:_identify(ament_index/resource_index) by extension 'ros'
[0.692s] Level 1:colcon.colcon_core.package_identification:_identify(ament_index/resource_index) by extensions ['cmake', 'python']
[0.692s] Level 1:colcon.colcon_core.package_identification:_identify(ament_index/resource_index) by extension 'cmake'
[0.692s] Level 1:colcon.colcon_core.package_identification:_identify(ament_index/resource_index) by extension 'python'
[0.692s] Level 1:colcon.colcon_core.package_identification:_identify(ament_index/resource_index) by extensions ['python_setup_py']
[0.692s] Level 1:colcon.colcon_core.package_identification:_identify(ament_index/resource_index) by extension 'python_setup_py'
[0.693s] Level 1:colcon.colcon_core.package_identification:_identify(ament_index/resource_index/package_run_dependencies) by extensions ['ignore', 'ignore_ament_install']
[0.693s] Level 1:colcon.colcon_core.package_identification:_identify(ament_index/resource_index/package_run_dependencies) by extension 'ignore'
[0.693s] Level 1:colcon.colcon_core.package_identification:_identify(ament_index/resource_index/package_run_dependencies) by extension 'ignore_ament_install'
[0.693s] Level 1:colcon.colcon_core.package_identification:_identify(ament_index/resource_index/package_run_dependencies) by extensions ['colcon_pkg']
[0.693s] Level 1:colcon.colcon_core.package_identification:_identify(ament_index/resource_index/package_run_dependencies) by extension 'colcon_pkg'
[0.693s] Level 1:colcon.colcon_core.package_identification:_identify(ament_index/resource_index/package_run_dependencies) by extensions ['colcon_meta']
[0.693s] Level 1:colcon.colcon_core.package_identification:_identify(ament_index/resource_index/package_run_dependencies) by extension 'colcon_meta'
[0.693s] Level 1:colcon.colcon_core.package_identification:_identify(ament_index/resource_index/package_run_dependencies) by extensions ['ros']
[0.693s] Level 1:colcon.colcon_core.package_identification:_identify(ament_index/resource_index/package_run_dependencies) by extension 'ros'
[0.693s] Level 1:colcon.colcon_core.package_identification:_identify(ament_index/resource_index/package_run_dependencies) by extensions ['cmake', 'python']
[0.693s] Level 1:colcon.colcon_core.package_identification:_identify(ament_index/resource_index/package_run_dependencies) by extension 'cmake'
[0.693s] Level 1:colcon.colcon_core.package_identification:_identify(ament_index/resource_index/package_run_dependencies) by extension 'python'
[0.693s] Level 1:colcon.colcon_core.package_identification:_identify(ament_index/resource_index/package_run_dependencies) by extensions ['python_setup_py']
[0.693s] Level 1:colcon.colcon_core.package_identification:_identify(ament_index/resource_index/package_run_dependencies) by extension 'python_setup_py'
[0.693s] Level 1:colcon.colcon_core.package_identification:_identify(ament_index/resource_index/packages) by extensions ['ignore', 'ignore_ament_install']
[0.693s] Level 1:colcon.colcon_core.package_identification:_identify(ament_index/resource_index/packages) by extension 'ignore'
[0.693s] Level 1:colcon.colcon_core.package_identification:_identify(ament_index/resource_index/packages) by extension 'ignore_ament_install'
[0.693s] Level 1:colcon.colcon_core.package_identification:_identify(ament_index/resource_index/packages) by extensions ['colcon_pkg']
[0.693s] Level 1:colcon.colcon_core.package_identification:_identify(ament_index/resource_index/packages) by extension 'colcon_pkg'
[0.693s] Level 1:colcon.colcon_core.package_identification:_identify(ament_index/resource_index/packages) by extensions ['colcon_meta']
[0.693s] Level 1:colcon.colcon_core.package_identification:_identify(ament_index/resource_index/packages) by extension 'colcon_meta'
[0.693s] Level 1:colcon.colcon_core.package_identification:_identify(ament_index/resource_index/packages) by extensions ['ros']
[0.693s] Level 1:colcon.colcon_core.package_identification:_identify(ament_index/resource_index/packages) by extension 'ros'
[0.693s] Level 1:colcon.colcon_core.package_identification:_identify(ament_index/resource_index/packages) by extensions ['cmake', 'python']
[0.693s] Level 1:colcon.colcon_core.package_identification:_identify(ament_index/resource_index/packages) by extension 'cmake'
[0.693s] Level 1:colcon.colcon_core.package_identification:_identify(ament_index/resource_index/packages) by extension 'python'
[0.693s] Level 1:colcon.colcon_core.package_identification:_identify(ament_index/resource_index/packages) by extensions ['python_setup_py']
[0.693s] Level 1:colcon.colcon_core.package_identification:_identify(ament_index/resource_index/packages) by extension 'python_setup_py'
[0.693s] Level 1:colcon.colcon_core.package_identification:_identify(ament_index/resource_index/parent_prefix_path) by extensions ['ignore', 'ignore_ament_install']
[0.694s] Level 1:colcon.colcon_core.package_identification:_identify(ament_index/resource_index/parent_prefix_path) by extension 'ignore'
[0.694s] Level 1:colcon.colcon_core.package_identification:_identify(ament_index/resource_index/parent_prefix_path) by extension 'ignore_ament_install'
[0.694s] Level 1:colcon.colcon_core.package_identification:_identify(ament_index/resource_index/parent_prefix_path) by extensions ['colcon_pkg']
[0.694s] Level 1:colcon.colcon_core.package_identification:_identify(ament_index/resource_index/parent_prefix_path) by extension 'colcon_pkg'
[0.694s] Level 1:colcon.colcon_core.package_identification:_identify(ament_index/resource_index/parent_prefix_path) by extensions ['colcon_meta']
[0.694s] Level 1:colcon.colcon_core.package_identification:_identify(ament_index/resource_index/parent_prefix_path) by extension 'colcon_meta'
[0.694s] Level 1:colcon.colcon_core.package_identification:_identify(ament_index/resource_index/parent_prefix_path) by extensions ['ros']
[0.694s] Level 1:colcon.colcon_core.package_identification:_identify(ament_index/resource_index/parent_prefix_path) by extension 'ros'
[0.694s] Level 1:colcon.colcon_core.package_identification:_identify(ament_index/resource_index/parent_prefix_path) by extensions ['cmake', 'python']
[0.694s] Level 1:colcon.colcon_core.package_identification:_identify(ament_index/resource_index/parent_prefix_path) by extension 'cmake'
[0.694s] Level 1:colcon.colcon_core.package_identification:_identify(ament_index/resource_index/parent_prefix_path) by extension 'python'
[0.694s] Level 1:colcon.colcon_core.package_identification:_identify(ament_index/resource_index/parent_prefix_path) by extensions ['python_setup_py']
[0.694s] Level 1:colcon.colcon_core.package_identification:_identify(ament_index/resource_index/parent_prefix_path) by extension 'python_setup_py'
[0.694s] Level 1:colcon.colcon_core.package_identification:_identify(build) by extensions ['ignore', 'ignore_ament_install']
[0.694s] Level 1:colcon.colcon_core.package_identification:_identify(build) by extension 'ignore'
[0.694s] Level 1:colcon.colcon_core.package_identification:_identify(build) ignored
[0.694s] Level 1:colcon.colcon_core.package_identification:_identify(colcon-core) by extensions ['ignore', 'ignore_ament_install']
[0.694s] Level 1:colcon.colcon_core.package_identification:_identify(colcon-core) by extension 'ignore'
[0.694s] Level 1:colcon.colcon_core.package_identification:_identify(colcon-core) by extension 'ignore_ament_install'
[0.694s] Level 1:colcon.colcon_core.package_identification:_identify(colcon-core) by extensions ['colcon_pkg']
[0.694s] Level 1:colcon.colcon_core.package_identification:_identify(colcon-core) by extension 'colcon_pkg'
[0.694s] Level 1:colcon.colcon_core.package_identification:_identify(colcon-core) by extensions ['colcon_meta']
[0.694s] Level 1:colcon.colcon_core.package_identification:_identify(colcon-core) by extension 'colcon_meta'
[0.694s] Level 1:colcon.colcon_core.package_identification:_identify(colcon-core) by extensions ['ros']
[0.694s] Level 1:colcon.colcon_core.package_identification:_identify(colcon-core) by extension 'ros'
[0.694s] Level 1:colcon.colcon_core.package_identification:_identify(colcon-core) by extensions ['cmake', 'python']
[0.694s] Level 1:colcon.colcon_core.package_identification:_identify(colcon-core) by extension 'cmake'
[0.694s] Level 1:colcon.colcon_core.package_identification:_identify(colcon-core) by extension 'python'
[0.694s] Level 1:colcon.colcon_core.package_identification:_identify(colcon-core) by extensions ['python_setup_py']
[0.694s] Level 1:colcon.colcon_core.package_identification:_identify(colcon-core) by extension 'python_setup_py'
[0.695s] Level 1:colcon.colcon_core.package_identification:_identify(colcon-core/packages) by extensions ['ignore', 'ignore_ament_install']
[0.695s] Level 1:colcon.colcon_core.package_identification:_identify(colcon-core/packages) by extension 'ignore'
[0.695s] Level 1:colcon.colcon_core.package_identification:_identify(colcon-core/packages) by extension 'ignore_ament_install'
[0.695s] Level 1:colcon.colcon_core.package_identification:_identify(colcon-core/packages) by extensions ['colcon_pkg']
[0.695s] Level 1:colcon.colcon_core.package_identification:_identify(colcon-core/packages) by extension 'colcon_pkg'
[0.695s] Level 1:colcon.colcon_core.package_identification:_identify(colcon-core/packages) by extensions ['colcon_meta']
[0.695s] Level 1:colcon.colcon_core.package_identification:_identify(colcon-core/packages) by extension 'colcon_meta'
[0.695s] Level 1:colcon.colcon_core.package_identification:_identify(colcon-core/packages) by extensions ['ros']
[0.695s] Level 1:colcon.colcon_core.package_identification:_identify(colcon-core/packages) by extension 'ros'
[0.695s] Level 1:colcon.colcon_core.package_identification:_identify(colcon-core/packages) by extensions ['cmake', 'python']
[0.695s] Level 1:colcon.colcon_core.package_identification:_identify(colcon-core/packages) by extension 'cmake'
[0.695s] Level 1:colcon.colcon_core.package_identification:_identify(colcon-core/packages) by extension 'python'
[0.695s] Level 1:colcon.colcon_core.package_identification:_identify(colcon-core/packages) by extensions ['python_setup_py']
[0.695s] Level 1:colcon.colcon_core.package_identification:_identify(colcon-core/packages) by extension 'python_setup_py'
[0.695s] Level 1:colcon.colcon_core.package_identification:_identify(install) by extensions ['ignore', 'ignore_ament_install']
[0.695s] Level 1:colcon.colcon_core.package_identification:_identify(install) by extension 'ignore'
[0.695s] Level 1:colcon.colcon_core.package_identification:_identify(install) ignored
[0.695s] Level 1:colcon.colcon_core.package_identification:_identify(log) by extensions ['ignore', 'ignore_ament_install']
[0.695s] Level 1:colcon.colcon_core.package_identification:_identify(log) by extension 'ignore'
[0.695s] Level 1:colcon.colcon_core.package_identification:_identify(log) ignored
[0.695s] Level 1:colcon.colcon_core.package_identification:_identify(my_cpp_pkg) by extensions ['ignore', 'ignore_ament_install']
[0.695s] Level 1:colcon.colcon_core.package_identification:_identify(my_cpp_pkg) by extension 'ignore'
[0.695s] Level 1:colcon.colcon_core.package_identification:_identify(my_cpp_pkg) by extension 'ignore_ament_install'
[0.695s] Level 1:colcon.colcon_core.package_identification:_identify(my_cpp_pkg) by extensions ['colcon_pkg']
[0.696s] Level 1:colcon.colcon_core.package_identification:_identify(my_cpp_pkg) by extension 'colcon_pkg'
[0.696s] Level 1:colcon.colcon_core.package_identification:_identify(my_cpp_pkg) by extensions ['colcon_meta']
[0.696s] Level 1:colcon.colcon_core.package_identification:_identify(my_cpp_pkg) by extension 'colcon_meta'
[0.696s] Level 1:colcon.colcon_core.package_identification:_identify(my_cpp_pkg) by extensions ['ros']
[0.696s] Level 1:colcon.colcon_core.package_identification:_identify(my_cpp_pkg) by extension 'ros'
[0.697s] DEBUG:colcon.colcon_core.package_identification:Package 'my_cpp_pkg' with type 'ros.ament_cmake' and name 'my_cpp_pkg'
[0.697s] Level 1:colcon.colcon_core.package_discovery:discover_packages(recursive) using defaults
[0.697s] Level 1:colcon.colcon_core.package_discovery:discover_packages(ignore) discover
[0.697s] Level 1:colcon.colcon_core.package_discovery:discover_packages(ignore) using defaults
[0.697s] Level 1:colcon.colcon_core.package_discovery:discover_packages(path) discover
[0.697s] Level 1:colcon.colcon_core.package_discovery:discover_packages(path) using defaults
[0.756s] Level 1:colcon.colcon_core.package_discovery:discover_packages(prefix_path) check parameters
[0.757s] Level 1:colcon.colcon_core.package_discovery:discover_packages(prefix_path) discover
[0.775s] DEBUG:colcon.colcon_installed_package_information.package_discovery:Found 3 installed packages in /home/remon/ros2_ws/install
[0.785s] DEBUG:colcon.colcon_installed_package_information.package_discovery:Found 270 installed packages in /opt/ros/humble
[0.785s] Level 1:colcon.colcon_core.package_discovery:discover_packages(prefix_path) using defaults
[0.846s] Level 5:colcon.colcon_core.verb:set package 'my_cpp_pkg' build argument 'cmake_args' from command line to 'None'
[0.846s] Level 5:colcon.colcon_core.verb:set package 'my_cpp_pkg' build argument 'cmake_target' from command line to 'None'
[0.846s] Level 5:colcon.colcon_core.verb:set package 'my_cpp_pkg' build argument 'cmake_target_skip_unavailable' from command line to 'False'
[0.846s] Level 5:colcon.colcon_core.verb:set package 'my_cpp_pkg' build argument 'cmake_clean_cache' from command line to 'False'
[0.846s] Level 5:colcon.colcon_core.verb:set package 'my_cpp_pkg' build argument 'cmake_clean_first' from command line to 'False'
[0.846s] Level 5:colcon.colcon_core.verb:set package 'my_cpp_pkg' build argument 'cmake_force_configure' from command line to 'False'
[0.846s] Level 5:colcon.colcon_core.verb:set package 'my_cpp_pkg' build argument 'ament_cmake_args' from command line to 'None'
[0.846s] Level 5:colcon.colcon_core.verb:set package 'my_cpp_pkg' build argument 'catkin_cmake_args' from command line to 'None'
[0.846s] Level 5:colcon.colcon_core.verb:set package 'my_cpp_pkg' build argument 'catkin_skip_building_tests' from command line to 'False'
[0.846s] DEBUG:colcon.colcon_core.verb:Building package 'my_cpp_pkg' with the following arguments: {'ament_cmake_args': None, 'build_base': '/home/remon/ros2_ws/install/my_cpp_pkg/share/build/my_cpp_pkg', 'catkin_cmake_args': None, 'catkin_skip_building_tests': False, 'cmake_args': None, 'cmake_clean_cache': False, 'cmake_clean_first': False, 'cmake_force_configure': False, 'cmake_target': None, 'cmake_target_skip_unavailable': False, 'install_base': '/home/remon/ros2_ws/install/my_cpp_pkg/share/install/my_cpp_pkg', 'merge_install': False, 'path': '/home/remon/ros2_ws/install/my_cpp_pkg/share/my_cpp_pkg', 'symlink_install': False, 'test_result_base': None}
[0.855s] INFO:colcon.colcon_core.executor:Executing jobs using 'parallel' executor
[0.864s] DEBUG:colcon.colcon_parallel_executor.executor.parallel:run_until_complete
[0.865s] INFO:colcon.colcon_ros.task.ament_cmake.build:Building ROS package in '/home/remon/ros2_ws/install/my_cpp_pkg/share/my_cpp_pkg' with build type 'ament_cmake'
[0.865s] INFO:colcon.colcon_cmake.task.cmake.build:Building CMake package in '/home/remon/ros2_ws/install/my_cpp_pkg/share/my_cpp_pkg'
[0.875s] INFO:colcon.colcon_core.plugin_system:Skipping extension 'colcon_core.shell.bat': Not used on non-Windows systems
[0.875s] INFO:colcon.colcon_core.shell:Skip shell extension 'powershell' for command environment: Not usable outside of PowerShell
[0.875s] DEBUG:colcon.colcon_core.shell:Skip shell extension 'dsv' for command environment
[0.911s] DEBUG:colcon.colcon_core.event_handler.log_command:Invoking command in '/home/remon/ros2_ws/install/my_cpp_pkg/share/build/my_cpp_pkg': CMAKE_PREFIX_PATH=${CMAKE_PREFIX_PATH}:/home/remon/ros2_ws/install/my_py_pkg:/opt/ros/humble /usr/bin/cmake /home/remon/ros2_ws/install/my_cpp_pkg/share/my_cpp_pkg -DCMAKE_INSTALL_PREFIX=/home/remon/ros2_ws/install/my_cpp_pkg/share/install/my_cpp_pkg
[0.917s] DEBUG:colcon.colcon_core.event_handler.log_command:Invoked command in '/home/remon/ros2_ws/install/my_cpp_pkg/share/build/my_cpp_pkg' returned '1': CMAKE_PREFIX_PATH=${CMAKE_PREFIX_PATH}:/home/remon/ros2_ws/install/my_py_pkg:/opt/ros/humble /usr/bin/cmake /home/remon/ros2_ws/install/my_cpp_pkg/share/my_cpp_pkg -DCMAKE_INSTALL_PREFIX=/home/remon/ros2_ws/install/my_cpp_pkg/share/install/my_cpp_pkg
[0.996s] DEBUG:colcon.colcon_parallel_executor.executor.parallel:closing loop
[0.997s] DEBUG:colcon.colcon_parallel_executor.executor.parallel:loop closed
[0.997s] DEBUG:colcon.colcon_parallel_executor.executor.parallel:run_until_complete finished with 'argument of type 'NoneType' is not iterable'
[0.997s] DEBUG:colcon.colcon_core.event_reactor:joining thread
[1.021s] INFO:colcon.colcon_core.plugin_system:Skipping extension 'colcon_notification.desktop_notification.terminal_notifier': Not used on non-Darwin systems
[1.021s] INFO:colcon.colcon_core.plugin_system:Skipping extension 'colcon_notification.desktop_notification.win32': Not used on non-Windows systems
[1.021s] INFO:colcon.colcon_notification.desktop_notification:Sending desktop notification using 'notify2'
[1.031s] DEBUG:colcon.colcon_core.event_reactor:joined thread
[1.043s] INFO:colcon.colcon_core.shell:Creating prefix script '/home/remon/ros2_ws/install/my_cpp_pkg/share/install/local_setup.ps1'
[1.044s] INFO:colcon.colcon_core.shell:Creating prefix util module '/home/remon/ros2_ws/install/my_cpp_pkg/share/install/_local_setup_util_ps1.py'
[1.045s] INFO:colcon.colcon_core.shell:Creating prefix chain script '/home/remon/ros2_ws/install/my_cpp_pkg/share/install/setup.ps1'
[1.056s] INFO:colcon.colcon_core.shell:Creating prefix script '/home/remon/ros2_ws/install/my_cpp_pkg/share/install/local_setup.sh'
[1.056s] INFO:colcon.colcon_core.shell:Creating prefix util module '/home/remon/ros2_ws/install/my_cpp_pkg/share/install/_local_setup_util_sh.py'
[1.056s] INFO:colcon.colcon_core.shell:Creating prefix chain script '/home/remon/ros2_ws/install/my_cpp_pkg/share/install/setup.sh'
[1.067s] INFO:colcon.colcon_core.shell:Creating prefix script '/home/remon/ros2_ws/install/my_cpp_pkg/share/install/local_setup.bash'
[1.067s] INFO:colcon.colcon_core.shell:Creating prefix chain script '/home/remon/ros2_ws/install/my_cpp_pkg/share/install/setup.bash'
[1.078s] INFO:colcon.colcon_core.shell:Creating prefix script '/home/remon/ros2_ws/install/my_cpp_pkg/share/install/local_setup.zsh'
[1.078s] INFO:colcon.colcon_core.shell:Creating prefix chain script '/home/remon/ros2_ws/install/my_cpp_pkg/share/install/setup.zsh'
