[0.728s] DEBUG:colcon:Command line arguments: ['/usr/bin/colcon', 'build', '--packages-select', 'slam_toolbox']
[0.729s] DEBUG:colcon:Parsed command line arguments: Namespace(log_base=None, log_level=None, verb_name='build', build_base='build', install_base='install', merge_install=False, symlink_install=False, test_result_base=None, continue_on_error=False, executor='parallel', parallel_workers=8, event_handlers=None, ignore_user_meta=False, metas=['./colcon.meta'], base_paths=['.'], packages_ignore=None, packages_ignore_regex=None, paths=None, packages_up_to=None, packages_up_to_regex=None, packages_above=None, packages_above_and_dependencies=None, packages_above_depth=None, packages_select_by_dep=None, packages_skip_by_dep=None, packages_skip_up_to=None, packages_select_build_failed=False, packages_skip_build_finished=False, packages_select_test_failures=False, packages_skip_test_passed=False, packages_select=['slam_toolbox'], packages_skip=None, packages_select_regex=None, packages_skip_regex=None, packages_start=None, packages_end=None, allow_overriding=[], cmake_args=None, cmake_target=None, cmake_target_skip_unavailable=False, cmake_clean_cache=False, cmake_clean_first=False, cmake_force_configure=False, ament_cmake_args=None, catkin_cmake_args=None, catkin_skip_building_tests=False, verb_parser=<colcon_defaults.argument_parser.defaults.DefaultArgumentsDecorator object at 0x7f5d29e09d20>, verb_extension=<colcon_core.verb.build.BuildVerb object at 0x7f5d29e09c00>, main=<bound method BuildVerb.main of <colcon_core.verb.build.BuildVerb object at 0x7f5d29e09c00>>)
[0.764s] Level 1:colcon.colcon_core.package_discovery:discover_packages(colcon_meta) check parameters
[0.764s] Level 1:colcon.colcon_core.package_discovery:discover_packages(recursive) check parameters
[0.764s] Level 1:colcon.colcon_core.package_discovery:discover_packages(ignore) check parameters
[0.764s] Level 1:colcon.colcon_core.package_discovery:discover_packages(path) check parameters
[0.764s] Level 1:colcon.colcon_core.package_discovery:discover_packages(colcon_meta) discover
[0.764s] Level 1:colcon.colcon_core.package_discovery:discover_packages(recursive) discover
[0.764s] INFO:colcon.colcon_core.package_discovery:Crawling recursively for packages in '/home/remon/ros2_ws'
[0.765s] Level 1:colcon.colcon_core.package_identification:_identify(.) by extensions ['ignore', 'ignore_ament_install']
[0.765s] Level 1:colcon.colcon_core.package_identification:_identify(.) by extension 'ignore'
[0.765s] Level 1:colcon.colcon_core.package_identification:_identify(.) by extension 'ignore_ament_install'
[0.765s] Level 1:colcon.colcon_core.package_identification:_identify(.) by extensions ['colcon_pkg']
[0.765s] Level 1:colcon.colcon_core.package_identification:_identify(.) by extension 'colcon_pkg'
[0.765s] Level 1:colcon.colcon_core.package_identification:_identify(.) by extensions ['colcon_meta']
[0.765s] Level 1:colcon.colcon_core.package_identification:_identify(.) by extension 'colcon_meta'
[0.765s] Level 1:colcon.colcon_core.package_identification:_identify(.) by extensions ['ros']
[0.765s] Level 1:colcon.colcon_core.package_identification:_identify(.) by extension 'ros'
[0.774s] Level 1:colcon.colcon_core.package_identification:_identify(.) by extensions ['cmake', 'python']
[0.774s] Level 1:colcon.colcon_core.package_identification:_identify(.) by extension 'cmake'
[0.774s] Level 1:colcon.colcon_core.package_identification:_identify(.) by extension 'python'
[0.774s] Level 1:colcon.colcon_core.package_identification:_identify(.) by extensions ['python_setup_py']
[0.774s] Level 1:colcon.colcon_core.package_identification:_identify(.) by extension 'python_setup_py'
[0.774s] Level 1:colcon.colcon_core.package_identification:_identify(build) by extensions ['ignore', 'ignore_ament_install']
[0.774s] Level 1:colcon.colcon_core.package_identification:_identify(build) by extension 'ignore'
[0.774s] Level 1:colcon.colcon_core.package_identification:_identify(build) ignored
[0.775s] Level 1:colcon.colcon_core.package_identification:_identify(install) by extensions ['ignore', 'ignore_ament_install']
[0.775s] Level 1:colcon.colcon_core.package_identification:_identify(install) by extension 'ignore'
[0.775s] Level 1:colcon.colcon_core.package_identification:_identify(install) ignored
[0.775s] Level 1:colcon.colcon_core.package_identification:_identify(log) by extensions ['ignore', 'ignore_ament_install']
[0.775s] Level 1:colcon.colcon_core.package_identification:_identify(log) by extension 'ignore'
[0.775s] Level 1:colcon.colcon_core.package_identification:_identify(log) ignored
[0.775s] Level 1:colcon.colcon_core.package_identification:_identify(src) by extensions ['ignore', 'ignore_ament_install']
[0.775s] Level 1:colcon.colcon_core.package_identification:_identify(src) by extension 'ignore'
[0.775s] Level 1:colcon.colcon_core.package_identification:_identify(src) by extension 'ignore_ament_install'
[0.775s] Level 1:colcon.colcon_core.package_identification:_identify(src) by extensions ['colcon_pkg']
[0.775s] Level 1:colcon.colcon_core.package_identification:_identify(src) by extension 'colcon_pkg'
[0.775s] Level 1:colcon.colcon_core.package_identification:_identify(src) by extensions ['colcon_meta']
[0.775s] Level 1:colcon.colcon_core.package_identification:_identify(src) by extension 'colcon_meta'
[0.775s] Level 1:colcon.colcon_core.package_identification:_identify(src) by extensions ['ros']
[0.775s] Level 1:colcon.colcon_core.package_identification:_identify(src) by extension 'ros'
[0.775s] Level 1:colcon.colcon_core.package_identification:_identify(src) by extensions ['cmake', 'python']
[0.775s] Level 1:colcon.colcon_core.package_identification:_identify(src) by extension 'cmake'
[0.775s] Level 1:colcon.colcon_core.package_identification:_identify(src) by extension 'python'
[0.776s] Level 1:colcon.colcon_core.package_identification:_identify(src) by extensions ['python_setup_py']
[0.776s] Level 1:colcon.colcon_core.package_identification:_identify(src) by extension 'python_setup_py'
[0.776s] Level 1:colcon.colcon_core.package_identification:_identify(src/hector_slam) by extensions ['ignore', 'ignore_ament_install']
[0.776s] Level 1:colcon.colcon_core.package_identification:_identify(src/hector_slam) by extension 'ignore'
[0.776s] Level 1:colcon.colcon_core.package_identification:_identify(src/hector_slam) by extension 'ignore_ament_install'
[0.776s] Level 1:colcon.colcon_core.package_identification:_identify(src/hector_slam) by extensions ['colcon_pkg']
[0.776s] Level 1:colcon.colcon_core.package_identification:_identify(src/hector_slam) by extension 'colcon_pkg'
[0.776s] Level 1:colcon.colcon_core.package_identification:_identify(src/hector_slam) by extensions ['colcon_meta']
[0.776s] Level 1:colcon.colcon_core.package_identification:_identify(src/hector_slam) by extension 'colcon_meta'
[0.776s] Level 1:colcon.colcon_core.package_identification:_identify(src/hector_slam) by extensions ['ros']
[0.776s] Level 1:colcon.colcon_core.package_identification:_identify(src/hector_slam) by extension 'ros'
[0.776s] Level 1:colcon.colcon_core.package_identification:_identify(src/hector_slam) by extensions ['cmake', 'python']
[0.776s] Level 1:colcon.colcon_core.package_identification:_identify(src/hector_slam) by extension 'cmake'
[0.776s] Level 1:colcon.colcon_core.package_identification:_identify(src/hector_slam) by extension 'python'
[0.776s] Level 1:colcon.colcon_core.package_identification:_identify(src/hector_slam) by extensions ['python_setup_py']
[0.776s] Level 1:colcon.colcon_core.package_identification:_identify(src/hector_slam) by extension 'python_setup_py'
[0.776s] Level 1:colcon.colcon_core.package_identification:_identify(src/hector_slam/hector_compressed_map_transport) by extensions ['ignore', 'ignore_ament_install']
[0.776s] Level 1:colcon.colcon_core.package_identification:_identify(src/hector_slam/hector_compressed_map_transport) by extension 'ignore'
[0.776s] Level 1:colcon.colcon_core.package_identification:_identify(src/hector_slam/hector_compressed_map_transport) by extension 'ignore_ament_install'
[0.776s] Level 1:colcon.colcon_core.package_identification:_identify(src/hector_slam/hector_compressed_map_transport) by extensions ['colcon_pkg']
[0.776s] Level 1:colcon.colcon_core.package_identification:_identify(src/hector_slam/hector_compressed_map_transport) by extension 'colcon_pkg'
[0.776s] Level 1:colcon.colcon_core.package_identification:_identify(src/hector_slam/hector_compressed_map_transport) by extensions ['colcon_meta']
[0.776s] Level 1:colcon.colcon_core.package_identification:_identify(src/hector_slam/hector_compressed_map_transport) by extension 'colcon_meta'
[0.776s] Level 1:colcon.colcon_core.package_identification:_identify(src/hector_slam/hector_compressed_map_transport) by extensions ['ros']
[0.777s] Level 1:colcon.colcon_core.package_identification:_identify(src/hector_slam/hector_compressed_map_transport) by extension 'ros'
[0.779s] DEBUG:colcon.colcon_core.package_identification:Package 'src/hector_slam/hector_compressed_map_transport' with type 'ros.catkin' and name 'hector_compressed_map_transport'
[0.779s] Level 1:colcon.colcon_core.package_identification:_identify(src/hector_slam/hector_geotiff) by extensions ['ignore', 'ignore_ament_install']
[0.779s] Level 1:colcon.colcon_core.package_identification:_identify(src/hector_slam/hector_geotiff) by extension 'ignore'
[0.779s] Level 1:colcon.colcon_core.package_identification:_identify(src/hector_slam/hector_geotiff) by extension 'ignore_ament_install'
[0.779s] Level 1:colcon.colcon_core.package_identification:_identify(src/hector_slam/hector_geotiff) by extensions ['colcon_pkg']
[0.779s] Level 1:colcon.colcon_core.package_identification:_identify(src/hector_slam/hector_geotiff) by extension 'colcon_pkg'
[0.779s] Level 1:colcon.colcon_core.package_identification:_identify(src/hector_slam/hector_geotiff) by extensions ['colcon_meta']
[0.779s] Level 1:colcon.colcon_core.package_identification:_identify(src/hector_slam/hector_geotiff) by extension 'colcon_meta'
[0.779s] Level 1:colcon.colcon_core.package_identification:_identify(src/hector_slam/hector_geotiff) by extensions ['ros']
[0.779s] Level 1:colcon.colcon_core.package_identification:_identify(src/hector_slam/hector_geotiff) by extension 'ros'
[0.780s] DEBUG:colcon.colcon_core.package_identification:Package 'src/hector_slam/hector_geotiff' with type 'ros.catkin' and name 'hector_geotiff'
[0.780s] Level 1:colcon.colcon_core.package_identification:_identify(src/hector_slam/hector_geotiff_launch) by extensions ['ignore', 'ignore_ament_install']
[0.780s] Level 1:colcon.colcon_core.package_identification:_identify(src/hector_slam/hector_geotiff_launch) by extension 'ignore'
[0.780s] Level 1:colcon.colcon_core.package_identification:_identify(src/hector_slam/hector_geotiff_launch) by extension 'ignore_ament_install'
[0.780s] Level 1:colcon.colcon_core.package_identification:_identify(src/hector_slam/hector_geotiff_launch) by extensions ['colcon_pkg']
[0.780s] Level 1:colcon.colcon_core.package_identification:_identify(src/hector_slam/hector_geotiff_launch) by extension 'colcon_pkg'
[0.781s] Level 1:colcon.colcon_core.package_identification:_identify(src/hector_slam/hector_geotiff_launch) by extensions ['colcon_meta']
[0.781s] Level 1:colcon.colcon_core.package_identification:_identify(src/hector_slam/hector_geotiff_launch) by extension 'colcon_meta'
[0.781s] Level 1:colcon.colcon_core.package_identification:_identify(src/hector_slam/hector_geotiff_launch) by extensions ['ros']
[0.781s] Level 1:colcon.colcon_core.package_identification:_identify(src/hector_slam/hector_geotiff_launch) by extension 'ros'
[0.781s] DEBUG:colcon.colcon_core.package_identification:Package 'src/hector_slam/hector_geotiff_launch' with type 'ros.catkin' and name 'hector_geotiff_launch'
[0.781s] Level 1:colcon.colcon_core.package_identification:_identify(src/hector_slam/hector_geotiff_plugins) by extensions ['ignore', 'ignore_ament_install']
[0.781s] Level 1:colcon.colcon_core.package_identification:_identify(src/hector_slam/hector_geotiff_plugins) by extension 'ignore'
[0.781s] Level 1:colcon.colcon_core.package_identification:_identify(src/hector_slam/hector_geotiff_plugins) by extension 'ignore_ament_install'
[0.781s] Level 1:colcon.colcon_core.package_identification:_identify(src/hector_slam/hector_geotiff_plugins) by extensions ['colcon_pkg']
[0.781s] Level 1:colcon.colcon_core.package_identification:_identify(src/hector_slam/hector_geotiff_plugins) by extension 'colcon_pkg'
[0.781s] Level 1:colcon.colcon_core.package_identification:_identify(src/hector_slam/hector_geotiff_plugins) by extensions ['colcon_meta']
[0.781s] Level 1:colcon.colcon_core.package_identification:_identify(src/hector_slam/hector_geotiff_plugins) by extension 'colcon_meta'
[0.781s] Level 1:colcon.colcon_core.package_identification:_identify(src/hector_slam/hector_geotiff_plugins) by extensions ['ros']
[0.781s] Level 1:colcon.colcon_core.package_identification:_identify(src/hector_slam/hector_geotiff_plugins) by extension 'ros'
[0.782s] DEBUG:colcon.colcon_core.package_identification:Package 'src/hector_slam/hector_geotiff_plugins' with type 'ros.catkin' and name 'hector_geotiff_plugins'
[0.782s] Level 1:colcon.colcon_core.package_identification:_identify(src/hector_slam/hector_imu_attitude_to_tf) by extensions ['ignore', 'ignore_ament_install']
[0.782s] Level 1:colcon.colcon_core.package_identification:_identify(src/hector_slam/hector_imu_attitude_to_tf) by extension 'ignore'
[0.782s] Level 1:colcon.colcon_core.package_identification:_identify(src/hector_slam/hector_imu_attitude_to_tf) by extension 'ignore_ament_install'
[0.782s] Level 1:colcon.colcon_core.package_identification:_identify(src/hector_slam/hector_imu_attitude_to_tf) by extensions ['colcon_pkg']
[0.782s] Level 1:colcon.colcon_core.package_identification:_identify(src/hector_slam/hector_imu_attitude_to_tf) by extension 'colcon_pkg'
[0.782s] Level 1:colcon.colcon_core.package_identification:_identify(src/hector_slam/hector_imu_attitude_to_tf) by extensions ['colcon_meta']
[0.782s] Level 1:colcon.colcon_core.package_identification:_identify(src/hector_slam/hector_imu_attitude_to_tf) by extension 'colcon_meta'
[0.782s] Level 1:colcon.colcon_core.package_identification:_identify(src/hector_slam/hector_imu_attitude_to_tf) by extensions ['ros']
[0.782s] Level 1:colcon.colcon_core.package_identification:_identify(src/hector_slam/hector_imu_attitude_to_tf) by extension 'ros'
[0.783s] DEBUG:colcon.colcon_core.package_identification:Package 'src/hector_slam/hector_imu_attitude_to_tf' with type 'ros.catkin' and name 'hector_imu_attitude_to_tf'
[0.783s] Level 1:colcon.colcon_core.package_identification:_identify(src/hector_slam/hector_imu_tools) by extensions ['ignore', 'ignore_ament_install']
[0.783s] Level 1:colcon.colcon_core.package_identification:_identify(src/hector_slam/hector_imu_tools) by extension 'ignore'
[0.783s] Level 1:colcon.colcon_core.package_identification:_identify(src/hector_slam/hector_imu_tools) by extension 'ignore_ament_install'
[0.783s] Level 1:colcon.colcon_core.package_identification:_identify(src/hector_slam/hector_imu_tools) by extensions ['colcon_pkg']
[0.783s] Level 1:colcon.colcon_core.package_identification:_identify(src/hector_slam/hector_imu_tools) by extension 'colcon_pkg'
[0.783s] Level 1:colcon.colcon_core.package_identification:_identify(src/hector_slam/hector_imu_tools) by extensions ['colcon_meta']
[0.783s] Level 1:colcon.colcon_core.package_identification:_identify(src/hector_slam/hector_imu_tools) by extension 'colcon_meta'
[0.783s] Level 1:colcon.colcon_core.package_identification:_identify(src/hector_slam/hector_imu_tools) by extensions ['ros']
[0.783s] Level 1:colcon.colcon_core.package_identification:_identify(src/hector_slam/hector_imu_tools) by extension 'ros'
[0.784s] DEBUG:colcon.colcon_core.package_identification:Package 'src/hector_slam/hector_imu_tools' with type 'ros.catkin' and name 'hector_imu_tools'
[0.784s] Level 1:colcon.colcon_core.package_identification:_identify(src/hector_slam/hector_map_server) by extensions ['ignore', 'ignore_ament_install']
[0.784s] Level 1:colcon.colcon_core.package_identification:_identify(src/hector_slam/hector_map_server) by extension 'ignore'
[0.784s] Level 1:colcon.colcon_core.package_identification:_identify(src/hector_slam/hector_map_server) by extension 'ignore_ament_install'
[0.784s] Level 1:colcon.colcon_core.package_identification:_identify(src/hector_slam/hector_map_server) by extensions ['colcon_pkg']
[0.784s] Level 1:colcon.colcon_core.package_identification:_identify(src/hector_slam/hector_map_server) by extension 'colcon_pkg'
[0.784s] Level 1:colcon.colcon_core.package_identification:_identify(src/hector_slam/hector_map_server) by extensions ['colcon_meta']
[0.784s] Level 1:colcon.colcon_core.package_identification:_identify(src/hector_slam/hector_map_server) by extension 'colcon_meta'
[0.784s] Level 1:colcon.colcon_core.package_identification:_identify(src/hector_slam/hector_map_server) by extensions ['ros']
[0.784s] Level 1:colcon.colcon_core.package_identification:_identify(src/hector_slam/hector_map_server) by extension 'ros'
[0.785s] DEBUG:colcon.colcon_core.package_identification:Package 'src/hector_slam/hector_map_server' with type 'ros.catkin' and name 'hector_map_server'
[0.785s] Level 1:colcon.colcon_core.package_identification:_identify(src/hector_slam/hector_map_tools) by extensions ['ignore', 'ignore_ament_install']
[0.785s] Level 1:colcon.colcon_core.package_identification:_identify(src/hector_slam/hector_map_tools) by extension 'ignore'
[0.785s] Level 1:colcon.colcon_core.package_identification:_identify(src/hector_slam/hector_map_tools) by extension 'ignore_ament_install'
[0.785s] Level 1:colcon.colcon_core.package_identification:_identify(src/hector_slam/hector_map_tools) by extensions ['colcon_pkg']
[0.785s] Level 1:colcon.colcon_core.package_identification:_identify(src/hector_slam/hector_map_tools) by extension 'colcon_pkg'
[0.785s] Level 1:colcon.colcon_core.package_identification:_identify(src/hector_slam/hector_map_tools) by extensions ['colcon_meta']
[0.785s] Level 1:colcon.colcon_core.package_identification:_identify(src/hector_slam/hector_map_tools) by extension 'colcon_meta'
[0.785s] Level 1:colcon.colcon_core.package_identification:_identify(src/hector_slam/hector_map_tools) by extensions ['ros']
[0.785s] Level 1:colcon.colcon_core.package_identification:_identify(src/hector_slam/hector_map_tools) by extension 'ros'
[0.786s] DEBUG:colcon.colcon_core.package_identification:Package 'src/hector_slam/hector_map_tools' with type 'ros.catkin' and name 'hector_map_tools'
[0.786s] Level 1:colcon.colcon_core.package_identification:_identify(src/hector_slam/hector_mapping) by extensions ['ignore', 'ignore_ament_install']
[0.786s] Level 1:colcon.colcon_core.package_identification:_identify(src/hector_slam/hector_mapping) by extension 'ignore'
[0.786s] Level 1:colcon.colcon_core.package_identification:_identify(src/hector_slam/hector_mapping) by extension 'ignore_ament_install'
[0.786s] Level 1:colcon.colcon_core.package_identification:_identify(src/hector_slam/hector_mapping) by extensions ['colcon_pkg']
[0.786s] Level 1:colcon.colcon_core.package_identification:_identify(src/hector_slam/hector_mapping) by extension 'colcon_pkg'
[0.786s] Level 1:colcon.colcon_core.package_identification:_identify(src/hector_slam/hector_mapping) by extensions ['colcon_meta']
[0.786s] Level 1:colcon.colcon_core.package_identification:_identify(src/hector_slam/hector_mapping) by extension 'colcon_meta'
[0.786s] Level 1:colcon.colcon_core.package_identification:_identify(src/hector_slam/hector_mapping) by extensions ['ros']
[0.786s] Level 1:colcon.colcon_core.package_identification:_identify(src/hector_slam/hector_mapping) by extension 'ros'
[0.787s] DEBUG:colcon.colcon_core.package_identification:Package 'src/hector_slam/hector_mapping' with type 'ros.catkin' and name 'hector_mapping'
[0.787s] Level 1:colcon.colcon_core.package_identification:_identify(src/hector_slam/hector_marker_drawing) by extensions ['ignore', 'ignore_ament_install']
[0.787s] Level 1:colcon.colcon_core.package_identification:_identify(src/hector_slam/hector_marker_drawing) by extension 'ignore'
[0.787s] Level 1:colcon.colcon_core.package_identification:_identify(src/hector_slam/hector_marker_drawing) by extension 'ignore_ament_install'
[0.787s] Level 1:colcon.colcon_core.package_identification:_identify(src/hector_slam/hector_marker_drawing) by extensions ['colcon_pkg']
[0.787s] Level 1:colcon.colcon_core.package_identification:_identify(src/hector_slam/hector_marker_drawing) by extension 'colcon_pkg'
[0.787s] Level 1:colcon.colcon_core.package_identification:_identify(src/hector_slam/hector_marker_drawing) by extensions ['colcon_meta']
[0.787s] Level 1:colcon.colcon_core.package_identification:_identify(src/hector_slam/hector_marker_drawing) by extension 'colcon_meta'
[0.787s] Level 1:colcon.colcon_core.package_identification:_identify(src/hector_slam/hector_marker_drawing) by extensions ['ros']
[0.787s] Level 1:colcon.colcon_core.package_identification:_identify(src/hector_slam/hector_marker_drawing) by extension 'ros'
[0.788s] DEBUG:colcon.colcon_core.package_identification:Package 'src/hector_slam/hector_marker_drawing' with type 'ros.catkin' and name 'hector_marker_drawing'
[0.788s] Level 1:colcon.colcon_core.package_identification:_identify(src/hector_slam/hector_nav_msgs) by extensions ['ignore', 'ignore_ament_install']
[0.788s] Level 1:colcon.colcon_core.package_identification:_identify(src/hector_slam/hector_nav_msgs) by extension 'ignore'
[0.788s] Level 1:colcon.colcon_core.package_identification:_identify(src/hector_slam/hector_nav_msgs) by extension 'ignore_ament_install'
[0.788s] Level 1:colcon.colcon_core.package_identification:_identify(src/hector_slam/hector_nav_msgs) by extensions ['colcon_pkg']
[0.788s] Level 1:colcon.colcon_core.package_identification:_identify(src/hector_slam/hector_nav_msgs) by extension 'colcon_pkg'
[0.788s] Level 1:colcon.colcon_core.package_identification:_identify(src/hector_slam/hector_nav_msgs) by extensions ['colcon_meta']
[0.788s] Level 1:colcon.colcon_core.package_identification:_identify(src/hector_slam/hector_nav_msgs) by extension 'colcon_meta'
[0.788s] Level 1:colcon.colcon_core.package_identification:_identify(src/hector_slam/hector_nav_msgs) by extensions ['ros']
[0.788s] Level 1:colcon.colcon_core.package_identification:_identify(src/hector_slam/hector_nav_msgs) by extension 'ros'
[0.789s] DEBUG:colcon.colcon_core.package_identification:Package 'src/hector_slam/hector_nav_msgs' with type 'ros.catkin' and name 'hector_nav_msgs'
[0.789s] Level 1:colcon.colcon_core.package_identification:_identify(src/hector_slam/hector_slam) by extensions ['ignore', 'ignore_ament_install']
[0.789s] Level 1:colcon.colcon_core.package_identification:_identify(src/hector_slam/hector_slam) by extension 'ignore'
[0.789s] Level 1:colcon.colcon_core.package_identification:_identify(src/hector_slam/hector_slam) by extension 'ignore_ament_install'
[0.789s] Level 1:colcon.colcon_core.package_identification:_identify(src/hector_slam/hector_slam) by extensions ['colcon_pkg']
[0.789s] Level 1:colcon.colcon_core.package_identification:_identify(src/hector_slam/hector_slam) by extension 'colcon_pkg'
[0.789s] Level 1:colcon.colcon_core.package_identification:_identify(src/hector_slam/hector_slam) by extensions ['colcon_meta']
[0.789s] Level 1:colcon.colcon_core.package_identification:_identify(src/hector_slam/hector_slam) by extension 'colcon_meta'
[0.789s] Level 1:colcon.colcon_core.package_identification:_identify(src/hector_slam/hector_slam) by extensions ['ros']
[0.789s] Level 1:colcon.colcon_core.package_identification:_identify(src/hector_slam/hector_slam) by extension 'ros'
[0.790s] DEBUG:colcon.colcon_core.package_identification:Package 'src/hector_slam/hector_slam' with type 'ros.catkin' and name 'hector_slam'
[0.790s] Level 1:colcon.colcon_core.package_identification:_identify(src/hector_slam/hector_slam_launch) by extensions ['ignore', 'ignore_ament_install']
[0.790s] Level 1:colcon.colcon_core.package_identification:_identify(src/hector_slam/hector_slam_launch) by extension 'ignore'
[0.790s] Level 1:colcon.colcon_core.package_identification:_identify(src/hector_slam/hector_slam_launch) by extension 'ignore_ament_install'
[0.790s] Level 1:colcon.colcon_core.package_identification:_identify(src/hector_slam/hector_slam_launch) by extensions ['colcon_pkg']
[0.790s] Level 1:colcon.colcon_core.package_identification:_identify(src/hector_slam/hector_slam_launch) by extension 'colcon_pkg'
[0.790s] Level 1:colcon.colcon_core.package_identification:_identify(src/hector_slam/hector_slam_launch) by extensions ['colcon_meta']
[0.791s] Level 1:colcon.colcon_core.package_identification:_identify(src/hector_slam/hector_slam_launch) by extension 'colcon_meta'
[0.791s] Level 1:colcon.colcon_core.package_identification:_identify(src/hector_slam/hector_slam_launch) by extensions ['ros']
[0.791s] Level 1:colcon.colcon_core.package_identification:_identify(src/hector_slam/hector_slam_launch) by extension 'ros'
[0.791s] DEBUG:colcon.colcon_core.package_identification:Package 'src/hector_slam/hector_slam_launch' with type 'ros.catkin' and name 'hector_slam_launch'
[0.791s] Level 1:colcon.colcon_core.package_identification:_identify(src/hector_slam/hector_trajectory_server) by extensions ['ignore', 'ignore_ament_install']
[0.791s] Level 1:colcon.colcon_core.package_identification:_identify(src/hector_slam/hector_trajectory_server) by extension 'ignore'
[0.791s] Level 1:colcon.colcon_core.package_identification:_identify(src/hector_slam/hector_trajectory_server) by extension 'ignore_ament_install'
[0.791s] Level 1:colcon.colcon_core.package_identification:_identify(src/hector_slam/hector_trajectory_server) by extensions ['colcon_pkg']
[0.791s] Level 1:colcon.colcon_core.package_identification:_identify(src/hector_slam/hector_trajectory_server) by extension 'colcon_pkg'
[0.792s] Level 1:colcon.colcon_core.package_identification:_identify(src/hector_slam/hector_trajectory_server) by extensions ['colcon_meta']
[0.792s] Level 1:colcon.colcon_core.package_identification:_identify(src/hector_slam/hector_trajectory_server) by extension 'colcon_meta'
[0.792s] Level 1:colcon.colcon_core.package_identification:_identify(src/hector_slam/hector_trajectory_server) by extensions ['ros']
[0.792s] Level 1:colcon.colcon_core.package_identification:_identify(src/hector_slam/hector_trajectory_server) by extension 'ros'
[0.792s] DEBUG:colcon.colcon_core.package_identification:Package 'src/hector_slam/hector_trajectory_server' with type 'ros.catkin' and name 'hector_trajectory_server'
[0.792s] Level 1:colcon.colcon_core.package_identification:_identify(src/my_bot) by extensions ['ignore', 'ignore_ament_install']
[0.792s] Level 1:colcon.colcon_core.package_identification:_identify(src/my_bot) by extension 'ignore'
[0.792s] Level 1:colcon.colcon_core.package_identification:_identify(src/my_bot) by extension 'ignore_ament_install'
[0.792s] Level 1:colcon.colcon_core.package_identification:_identify(src/my_bot) by extensions ['colcon_pkg']
[0.792s] Level 1:colcon.colcon_core.package_identification:_identify(src/my_bot) by extension 'colcon_pkg'
[0.793s] Level 1:colcon.colcon_core.package_identification:_identify(src/my_bot) by extensions ['colcon_meta']
[0.793s] Level 1:colcon.colcon_core.package_identification:_identify(src/my_bot) by extension 'colcon_meta'
[0.793s] Level 1:colcon.colcon_core.package_identification:_identify(src/my_bot) by extensions ['ros']
[0.793s] Level 1:colcon.colcon_core.package_identification:_identify(src/my_bot) by extension 'ros'
[0.793s] DEBUG:colcon.colcon_core.package_identification:Package 'src/my_bot' with type 'ros.ament_cmake' and name 'my_bot'
[0.793s] Level 1:colcon.colcon_core.package_identification:_identify(src/my_package) by extensions ['ignore', 'ignore_ament_install']
[0.793s] Level 1:colcon.colcon_core.package_identification:_identify(src/my_package) by extension 'ignore'
[0.793s] Level 1:colcon.colcon_core.package_identification:_identify(src/my_package) by extension 'ignore_ament_install'
[0.793s] Level 1:colcon.colcon_core.package_identification:_identify(src/my_package) by extensions ['colcon_pkg']
[0.793s] Level 1:colcon.colcon_core.package_identification:_identify(src/my_package) by extension 'colcon_pkg'
[0.793s] Level 1:colcon.colcon_core.package_identification:_identify(src/my_package) by extensions ['colcon_meta']
[0.793s] Level 1:colcon.colcon_core.package_identification:_identify(src/my_package) by extension 'colcon_meta'
[0.793s] Level 1:colcon.colcon_core.package_identification:_identify(src/my_package) by extensions ['ros']
[0.793s] Level 1:colcon.colcon_core.package_identification:_identify(src/my_package) by extension 'ros'
[0.794s] DEBUG:colcon.colcon_core.package_identification:Package 'src/my_package' with type 'ros.ament_python' and name 'my_package'
[0.794s] Level 1:colcon.colcon_core.package_identification:_identify(src/rplidar_ros2) by extensions ['ignore', 'ignore_ament_install']
[0.794s] Level 1:colcon.colcon_core.package_identification:_identify(src/rplidar_ros2) by extension 'ignore'
[0.794s] Level 1:colcon.colcon_core.package_identification:_identify(src/rplidar_ros2) by extension 'ignore_ament_install'
[0.794s] Level 1:colcon.colcon_core.package_identification:_identify(src/rplidar_ros2) by extensions ['colcon_pkg']
[0.794s] Level 1:colcon.colcon_core.package_identification:_identify(src/rplidar_ros2) by extension 'colcon_pkg'
[0.794s] Level 1:colcon.colcon_core.package_identification:_identify(src/rplidar_ros2) by extensions ['colcon_meta']
[0.794s] Level 1:colcon.colcon_core.package_identification:_identify(src/rplidar_ros2) by extension 'colcon_meta'
[0.794s] Level 1:colcon.colcon_core.package_identification:_identify(src/rplidar_ros2) by extensions ['ros']
[0.794s] Level 1:colcon.colcon_core.package_identification:_identify(src/rplidar_ros2) by extension 'ros'
[0.795s] DEBUG:colcon.colcon_core.package_identification:Package 'src/rplidar_ros2' with type 'ros.ament_cmake' and name 'rplidar_ros'
[0.795s] Level 1:colcon.colcon_core.package_identification:_identify(src/slam_toolbox) by extensions ['ignore', 'ignore_ament_install']
[0.795s] Level 1:colcon.colcon_core.package_identification:_identify(src/slam_toolbox) by extension 'ignore'
[0.795s] Level 1:colcon.colcon_core.package_identification:_identify(src/slam_toolbox) by extension 'ignore_ament_install'
[0.795s] Level 1:colcon.colcon_core.package_identification:_identify(src/slam_toolbox) by extensions ['colcon_pkg']
[0.795s] Level 1:colcon.colcon_core.package_identification:_identify(src/slam_toolbox) by extension 'colcon_pkg'
[0.795s] Level 1:colcon.colcon_core.package_identification:_identify(src/slam_toolbox) by extensions ['colcon_meta']
[0.795s] Level 1:colcon.colcon_core.package_identification:_identify(src/slam_toolbox) by extension 'colcon_meta'
[0.795s] Level 1:colcon.colcon_core.package_identification:_identify(src/slam_toolbox) by extensions ['ros']
[0.795s] Level 1:colcon.colcon_core.package_identification:_identify(src/slam_toolbox) by extension 'ros'
[0.797s] DEBUG:colcon.colcon_core.package_identification:Package 'src/slam_toolbox' with type 'ros.ament_cmake' and name 'slam_toolbox'
[0.797s] Level 1:colcon.colcon_core.package_discovery:discover_packages(recursive) using defaults
[0.797s] Level 1:colcon.colcon_core.package_discovery:discover_packages(ignore) discover
[0.797s] Level 1:colcon.colcon_core.package_discovery:discover_packages(ignore) using defaults
[0.797s] Level 1:colcon.colcon_core.package_discovery:discover_packages(path) discover
[0.797s] Level 1:colcon.colcon_core.package_discovery:discover_packages(path) using defaults
[0.845s] INFO:colcon.colcon_core.package_selection:Skipping not selected package 'hector_imu_attitude_to_tf' in 'src/hector_slam/hector_imu_attitude_to_tf'
[0.845s] INFO:colcon.colcon_core.package_selection:Skipping not selected package 'hector_imu_tools' in 'src/hector_slam/hector_imu_tools'
[0.845s] INFO:colcon.colcon_core.package_selection:Skipping not selected package 'hector_map_tools' in 'src/hector_slam/hector_map_tools'
[0.845s] INFO:colcon.colcon_core.package_selection:Skipping not selected package 'hector_mapping' in 'src/hector_slam/hector_mapping'
[0.845s] INFO:colcon.colcon_core.package_selection:Skipping not selected package 'hector_marker_drawing' in 'src/hector_slam/hector_marker_drawing'
[0.845s] INFO:colcon.colcon_core.package_selection:Skipping not selected package 'hector_nav_msgs' in 'src/hector_slam/hector_nav_msgs'
[0.845s] INFO:colcon.colcon_core.package_selection:Skipping not selected package 'my_bot' in 'src/my_bot'
[0.845s] INFO:colcon.colcon_core.package_selection:Skipping not selected package 'my_package' in 'src/my_package'
[0.845s] INFO:colcon.colcon_core.package_selection:Skipping not selected package 'rplidar_ros' in 'src/rplidar_ros2'
[0.845s] INFO:colcon.colcon_core.package_selection:Skipping not selected package 'hector_compressed_map_transport' in 'src/hector_slam/hector_compressed_map_transport'
[0.845s] INFO:colcon.colcon_core.package_selection:Skipping not selected package 'hector_geotiff' in 'src/hector_slam/hector_geotiff'
[0.845s] INFO:colcon.colcon_core.package_selection:Skipping not selected package 'hector_map_server' in 'src/hector_slam/hector_map_server'
[0.845s] INFO:colcon.colcon_core.package_selection:Skipping not selected package 'hector_trajectory_server' in 'src/hector_slam/hector_trajectory_server'
[0.845s] INFO:colcon.colcon_core.package_selection:Skipping not selected package 'hector_geotiff_plugins' in 'src/hector_slam/hector_geotiff_plugins'
[0.845s] INFO:colcon.colcon_core.package_selection:Skipping not selected package 'hector_geotiff_launch' in 'src/hector_slam/hector_geotiff_launch'
[0.845s] INFO:colcon.colcon_core.package_selection:Skipping not selected package 'hector_slam_launch' in 'src/hector_slam/hector_slam_launch'
[0.845s] INFO:colcon.colcon_core.package_selection:Skipping not selected package 'hector_slam' in 'src/hector_slam/hector_slam'
[0.865s] Level 1:colcon.colcon_core.package_discovery:discover_packages(prefix_path) check parameters
[0.866s] Level 1:colcon.colcon_core.package_discovery:discover_packages(prefix_path) discover
[0.887s] DEBUG:colcon.colcon_installed_package_information.package_discovery:Found 8 installed packages in /home/remon/ros2_ws/install
[0.898s] DEBUG:colcon.colcon_installed_package_information.package_discovery:Found 288 installed packages in /opt/ros/humble
[0.899s] Level 1:colcon.colcon_core.package_discovery:discover_packages(prefix_path) using defaults
[0.971s] Level 5:colcon.colcon_core.verb:set package 'slam_toolbox' build argument 'cmake_args' from command line to 'None'
[0.971s] Level 5:colcon.colcon_core.verb:set package 'slam_toolbox' build argument 'cmake_target' from command line to 'None'
[0.971s] Level 5:colcon.colcon_core.verb:set package 'slam_toolbox' build argument 'cmake_target_skip_unavailable' from command line to 'False'
[0.971s] Level 5:colcon.colcon_core.verb:set package 'slam_toolbox' build argument 'cmake_clean_cache' from command line to 'False'
[0.971s] Level 5:colcon.colcon_core.verb:set package 'slam_toolbox' build argument 'cmake_clean_first' from command line to 'False'
[0.971s] Level 5:colcon.colcon_core.verb:set package 'slam_toolbox' build argument 'cmake_force_configure' from command line to 'False'
[0.971s] Level 5:colcon.colcon_core.verb:set package 'slam_toolbox' build argument 'ament_cmake_args' from command line to 'None'
[0.971s] Level 5:colcon.colcon_core.verb:set package 'slam_toolbox' build argument 'catkin_cmake_args' from command line to 'None'
[0.971s] Level 5:colcon.colcon_core.verb:set package 'slam_toolbox' build argument 'catkin_skip_building_tests' from command line to 'False'
[0.971s] DEBUG:colcon.colcon_core.verb:Building package 'slam_toolbox' with the following arguments: {'ament_cmake_args': None, 'build_base': '/home/remon/ros2_ws/build/slam_toolbox', 'catkin_cmake_args': None, 'catkin_skip_building_tests': False, 'cmake_args': None, 'cmake_clean_cache': False, 'cmake_clean_first': False, 'cmake_force_configure': False, 'cmake_target': None, 'cmake_target_skip_unavailable': False, 'install_base': '/home/remon/ros2_ws/install/slam_toolbox', 'merge_install': False, 'path': '/home/remon/ros2_ws/src/slam_toolbox', 'symlink_install': False, 'test_result_base': None}
[0.980s] INFO:colcon.colcon_core.executor:Executing jobs using 'parallel' executor
[0.991s] DEBUG:colcon.colcon_parallel_executor.executor.parallel:run_until_complete
[0.991s] INFO:colcon.colcon_ros.task.ament_cmake.build:Building ROS package in '/home/remon/ros2_ws/src/slam_toolbox' with build type 'ament_cmake'
[0.991s] INFO:colcon.colcon_cmake.task.cmake.build:Building CMake package in '/home/remon/ros2_ws/src/slam_toolbox'
[1.004s] INFO:colcon.colcon_core.plugin_system:Skipping extension 'colcon_core.shell.bat': Not used on non-Windows systems
[1.004s] INFO:colcon.colcon_core.shell:Skip shell extension 'powershell' for command environment: Not usable outside of PowerShell
[1.004s] DEBUG:colcon.colcon_core.shell:Skip shell extension 'dsv' for command environment
[1.045s] DEBUG:colcon.colcon_core.event_handler.log_command:Invoking command in '/home/remon/ros2_ws/build/slam_toolbox': CMAKE_PREFIX_PATH=${CMAKE_PREFIX_PATH}:/home/remon/ros2_ws/install/my_py_pkg:/opt/ros/humble /usr/bin/cmake --build /home/remon/ros2_ws/build/slam_toolbox -- -j8 -l8
[1.414s] DEBUG:colcon.colcon_core.event_handler.log_command:Invoked command in '/home/remon/ros2_ws/build/slam_toolbox' returned '0': CMAKE_PREFIX_PATH=${CMAKE_PREFIX_PATH}:/home/remon/ros2_ws/install/my_py_pkg:/opt/ros/humble /usr/bin/cmake --build /home/remon/ros2_ws/build/slam_toolbox -- -j8 -l8
[1.786s] DEBUG:colcon.colcon_core.event_handler.log_command:Invoking command in '/home/remon/ros2_ws/build/slam_toolbox': CMAKE_PREFIX_PATH=${CMAKE_PREFIX_PATH}:/home/remon/ros2_ws/install/my_py_pkg:/opt/ros/humble /usr/bin/cmake --install /home/remon/ros2_ws/build/slam_toolbox
[1.840s] Level 1:colcon.colcon_core.environment:create_environment_scripts_only(slam_toolbox)
[1.846s] DEBUG:colcon.colcon_core.event_handler.log_command:Invoked command in '/home/remon/ros2_ws/build/slam_toolbox' returned '0': CMAKE_PREFIX_PATH=${CMAKE_PREFIX_PATH}:/home/remon/ros2_ws/install/my_py_pkg:/opt/ros/humble /usr/bin/cmake --install /home/remon/ros2_ws/build/slam_toolbox
[1.856s] Level 1:colcon.colcon_core.environment:checking '/home/remon/ros2_ws/install/slam_toolbox' for CMake module files
[1.857s] Level 1:colcon.colcon_core.environment:checking '/home/remon/ros2_ws/install/slam_toolbox' for CMake config files
[1.857s] Level 1:colcon.colcon_core.shell:create_environment_hook('slam_toolbox', 'cmake_prefix_path')
[1.868s] INFO:colcon.colcon_core.shell:Creating environment hook '/home/remon/ros2_ws/install/slam_toolbox/share/slam_toolbox/hook/cmake_prefix_path.ps1'
[1.869s] INFO:colcon.colcon_core.shell:Creating environment descriptor '/home/remon/ros2_ws/install/slam_toolbox/share/slam_toolbox/hook/cmake_prefix_path.dsv'
[1.869s] INFO:colcon.colcon_core.shell:Creating environment hook '/home/remon/ros2_ws/install/slam_toolbox/share/slam_toolbox/hook/cmake_prefix_path.sh'
[1.870s] Level 1:colcon.colcon_core.environment:checking '/home/remon/ros2_ws/install/slam_toolbox/lib'
[1.870s] Level 1:colcon.colcon_core.shell:create_environment_hook('slam_toolbox', 'ld_library_path_lib')
[1.880s] INFO:colcon.colcon_core.shell:Creating environment hook '/home/remon/ros2_ws/install/slam_toolbox/share/slam_toolbox/hook/ld_library_path_lib.ps1'
[1.880s] INFO:colcon.colcon_core.shell:Creating environment descriptor '/home/remon/ros2_ws/install/slam_toolbox/share/slam_toolbox/hook/ld_library_path_lib.dsv'
[1.881s] INFO:colcon.colcon_core.shell:Creating environment hook '/home/remon/ros2_ws/install/slam_toolbox/share/slam_toolbox/hook/ld_library_path_lib.sh'
[1.881s] Level 1:colcon.colcon_core.environment:checking '/home/remon/ros2_ws/install/slam_toolbox/bin'
[1.881s] Level 1:colcon.colcon_core.environment:checking '/home/remon/ros2_ws/install/slam_toolbox/lib/pkgconfig/slam_toolbox.pc'
[1.881s] Level 1:colcon.colcon_core.environment:checking '/home/remon/ros2_ws/install/slam_toolbox/lib/python3.10/site-packages'
[1.881s] Level 1:colcon.colcon_core.environment:checking '/home/remon/ros2_ws/install/slam_toolbox/bin'
[1.892s] INFO:colcon.colcon_core.shell:Creating package script '/home/remon/ros2_ws/install/slam_toolbox/share/slam_toolbox/package.ps1'
[1.893s] INFO:colcon.colcon_core.shell:Creating package descriptor '/home/remon/ros2_ws/install/slam_toolbox/share/slam_toolbox/package.dsv'
[1.893s] INFO:colcon.colcon_core.shell:Creating package script '/home/remon/ros2_ws/install/slam_toolbox/share/slam_toolbox/package.sh'
[1.894s] INFO:colcon.colcon_core.shell:Creating package script '/home/remon/ros2_ws/install/slam_toolbox/share/slam_toolbox/package.bash'
[1.895s] INFO:colcon.colcon_core.shell:Creating package script '/home/remon/ros2_ws/install/slam_toolbox/share/slam_toolbox/package.zsh'
[1.895s] Level 1:colcon.colcon_core.environment:create_file_with_runtime_dependencies(/home/remon/ros2_ws/install/slam_toolbox/share/colcon-core/packages/slam_toolbox)
[2.251s] Level 1:colcon.colcon_core.environment:create_environment_scripts_only(slam_toolbox)
[2.261s] Level 1:colcon.colcon_core.environment:checking '/home/remon/ros2_ws/install/slam_toolbox' for CMake module files
[2.261s] Level 1:colcon.colcon_core.environment:checking '/home/remon/ros2_ws/install/slam_toolbox' for CMake config files
[2.262s] Level 1:colcon.colcon_core.shell:create_environment_hook('slam_toolbox', 'cmake_prefix_path')
[2.272s] INFO:colcon.colcon_core.shell:Creating environment hook '/home/remon/ros2_ws/install/slam_toolbox/share/slam_toolbox/hook/cmake_prefix_path.ps1'
[2.272s] INFO:colcon.colcon_core.shell:Creating environment descriptor '/home/remon/ros2_ws/install/slam_toolbox/share/slam_toolbox/hook/cmake_prefix_path.dsv'
[2.273s] INFO:colcon.colcon_core.shell:Creating environment hook '/home/remon/ros2_ws/install/slam_toolbox/share/slam_toolbox/hook/cmake_prefix_path.sh'
[2.273s] Level 1:colcon.colcon_core.environment:checking '/home/remon/ros2_ws/install/slam_toolbox/lib'
[2.273s] Level 1:colcon.colcon_core.shell:create_environment_hook('slam_toolbox', 'ld_library_path_lib')
[2.283s] INFO:colcon.colcon_core.shell:Creating environment hook '/home/remon/ros2_ws/install/slam_toolbox/share/slam_toolbox/hook/ld_library_path_lib.ps1'
[2.284s] INFO:colcon.colcon_core.shell:Creating environment descriptor '/home/remon/ros2_ws/install/slam_toolbox/share/slam_toolbox/hook/ld_library_path_lib.dsv'
[2.284s] INFO:colcon.colcon_core.shell:Creating environment hook '/home/remon/ros2_ws/install/slam_toolbox/share/slam_toolbox/hook/ld_library_path_lib.sh'
[2.284s] Level 1:colcon.colcon_core.environment:checking '/home/remon/ros2_ws/install/slam_toolbox/bin'
[2.285s] Level 1:colcon.colcon_core.environment:checking '/home/remon/ros2_ws/install/slam_toolbox/lib/pkgconfig/slam_toolbox.pc'
[2.285s] Level 1:colcon.colcon_core.environment:checking '/home/remon/ros2_ws/install/slam_toolbox/lib/python3.10/site-packages'
[2.285s] Level 1:colcon.colcon_core.environment:checking '/home/remon/ros2_ws/install/slam_toolbox/bin'
[2.295s] INFO:colcon.colcon_core.shell:Creating package script '/home/remon/ros2_ws/install/slam_toolbox/share/slam_toolbox/package.ps1'
[2.296s] INFO:colcon.colcon_core.shell:Creating package descriptor '/home/remon/ros2_ws/install/slam_toolbox/share/slam_toolbox/package.dsv'
[2.296s] INFO:colcon.colcon_core.shell:Creating package script '/home/remon/ros2_ws/install/slam_toolbox/share/slam_toolbox/package.sh'
[2.297s] INFO:colcon.colcon_core.shell:Creating package script '/home/remon/ros2_ws/install/slam_toolbox/share/slam_toolbox/package.bash'
[2.297s] INFO:colcon.colcon_core.shell:Creating package script '/home/remon/ros2_ws/install/slam_toolbox/share/slam_toolbox/package.zsh'
[2.297s] Level 1:colcon.colcon_core.environment:create_file_with_runtime_dependencies(/home/remon/ros2_ws/install/slam_toolbox/share/colcon-core/packages/slam_toolbox)
[2.298s] DEBUG:colcon.colcon_parallel_executor.executor.parallel:closing loop
[2.298s] DEBUG:colcon.colcon_parallel_executor.executor.parallel:loop closed
[2.298s] DEBUG:colcon.colcon_parallel_executor.executor.parallel:run_until_complete finished with '0'
[2.298s] DEBUG:colcon.colcon_core.event_reactor:joining thread
[2.327s] INFO:colcon.colcon_core.plugin_system:Skipping extension 'colcon_notification.desktop_notification.terminal_notifier': Not used on non-Darwin systems
[2.327s] INFO:colcon.colcon_core.plugin_system:Skipping extension 'colcon_notification.desktop_notification.win32': Not used on non-Windows systems
[2.327s] INFO:colcon.colcon_notification.desktop_notification:Sending desktop notification using 'notify2'
[2.337s] DEBUG:colcon.colcon_core.event_reactor:joined thread
[2.348s] INFO:colcon.colcon_core.shell:Creating prefix script '/home/remon/ros2_ws/install/local_setup.ps1'
[2.349s] INFO:colcon.colcon_core.shell:Creating prefix util module '/home/remon/ros2_ws/install/_local_setup_util_ps1.py'
[2.350s] INFO:colcon.colcon_core.shell:Creating prefix chain script '/home/remon/ros2_ws/install/setup.ps1'
[2.363s] INFO:colcon.colcon_core.shell:Creating prefix script '/home/remon/ros2_ws/install/local_setup.sh'
[2.363s] INFO:colcon.colcon_core.shell:Creating prefix util module '/home/remon/ros2_ws/install/_local_setup_util_sh.py'
[2.364s] INFO:colcon.colcon_core.shell:Creating prefix chain script '/home/remon/ros2_ws/install/setup.sh'
[2.375s] INFO:colcon.colcon_core.shell:Creating prefix script '/home/remon/ros2_ws/install/local_setup.bash'
[2.376s] INFO:colcon.colcon_core.shell:Creating prefix chain script '/home/remon/ros2_ws/install/setup.bash'
[2.388s] INFO:colcon.colcon_core.shell:Creating prefix script '/home/remon/ros2_ws/install/local_setup.zsh'
[2.388s] INFO:colcon.colcon_core.shell:Creating prefix chain script '/home/remon/ros2_ws/install/setup.zsh'
