[0.317s] Invoking command in '/home/remon/ros2_ws/build/hector_marker_drawing': /usr/bin/cmake /home/remon/ros2_ws/src/hector_slam/hector_marker_drawing -DCATKIN_INSTALL_INTO_PREFIX_ROOT=0 -DCMAKE_INSTALL_PREFIX=/home/remon/ros2_ws/install/hector_marker_drawing
[5.204s] -- The C compiler identification is GNU 11.4.0
[7.690s] -- The CXX compiler identification is GNU 11.4.0
[7.717s] -- Detecting C compiler ABI info
[7.985s] -- Detecting C compiler ABI info - done
[7.997s] -- Check for working C compiler: /usr/bin/cc - skipped
[7.997s] -- Detecting C compile features
[7.998s] -- Detecting C compile features - done
[8.016s] -- Detecting CXX compiler ABI info
[8.285s] -- Detecting CXX compiler ABI info - done
[8.298s] -- Check for working CXX compiler: /usr/bin/c++ - skipped
[8.298s] -- Detecting CXX compile features
[8.299s] -- Detecting CXX compile features - done
[8.377s] -- Configuring incomplete, errors occurred!
[8.377s] See also "/home/remon/ros2_ws/build/hector_marker_drawing/CMakeFiles/CMakeOutput.log".
[8.377s] [31mCMake Error at CMakeLists.txt:4 (find_package):
[8.377s]   By not providing "Findcatkin.cmake" in CMAKE_MODULE_PATH this project has
[8.377s]   asked CMake to find a package configuration file provided by "catkin", but
[8.377s]   CMake did not find one.
[8.377s] 
[8.378s]   Could not find a package configuration file provided by "catkin" with any
[8.378s]   of the following names:
[8.378s] 
[8.378s]     catkinConfig.cmake
[8.378s]     catkin-config.cmake
[8.378s] 
[8.378s]   Add the installation prefix of "catkin" to CMAKE_PREFIX_PATH or set
[8.378s]   "catkin_DIR" to a directory containing one of the above files.  If "catkin"
[8.378s]   provides a separate development package or SDK, be sure it has been
[8.378s]   installed.
[8.378s] 
[8.378s] [0m
[8.380s] Invoked command in '/home/remon/ros2_ws/build/hector_marker_drawing' returned '1': /usr/bin/cmake /home/remon/ros2_ws/src/hector_slam/hector_marker_drawing -DCATKIN_INSTALL_INTO_PREFIX_ROOT=0 -DCMAKE_INSTALL_PREFIX=/home/remon/ros2_ws/install/hector_marker_drawing
