[0.345s] Invoking command in '/home/remon/ros2_ws/build/hector_imu_tools': /usr/bin/cmake /home/remon/ros2_ws/src/hector_slam/hector_imu_tools -DCATKIN_INSTALL_INTO_PREFIX_ROOT=0 -DCMAKE_INSTALL_PREFIX=/home/remon/ros2_ws/install/hector_imu_tools
[0.369s] [31mCMake Error at CMakeLists.txt:4 (find_package):
[0.370s]   By not providing "Findcatkin.cmake" in CMAKE_MODULE_PATH this project has
[0.370s]   asked CMake to find a package configuration file provided by "catkin", but
[0.371s]   CMake did not find one.
[0.371s] 
[0.371s]   Could not find a package configuration file provided by "catkin" with any
[0.371s]   of the following names:
[0.371s] 
[0.371s]     catkinConfig.cmake
[0.371s]     catkin-config.cmake
[0.371s] 
[0.372s]   Add the installation prefix of "catkin" to CMAKE_PREFIX_PATH or set
[0.372s]   "catkin_DIR" to a directory containing one of the above files.  If "catkin"
[0.373s]   provides a separate development package or SDK, be sure it has been
[0.373s]   installed.
[0.373s] 
[0.373s] [0m
[0.374s] -- Configuring incomplete, errors occurred!
[0.374s] See also "/home/remon/ros2_ws/build/hector_imu_tools/CMakeFiles/CMakeOutput.log".
