[1.278s] Invoking command in '/home/remon/ros2_ws/src/autonomous_exploration': PYTHONPATH=/home/remon/ros2_ws/build/autonomous_exploration/prefix_override:/home/remon/ros2_ws/install/autonomous_exploration/lib/python3.10/site-packages:${PYTHONPATH} /usr/bin/python3 setup.py egg_info --egg-base ../../build/autonomous_exploration build --build-base /home/remon/ros2_ws/build/autonomous_exploration/build install --record /home/remon/ros2_ws/build/autonomous_exploration/install.log --single-version-externally-managed
[1.663s] running egg_info
[1.663s] creating ../../build/autonomous_exploration/autonomous_exploration.egg-info
[1.663s] writing ../../build/autonomous_exploration/autonomous_exploration.egg-info/PKG-INFO
[1.663s] writing dependency_links to ../../build/autonomous_exploration/autonomous_exploration.egg-info/dependency_links.txt
[1.663s] writing entry points to ../../build/autonomous_exploration/autonomous_exploration.egg-info/entry_points.txt
[1.663s] writing requirements to ../../build/autonomous_exploration/autonomous_exploration.egg-info/requires.txt
[1.664s] writing top-level names to ../../build/autonomous_exploration/autonomous_exploration.egg-info/top_level.txt
[1.664s] writing manifest file '../../build/autonomous_exploration/autonomous_exploration.egg-info/SOURCES.txt'
[1.665s] reading manifest file '../../build/autonomous_exploration/autonomous_exploration.egg-info/SOURCES.txt'
[1.665s] writing manifest file '../../build/autonomous_exploration/autonomous_exploration.egg-info/SOURCES.txt'
[1.666s] running build
[1.666s] running build_py
[1.666s] creating /home/remon/ros2_ws/build/autonomous_exploration/build
[1.666s] creating /home/remon/ros2_ws/build/autonomous_exploration/build/lib
[1.666s] creating /home/remon/ros2_ws/build/autonomous_exploration/build/lib/autonomous_exploration
[1.666s] copying autonomous_exploration/__init__.py -> /home/remon/ros2_ws/build/autonomous_exploration/build/lib/autonomous_exploration
[1.666s] running install
[1.666s] running install_lib
[1.667s] creating /home/remon/ros2_ws/install/autonomous_exploration/lib/python3.10/site-packages/autonomous_exploration
[1.668s] copying /home/remon/ros2_ws/build/autonomous_exploration/build/lib/autonomous_exploration/__init__.py -> /home/remon/ros2_ws/install/autonomous_exploration/lib/python3.10/site-packages/autonomous_exploration
[1.673s] byte-compiling /home/remon/ros2_ws/install/autonomous_exploration/lib/python3.10/site-packages/autonomous_exploration/__init__.py to __init__.cpython-310.pyc
[1.674s] running install_data
[1.675s] creating /home/remon/ros2_ws/install/autonomous_exploration/share/ament_index
[1.676s] creating /home/remon/ros2_ws/install/autonomous_exploration/share/ament_index/resource_index
[1.676s] creating /home/remon/ros2_ws/install/autonomous_exploration/share/ament_index/resource_index/packages
[1.676s] copying resource/autonomous_exploration -> /home/remon/ros2_ws/install/autonomous_exploration/share/ament_index/resource_index/packages
[1.676s] copying package.xml -> /home/remon/ros2_ws/install/autonomous_exploration/share/autonomous_exploration
[1.676s] running install_egg_info
[1.678s] Copying ../../build/autonomous_exploration/autonomous_exploration.egg-info to /home/remon/ros2_ws/install/autonomous_exploration/lib/python3.10/site-packages/autonomous_exploration-0.0.0-py3.10.egg-info
[1.678s] running install_scripts
[1.709s] writing list of installed files to '/home/remon/ros2_ws/build/autonomous_exploration/install.log'
[1.760s] Invoked command in '/home/remon/ros2_ws/src/autonomous_exploration' returned '0': PYTHONPATH=/home/remon/ros2_ws/build/autonomous_exploration/prefix_override:/home/remon/ros2_ws/install/autonomous_exploration/lib/python3.10/site-packages:${PYTHONPATH} /usr/bin/python3 setup.py egg_info --egg-base ../../build/autonomous_exploration build --build-base /home/remon/ros2_ws/build/autonomous_exploration/build install --record /home/remon/ros2_ws/build/autonomous_exploration/install.log --single-version-externally-managed
