[0.376s] Invoking command in '/home/remon/ros2_ws/build/hector_nav_msgs': /usr/bin/cmake /home/remon/ros2_ws/src/hector_slam/hector_nav_msgs -DCATKIN_INSTALL_INTO_PREFIX_ROOT=0 -DCMAKE_INSTALL_PREFIX=/home/remon/ros2_ws/install/hector_nav_msgs
[0.656s] [31mCMake Error at CMakeLists.txt:4 (find_package):
[0.656s]   By not providing "Findcatkin.cmake" in CMAKE_MODULE_PATH this project has
[0.657s]   asked CMake to find a package configuration file provided by "catkin", but
[0.657s]   CMake did not find one.
[0.657s] 
[0.657s]   Could not find a package configuration file provided by "catkin" with any
[0.657s]   of the following names:
[0.657s] 
[0.657s]     catkinConfig.cmake
[0.658s]     catkin-config.cmake
[0.658s] 
[0.658s]   Add the installation prefix of "catkin" to CMAKE_PREFIX_PATH or set
[0.658s]   "catkin_DIR" to a directory containing one of the above files.  If "catkin"
[0.658s]   provides a separate development package or SDK, be sure it has been
[0.658s]   installed.
[0.658s] 
[0.658s] [0m
[0.658s] -- Configuring incomplete, errors occurred!
[0.658s] See also "/home/remon/ros2_ws/build/hector_nav_msgs/CMakeFiles/CMakeOutput.log".
[0.666s] Invoked command in '/home/remon/ros2_ws/build/hector_nav_msgs' returned '1': /usr/bin/cmake /home/remon/ros2_ws/src/hector_slam/hector_nav_msgs -DCATKIN_INSTALL_INTO_PREFIX_ROOT=0 -DCMAKE_INSTALL_PREFIX=/home/remon/ros2_ws/install/hector_nav_msgs
