[0.426s] Invoking command in '/home/remon/ros2_ws/build/hector_map_tools': /usr/bin/cmake /home/remon/ros2_ws/src/hector_slam/hector_map_tools -DCATKIN_INSTALL_INTO_PREFIX_ROOT=0 -DCMAKE_INSTALL_PREFIX=/home/remon/ros2_ws/install/hector_map_tools
[0.711s] -- Configuring incomplete, errors occurred!
[0.711s] See also "/home/remon/ros2_ws/build/hector_map_tools/CMakeFiles/CMakeOutput.log".
[0.711s] [31mCMake Error at CMakeLists.txt:4 (find_package):
[0.711s]   By not providing "Findcatkin.cmake" in CMAKE_MODULE_PATH this project has
[0.711s]   asked CMake to find a package configuration file provided by "catkin", but
[0.711s]   CMake did not find one.
[0.711s] 
[0.711s]   Could not find a package configuration file provided by "catkin" with any
[0.711s]   of the following names:
[0.711s] 
[0.711s]     catkinConfig.cmake
[0.712s]     catkin-config.cmake
[0.712s] 
[0.712s]   Add the installation prefix of "catkin" to CMAKE_PREFIX_PATH or set
[0.712s]   "catkin_DIR" to a directory containing one of the above files.  If "catkin"
[0.712s]   provides a separate development package or SDK, be sure it has been
[0.712s]   installed.
[0.712s] 
[0.712s] [0m
[0.719s] Invoked command in '/home/remon/ros2_ws/build/hector_map_tools' returned '1': /usr/bin/cmake /home/remon/ros2_ws/src/hector_slam/hector_map_tools -DCATKIN_INSTALL_INTO_PREFIX_ROOT=0 -DCMAKE_INSTALL_PREFIX=/home/remon/ros2_ws/install/hector_map_tools
