[0.052s] Invoking command in '/home/remon/ros2_ws/build/cpp_pkg2': CMAKE_PREFIX_PATH=${CMAKE_PREFIX_PATH}:/home/remon/ros2_ws/install/my_py_pkg:/opt/ros/humble /usr/bin/cmake --build /home/remon/ros2_ws/build/cpp_pkg2 -- -j8 -l8
[0.081s] [35m[1mConsolidate compiler generated dependencies of target cpp_node[0m
[0.093s] [ 50%] [32mBuilding CXX object CMakeFiles/cpp_node.dir/src/cpp_pkg2.cpp.o[0m
[2.963s] [100%] [32m[1mLinking CXX executable cpp_node[0m
[3.756s] [100%] Built target cpp_node
[3.765s] Invoked command in '/home/remon/ros2_ws/build/cpp_pkg2' returned '0': CMAKE_PREFIX_PATH=${CMAKE_PREFIX_PATH}:/home/remon/ros2_ws/install/my_py_pkg:/opt/ros/humble /usr/bin/cmake --build /home/remon/ros2_ws/build/cpp_pkg2 -- -j8 -l8
[3.792s] Invoking command in '/home/remon/ros2_ws/build/cpp_pkg2': CMAKE_PREFIX_PATH=${CMAKE_PREFIX_PATH}:/home/remon/ros2_ws/install/my_py_pkg:/opt/ros/humble /usr/bin/cmake --install /home/remon/ros2_ws/build/cpp_pkg2
[3.800s] -- Install configuration: ""
[3.800s] -- Installing: /home/remon/ros2_ws/install/cpp_pkg2/lib/cpp_pkg2/cpp_node
[3.800s] -- Set runtime path of "/home/remon/ros2_ws/install/cpp_pkg2/lib/cpp_pkg2/cpp_node" to ""
[3.800s] -- Up-to-date: /home/remon/ros2_ws/install/cpp_pkg2/share/ament_index/resource_index/package_run_dependencies/cpp_pkg2
[3.801s] -- Up-to-date: /home/remon/ros2_ws/install/cpp_pkg2/share/ament_index/resource_index/parent_prefix_path/cpp_pkg2
[3.801s] -- Up-to-date: /home/remon/ros2_ws/install/cpp_pkg2/share/cpp_pkg2/environment/ament_prefix_path.sh
[3.801s] -- Up-to-date: /home/remon/ros2_ws/install/cpp_pkg2/share/cpp_pkg2/environment/ament_prefix_path.dsv
[3.801s] -- Up-to-date: /home/remon/ros2_ws/install/cpp_pkg2/share/cpp_pkg2/environment/path.sh
[3.801s] -- Up-to-date: /home/remon/ros2_ws/install/cpp_pkg2/share/cpp_pkg2/environment/path.dsv
[3.801s] -- Up-to-date: /home/remon/ros2_ws/install/cpp_pkg2/share/cpp_pkg2/local_setup.bash
[3.801s] -- Up-to-date: /home/remon/ros2_ws/install/cpp_pkg2/share/cpp_pkg2/local_setup.sh
[3.801s] -- Up-to-date: /home/remon/ros2_ws/install/cpp_pkg2/share/cpp_pkg2/local_setup.zsh
[3.801s] -- Up-to-date: /home/remon/ros2_ws/install/cpp_pkg2/share/cpp_pkg2/local_setup.dsv
[3.801s] -- Installing: /home/remon/ros2_ws/install/cpp_pkg2/share/cpp_pkg2/package.dsv
[3.801s] -- Up-to-date: /home/remon/ros2_ws/install/cpp_pkg2/share/ament_index/resource_index/packages/cpp_pkg2
[3.801s] -- Up-to-date: /home/remon/ros2_ws/install/cpp_pkg2/share/cpp_pkg2/cmake/cpp_pkg2Config.cmake
[3.801s] -- Up-to-date: /home/remon/ros2_ws/install/cpp_pkg2/share/cpp_pkg2/cmake/cpp_pkg2Config-version.cmake
[3.801s] -- Up-to-date: /home/remon/ros2_ws/install/cpp_pkg2/share/cpp_pkg2/package.xml
[3.802s] Invoked command in '/home/remon/ros2_ws/build/cpp_pkg2' returned '0': CMAKE_PREFIX_PATH=${CMAKE_PREFIX_PATH}:/home/remon/ros2_ws/install/my_py_pkg:/opt/ros/humble /usr/bin/cmake --install /home/remon/ros2_ws/build/cpp_pkg2
