[1.205s] Invoking command in '/home/remon/ros2_ws/src/my_py_pkg': PYTHONPATH=/home/remon/ros2_ws/build/my_py_pkg/prefix_override:/home/remon/ros2_ws/install/my_py_pkg/lib/python3.10/site-packages:${PYTHONPATH} /usr/bin/python3 setup.py egg_info --egg-base ../../build/my_py_pkg build --build-base /home/remon/ros2_ws/build/my_py_pkg/build install --record /home/remon/ros2_ws/build/my_py_pkg/install.log --single-version-externally-managed
[1.408s] running egg_info
[1.408s] writing ../../build/my_py_pkg/my_py_pkg.egg-info/PKG-INFO
[1.409s] writing dependency_links to ../../build/my_py_pkg/my_py_pkg.egg-info/dependency_links.txt
[1.409s] writing entry points to ../../build/my_py_pkg/my_py_pkg.egg-info/entry_points.txt
[1.409s] writing requirements to ../../build/my_py_pkg/my_py_pkg.egg-info/requires.txt
[1.409s] writing top-level names to ../../build/my_py_pkg/my_py_pkg.egg-info/top_level.txt
[1.411s] reading manifest file '../../build/my_py_pkg/my_py_pkg.egg-info/SOURCES.txt'
[1.435s] writing manifest file '../../build/my_py_pkg/my_py_pkg.egg-info/SOURCES.txt'
[1.436s] running build
[1.436s] running build_py
[1.436s] running install
[1.437s] running install_lib
[1.439s] running install_data
[1.439s] running install_egg_info
[1.441s] removing '/home/remon/ros2_ws/install/my_py_pkg/lib/python3.10/site-packages/my_py_pkg-0.0.0-py3.10.egg-info' (and everything under it)
[1.441s] Copying ../../build/my_py_pkg/my_py_pkg.egg-info to /home/remon/ros2_ws/install/my_py_pkg/lib/python3.10/site-packages/my_py_pkg-0.0.0-py3.10.egg-info
[1.460s] running install_scripts
[1.482s] Installing py_node script to /home/remon/ros2_ws/install/my_py_pkg/lib/my_py_pkg
[1.497s] writing list of installed files to '/home/remon/ros2_ws/build/my_py_pkg/install.log'
[1.520s] Invoked command in '/home/remon/ros2_ws/src/my_py_pkg' returned '0': PYTHONPATH=/home/remon/ros2_ws/build/my_py_pkg/prefix_override:/home/remon/ros2_ws/install/my_py_pkg/lib/python3.10/site-packages:${PYTHONPATH} /usr/bin/python3 setup.py egg_info --egg-base ../../build/my_py_pkg build --build-base /home/remon/ros2_ws/build/my_py_pkg/build install --record /home/remon/ros2_ws/build/my_py_pkg/install.log --single-version-externally-managed
