[0.120s] Invoking command in '/home/remon/ros2_ws/build/my_cpp_pkg': CMAKE_PREFIX_PATH=/opt/ros/humble /usr/bin/cmake /home/remon/ros2_ws/src/my_cpp_pkg -DCMAKE_INSTALL_PREFIX=/home/remon/ros2_ws/install/my_cpp_pkg
[2.393s] -- The C compiler identification is GNU 11.4.0
[3.121s] -- The CXX compiler identification is GNU 11.4.0
[3.162s] -- Detecting C compiler ABI info
[3.404s] -- Detecting C compiler ABI info - done
[3.410s] -- Check for working C compiler: /usr/bin/cc - skipped
[3.410s] -- Detecting C compile features
[3.426s] -- Detecting C compile features - done
[3.433s] -- Detecting CXX compiler ABI info
[3.576s] -- Detecting CXX compiler ABI info - done
[3.581s] -- Check for working CXX compiler: /usr/bin/c++ - skipped
[3.582s] -- Detecting CXX compile features
[3.582s] -- Detecting CXX compile features - done
[3.669s] -- Found ament_cmake: 1.3.5 (/opt/ros/humble/share/ament_cmake/cmake)
[3.939s] -- Found Python3: /usr/bin/python3.10 (found version "3.10.12") found components: Interpreter 
[4.295s] -- Found rclcpp: 16.0.6 (/opt/ros/humble/share/rclcpp/cmake)
[4.630s] -- Found rosidl_generator_c: 3.1.5 (/opt/ros/humble/share/rosidl_generator_c/cmake)
[4.667s] -- Found rosidl_adapter: 3.1.5 (/opt/ros/humble/share/rosidl_adapter/cmake)
[4.694s] -- Found rosidl_generator_cpp: 3.1.5 (/opt/ros/humble/share/rosidl_generator_cpp/cmake)
[4.810s] -- Using all available rosidl_typesupport_c: rosidl_typesupport_fastrtps_c;rosidl_typesupport_introspection_c
[4.858s] -- Using all available rosidl_typesupport_cpp: rosidl_typesupport_fastrtps_cpp;rosidl_typesupport_introspection_cpp
[5.118s] -- Found rmw_implementation_cmake: 6.1.1 (/opt/ros/humble/share/rmw_implementation_cmake/cmake)
[5.136s] -- Found rmw_fastrtps_cpp: 6.2.4 (/opt/ros/humble/share/rmw_fastrtps_cpp/cmake)
[5.743s] -- Found OpenSSL: /usr/lib/x86_64-linux-gnu/libcrypto.so (found version "3.0.2")  
[5.772s] -- Found FastRTPS: /opt/ros/humble/include  
[5.805s] -- Using RMW implementation 'rmw_fastrtps_cpp' as default
[5.879s] -- Looking for pthread.h
[6.241s] -- Looking for pthread.h - found
[6.242s] -- Performing Test CMAKE_HAVE_LIBC_PTHREAD
[6.347s] -- Performing Test CMAKE_HAVE_LIBC_PTHREAD - Success
[6.348s] -- Found Threads: TRUE  
[6.674s] -- Found ament_lint_auto: 0.12.8 (/opt/ros/humble/share/ament_lint_auto/cmake)
[6.837s] -- Added test 'lint_cmake' to check CMake code style
[6.840s] -- Added test 'xmllint' to check XML markup files
[6.842s] -- Configuring done
[6.848s] -- Generating done
[6.849s] -- Build files have been written to: /home/remon/ros2_ws/build/my_cpp_pkg
[6.856s] Invoked command in '/home/remon/ros2_ws/build/my_cpp_pkg' returned '0': CMAKE_PREFIX_PATH=/opt/ros/humble /usr/bin/cmake /home/remon/ros2_ws/src/my_cpp_pkg -DCMAKE_INSTALL_PREFIX=/home/remon/ros2_ws/install/my_cpp_pkg
[6.857s] Invoking command in '/home/remon/ros2_ws/build/my_cpp_pkg': CMAKE_PREFIX_PATH=/opt/ros/humble /usr/bin/cmake --build /home/remon/ros2_ws/build/my_cpp_pkg -- -j8 -l8
[6.893s] Invoked command in '/home/remon/ros2_ws/build/my_cpp_pkg' returned '0': CMAKE_PREFIX_PATH=/opt/ros/humble /usr/bin/cmake --build /home/remon/ros2_ws/build/my_cpp_pkg -- -j8 -l8
[6.921s] Invoking command in '/home/remon/ros2_ws/build/my_cpp_pkg': CMAKE_PREFIX_PATH=/opt/ros/humble /usr/bin/cmake --install /home/remon/ros2_ws/build/my_cpp_pkg
[6.933s] -- Install configuration: ""
[6.933s] -- Installing: /home/remon/ros2_ws/install/my_cpp_pkg/share/ament_index/resource_index/package_run_dependencies/my_cpp_pkg
[6.933s] -- Installing: /home/remon/ros2_ws/install/my_cpp_pkg/share/ament_index/resource_index/parent_prefix_path/my_cpp_pkg
[6.934s] -- Installing: /home/remon/ros2_ws/install/my_cpp_pkg/share/my_cpp_pkg/environment/ament_prefix_path.sh
[6.934s] -- Installing: /home/remon/ros2_ws/install/my_cpp_pkg/share/my_cpp_pkg/environment/ament_prefix_path.dsv
[6.934s] -- Installing: /home/remon/ros2_ws/install/my_cpp_pkg/share/my_cpp_pkg/environment/path.sh
[6.934s] -- Installing: /home/remon/ros2_ws/install/my_cpp_pkg/share/my_cpp_pkg/environment/path.dsv
[6.934s] -- Installing: /home/remon/ros2_ws/install/my_cpp_pkg/share/my_cpp_pkg/local_setup.bash
[6.934s] -- Installing: /home/remon/ros2_ws/install/my_cpp_pkg/share/my_cpp_pkg/local_setup.sh
[6.935s] -- Installing: /home/remon/ros2_ws/install/my_cpp_pkg/share/my_cpp_pkg/local_setup.zsh
[6.935s] -- Installing: /home/remon/ros2_ws/install/my_cpp_pkg/share/my_cpp_pkg/local_setup.dsv
[6.935s] -- Installing: /home/remon/ros2_ws/install/my_cpp_pkg/share/my_cpp_pkg/package.dsv
[6.935s] -- Installing: /home/remon/ros2_ws/install/my_cpp_pkg/share/ament_index/resource_index/packages/my_cpp_pkg
[6.935s] -- Installing: /home/remon/ros2_ws/install/my_cpp_pkg/share/my_cpp_pkg/cmake/my_cpp_pkgConfig.cmake
[6.935s] -- Installing: /home/remon/ros2_ws/install/my_cpp_pkg/share/my_cpp_pkg/cmake/my_cpp_pkgConfig-version.cmake
[6.935s] -- Installing: /home/remon/ros2_ws/install/my_cpp_pkg/share/my_cpp_pkg/package.xml
[6.938s] Invoked command in '/home/remon/ros2_ws/build/my_cpp_pkg' returned '0': CMAKE_PREFIX_PATH=/opt/ros/humble /usr/bin/cmake --install /home/remon/ros2_ws/build/my_cpp_pkg
