[0.054s] Invoking command in '/home/remon/ros2_ws/build/slam_toolbox': CMAKE_PREFIX_PATH=${CMAKE_PREFIX_PATH}:/home/remon/ros2_ws/install/my_py_pkg:/opt/ros/humble /usr/bin/cmake /home/remon/ros2_ws/src/slam_toolbox -DCMAKE_INSTALL_PREFIX=/home/remon/ros2_ws/install/slam_toolbox
[0.063s] -- Found ament_cmake: 1.3.5 (/opt/ros/humble/share/ament_cmake/cmake)
[0.180s] -- Found message_filters: 4.3.3 (/opt/ros/humble/share/message_filters/cmake)
[0.203s] -- Found rosidl_generator_c: 3.1.5 (/opt/ros/humble/share/rosidl_generator_c/cmake)
[0.205s] -- Found rosidl_adapter: 3.1.5 (/opt/ros/humble/share/rosidl_adapter/cmake)
[0.209s] -- Found rosidl_generator_cpp: 3.1.5 (/opt/ros/humble/share/rosidl_generator_cpp/cmake)
[0.218s] -- Using all available rosidl_typesupport_c: rosidl_typesupport_fastrtps_c;rosidl_typesupport_introspection_c
[0.232s] -- Using all available rosidl_typesupport_cpp: rosidl_typesupport_fastrtps_cpp;rosidl_typesupport_introspection_cpp
[0.279s] -- Found rmw_implementation_cmake: 6.1.1 (/opt/ros/humble/share/rmw_implementation_cmake/cmake)
[0.280s] -- Found rmw_fastrtps_cpp: 6.2.4 (/opt/ros/humble/share/rmw_fastrtps_cpp/cmake)
[0.379s] -- Using RMW implementation 'rmw_fastrtps_cpp' as default
[0.513s] -- Found nav_msgs: 4.2.3 (/opt/ros/humble/share/nav_msgs/cmake)
[0.614s] -- Found sensor_msgs: 4.2.3 (/opt/ros/humble/share/sensor_msgs/cmake)
[0.681s] -- Found tf2: 0.25.4 (/opt/ros/humble/share/tf2/cmake)
[0.687s] -- Found tf2_ros: 0.25.4 (/opt/ros/humble/share/tf2_ros/cmake)
[0.955s] -- Found visualization_msgs: 4.2.3 (/opt/ros/humble/share/visualization_msgs/cmake)
[1.052s] -- Found pluginlib: 5.1.0 (/opt/ros/humble/share/pluginlib/cmake)
[1.063s] -- Found tf2_geometry_msgs: 0.25.4 (/opt/ros/humble/share/tf2_geometry_msgs/cmake)
[1.066s] -- Found eigen3_cmake_module: 0.1.1 (/opt/ros/humble/share/eigen3_cmake_module/cmake)
[1.067s] -- Ensuring Eigen3 include directory is part of orocos-kdl CMake target
[1.074s] -- Found tf2_sensor_msgs: 0.25.4 (/opt/ros/humble/share/tf2_sensor_msgs/cmake)
[1.090s] -- Found std_srvs: 4.2.3 (/opt/ros/humble/share/std_srvs/cmake)
[1.103s] -- Found rosidl_default_generators: 1.2.0 (/opt/ros/humble/share/rosidl_default_generators/cmake)
[1.109s] -- Found rviz_common: 11.2.8 (/opt/ros/humble/share/rviz_common/cmake)
[1.118s] -- Setting OGRE_DIR to: '/opt/ros/humble/share/rviz_ogre_vendor/cmake/../../../opt/rviz_ogre_vendor/lib/OGRE/cmake'
[1.119s] -- Found OGRE
[1.119s] --   static     : OFF
[1.120s] --   components : HLMS;MeshLodGenerator;Overlay;Paging;Property;RTShaderSystem;Terrain;Volume
[1.120s] --   plugins    : Plugin_BSPSceneManager;Plugin_OctreeSceneManager;Plugin_PCZSceneManager;Plugin_ParticleFX;RenderSystem_GL;RenderSystem_GL3Plus;Codec_STBI
[1.120s] --   media      : /opt/ros/humble/opt/rviz_ogre_vendor/share/OGRE/Media
[1.120s] -- OGRE_LIBRARIES: OgreHLMS;OgreMeshLodGenerator;OgreOverlay;OgrePaging;OgreProperty;OgreRTShaderSystem;OgreTerrain;OgreVolume;OgreMain
[1.120s] -- OGRE_LIBRARY_DIRS: /opt/ros/humble/opt/rviz_ogre_vendor/lib
[1.120s] -- OGRE_PLUGINS: Plugin_BSPSceneManager;Plugin_OctreeSceneManager;Plugin_PCZSceneManager;Plugin_ParticleFX;RenderSystem_GL;RenderSystem_GL3Plus;Codec_STBI
[1.120s] -- OGRE_PLUGIN_DIR: /opt/ros/humble/opt/rviz_ogre_vendor/lib/OGRE
[1.120s] -- rviz_ogre_vendor::OgreOverlay for IMPORTED_LOCATION_RELEASE: /opt/ros/humble/opt/rviz_ogre_vendor/lib/libOgreOverlay.so
[1.120s] -- rviz_ogre_vendor::OgreOverlay for IMPORTED_LOCATION_DEBUG: /opt/ros/humble/opt/rviz_ogre_vendor/lib/libOgreOverlay.so
[1.120s] -- rviz_ogre_vendor::OgreMain for IMPORTED_LOCATION_RELEASE: /opt/ros/humble/opt/rviz_ogre_vendor/lib/libOgreMain.so
[1.120s] -- rviz_ogre_vendor::OgreMain for IMPORTED_LOCATION_DEBUG: /opt/ros/humble/opt/rviz_ogre_vendor/lib/libOgreMain.so
[1.154s] -- rviz_ogre_vendor::RenderSystem_GL for IMPORTED_LOCATION_RELEASE: _render_system_gl_static_library_abs-NOTFOUND
[1.154s] -- rviz_ogre_vendor::RenderSystem_GL for IMPORTED_LOCATION_DEBUG: _render_system_gl_static_library_abs-NOTFOUND
[1.174s] -- library: /usr/lib/x86_64-linux-gnu/libcurl.so
[1.223s] -- Found rviz_default_plugins: 11.2.8 (/opt/ros/humble/share/rviz_default_plugins/cmake)
[1.497s] -- Found CHOLMOD: /usr/include/suitesparse  
[1.499s] -- Found CSparse: /usr/include/suitesparse  
[1.547s] -- Looking for sgemm_
[1.611s] -- Looking for sgemm_ - not found
[1.641s] -- Looking for sgemm_
[1.745s] -- Looking for sgemm_ - found
[1.745s] -- Found BLAS: /usr/lib/x86_64-linux-gnu/libblas.so  
[1.747s] -- Looking for cheev_
[1.833s] -- Looking for cheev_ - not found
[1.841s] -- Looking for cheev_
[1.933s] -- Looking for cheev_ - not found
[1.933s] -- Looking for cheev_
[2.103s] -- Looking for cheev_ - found
[2.103s] -- Found LAPACK: /usr/lib/x86_64-linux-gnu/liblapack.so;/usr/lib/x86_64-linux-gnu/libblas.so  
[2.108s] -- Found required Ceres dependency: Eigen version 3.4.0 in /usr/include/eigen3
[2.116s] -- Found required Ceres dependency: glog
[2.117s] -- Found required Ceres dependency: gflags
[2.117s] -- Found Ceres version: 2.0.0 installed in: /usr with components: [EigenSparse, SparseLinearAlgebraLibrary, LAPACK, SuiteSparse, CXSparse, SchurSpecializations, Multithreading]
[2.904s] -- Found ament_cmake_ros: 0.10.0 (/opt/ros/humble/share/ament_cmake_ros/cmake)
[3.513s] -- Using all available rosidl_typesupport_c: rosidl_typesupport_fastrtps_c;rosidl_typesupport_introspection_c
[3.754s] -- Using all available rosidl_typesupport_cpp: rosidl_typesupport_fastrtps_cpp;rosidl_typesupport_introspection_cpp
[3.813s] -- Found PythonInterp: /usr/bin/python3 (found suitable version "3.10.12", minimum required is "3.6") 
[3.834s] -- Found python_cmake_module: 0.10.0 (/opt/ros/humble/share/python_cmake_module/cmake)
[3.889s] -- Found PythonLibs: /usr/lib/x86_64-linux-gnu/libpython3.10.so (found suitable version "3.10.12", minimum required is "3.5") 
[3.890s] -- Using PYTHON_EXECUTABLE: /usr/bin/python3
[3.890s] -- Using PYTHON_INCLUDE_DIRS: /usr/include/python3.10
[3.890s] -- Using PYTHON_LIBRARIES: /usr/lib/x86_64-linux-gnu/libpython3.10.so
[3.912s] -- Found PythonExtra: .so  
[4.370s] -- Configuring done
[5.037s] -- Generating done
[5.041s] -- Build files have been written to: /home/remon/ros2_ws/build/slam_toolbox
[5.058s] Invoked command in '/home/remon/ros2_ws/build/slam_toolbox' returned '0': CMAKE_PREFIX_PATH=${CMAKE_PREFIX_PATH}:/home/remon/ros2_ws/install/my_py_pkg:/opt/ros/humble /usr/bin/cmake /home/remon/ros2_ws/src/slam_toolbox -DCMAKE_INSTALL_PREFIX=/home/remon/ros2_ws/install/slam_toolbox
[5.060s] Invoking command in '/home/remon/ros2_ws/build/slam_toolbox': CMAKE_PREFIX_PATH=${CMAKE_PREFIX_PATH}:/home/remon/ros2_ws/install/my_py_pkg:/opt/ros/humble /usr/bin/cmake --build /home/remon/ros2_ws/build/slam_toolbox -- -j8 -l8
[5.095s] [  1%] [34m[1mGenerating C code for ROS interfaces[0m
[5.103s] [  1%] [32mBuilding CXX object lib/karto_sdk/CMakeFiles/kartoSlamToolbox.dir/src/Karto.cpp.o[0m
[5.103s] [  2%] [34m[1mGenerating C++ code for ROS interfaces[0m
[5.105s] [  3%] [32mBuilding CXX object lib/karto_sdk/CMakeFiles/kartoSlamToolbox.dir/src/Mapper.cpp.o[0m
[5.110s] [  3%] Built target ament_cmake_python_copy_slam_toolbox
[5.426s] running egg_info
[5.427s] creating slam_toolbox.egg-info
[5.427s] writing slam_toolbox.egg-info/PKG-INFO
[5.427s] writing dependency_links to slam_toolbox.egg-info/dependency_links.txt
[5.427s] writing top-level names to slam_toolbox.egg-info/top_level.txt
[5.428s] writing manifest file 'slam_toolbox.egg-info/SOURCES.txt'
[5.430s] reading manifest file 'slam_toolbox.egg-info/SOURCES.txt'
[5.430s] writing manifest file 'slam_toolbox.egg-info/SOURCES.txt'
[5.456s] [  3%] Built target ament_cmake_python_build_slam_toolbox_egg
[6.100s] [  3%] Built target slam_toolbox__cpp
[6.112s] [  3%] [34m[1mGenerating C++ type support dispatch for ROS interfaces[0m
[6.113s] [  4%] [34m[1mGenerating C++ introspection for ROS interfaces[0m
[6.113s] [  5%] [34m[1mGenerating C++ type support for eProsima Fast-RTPS[0m
[6.462s] [  6%] [32mBuilding C object CMakeFiles/slam_toolbox__rosidl_generator_c.dir/rosidl_generator_c/slam_toolbox/srv/detail/clear_queue__functions.c.o[0m
[6.462s] [  7%] [32mBuilding C object CMakeFiles/slam_toolbox__rosidl_generator_c.dir/rosidl_generator_c/slam_toolbox/srv/detail/toggle_interactive__functions.c.o[0m
[6.462s] [  7%] [32mBuilding C object CMakeFiles/slam_toolbox__rosidl_generator_c.dir/rosidl_generator_c/slam_toolbox/srv/detail/pause__functions.c.o[0m
[6.978s] [  8%] [32mBuilding C object CMakeFiles/slam_toolbox__rosidl_generator_c.dir/rosidl_generator_c/slam_toolbox/srv/detail/loop_closure__functions.c.o[0m
[6.978s] [  9%] [32mBuilding C object CMakeFiles/slam_toolbox__rosidl_generator_c.dir/rosidl_generator_c/slam_toolbox/srv/detail/save_map__functions.c.o[0m
[6.978s] [  9%] [32mBuilding C object CMakeFiles/slam_toolbox__rosidl_generator_c.dir/rosidl_generator_c/slam_toolbox/srv/detail/clear__functions.c.o[0m
[7.006s] [ 10%] [32mBuilding CXX object CMakeFiles/slam_toolbox__rosidl_typesupport_cpp.dir/rosidl_typesupport_cpp/slam_toolbox/srv/pause__type_support.cpp.o[0m
[7.179s] [ 11%] [32mBuilding C object CMakeFiles/slam_toolbox__rosidl_generator_c.dir/rosidl_generator_c/slam_toolbox/srv/detail/merge_maps__functions.c.o[0m
[7.184s] [ 12%] [32mBuilding C object CMakeFiles/slam_toolbox__rosidl_generator_c.dir/rosidl_generator_c/slam_toolbox/srv/detail/add_submap__functions.c.o[0m
[7.188s] [ 12%] [32mBuilding C object CMakeFiles/slam_toolbox__rosidl_generator_c.dir/rosidl_generator_c/slam_toolbox/srv/detail/deserialize_pose_graph__functions.c.o[0m
[7.373s] [ 12%] [32mBuilding CXX object CMakeFiles/slam_toolbox__rosidl_typesupport_introspection_cpp.dir/rosidl_typesupport_introspection_cpp/slam_toolbox/srv/detail/pause__type_support.cpp.o[0m
[7.382s] [ 13%] [32mBuilding C object CMakeFiles/slam_toolbox__rosidl_generator_c.dir/rosidl_generator_c/slam_toolbox/srv/detail/serialize_pose_graph__functions.c.o[0m
[7.387s] [ 14%] [32mBuilding CXX object CMakeFiles/slam_toolbox__rosidl_typesupport_introspection_cpp.dir/rosidl_typesupport_introspection_cpp/slam_toolbox/srv/detail/clear_queue__type_support.cpp.o[0m
[7.409s] [ 15%] [32mBuilding CXX object CMakeFiles/slam_toolbox__rosidl_typesupport_introspection_cpp.dir/rosidl_typesupport_introspection_cpp/slam_toolbox/srv/detail/toggle_interactive__type_support.cpp.o[0m
[7.586s] [ 16%] [32m[1mLinking C shared library libslam_toolbox__rosidl_generator_c.so[0m
[7.873s] [ 17%] [32mBuilding CXX object CMakeFiles/slam_toolbox__rosidl_typesupport_fastrtps_cpp.dir/rosidl_typesupport_fastrtps_cpp/slam_toolbox/srv/detail/dds_fastrtps/pause__type_support.cpp.o[0m
[8.123s] [ 17%] [32mBuilding CXX object CMakeFiles/slam_toolbox__rosidl_typesupport_introspection_cpp.dir/rosidl_typesupport_introspection_cpp/slam_toolbox/srv/detail/clear__type_support.cpp.o[0m
[8.129s] [ 19%] [32mBuilding CXX object CMakeFiles/slam_toolbox__rosidl_typesupport_introspection_cpp.dir/rosidl_typesupport_introspection_cpp/slam_toolbox/srv/detail/save_map__type_support.cpp.o[0m
[8.130s] [ 20%] [32mBuilding CXX object CMakeFiles/slam_toolbox__rosidl_typesupport_cpp.dir/rosidl_typesupport_cpp/slam_toolbox/srv/toggle_interactive__type_support.cpp.o[0m
[8.131s] [ 20%] [32mBuilding CXX object CMakeFiles/slam_toolbox__rosidl_typesupport_cpp.dir/rosidl_typesupport_cpp/slam_toolbox/srv/clear_queue__type_support.cpp.o[0m
[8.285s] [ 20%] Built target slam_toolbox__rosidl_generator_c
[8.315s] [ 21%] [34m[1mGenerating C type support for eProsima Fast-RTPS[0m
[8.507s] [ 21%] [32mBuilding CXX object CMakeFiles/slam_toolbox__rosidl_typesupport_fastrtps_cpp.dir/rosidl_typesupport_fastrtps_cpp/slam_toolbox/srv/detail/dds_fastrtps/clear_queue__type_support.cpp.o[0m
[8.596s] [ 21%] [32mBuilding CXX object CMakeFiles/slam_toolbox__rosidl_typesupport_cpp.dir/rosidl_typesupport_cpp/slam_toolbox/srv/clear__type_support.cpp.o[0m
[8.610s] [ 22%] [32mBuilding CXX object CMakeFiles/slam_toolbox__rosidl_typesupport_cpp.dir/rosidl_typesupport_cpp/slam_toolbox/srv/save_map__type_support.cpp.o[0m
[8.798s] [ 23%] [32mBuilding CXX object CMakeFiles/slam_toolbox__rosidl_typesupport_introspection_cpp.dir/rosidl_typesupport_introspection_cpp/slam_toolbox/srv/detail/loop_closure__type_support.cpp.o[0m
[8.798s] [ 24%] [32mBuilding CXX object CMakeFiles/slam_toolbox__rosidl_typesupport_cpp.dir/rosidl_typesupport_cpp/slam_toolbox/srv/loop_closure__type_support.cpp.o[0m
[9.066s] [ 24%] [32mBuilding CXX object CMakeFiles/slam_toolbox__rosidl_typesupport_cpp.dir/rosidl_typesupport_cpp/slam_toolbox/srv/merge_maps__type_support.cpp.o[0m
[9.077s] [ 25%] [32mBuilding CXX object CMakeFiles/slam_toolbox__rosidl_typesupport_cpp.dir/rosidl_typesupport_cpp/slam_toolbox/srv/add_submap__type_support.cpp.o[0m
[9.207s] [ 26%] [32mBuilding CXX object CMakeFiles/slam_toolbox__rosidl_typesupport_fastrtps_cpp.dir/rosidl_typesupport_fastrtps_cpp/slam_toolbox/srv/detail/dds_fastrtps/toggle_interactive__type_support.cpp.o[0m
[9.257s] [ 27%] [32mBuilding CXX object CMakeFiles/slam_toolbox__rosidl_typesupport_cpp.dir/rosidl_typesupport_cpp/slam_toolbox/srv/deserialize_pose_graph__type_support.cpp.o[0m
[9.471s] [ 28%] [32mBuilding CXX object CMakeFiles/slam_toolbox__rosidl_typesupport_introspection_cpp.dir/rosidl_typesupport_introspection_cpp/slam_toolbox/srv/detail/merge_maps__type_support.cpp.o[0m
[9.592s] [ 29%] [32mBuilding CXX object CMakeFiles/slam_toolbox__rosidl_typesupport_cpp.dir/rosidl_typesupport_cpp/slam_toolbox/srv/serialize_pose_graph__type_support.cpp.o[0m
[9.615s] [ 29%] [32mBuilding CXX object CMakeFiles/slam_toolbox__rosidl_typesupport_introspection_cpp.dir/rosidl_typesupport_introspection_cpp/slam_toolbox/srv/detail/add_submap__type_support.cpp.o[0m
[9.710s] [ 30%] [32mBuilding CXX object CMakeFiles/slam_toolbox__rosidl_typesupport_introspection_cpp.dir/rosidl_typesupport_introspection_cpp/slam_toolbox/srv/detail/deserialize_pose_graph__type_support.cpp.o[0m
[9.962s] [ 31%] [32mBuilding CXX object CMakeFiles/slam_toolbox__rosidl_typesupport_fastrtps_cpp.dir/rosidl_typesupport_fastrtps_cpp/slam_toolbox/srv/detail/dds_fastrtps/clear__type_support.cpp.o[0m
[10.072s] [ 31%] [32m[1mLinking CXX shared library libslam_toolbox__rosidl_typesupport_cpp.so[0m
[10.153s] [ 32%] [32mBuilding CXX object CMakeFiles/slam_toolbox__rosidl_typesupport_introspection_cpp.dir/rosidl_typesupport_introspection_cpp/slam_toolbox/srv/detail/serialize_pose_graph__type_support.cpp.o[0m
[10.188s] [ 32%] Built target slam_toolbox__rosidl_typesupport_cpp
[10.210s] [ 33%] [34m[1mGenerating C introspection for ROS interfaces[0m
[10.295s] [ 34%] [32mBuilding CXX object CMakeFiles/slam_toolbox__rosidl_typesupport_fastrtps_cpp.dir/rosidl_typesupport_fastrtps_cpp/slam_toolbox/srv/detail/dds_fastrtps/save_map__type_support.cpp.o[0m
[10.324s] [ 35%] [32mBuilding CXX object CMakeFiles/slam_toolbox__rosidl_typesupport_fastrtps_c.dir/rosidl_typesupport_fastrtps_c/slam_toolbox/srv/detail/pause__type_support_c.cpp.o[0m
[10.431s] [ 35%] [32mBuilding CXX object CMakeFiles/slam_toolbox__rosidl_typesupport_fastrtps_cpp.dir/rosidl_typesupport_fastrtps_cpp/slam_toolbox/srv/detail/dds_fastrtps/loop_closure__type_support.cpp.o[0m
[10.700s] [ 36%] [32mBuilding CXX object CMakeFiles/slam_toolbox__rosidl_typesupport_fastrtps_cpp.dir/rosidl_typesupport_fastrtps_cpp/slam_toolbox/srv/detail/dds_fastrtps/merge_maps__type_support.cpp.o[0m
[10.897s] [ 36%] [32m[1mLinking CXX shared library libslam_toolbox__rosidl_typesupport_introspection_cpp.so[0m
[11.014s] [ 36%] [32mBuilding CXX object CMakeFiles/slam_toolbox__rosidl_typesupport_fastrtps_c.dir/rosidl_typesupport_fastrtps_c/slam_toolbox/srv/detail/clear_queue__type_support_c.cpp.o[0m
[11.059s] [ 37%] [32mBuilding CXX object CMakeFiles/slam_toolbox__rosidl_typesupport_fastrtps_cpp.dir/rosidl_typesupport_fastrtps_cpp/slam_toolbox/srv/detail/dds_fastrtps/add_submap__type_support.cpp.o[0m
[11.091s] [ 37%] Built target slam_toolbox__rosidl_typesupport_introspection_cpp
[11.106s] [ 37%] [34m[1mGenerating C type support dispatch for ROS interfaces[0m
[11.138s] [ 37%] [32mBuilding CXX object CMakeFiles/slam_toolbox__rosidl_typesupport_fastrtps_cpp.dir/rosidl_typesupport_fastrtps_cpp/slam_toolbox/srv/detail/dds_fastrtps/deserialize_pose_graph__type_support.cpp.o[0m
[11.462s] [ 38%] [32mBuilding CXX object CMakeFiles/slam_toolbox__rosidl_typesupport_fastrtps_cpp.dir/rosidl_typesupport_fastrtps_cpp/slam_toolbox/srv/detail/dds_fastrtps/serialize_pose_graph__type_support.cpp.o[0m
[11.712s] [ 39%] [32mBuilding CXX object CMakeFiles/slam_toolbox__rosidl_typesupport_fastrtps_c.dir/rosidl_typesupport_fastrtps_c/slam_toolbox/srv/detail/toggle_interactive__type_support_c.cpp.o[0m
[11.857s] [ 40%] [32mBuilding CXX object CMakeFiles/slam_toolbox__rosidl_typesupport_fastrtps_c.dir/rosidl_typesupport_fastrtps_c/slam_toolbox/srv/detail/clear__type_support_c.cpp.o[0m
[11.894s] [ 41%] [32mBuilding CXX object CMakeFiles/slam_toolbox__rosidl_typesupport_fastrtps_c.dir/rosidl_typesupport_fastrtps_c/slam_toolbox/srv/detail/save_map__type_support_c.cpp.o[0m
[12.149s] [ 41%] [32mBuilding C object CMakeFiles/slam_toolbox__rosidl_typesupport_introspection_c.dir/rosidl_typesupport_introspection_c/slam_toolbox/srv/detail/pause__type_support.c.o[0m
[12.221s] [ 42%] [32mBuilding C object CMakeFiles/slam_toolbox__rosidl_typesupport_introspection_c.dir/rosidl_typesupport_introspection_c/slam_toolbox/srv/detail/clear_queue__type_support.c.o[0m
[12.298s] [ 43%] [32mBuilding C object CMakeFiles/slam_toolbox__rosidl_typesupport_introspection_c.dir/rosidl_typesupport_introspection_c/slam_toolbox/srv/detail/toggle_interactive__type_support.c.o[0m
[12.324s] [ 44%] [32m[1mLinking CXX shared library libslam_toolbox__rosidl_typesupport_fastrtps_cpp.so[0m
[12.338s] [ 44%] [32mBuilding CXX object CMakeFiles/slam_toolbox__rosidl_typesupport_fastrtps_c.dir/rosidl_typesupport_fastrtps_c/slam_toolbox/srv/detail/loop_closure__type_support_c.cpp.o[0m
[12.370s] [ 45%] [32mBuilding CXX object CMakeFiles/slam_toolbox__rosidl_typesupport_c.dir/rosidl_typesupport_c/slam_toolbox/srv/pause__type_support.cpp.o[0m
[12.393s] [ 45%] [32mBuilding C object CMakeFiles/slam_toolbox__rosidl_typesupport_introspection_c.dir/rosidl_typesupport_introspection_c/slam_toolbox/srv/detail/clear__type_support.c.o[0m
[12.430s] [ 46%] [32mBuilding CXX object CMakeFiles/slam_toolbox__rosidl_typesupport_c.dir/rosidl_typesupport_c/slam_toolbox/srv/clear_queue__type_support.cpp.o[0m
[12.472s] [ 47%] [32mBuilding C object CMakeFiles/slam_toolbox__rosidl_typesupport_introspection_c.dir/rosidl_typesupport_introspection_c/slam_toolbox/srv/detail/save_map__type_support.c.o[0m
[12.491s] [ 48%] [32mBuilding CXX object CMakeFiles/slam_toolbox__rosidl_typesupport_c.dir/rosidl_typesupport_c/slam_toolbox/srv/toggle_interactive__type_support.cpp.o[0m
[12.500s] [ 49%] [32mBuilding CXX object CMakeFiles/slam_toolbox__rosidl_typesupport_fastrtps_c.dir/rosidl_typesupport_fastrtps_c/slam_toolbox/srv/detail/merge_maps__type_support_c.cpp.o[0m
[12.520s] [ 50%] [32mBuilding CXX object CMakeFiles/slam_toolbox__rosidl_typesupport_fastrtps_c.dir/rosidl_typesupport_fastrtps_c/slam_toolbox/srv/detail/add_submap__type_support_c.cpp.o[0m
[12.548s] [ 50%] [32mBuilding CXX object CMakeFiles/slam_toolbox__rosidl_typesupport_c.dir/rosidl_typesupport_c/slam_toolbox/srv/clear__type_support.cpp.o[0m
[12.558s] [ 50%] Built target slam_toolbox__rosidl_typesupport_fastrtps_cpp
[12.569s] [ 51%] [32mBuilding C object CMakeFiles/slam_toolbox__rosidl_typesupport_introspection_c.dir/rosidl_typesupport_introspection_c/slam_toolbox/srv/detail/loop_closure__type_support.c.o[0m
[12.579s] [ 51%] [34m[1mGenerating rviz_plugin/moc_slam_toolbox_rviz_plugin.cpp[0m
[12.614s] [ 52%] [32mBuilding CXX object CMakeFiles/slam_toolbox__rosidl_typesupport_c.dir/rosidl_typesupport_c/slam_toolbox/srv/save_map__type_support.cpp.o[0m
[12.655s] [ 53%] [32mBuilding C object CMakeFiles/slam_toolbox__rosidl_typesupport_introspection_c.dir/rosidl_typesupport_introspection_c/slam_toolbox/srv/detail/merge_maps__type_support.c.o[0m
[12.675s] [ 54%] [32mBuilding CXX object CMakeFiles/slam_toolbox__rosidl_typesupport_c.dir/rosidl_typesupport_c/slam_toolbox/srv/loop_closure__type_support.cpp.o[0m
[12.690s] [ 55%] [32mBuilding CXX object CMakeFiles/SlamToolboxPlugin.dir/rviz_plugin/slam_toolbox_rviz_plugin.cpp.o[0m
[12.728s] [ 55%] [32mBuilding CXX object CMakeFiles/slam_toolbox__rosidl_typesupport_c.dir/rosidl_typesupport_c/slam_toolbox/srv/merge_maps__type_support.cpp.o[0m
[12.752s] [ 55%] [32mBuilding C object CMakeFiles/slam_toolbox__rosidl_typesupport_introspection_c.dir/rosidl_typesupport_introspection_c/slam_toolbox/srv/detail/add_submap__type_support.c.o[0m
[12.788s] [ 56%] [32mBuilding CXX object CMakeFiles/slam_toolbox__rosidl_typesupport_c.dir/rosidl_typesupport_c/slam_toolbox/srv/add_submap__type_support.cpp.o[0m
[12.848s] [ 57%] [32mBuilding C object CMakeFiles/slam_toolbox__rosidl_typesupport_introspection_c.dir/rosidl_typesupport_introspection_c/slam_toolbox/srv/detail/deserialize_pose_graph__type_support.c.o[0m
[12.876s] [ 58%] [32mBuilding CXX object CMakeFiles/slam_toolbox__rosidl_typesupport_c.dir/rosidl_typesupport_c/slam_toolbox/srv/deserialize_pose_graph__type_support.cpp.o[0m
[12.949s] [ 59%] [32mBuilding CXX object CMakeFiles/slam_toolbox__rosidl_typesupport_c.dir/rosidl_typesupport_c/slam_toolbox/srv/serialize_pose_graph__type_support.cpp.o[0m
[12.985s] [ 60%] [32mBuilding C object CMakeFiles/slam_toolbox__rosidl_typesupport_introspection_c.dir/rosidl_typesupport_introspection_c/slam_toolbox/srv/detail/serialize_pose_graph__type_support.c.o[0m
[13.000s] [ 60%] [32mBuilding CXX object CMakeFiles/slam_toolbox__rosidl_typesupport_fastrtps_c.dir/rosidl_typesupport_fastrtps_c/slam_toolbox/srv/detail/deserialize_pose_graph__type_support_c.cpp.o[0m
[13.004s] [ 60%] [32m[1mLinking CXX shared library libslam_toolbox__rosidl_typesupport_c.so[0m
[13.070s] [ 60%] [32m[1mLinking C shared library libslam_toolbox__rosidl_typesupport_introspection_c.so[0m
[13.123s] [ 61%] [32mBuilding CXX object CMakeFiles/slam_toolbox__rosidl_typesupport_fastrtps_c.dir/rosidl_typesupport_fastrtps_c/slam_toolbox/srv/detail/serialize_pose_graph__type_support_c.cpp.o[0m
[13.174s] [ 62%] [32mBuilding CXX object CMakeFiles/SlamToolboxPlugin.dir/rviz_plugin/moc_slam_toolbox_rviz_plugin.cpp.o[0m
[13.220s] [ 62%] Built target slam_toolbox__rosidl_typesupport_introspection_c
[13.224s] [ 62%] Built target slam_toolbox__rosidl_typesupport_c
[13.743s] [ 63%] [32m[1mLinking CXX shared library libslam_toolbox__rosidl_typesupport_fastrtps_c.so[0m
[13.949s] [ 63%] Built target slam_toolbox__rosidl_typesupport_fastrtps_c
[13.974s] [ 63%] Built target slam_toolbox
[13.997s] [ 63%] [34m[1mGenerating Python code for ROS interfaces[0m
[16.059s] [ 63%] Built target slam_toolbox__py
[16.082s] [ 64%] [32mBuilding C object CMakeFiles/slam_toolbox__rosidl_generator_py.dir/rosidl_generator_py/slam_toolbox/srv/_pause_s.c.o[0m
[16.082s] [ 65%] [32mBuilding C object CMakeFiles/slam_toolbox__rosidl_generator_py.dir/rosidl_generator_py/slam_toolbox/srv/_toggle_interactive_s.c.o[0m
[16.084s] [ 64%] [32mBuilding C object CMakeFiles/slam_toolbox__rosidl_generator_py.dir/rosidl_generator_py/slam_toolbox/srv/_clear_queue_s.c.o[0m
[16.096s] [ 66%] [32mBuilding C object CMakeFiles/slam_toolbox__rosidl_generator_py.dir/rosidl_generator_py/slam_toolbox/srv/_clear_s.c.o[0m
[16.383s] [ 66%] [32mBuilding C object CMakeFiles/slam_toolbox__rosidl_generator_py.dir/rosidl_generator_py/slam_toolbox/srv/_save_map_s.c.o[0m
[16.389s] [ 67%] [32mBuilding C object CMakeFiles/slam_toolbox__rosidl_generator_py.dir/rosidl_generator_py/slam_toolbox/srv/_loop_closure_s.c.o[0m
[16.391s] [ 68%] [32mBuilding C object CMakeFiles/slam_toolbox__rosidl_generator_py.dir/rosidl_generator_py/slam_toolbox/srv/_merge_maps_s.c.o[0m
[16.396s] [ 69%] [32mBuilding C object CMakeFiles/slam_toolbox__rosidl_generator_py.dir/rosidl_generator_py/slam_toolbox/srv/_add_submap_s.c.o[0m
[16.625s] [ 70%] [32mBuilding C object CMakeFiles/slam_toolbox__rosidl_generator_py.dir/rosidl_generator_py/slam_toolbox/srv/_deserialize_pose_graph_s.c.o[0m
[16.625s] [ 70%] [32mBuilding C object CMakeFiles/slam_toolbox__rosidl_generator_py.dir/rosidl_generator_py/slam_toolbox/srv/_serialize_pose_graph_s.c.o[0m
[16.854s] [ 71%] [32m[1mLinking C shared library rosidl_generator_py/slam_toolbox/libslam_toolbox__rosidl_generator_py.so[0m
[16.941s] [ 71%] Built target slam_toolbox__rosidl_generator_py
[16.972s] [ 72%] [32mBuilding C object CMakeFiles/slam_toolbox__rosidl_typesupport_fastrtps_c__pyext.dir/rosidl_generator_py/slam_toolbox/_slam_toolbox_s.ep.rosidl_typesupport_fastrtps_c.c.o[0m
[16.973s] [ 73%] [32mBuilding C object CMakeFiles/slam_toolbox__rosidl_typesupport_c__pyext.dir/rosidl_generator_py/slam_toolbox/_slam_toolbox_s.ep.rosidl_typesupport_c.c.o[0m
[16.973s] [ 74%] [32mBuilding C object CMakeFiles/slam_toolbox__rosidl_typesupport_introspection_c__pyext.dir/rosidl_generator_py/slam_toolbox/_slam_toolbox_s.ep.rosidl_typesupport_introspection_c.c.o[0m
[17.546s] [ 75%] [32m[1mLinking C shared library rosidl_generator_py/slam_toolbox/slam_toolbox_s__rosidl_typesupport_introspection_c.cpython-310-x86_64-linux-gnu.so[0m
[17.603s] [ 76%] [32m[1mLinking C shared library rosidl_generator_py/slam_toolbox/slam_toolbox_s__rosidl_typesupport_c.cpython-310-x86_64-linux-gnu.so[0m
[17.617s] [ 76%] [32m[1mLinking C shared library rosidl_generator_py/slam_toolbox/slam_toolbox_s__rosidl_typesupport_fastrtps_c.cpython-310-x86_64-linux-gnu.so[0m
[17.624s] [ 76%] Built target slam_toolbox__rosidl_typesupport_introspection_c__pyext
[17.673s] [ 76%] Built target slam_toolbox__rosidl_typesupport_c__pyext
[17.674s] [ 76%] Built target slam_toolbox__rosidl_typesupport_fastrtps_c__pyext
[31.600s] [ 77%] [32m[1mLinking CXX shared library libkartoSlamToolbox.so[0m
[32.216s] [ 77%] Built target kartoSlamToolbox
[32.238s] [ 78%] [32mBuilding CXX object CMakeFiles/toolbox_common.dir/src/slam_mapper.cpp.o[0m
[32.239s] [ 80%] [32mBuilding CXX object CMakeFiles/toolbox_common.dir/src/loop_closure_assistant.cpp.o[0m
[32.239s] [ 80%] [32mBuilding CXX object CMakeFiles/toolbox_common.dir/src/map_saver.cpp.o[0m
[32.239s] [ 81%] [32mBuilding CXX object CMakeFiles/toolbox_common.dir/src/laser_utils.cpp.o[0m
[32.239s] [ 80%] [32mBuilding CXX object CMakeFiles/ceres_solver_plugin.dir/solvers/ceres_solver.cpp.o[0m
[32.242s] [ 82%] [32mBuilding CXX object CMakeFiles/toolbox_common.dir/src/slam_toolbox_common.cpp.o[0m
[46.682s] [ 82%] [32m[1mLinking CXX shared library libSlamToolboxPlugin.so[0m
[50.791s] [ 82%] Built target SlamToolboxPlugin
[61.045s] [ 83%] [32m[1mLinking CXX shared library libceres_solver_plugin.so[0m
[61.702s] [ 83%] Built target ceres_solver_plugin
[78.924s] [ 84%] [32m[1mLinking CXX shared library libtoolbox_common.so[0m
[79.600s] [ 84%] Built target toolbox_common
[79.791s] [ 84%] [32mBuilding CXX object CMakeFiles/localization_slam_toolbox.dir/src/slam_toolbox_localization.cpp.o[0m
[79.791s] [ 86%] [32mBuilding CXX object CMakeFiles/sync_slam_toolbox.dir/src/slam_toolbox_sync.cpp.o[0m
[79.791s] [ 86%] [32mBuilding CXX object CMakeFiles/async_slam_toolbox.dir/src/slam_toolbox_async.cpp.o[0m
[79.791s] [ 87%] [32mBuilding CXX object CMakeFiles/merge_maps_kinematic.dir/src/merge_maps_kinematic.cpp.o[0m
[79.793s] [ 88%] [32mBuilding CXX object CMakeFiles/lifelong_slam_toolbox.dir/src/experimental/slam_toolbox_lifelong.cpp.o[0m
[98.727s] [ 89%] [32m[1mLinking CXX shared library libasync_slam_toolbox.so[0m
[99.503s] [ 89%] Built target async_slam_toolbox
[99.530s] [ 90%] [32mBuilding CXX object CMakeFiles/async_slam_toolbox_node.dir/src/slam_toolbox_async_node.cpp.o[0m
[99.866s] [ 91%] [32m[1mLinking CXX shared library libsync_slam_toolbox.so[0m
[100.733s] [ 91%] Built target sync_slam_toolbox
[100.780s] [ 92%] [32mBuilding CXX object CMakeFiles/sync_slam_toolbox_node.dir/src/slam_toolbox_sync_node.cpp.o[0m
[107.265s] [ 92%] [32m[1mLinking CXX shared library liblifelong_slam_toolbox.so[0m
[107.506s] [ 93%] [32m[1mLinking CXX executable merge_maps_kinematic[0m
[108.324s] [ 93%] Built target lifelong_slam_toolbox
[108.392s] [ 94%] [32mBuilding CXX object CMakeFiles/lifelong_slam_toolbox_node.dir/src/experimental/slam_toolbox_lifelong_node.cpp.o[0m
[108.948s] [ 94%] Built target merge_maps_kinematic
[118.663s] [ 95%] [32m[1mLinking CXX shared library liblocalization_slam_toolbox.so[0m
[119.528s] [ 95%] Built target localization_slam_toolbox
[119.577s] [ 96%] [32mBuilding CXX object CMakeFiles/localization_slam_toolbox_node.dir/src/slam_toolbox_localization_node.cpp.o[0m
[119.589s] [ 96%] [32mBuilding CXX object CMakeFiles/map_and_localization_slam_toolbox.dir/src/experimental/slam_toolbox_map_and_localization.cpp.o[0m
[120.911s] [ 96%] [32m[1mLinking CXX executable async_slam_toolbox_node[0m
[121.511s] [ 96%] Built target async_slam_toolbox_node
[122.219s] [ 96%] [32m[1mLinking CXX executable sync_slam_toolbox_node[0m
[122.812s] [ 96%] Built target sync_slam_toolbox_node
[127.016s] [ 97%] [32m[1mLinking CXX executable lifelong_slam_toolbox_node[0m
[127.511s] [ 97%] Built target lifelong_slam_toolbox_node
[135.637s] [ 98%] [32m[1mLinking CXX executable localization_slam_toolbox_node[0m
[136.073s] [ 98%] Built target localization_slam_toolbox_node
[143.173s] [ 99%] [32m[1mLinking CXX shared library libmap_and_localization_slam_toolbox.so[0m
[143.638s] [ 99%] Built target map_and_localization_slam_toolbox
[143.658s] [100%] [32mBuilding CXX object CMakeFiles/map_and_localization_slam_toolbox_node.dir/src/experimental/slam_toolbox_map_and_localization_node.cpp.o[0m
[155.074s] [100%] [32m[1mLinking CXX executable map_and_localization_slam_toolbox_node[0m
[155.401s] [100%] Built target map_and_localization_slam_toolbox_node
[155.442s] Invoked command in '/home/remon/ros2_ws/build/slam_toolbox' returned '0': CMAKE_PREFIX_PATH=${CMAKE_PREFIX_PATH}:/home/remon/ros2_ws/install/my_py_pkg:/opt/ros/humble /usr/bin/cmake --build /home/remon/ros2_ws/build/slam_toolbox -- -j8 -l8
[155.728s] Invoking command in '/home/remon/ros2_ws/build/slam_toolbox': CMAKE_PREFIX_PATH=${CMAKE_PREFIX_PATH}:/home/remon/ros2_ws/install/my_py_pkg:/opt/ros/humble /usr/bin/cmake --install /home/remon/ros2_ws/build/slam_toolbox
[155.815s] -- Install configuration: "Release"
[155.815s] -- Installing: /home/remon/ros2_ws/install/slam_toolbox/share/ament_index/resource_index/rosidl_interfaces/slam_toolbox
[155.831s] -- Installing: /home/remon/ros2_ws/install/slam_toolbox/include/slam_toolbox/slam_toolbox
[155.832s] -- Installing: /home/remon/ros2_ws/install/slam_toolbox/include/slam_toolbox/slam_toolbox/srv
[155.832s] -- Installing: /home/remon/ros2_ws/install/slam_toolbox/include/slam_toolbox/slam_toolbox/srv/merge_maps.h
[155.843s] -- Installing: /home/remon/ros2_ws/install/slam_toolbox/include/slam_toolbox/slam_toolbox/srv/toggle_interactive.h
[155.878s] -- Installing: /home/remon/ros2_ws/install/slam_toolbox/include/slam_toolbox/slam_toolbox/srv/detail
[155.879s] -- Installing: /home/remon/ros2_ws/install/slam_toolbox/include/slam_toolbox/slam_toolbox/srv/detail/pause__struct.h
[155.879s] -- Installing: /home/remon/ros2_ws/install/slam_toolbox/include/slam_toolbox/slam_toolbox/srv/detail/clear__struct.h
[155.879s] -- Installing: /home/remon/ros2_ws/install/slam_toolbox/include/slam_toolbox/slam_toolbox/srv/detail/save_map__struct.h
[155.880s] -- Installing: /home/remon/ros2_ws/install/slam_toolbox/include/slam_toolbox/slam_toolbox/srv/detail/toggle_interactive__type_support.h
[155.880s] -- Installing: /home/remon/ros2_ws/install/slam_toolbox/include/slam_toolbox/slam_toolbox/srv/detail/deserialize_pose_graph__struct.h
[155.880s] -- Installing: /home/remon/ros2_ws/install/slam_toolbox/include/slam_toolbox/slam_toolbox/srv/detail/clear__functions.h
[155.880s] -- Installing: /home/remon/ros2_ws/install/slam_toolbox/include/slam_toolbox/slam_toolbox/srv/detail/loop_closure__type_support.h
[155.881s] -- Installing: /home/remon/ros2_ws/install/slam_toolbox/include/slam_toolbox/slam_toolbox/srv/detail/toggle_interactive__struct.h
[155.881s] -- Installing: /home/remon/ros2_ws/install/slam_toolbox/include/slam_toolbox/slam_toolbox/srv/detail/toggle_interactive__functions.h
[155.881s] -- Installing: /home/remon/ros2_ws/install/slam_toolbox/include/slam_toolbox/slam_toolbox/srv/detail/serialize_pose_graph__functions.c
[155.881s] -- Installing: /home/remon/ros2_ws/install/slam_toolbox/include/slam_toolbox/slam_toolbox/srv/detail/loop_closure__functions.h
[155.882s] -- Installing: /home/remon/ros2_ws/install/slam_toolbox/include/slam_toolbox/slam_toolbox/srv/detail/save_map__type_support.h
[155.882s] -- Installing: /home/remon/ros2_ws/install/slam_toolbox/include/slam_toolbox/slam_toolbox/srv/detail/loop_closure__functions.c
[155.882s] -- Installing: /home/remon/ros2_ws/install/slam_toolbox/include/slam_toolbox/slam_toolbox/srv/detail/deserialize_pose_graph__functions.c
[155.883s] -- Installing: /home/remon/ros2_ws/install/slam_toolbox/include/slam_toolbox/slam_toolbox/srv/detail/loop_closure__struct.h
[155.883s] -- Installing: /home/remon/ros2_ws/install/slam_toolbox/include/slam_toolbox/slam_toolbox/srv/detail/deserialize_pose_graph__type_support.h
[155.883s] -- Installing: /home/remon/ros2_ws/install/slam_toolbox/include/slam_toolbox/slam_toolbox/srv/detail/serialize_pose_graph__struct.h
[155.883s] -- Installing: /home/remon/ros2_ws/install/slam_toolbox/include/slam_toolbox/slam_toolbox/srv/detail/add_submap__functions.c
[155.884s] -- Installing: /home/remon/ros2_ws/install/slam_toolbox/include/slam_toolbox/slam_toolbox/srv/detail/clear__type_support.h
[155.884s] -- Installing: /home/remon/ros2_ws/install/slam_toolbox/include/slam_toolbox/slam_toolbox/srv/detail/toggle_interactive__functions.c
[155.884s] -- Installing: /home/remon/ros2_ws/install/slam_toolbox/include/slam_toolbox/slam_toolbox/srv/detail/add_submap__functions.h
[155.885s] -- Installing: /home/remon/ros2_ws/install/slam_toolbox/include/slam_toolbox/slam_toolbox/srv/detail/deserialize_pose_graph__functions.h
[155.885s] -- Installing: /home/remon/ros2_ws/install/slam_toolbox/include/slam_toolbox/slam_toolbox/srv/detail/merge_maps__struct.h
[155.885s] -- Installing: /home/remon/ros2_ws/install/slam_toolbox/include/slam_toolbox/slam_toolbox/srv/detail/clear_queue__functions.c
[155.898s] -- Installing: /home/remon/ros2_ws/install/slam_toolbox/include/slam_toolbox/slam_toolbox/srv/detail/save_map__functions.h
[155.898s] -- Installing: /home/remon/ros2_ws/install/slam_toolbox/include/slam_toolbox/slam_toolbox/srv/detail/clear_queue__functions.h
[155.898s] -- Installing: /home/remon/ros2_ws/install/slam_toolbox/include/slam_toolbox/slam_toolbox/srv/detail/clear__functions.c
[155.899s] -- Installing: /home/remon/ros2_ws/install/slam_toolbox/include/slam_toolbox/slam_toolbox/srv/detail/clear_queue__type_support.h
[155.899s] -- Installing: /home/remon/ros2_ws/install/slam_toolbox/include/slam_toolbox/slam_toolbox/srv/detail/clear_queue__struct.h
[155.899s] -- Installing: /home/remon/ros2_ws/install/slam_toolbox/include/slam_toolbox/slam_toolbox/srv/detail/pause__type_support.h
[155.899s] -- Installing: /home/remon/ros2_ws/install/slam_toolbox/include/slam_toolbox/slam_toolbox/srv/detail/pause__functions.c
[155.908s] -- Installing: /home/remon/ros2_ws/install/slam_toolbox/include/slam_toolbox/slam_toolbox/srv/detail/serialize_pose_graph__functions.h
[155.908s] -- Installing: /home/remon/ros2_ws/install/slam_toolbox/include/slam_toolbox/slam_toolbox/srv/detail/serialize_pose_graph__type_support.h
[155.908s] -- Installing: /home/remon/ros2_ws/install/slam_toolbox/include/slam_toolbox/slam_toolbox/srv/detail/add_submap__struct.h
[155.909s] -- Installing: /home/remon/ros2_ws/install/slam_toolbox/include/slam_toolbox/slam_toolbox/srv/detail/pause__functions.h
[155.909s] -- Installing: /home/remon/ros2_ws/install/slam_toolbox/include/slam_toolbox/slam_toolbox/srv/detail/add_submap__type_support.h
[155.909s] -- Installing: /home/remon/ros2_ws/install/slam_toolbox/include/slam_toolbox/slam_toolbox/srv/detail/merge_maps__functions.c
[155.909s] -- Installing: /home/remon/ros2_ws/install/slam_toolbox/include/slam_toolbox/slam_toolbox/srv/detail/save_map__functions.c
[155.910s] -- Installing: /home/remon/ros2_ws/install/slam_toolbox/include/slam_toolbox/slam_toolbox/srv/detail/merge_maps__functions.h
[155.910s] -- Installing: /home/remon/ros2_ws/install/slam_toolbox/include/slam_toolbox/slam_toolbox/srv/detail/merge_maps__type_support.h
[155.910s] -- Installing: /home/remon/ros2_ws/install/slam_toolbox/include/slam_toolbox/slam_toolbox/srv/save_map.h
[155.911s] -- Installing: /home/remon/ros2_ws/install/slam_toolbox/include/slam_toolbox/slam_toolbox/srv/clear_queue.h
[155.911s] -- Installing: /home/remon/ros2_ws/install/slam_toolbox/include/slam_toolbox/slam_toolbox/srv/pause.h
[155.919s] -- Installing: /home/remon/ros2_ws/install/slam_toolbox/include/slam_toolbox/slam_toolbox/srv/add_submap.h
[155.919s] -- Installing: /home/remon/ros2_ws/install/slam_toolbox/include/slam_toolbox/slam_toolbox/srv/loop_closure.h
[155.919s] -- Installing: /home/remon/ros2_ws/install/slam_toolbox/include/slam_toolbox/slam_toolbox/srv/serialize_pose_graph.h
[155.919s] -- Installing: /home/remon/ros2_ws/install/slam_toolbox/include/slam_toolbox/slam_toolbox/srv/clear.h
[155.920s] -- Installing: /home/remon/ros2_ws/install/slam_toolbox/include/slam_toolbox/slam_toolbox/srv/deserialize_pose_graph.h
[155.920s] -- Installing: /home/remon/ros2_ws/install/slam_toolbox/include/slam_toolbox/slam_toolbox/msg
[155.920s] -- Installing: /home/remon/ros2_ws/install/slam_toolbox/include/slam_toolbox/slam_toolbox/msg/rosidl_generator_c__visibility_control.h
[155.921s] -- Installing: /home/remon/ros2_ws/install/slam_toolbox/share/slam_toolbox/environment/library_path.sh
[155.936s] -- Installing: /home/remon/ros2_ws/install/slam_toolbox/share/slam_toolbox/environment/library_path.dsv
[155.973s] -- Installing: /home/remon/ros2_ws/install/slam_toolbox/lib/libslam_toolbox__rosidl_generator_c.so
[155.974s] -- Set runtime path of "/home/remon/ros2_ws/install/slam_toolbox/lib/libslam_toolbox__rosidl_generator_c.so" to ""
[155.974s] -- Up-to-date: /home/remon/ros2_ws/install/slam_toolbox/include/slam_toolbox/slam_toolbox
[155.975s] -- Up-to-date: /home/remon/ros2_ws/install/slam_toolbox/include/slam_toolbox/slam_toolbox/srv
[155.975s] -- Up-to-date: /home/remon/ros2_ws/install/slam_toolbox/include/slam_toolbox/slam_toolbox/srv/detail
[155.975s] -- Installing: /home/remon/ros2_ws/install/slam_toolbox/include/slam_toolbox/slam_toolbox/srv/detail/toggle_interactive__rosidl_typesupport_fastrtps_c.h
[155.975s] -- Installing: /home/remon/ros2_ws/install/slam_toolbox/include/slam_toolbox/slam_toolbox/srv/detail/add_submap__rosidl_typesupport_fastrtps_c.h
[155.976s] -- Installing: /home/remon/ros2_ws/install/slam_toolbox/include/slam_toolbox/slam_toolbox/srv/detail/merge_maps__rosidl_typesupport_fastrtps_c.h
[155.976s] -- Installing: /home/remon/ros2_ws/install/slam_toolbox/include/slam_toolbox/slam_toolbox/srv/detail/clear_queue__rosidl_typesupport_fastrtps_c.h
[155.976s] -- Installing: /home/remon/ros2_ws/install/slam_toolbox/include/slam_toolbox/slam_toolbox/srv/detail/serialize_pose_graph__rosidl_typesupport_fastrtps_c.h
[155.977s] -- Installing: /home/remon/ros2_ws/install/slam_toolbox/include/slam_toolbox/slam_toolbox/srv/detail/clear__rosidl_typesupport_fastrtps_c.h
[155.977s] -- Installing: /home/remon/ros2_ws/install/slam_toolbox/include/slam_toolbox/slam_toolbox/srv/detail/pause__rosidl_typesupport_fastrtps_c.h
[155.977s] -- Installing: /home/remon/ros2_ws/install/slam_toolbox/include/slam_toolbox/slam_toolbox/srv/detail/deserialize_pose_graph__rosidl_typesupport_fastrtps_c.h
[155.977s] -- Installing: /home/remon/ros2_ws/install/slam_toolbox/include/slam_toolbox/slam_toolbox/srv/detail/loop_closure__rosidl_typesupport_fastrtps_c.h
[155.978s] -- Installing: /home/remon/ros2_ws/install/slam_toolbox/include/slam_toolbox/slam_toolbox/srv/detail/save_map__rosidl_typesupport_fastrtps_c.h
[155.978s] -- Up-to-date: /home/remon/ros2_ws/install/slam_toolbox/include/slam_toolbox/slam_toolbox/msg
[155.978s] -- Installing: /home/remon/ros2_ws/install/slam_toolbox/include/slam_toolbox/slam_toolbox/msg/rosidl_typesupport_fastrtps_c__visibility_control.h
[155.978s] -- Installing: /home/remon/ros2_ws/install/slam_toolbox/lib/libslam_toolbox__rosidl_typesupport_fastrtps_c.so
[155.979s] -- Set runtime path of "/home/remon/ros2_ws/install/slam_toolbox/lib/libslam_toolbox__rosidl_typesupport_fastrtps_c.so" to ""
[155.979s] -- Up-to-date: /home/remon/ros2_ws/install/slam_toolbox/include/slam_toolbox/slam_toolbox
[155.979s] -- Up-to-date: /home/remon/ros2_ws/install/slam_toolbox/include/slam_toolbox/slam_toolbox/srv
[155.979s] -- Installing: /home/remon/ros2_ws/install/slam_toolbox/include/slam_toolbox/slam_toolbox/srv/add_submap.hpp
[155.980s] -- Installing: /home/remon/ros2_ws/install/slam_toolbox/include/slam_toolbox/slam_toolbox/srv/clear.hpp
[155.980s] -- Installing: /home/remon/ros2_ws/install/slam_toolbox/include/slam_toolbox/slam_toolbox/srv/loop_closure.hpp
[155.980s] -- Installing: /home/remon/ros2_ws/install/slam_toolbox/include/slam_toolbox/slam_toolbox/srv/pause.hpp
[155.980s] -- Installing: /home/remon/ros2_ws/install/slam_toolbox/include/slam_toolbox/slam_toolbox/srv/merge_maps.hpp
[155.981s] -- Up-to-date: /home/remon/ros2_ws/install/slam_toolbox/include/slam_toolbox/slam_toolbox/srv/detail
[155.981s] -- Installing: /home/remon/ros2_ws/install/slam_toolbox/include/slam_toolbox/slam_toolbox/srv/detail/loop_closure__builder.hpp
[155.981s] -- Installing: /home/remon/ros2_ws/install/slam_toolbox/include/slam_toolbox/slam_toolbox/srv/detail/toggle_interactive__traits.hpp
[155.981s] -- Installing: /home/remon/ros2_ws/install/slam_toolbox/include/slam_toolbox/slam_toolbox/srv/detail/clear_queue__traits.hpp
[155.982s] -- Installing: /home/remon/ros2_ws/install/slam_toolbox/include/slam_toolbox/slam_toolbox/srv/detail/add_submap__struct.hpp
[155.982s] -- Installing: /home/remon/ros2_ws/install/slam_toolbox/include/slam_toolbox/slam_toolbox/srv/detail/add_submap__builder.hpp
[155.982s] -- Installing: /home/remon/ros2_ws/install/slam_toolbox/include/slam_toolbox/slam_toolbox/srv/detail/clear__traits.hpp
[155.982s] -- Installing: /home/remon/ros2_ws/install/slam_toolbox/include/slam_toolbox/slam_toolbox/srv/detail/pause__builder.hpp
[155.982s] -- Installing: /home/remon/ros2_ws/install/slam_toolbox/include/slam_toolbox/slam_toolbox/srv/detail/toggle_interactive__struct.hpp
[155.983s] -- Installing: /home/remon/ros2_ws/install/slam_toolbox/include/slam_toolbox/slam_toolbox/srv/detail/deserialize_pose_graph__builder.hpp
[155.983s] -- Installing: /home/remon/ros2_ws/install/slam_toolbox/include/slam_toolbox/slam_toolbox/srv/detail/merge_maps__traits.hpp
[155.983s] -- Installing: /home/remon/ros2_ws/install/slam_toolbox/include/slam_toolbox/slam_toolbox/srv/detail/pause__traits.hpp
[155.983s] -- Installing: /home/remon/ros2_ws/install/slam_toolbox/include/slam_toolbox/slam_toolbox/srv/detail/toggle_interactive__builder.hpp
[155.984s] -- Installing: /home/remon/ros2_ws/install/slam_toolbox/include/slam_toolbox/slam_toolbox/srv/detail/loop_closure__struct.hpp
[155.984s] -- Installing: /home/remon/ros2_ws/install/slam_toolbox/include/slam_toolbox/slam_toolbox/srv/detail/save_map__struct.hpp
[155.984s] -- Installing: /home/remon/ros2_ws/install/slam_toolbox/include/slam_toolbox/slam_toolbox/srv/detail/clear__builder.hpp
[155.984s] -- Installing: /home/remon/ros2_ws/install/slam_toolbox/include/slam_toolbox/slam_toolbox/srv/detail/deserialize_pose_graph__traits.hpp
[155.985s] -- Installing: /home/remon/ros2_ws/install/slam_toolbox/include/slam_toolbox/slam_toolbox/srv/detail/clear_queue__struct.hpp
[155.985s] -- Installing: /home/remon/ros2_ws/install/slam_toolbox/include/slam_toolbox/slam_toolbox/srv/detail/serialize_pose_graph__traits.hpp
[155.985s] -- Installing: /home/remon/ros2_ws/install/slam_toolbox/include/slam_toolbox/slam_toolbox/srv/detail/serialize_pose_graph__builder.hpp
[155.985s] -- Installing: /home/remon/ros2_ws/install/slam_toolbox/include/slam_toolbox/slam_toolbox/srv/detail/deserialize_pose_graph__struct.hpp
[155.986s] -- Installing: /home/remon/ros2_ws/install/slam_toolbox/include/slam_toolbox/slam_toolbox/srv/detail/add_submap__traits.hpp
[155.986s] -- Installing: /home/remon/ros2_ws/install/slam_toolbox/include/slam_toolbox/slam_toolbox/srv/detail/pause__struct.hpp
[155.986s] -- Installing: /home/remon/ros2_ws/install/slam_toolbox/include/slam_toolbox/slam_toolbox/srv/detail/clear_queue__builder.hpp
[155.986s] -- Installing: /home/remon/ros2_ws/install/slam_toolbox/include/slam_toolbox/slam_toolbox/srv/detail/merge_maps__struct.hpp
[155.987s] -- Installing: /home/remon/ros2_ws/install/slam_toolbox/include/slam_toolbox/slam_toolbox/srv/detail/merge_maps__builder.hpp
[155.987s] -- Installing: /home/remon/ros2_ws/install/slam_toolbox/include/slam_toolbox/slam_toolbox/srv/detail/save_map__traits.hpp
[155.987s] -- Installing: /home/remon/ros2_ws/install/slam_toolbox/include/slam_toolbox/slam_toolbox/srv/detail/loop_closure__traits.hpp
[155.987s] -- Installing: /home/remon/ros2_ws/install/slam_toolbox/include/slam_toolbox/slam_toolbox/srv/detail/serialize_pose_graph__struct.hpp
[155.987s] -- Installing: /home/remon/ros2_ws/install/slam_toolbox/include/slam_toolbox/slam_toolbox/srv/detail/save_map__builder.hpp
[155.988s] -- Installing: /home/remon/ros2_ws/install/slam_toolbox/include/slam_toolbox/slam_toolbox/srv/detail/clear__struct.hpp
[155.988s] -- Installing: /home/remon/ros2_ws/install/slam_toolbox/include/slam_toolbox/slam_toolbox/srv/clear_queue.hpp
[155.988s] -- Installing: /home/remon/ros2_ws/install/slam_toolbox/include/slam_toolbox/slam_toolbox/srv/save_map.hpp
[155.988s] -- Installing: /home/remon/ros2_ws/install/slam_toolbox/include/slam_toolbox/slam_toolbox/srv/serialize_pose_graph.hpp
[155.988s] -- Installing: /home/remon/ros2_ws/install/slam_toolbox/include/slam_toolbox/slam_toolbox/srv/deserialize_pose_graph.hpp
[155.989s] -- Installing: /home/remon/ros2_ws/install/slam_toolbox/include/slam_toolbox/slam_toolbox/srv/toggle_interactive.hpp
[155.989s] -- Up-to-date: /home/remon/ros2_ws/install/slam_toolbox/include/slam_toolbox/slam_toolbox
[155.989s] -- Up-to-date: /home/remon/ros2_ws/install/slam_toolbox/include/slam_toolbox/slam_toolbox/srv
[155.989s] -- Up-to-date: /home/remon/ros2_ws/install/slam_toolbox/include/slam_toolbox/slam_toolbox/srv/detail
[155.989s] -- Installing: /home/remon/ros2_ws/install/slam_toolbox/include/slam_toolbox/slam_toolbox/srv/detail/dds_fastrtps
[155.990s] -- Installing: /home/remon/ros2_ws/install/slam_toolbox/include/slam_toolbox/slam_toolbox/srv/detail/serialize_pose_graph__rosidl_typesupport_fastrtps_cpp.hpp
[155.990s] -- Installing: /home/remon/ros2_ws/install/slam_toolbox/include/slam_toolbox/slam_toolbox/srv/detail/add_submap__rosidl_typesupport_fastrtps_cpp.hpp
[155.990s] -- Installing: /home/remon/ros2_ws/install/slam_toolbox/include/slam_toolbox/slam_toolbox/srv/detail/deserialize_pose_graph__rosidl_typesupport_fastrtps_cpp.hpp
[155.990s] -- Installing: /home/remon/ros2_ws/install/slam_toolbox/include/slam_toolbox/slam_toolbox/srv/detail/save_map__rosidl_typesupport_fastrtps_cpp.hpp
[155.990s] -- Installing: /home/remon/ros2_ws/install/slam_toolbox/include/slam_toolbox/slam_toolbox/srv/detail/merge_maps__rosidl_typesupport_fastrtps_cpp.hpp
[155.990s] -- Installing: /home/remon/ros2_ws/install/slam_toolbox/include/slam_toolbox/slam_toolbox/srv/detail/pause__rosidl_typesupport_fastrtps_cpp.hpp
[155.990s] -- Installing: /home/remon/ros2_ws/install/slam_toolbox/include/slam_toolbox/slam_toolbox/srv/detail/clear_queue__rosidl_typesupport_fastrtps_cpp.hpp
[155.991s] -- Installing: /home/remon/ros2_ws/install/slam_toolbox/include/slam_toolbox/slam_toolbox/srv/detail/loop_closure__rosidl_typesupport_fastrtps_cpp.hpp
[155.991s] -- Installing: /home/remon/ros2_ws/install/slam_toolbox/include/slam_toolbox/slam_toolbox/srv/detail/toggle_interactive__rosidl_typesupport_fastrtps_cpp.hpp
[155.991s] -- Installing: /home/remon/ros2_ws/install/slam_toolbox/include/slam_toolbox/slam_toolbox/srv/detail/clear__rosidl_typesupport_fastrtps_cpp.hpp
[155.991s] -- Up-to-date: /home/remon/ros2_ws/install/slam_toolbox/include/slam_toolbox/slam_toolbox/msg
[155.991s] -- Installing: /home/remon/ros2_ws/install/slam_toolbox/include/slam_toolbox/slam_toolbox/msg/rosidl_typesupport_fastrtps_cpp__visibility_control.h
[155.991s] -- Installing: /home/remon/ros2_ws/install/slam_toolbox/lib/libslam_toolbox__rosidl_typesupport_fastrtps_cpp.so
[155.992s] -- Set runtime path of "/home/remon/ros2_ws/install/slam_toolbox/lib/libslam_toolbox__rosidl_typesupport_fastrtps_cpp.so" to ""
[155.992s] -- Up-to-date: /home/remon/ros2_ws/install/slam_toolbox/include/slam_toolbox/slam_toolbox
[155.992s] -- Up-to-date: /home/remon/ros2_ws/install/slam_toolbox/include/slam_toolbox/slam_toolbox/srv
[155.992s] -- Up-to-date: /home/remon/ros2_ws/install/slam_toolbox/include/slam_toolbox/slam_toolbox/srv/detail
[155.993s] -- Installing: /home/remon/ros2_ws/install/slam_toolbox/include/slam_toolbox/slam_toolbox/srv/detail/add_submap__type_support.c
[155.993s] -- Installing: /home/remon/ros2_ws/install/slam_toolbox/include/slam_toolbox/slam_toolbox/srv/detail/clear__type_support.c
[155.993s] -- Installing: /home/remon/ros2_ws/install/slam_toolbox/include/slam_toolbox/slam_toolbox/srv/detail/toggle_interactive__rosidl_typesupport_introspection_c.h
[155.993s] -- Installing: /home/remon/ros2_ws/install/slam_toolbox/include/slam_toolbox/slam_toolbox/srv/detail/pause__type_support.c
[155.993s] -- Installing: /home/remon/ros2_ws/install/slam_toolbox/include/slam_toolbox/slam_toolbox/srv/detail/toggle_interactive__type_support.c
[155.993s] -- Installing: /home/remon/ros2_ws/install/slam_toolbox/include/slam_toolbox/slam_toolbox/srv/detail/loop_closure__type_support.c
[155.993s] -- Installing: /home/remon/ros2_ws/install/slam_toolbox/include/slam_toolbox/slam_toolbox/srv/detail/deserialize_pose_graph__rosidl_typesupport_introspection_c.h
[155.993s] -- Installing: /home/remon/ros2_ws/install/slam_toolbox/include/slam_toolbox/slam_toolbox/srv/detail/clear_queue__rosidl_typesupport_introspection_c.h
[155.993s] -- Installing: /home/remon/ros2_ws/install/slam_toolbox/include/slam_toolbox/slam_toolbox/srv/detail/clear_queue__type_support.c
[155.994s] -- Installing: /home/remon/ros2_ws/install/slam_toolbox/include/slam_toolbox/slam_toolbox/srv/detail/serialize_pose_graph__rosidl_typesupport_introspection_c.h
[155.994s] -- Installing: /home/remon/ros2_ws/install/slam_toolbox/include/slam_toolbox/slam_toolbox/srv/detail/merge_maps__rosidl_typesupport_introspection_c.h
[155.994s] -- Installing: /home/remon/ros2_ws/install/slam_toolbox/include/slam_toolbox/slam_toolbox/srv/detail/add_submap__rosidl_typesupport_introspection_c.h
[155.994s] -- Installing: /home/remon/ros2_ws/install/slam_toolbox/include/slam_toolbox/slam_toolbox/srv/detail/deserialize_pose_graph__type_support.c
[155.994s] -- Installing: /home/remon/ros2_ws/install/slam_toolbox/include/slam_toolbox/slam_toolbox/srv/detail/loop_closure__rosidl_typesupport_introspection_c.h
[155.994s] -- Installing: /home/remon/ros2_ws/install/slam_toolbox/include/slam_toolbox/slam_toolbox/srv/detail/merge_maps__type_support.c
[155.995s] -- Installing: /home/remon/ros2_ws/install/slam_toolbox/include/slam_toolbox/slam_toolbox/srv/detail/save_map__rosidl_typesupport_introspection_c.h
[155.995s] -- Installing: /home/remon/ros2_ws/install/slam_toolbox/include/slam_toolbox/slam_toolbox/srv/detail/save_map__type_support.c
[155.995s] -- Installing: /home/remon/ros2_ws/install/slam_toolbox/include/slam_toolbox/slam_toolbox/srv/detail/clear__rosidl_typesupport_introspection_c.h
[155.995s] -- Installing: /home/remon/ros2_ws/install/slam_toolbox/include/slam_toolbox/slam_toolbox/srv/detail/serialize_pose_graph__type_support.c
[155.995s] -- Installing: /home/remon/ros2_ws/install/slam_toolbox/include/slam_toolbox/slam_toolbox/srv/detail/pause__rosidl_typesupport_introspection_c.h
[155.995s] -- Up-to-date: /home/remon/ros2_ws/install/slam_toolbox/include/slam_toolbox/slam_toolbox/msg
[155.995s] -- Installing: /home/remon/ros2_ws/install/slam_toolbox/include/slam_toolbox/slam_toolbox/msg/rosidl_typesupport_introspection_c__visibility_control.h
[155.995s] -- Installing: /home/remon/ros2_ws/install/slam_toolbox/lib/libslam_toolbox__rosidl_typesupport_introspection_c.so
[155.996s] -- Set runtime path of "/home/remon/ros2_ws/install/slam_toolbox/lib/libslam_toolbox__rosidl_typesupport_introspection_c.so" to ""
[155.996s] -- Installing: /home/remon/ros2_ws/install/slam_toolbox/lib/libslam_toolbox__rosidl_typesupport_c.so
[155.996s] -- Set runtime path of "/home/remon/ros2_ws/install/slam_toolbox/lib/libslam_toolbox__rosidl_typesupport_c.so" to ""
[155.996s] -- Up-to-date: /home/remon/ros2_ws/install/slam_toolbox/include/slam_toolbox/slam_toolbox
[155.996s] -- Up-to-date: /home/remon/ros2_ws/install/slam_toolbox/include/slam_toolbox/slam_toolbox/srv
[155.996s] -- Up-to-date: /home/remon/ros2_ws/install/slam_toolbox/include/slam_toolbox/slam_toolbox/srv/detail
[155.997s] -- Installing: /home/remon/ros2_ws/install/slam_toolbox/include/slam_toolbox/slam_toolbox/srv/detail/merge_maps__type_support.cpp
[155.997s] -- Installing: /home/remon/ros2_ws/install/slam_toolbox/include/slam_toolbox/slam_toolbox/srv/detail/loop_closure__type_support.cpp
[155.997s] -- Installing: /home/remon/ros2_ws/install/slam_toolbox/include/slam_toolbox/slam_toolbox/srv/detail/serialize_pose_graph__type_support.cpp
[155.997s] -- Installing: /home/remon/ros2_ws/install/slam_toolbox/include/slam_toolbox/slam_toolbox/srv/detail/toggle_interactive__rosidl_typesupport_introspection_cpp.hpp
[155.997s] -- Installing: /home/remon/ros2_ws/install/slam_toolbox/include/slam_toolbox/slam_toolbox/srv/detail/toggle_interactive__type_support.cpp
[155.997s] -- Installing: /home/remon/ros2_ws/install/slam_toolbox/include/slam_toolbox/slam_toolbox/srv/detail/deserialize_pose_graph__rosidl_typesupport_introspection_cpp.hpp
[155.997s] -- Installing: /home/remon/ros2_ws/install/slam_toolbox/include/slam_toolbox/slam_toolbox/srv/detail/pause__rosidl_typesupport_introspection_cpp.hpp
[155.998s] -- Installing: /home/remon/ros2_ws/install/slam_toolbox/include/slam_toolbox/slam_toolbox/srv/detail/clear_queue__rosidl_typesupport_introspection_cpp.hpp
[155.998s] -- Installing: /home/remon/ros2_ws/install/slam_toolbox/include/slam_toolbox/slam_toolbox/srv/detail/serialize_pose_graph__rosidl_typesupport_introspection_cpp.hpp
[155.998s] -- Installing: /home/remon/ros2_ws/install/slam_toolbox/include/slam_toolbox/slam_toolbox/srv/detail/deserialize_pose_graph__type_support.cpp
[155.998s] -- Installing: /home/remon/ros2_ws/install/slam_toolbox/include/slam_toolbox/slam_toolbox/srv/detail/add_submap__type_support.cpp
[155.998s] -- Installing: /home/remon/ros2_ws/install/slam_toolbox/include/slam_toolbox/slam_toolbox/srv/detail/clear_queue__type_support.cpp
[155.999s] -- Installing: /home/remon/ros2_ws/install/slam_toolbox/include/slam_toolbox/slam_toolbox/srv/detail/loop_closure__rosidl_typesupport_introspection_cpp.hpp
[155.999s] -- Installing: /home/remon/ros2_ws/install/slam_toolbox/include/slam_toolbox/slam_toolbox/srv/detail/save_map__rosidl_typesupport_introspection_cpp.hpp
[155.999s] -- Installing: /home/remon/ros2_ws/install/slam_toolbox/include/slam_toolbox/slam_toolbox/srv/detail/clear__type_support.cpp
[155.999s] -- Installing: /home/remon/ros2_ws/install/slam_toolbox/include/slam_toolbox/slam_toolbox/srv/detail/pause__type_support.cpp
[155.999s] -- Installing: /home/remon/ros2_ws/install/slam_toolbox/include/slam_toolbox/slam_toolbox/srv/detail/merge_maps__rosidl_typesupport_introspection_cpp.hpp
[155.999s] -- Installing: /home/remon/ros2_ws/install/slam_toolbox/include/slam_toolbox/slam_toolbox/srv/detail/clear__rosidl_typesupport_introspection_cpp.hpp
[156.000s] -- Installing: /home/remon/ros2_ws/install/slam_toolbox/include/slam_toolbox/slam_toolbox/srv/detail/add_submap__rosidl_typesupport_introspection_cpp.hpp
[156.000s] -- Installing: /home/remon/ros2_ws/install/slam_toolbox/include/slam_toolbox/slam_toolbox/srv/detail/save_map__type_support.cpp
[156.000s] -- Installing: /home/remon/ros2_ws/install/slam_toolbox/lib/libslam_toolbox__rosidl_typesupport_introspection_cpp.so
[156.000s] -- Set runtime path of "/home/remon/ros2_ws/install/slam_toolbox/lib/libslam_toolbox__rosidl_typesupport_introspection_cpp.so" to ""
[156.000s] -- Installing: /home/remon/ros2_ws/install/slam_toolbox/lib/libslam_toolbox__rosidl_typesupport_cpp.so
[156.001s] -- Set runtime path of "/home/remon/ros2_ws/install/slam_toolbox/lib/libslam_toolbox__rosidl_typesupport_cpp.so" to ""
[156.001s] -- Installing: /home/remon/ros2_ws/install/slam_toolbox/share/slam_toolbox/environment/pythonpath.sh
[156.001s] -- Installing: /home/remon/ros2_ws/install/slam_toolbox/share/slam_toolbox/environment/pythonpath.dsv
[156.001s] -- Installing: /home/remon/ros2_ws/install/slam_toolbox/local/lib/python3.10/dist-packages/slam_toolbox-2.7.0-py3.10.egg-info
[156.001s] -- Installing: /home/remon/ros2_ws/install/slam_toolbox/local/lib/python3.10/dist-packages/slam_toolbox-2.7.0-py3.10.egg-info/top_level.txt
[156.001s] -- Installing: /home/remon/ros2_ws/install/slam_toolbox/local/lib/python3.10/dist-packages/slam_toolbox-2.7.0-py3.10.egg-info/PKG-INFO
[156.002s] -- Installing: /home/remon/ros2_ws/install/slam_toolbox/local/lib/python3.10/dist-packages/slam_toolbox-2.7.0-py3.10.egg-info/dependency_links.txt
[156.002s] -- Installing: /home/remon/ros2_ws/install/slam_toolbox/local/lib/python3.10/dist-packages/slam_toolbox-2.7.0-py3.10.egg-info/SOURCES.txt
[156.040s] -- Installing: /home/remon/ros2_ws/install/slam_toolbox/local/lib/python3.10/dist-packages/slam_toolbox
[156.040s] -- Installing: /home/remon/ros2_ws/install/slam_toolbox/local/lib/python3.10/dist-packages/slam_toolbox/slam_toolbox_s__rosidl_typesupport_c.cpython-310-x86_64-linux-gnu.so
[156.041s] -- Installing: /home/remon/ros2_ws/install/slam_toolbox/local/lib/python3.10/dist-packages/slam_toolbox/__init__.py
[156.041s] -- Installing: /home/remon/ros2_ws/install/slam_toolbox/local/lib/python3.10/dist-packages/slam_toolbox/_slam_toolbox_s.ep.rosidl_typesupport_introspection_c.c
[156.041s] -- Installing: /home/remon/ros2_ws/install/slam_toolbox/local/lib/python3.10/dist-packages/slam_toolbox/srv
[156.041s] -- Installing: /home/remon/ros2_ws/install/slam_toolbox/local/lib/python3.10/dist-packages/slam_toolbox/srv/_toggle_interactive.py
[156.042s] -- Installing: /home/remon/ros2_ws/install/slam_toolbox/local/lib/python3.10/dist-packages/slam_toolbox/srv/__init__.py
[156.042s] -- Installing: /home/remon/ros2_ws/install/slam_toolbox/local/lib/python3.10/dist-packages/slam_toolbox/srv/_loop_closure.py
[156.042s] -- Installing: /home/remon/ros2_ws/install/slam_toolbox/local/lib/python3.10/dist-packages/slam_toolbox/srv/_clear_s.c
[156.042s] -- Installing: /home/remon/ros2_ws/install/slam_toolbox/local/lib/python3.10/dist-packages/slam_toolbox/srv/_save_map_s.c
[156.043s] -- Installing: /home/remon/ros2_ws/install/slam_toolbox/local/lib/python3.10/dist-packages/slam_toolbox/srv/_clear_queue.py
[156.043s] -- Installing: /home/remon/ros2_ws/install/slam_toolbox/local/lib/python3.10/dist-packages/slam_toolbox/srv/_add_submap.py
[156.043s] -- Installing: /home/remon/ros2_ws/install/slam_toolbox/local/lib/python3.10/dist-packages/slam_toolbox/srv/_merge_maps.py
[156.043s] -- Installing: /home/remon/ros2_ws/install/slam_toolbox/local/lib/python3.10/dist-packages/slam_toolbox/srv/_loop_closure_s.c
[156.044s] -- Installing: /home/remon/ros2_ws/install/slam_toolbox/local/lib/python3.10/dist-packages/slam_toolbox/srv/_add_submap_s.c
[156.044s] -- Installing: /home/remon/ros2_ws/install/slam_toolbox/local/lib/python3.10/dist-packages/slam_toolbox/srv/_toggle_interactive_s.c
[156.044s] -- Installing: /home/remon/ros2_ws/install/slam_toolbox/local/lib/python3.10/dist-packages/slam_toolbox/srv/_clear_queue_s.c
[156.044s] -- Installing: /home/remon/ros2_ws/install/slam_toolbox/local/lib/python3.10/dist-packages/slam_toolbox/srv/_serialize_pose_graph.py
[156.044s] -- Installing: /home/remon/ros2_ws/install/slam_toolbox/local/lib/python3.10/dist-packages/slam_toolbox/srv/_save_map.py
[156.045s] -- Installing: /home/remon/ros2_ws/install/slam_toolbox/local/lib/python3.10/dist-packages/slam_toolbox/srv/_deserialize_pose_graph.py
[156.045s] -- Installing: /home/remon/ros2_ws/install/slam_toolbox/local/lib/python3.10/dist-packages/slam_toolbox/srv/_pause.py
[156.045s] -- Installing: /home/remon/ros2_ws/install/slam_toolbox/local/lib/python3.10/dist-packages/slam_toolbox/srv/_deserialize_pose_graph_s.c
[156.045s] -- Installing: /home/remon/ros2_ws/install/slam_toolbox/local/lib/python3.10/dist-packages/slam_toolbox/srv/_merge_maps_s.c
[156.045s] -- Installing: /home/remon/ros2_ws/install/slam_toolbox/local/lib/python3.10/dist-packages/slam_toolbox/srv/_serialize_pose_graph_s.c
[156.045s] -- Installing: /home/remon/ros2_ws/install/slam_toolbox/local/lib/python3.10/dist-packages/slam_toolbox/srv/_pause_s.c
[156.045s] -- Installing: /home/remon/ros2_ws/install/slam_toolbox/local/lib/python3.10/dist-packages/slam_toolbox/srv/_clear.py
[156.046s] -- Installing: /home/remon/ros2_ws/install/slam_toolbox/local/lib/python3.10/dist-packages/slam_toolbox/_slam_toolbox_s.ep.rosidl_typesupport_fastrtps_c.c
[156.046s] -- Installing: /home/remon/ros2_ws/install/slam_toolbox/local/lib/python3.10/dist-packages/slam_toolbox/slam_toolbox_s__rosidl_typesupport_fastrtps_c.cpython-310-x86_64-linux-gnu.so
[156.046s] -- Installing: /home/remon/ros2_ws/install/slam_toolbox/local/lib/python3.10/dist-packages/slam_toolbox/_slam_toolbox_s.ep.rosidl_typesupport_c.c
[156.046s] -- Installing: /home/remon/ros2_ws/install/slam_toolbox/local/lib/python3.10/dist-packages/slam_toolbox/slam_toolbox_s__rosidl_typesupport_introspection_c.cpython-310-x86_64-linux-gnu.so
[156.046s] -- Installing: /home/remon/ros2_ws/install/slam_toolbox/local/lib/python3.10/dist-packages/slam_toolbox/libslam_toolbox__rosidl_generator_py.so
[156.408s] Listing '/home/remon/ros2_ws/install/slam_toolbox/local/lib/python3.10/dist-packages/slam_toolbox'...
[156.408s] Compiling '/home/remon/ros2_ws/install/slam_toolbox/local/lib/python3.10/dist-packages/slam_toolbox/__init__.py'...
[156.408s] Listing '/home/remon/ros2_ws/install/slam_toolbox/local/lib/python3.10/dist-packages/slam_toolbox/srv'...
[156.408s] Compiling '/home/remon/ros2_ws/install/slam_toolbox/local/lib/python3.10/dist-packages/slam_toolbox/srv/__init__.py'...
[156.408s] Compiling '/home/remon/ros2_ws/install/slam_toolbox/local/lib/python3.10/dist-packages/slam_toolbox/srv/_add_submap.py'...
[156.409s] Compiling '/home/remon/ros2_ws/install/slam_toolbox/local/lib/python3.10/dist-packages/slam_toolbox/srv/_clear.py'...
[156.409s] Compiling '/home/remon/ros2_ws/install/slam_toolbox/local/lib/python3.10/dist-packages/slam_toolbox/srv/_clear_queue.py'...
[156.409s] Compiling '/home/remon/ros2_ws/install/slam_toolbox/local/lib/python3.10/dist-packages/slam_toolbox/srv/_deserialize_pose_graph.py'...
[156.409s] Compiling '/home/remon/ros2_ws/install/slam_toolbox/local/lib/python3.10/dist-packages/slam_toolbox/srv/_loop_closure.py'...
[156.409s] Compiling '/home/remon/ros2_ws/install/slam_toolbox/local/lib/python3.10/dist-packages/slam_toolbox/srv/_merge_maps.py'...
[156.409s] Compiling '/home/remon/ros2_ws/install/slam_toolbox/local/lib/python3.10/dist-packages/slam_toolbox/srv/_pause.py'...
[156.409s] Compiling '/home/remon/ros2_ws/install/slam_toolbox/local/lib/python3.10/dist-packages/slam_toolbox/srv/_save_map.py'...
[156.409s] Compiling '/home/remon/ros2_ws/install/slam_toolbox/local/lib/python3.10/dist-packages/slam_toolbox/srv/_serialize_pose_graph.py'...
[156.409s] Compiling '/home/remon/ros2_ws/install/slam_toolbox/local/lib/python3.10/dist-packages/slam_toolbox/srv/_toggle_interactive.py'...
[156.412s] -- Installing: /home/remon/ros2_ws/install/slam_toolbox/local/lib/python3.10/dist-packages/slam_toolbox/slam_toolbox_s__rosidl_typesupport_fastrtps_c.cpython-310-x86_64-linux-gnu.so
[156.412s] -- Set runtime path of "/home/remon/ros2_ws/install/slam_toolbox/local/lib/python3.10/dist-packages/slam_toolbox/slam_toolbox_s__rosidl_typesupport_fastrtps_c.cpython-310-x86_64-linux-gnu.so" to ""
[156.413s] -- Installing: /home/remon/ros2_ws/install/slam_toolbox/local/lib/python3.10/dist-packages/slam_toolbox/slam_toolbox_s__rosidl_typesupport_introspection_c.cpython-310-x86_64-linux-gnu.so
[156.413s] -- Set runtime path of "/home/remon/ros2_ws/install/slam_toolbox/local/lib/python3.10/dist-packages/slam_toolbox/slam_toolbox_s__rosidl_typesupport_introspection_c.cpython-310-x86_64-linux-gnu.so" to ""
[156.413s] -- Installing: /home/remon/ros2_ws/install/slam_toolbox/local/lib/python3.10/dist-packages/slam_toolbox/slam_toolbox_s__rosidl_typesupport_c.cpython-310-x86_64-linux-gnu.so
[156.413s] -- Set runtime path of "/home/remon/ros2_ws/install/slam_toolbox/local/lib/python3.10/dist-packages/slam_toolbox/slam_toolbox_s__rosidl_typesupport_c.cpython-310-x86_64-linux-gnu.so" to ""
[156.413s] -- Installing: /home/remon/ros2_ws/install/slam_toolbox/lib/libslam_toolbox__rosidl_generator_py.so
[156.414s] -- Set runtime path of "/home/remon/ros2_ws/install/slam_toolbox/lib/libslam_toolbox__rosidl_generator_py.so" to ""
[156.414s] -- Installing: /home/remon/ros2_ws/install/slam_toolbox/share/slam_toolbox/srv/Pause.idl
[156.414s] -- Installing: /home/remon/ros2_ws/install/slam_toolbox/share/slam_toolbox/srv/ClearQueue.idl
[156.414s] -- Installing: /home/remon/ros2_ws/install/slam_toolbox/share/slam_toolbox/srv/ToggleInteractive.idl
[156.414s] -- Installing: /home/remon/ros2_ws/install/slam_toolbox/share/slam_toolbox/srv/Clear.idl
[156.414s] -- Installing: /home/remon/ros2_ws/install/slam_toolbox/share/slam_toolbox/srv/SaveMap.idl
[156.414s] -- Installing: /home/remon/ros2_ws/install/slam_toolbox/share/slam_toolbox/srv/LoopClosure.idl
[156.414s] -- Installing: /home/remon/ros2_ws/install/slam_toolbox/share/slam_toolbox/srv/MergeMaps.idl
[156.414s] -- Installing: /home/remon/ros2_ws/install/slam_toolbox/share/slam_toolbox/srv/AddSubmap.idl
[156.414s] -- Installing: /home/remon/ros2_ws/install/slam_toolbox/share/slam_toolbox/srv/DeserializePoseGraph.idl
[156.414s] -- Installing: /home/remon/ros2_ws/install/slam_toolbox/share/slam_toolbox/srv/SerializePoseGraph.idl
[156.415s] -- Installing: /home/remon/ros2_ws/install/slam_toolbox/share/slam_toolbox/srvs/Pause.srv
[156.415s] -- Installing: /home/remon/ros2_ws/install/slam_toolbox/share/slam_toolbox/srvs/Pause_Request.msg
[156.415s] -- Installing: /home/remon/ros2_ws/install/slam_toolbox/share/slam_toolbox/srvs/Pause_Response.msg
[156.415s] -- Installing: /home/remon/ros2_ws/install/slam_toolbox/share/slam_toolbox/srvs/ClearQueue.srv
[156.415s] -- Installing: /home/remon/ros2_ws/install/slam_toolbox/share/slam_toolbox/srvs/ClearQueue_Request.msg
[156.415s] -- Installing: /home/remon/ros2_ws/install/slam_toolbox/share/slam_toolbox/srvs/ClearQueue_Response.msg
[156.415s] -- Installing: /home/remon/ros2_ws/install/slam_toolbox/share/slam_toolbox/srvs/ToggleInteractive.srv
[156.416s] -- Installing: /home/remon/ros2_ws/install/slam_toolbox/share/slam_toolbox/srvs/ToggleInteractive_Request.msg
[156.416s] -- Installing: /home/remon/ros2_ws/install/slam_toolbox/share/slam_toolbox/srvs/ToggleInteractive_Response.msg
[156.416s] -- Installing: /home/remon/ros2_ws/install/slam_toolbox/share/slam_toolbox/srvs/Clear.srv
[156.416s] -- Installing: /home/remon/ros2_ws/install/slam_toolbox/share/slam_toolbox/srvs/Clear_Request.msg
[156.416s] -- Installing: /home/remon/ros2_ws/install/slam_toolbox/share/slam_toolbox/srvs/Clear_Response.msg
[156.416s] -- Installing: /home/remon/ros2_ws/install/slam_toolbox/share/slam_toolbox/srvs/SaveMap.srv
[156.416s] -- Installing: /home/remon/ros2_ws/install/slam_toolbox/share/slam_toolbox/srvs/SaveMap_Request.msg
[156.416s] -- Installing: /home/remon/ros2_ws/install/slam_toolbox/share/slam_toolbox/srvs/SaveMap_Response.msg
[156.417s] -- Installing: /home/remon/ros2_ws/install/slam_toolbox/share/slam_toolbox/srvs/LoopClosure.srv
[156.417s] -- Installing: /home/remon/ros2_ws/install/slam_toolbox/share/slam_toolbox/srvs/LoopClosure_Request.msg
[156.417s] -- Installing: /home/remon/ros2_ws/install/slam_toolbox/share/slam_toolbox/srvs/LoopClosure_Response.msg
[156.417s] -- Installing: /home/remon/ros2_ws/install/slam_toolbox/share/slam_toolbox/srvs/MergeMaps.srv
[156.417s] -- Installing: /home/remon/ros2_ws/install/slam_toolbox/share/slam_toolbox/srvs/MergeMaps_Request.msg
[156.417s] -- Installing: /home/remon/ros2_ws/install/slam_toolbox/share/slam_toolbox/srvs/MergeMaps_Response.msg
[156.417s] -- Installing: /home/remon/ros2_ws/install/slam_toolbox/share/slam_toolbox/srvs/AddSubmap.srv
[156.418s] -- Installing: /home/remon/ros2_ws/install/slam_toolbox/share/slam_toolbox/srvs/AddSubmap_Request.msg
[156.418s] -- Installing: /home/remon/ros2_ws/install/slam_toolbox/share/slam_toolbox/srvs/AddSubmap_Response.msg
[156.418s] -- Installing: /home/remon/ros2_ws/install/slam_toolbox/share/slam_toolbox/srvs/DeserializePoseGraph.srv
[156.418s] -- Installing: /home/remon/ros2_ws/install/slam_toolbox/share/slam_toolbox/srvs/DeserializePoseGraph_Request.msg
[156.418s] -- Installing: /home/remon/ros2_ws/install/slam_toolbox/share/slam_toolbox/srvs/DeserializePoseGraph_Response.msg
[156.418s] -- Installing: /home/remon/ros2_ws/install/slam_toolbox/share/slam_toolbox/srvs/SerializePoseGraph.srv
[156.418s] -- Installing: /home/remon/ros2_ws/install/slam_toolbox/share/slam_toolbox/srvs/SerializePoseGraph_Request.msg
[156.418s] -- Installing: /home/remon/ros2_ws/install/slam_toolbox/share/slam_toolbox/srvs/SerializePoseGraph_Response.msg
[156.418s] -- Installing: /home/remon/ros2_ws/install/slam_toolbox/share/slam_toolbox/rviz_plugins.xml
[156.419s] -- Installing: /home/remon/ros2_ws/install/slam_toolbox/share/slam_toolbox/solver_plugins.xml
[156.419s] -- Installing: /home/remon/ros2_ws/install/slam_toolbox/lib/slam_toolbox/async_slam_toolbox_node
[156.420s] -- Set runtime path of "/home/remon/ros2_ws/install/slam_toolbox/lib/slam_toolbox/async_slam_toolbox_node" to ""
[156.420s] -- Installing: /home/remon/ros2_ws/install/slam_toolbox/lib/slam_toolbox/sync_slam_toolbox_node
[156.420s] -- Set runtime path of "/home/remon/ros2_ws/install/slam_toolbox/lib/slam_toolbox/sync_slam_toolbox_node" to ""
[156.420s] -- Installing: /home/remon/ros2_ws/install/slam_toolbox/lib/slam_toolbox/localization_slam_toolbox_node
[156.421s] -- Set runtime path of "/home/remon/ros2_ws/install/slam_toolbox/lib/slam_toolbox/localization_slam_toolbox_node" to ""
[156.421s] -- Installing: /home/remon/ros2_ws/install/slam_toolbox/lib/slam_toolbox/map_and_localization_slam_toolbox_node
[156.422s] -- Set runtime path of "/home/remon/ros2_ws/install/slam_toolbox/lib/slam_toolbox/map_and_localization_slam_toolbox_node" to ""
[156.422s] -- Installing: /home/remon/ros2_ws/install/slam_toolbox/lib/slam_toolbox/merge_maps_kinematic
[156.423s] -- Set runtime path of "/home/remon/ros2_ws/install/slam_toolbox/lib/slam_toolbox/merge_maps_kinematic" to ""
[156.423s] -- Installing: /home/remon/ros2_ws/install/slam_toolbox/lib/libtoolbox_common.so
[156.427s] -- Set runtime path of "/home/remon/ros2_ws/install/slam_toolbox/lib/libtoolbox_common.so" to ""
[156.427s] -- Installing: /home/remon/ros2_ws/install/slam_toolbox/lib/libSlamToolboxPlugin.so
[156.429s] -- Set runtime path of "/home/remon/ros2_ws/install/slam_toolbox/lib/libSlamToolboxPlugin.so" to ""
[156.429s] -- Installing: /home/remon/ros2_ws/install/slam_toolbox/lib/libceres_solver_plugin.so
[156.430s] -- Set runtime path of "/home/remon/ros2_ws/install/slam_toolbox/lib/libceres_solver_plugin.so" to ""
[156.430s] -- Installing: /home/remon/ros2_ws/install/slam_toolbox/lib/libasync_slam_toolbox.so
[156.431s] -- Set runtime path of "/home/remon/ros2_ws/install/slam_toolbox/lib/libasync_slam_toolbox.so" to ""
[156.431s] -- Installing: /home/remon/ros2_ws/install/slam_toolbox/lib/libsync_slam_toolbox.so
[156.433s] -- Set runtime path of "/home/remon/ros2_ws/install/slam_toolbox/lib/libsync_slam_toolbox.so" to ""
[156.433s] -- Installing: /home/remon/ros2_ws/install/slam_toolbox/lib/liblocalization_slam_toolbox.so
[156.434s] -- Set runtime path of "/home/remon/ros2_ws/install/slam_toolbox/lib/liblocalization_slam_toolbox.so" to ""
[156.434s] -- Installing: /home/remon/ros2_ws/install/slam_toolbox/lib/liblifelong_slam_toolbox.so
[156.435s] -- Set runtime path of "/home/remon/ros2_ws/install/slam_toolbox/lib/liblifelong_slam_toolbox.so" to ""
[156.435s] -- Installing: /home/remon/ros2_ws/install/slam_toolbox/lib/libmap_and_localization_slam_toolbox.so
[156.437s] -- Set runtime path of "/home/remon/ros2_ws/install/slam_toolbox/lib/libmap_and_localization_slam_toolbox.so" to ""
[156.437s] -- Installing: /home/remon/ros2_ws/install/slam_toolbox/lib/libkartoSlamToolbox.so
[156.441s] -- Set runtime path of "/home/remon/ros2_ws/install/slam_toolbox/lib/libkartoSlamToolbox.so" to ""
[156.441s] -- Up-to-date: /home/remon/ros2_ws/install/slam_toolbox/lib/libSlamToolboxPlugin.so
[156.441s] -- Up-to-date: /home/remon/ros2_ws/install/slam_toolbox/include
[156.441s] -- Up-to-date: /home/remon/ros2_ws/install/slam_toolbox/include/slam_toolbox
[156.442s] -- Installing: /home/remon/ros2_ws/install/slam_toolbox/include/slam_toolbox/laser_utils.hpp
[156.442s] -- Installing: /home/remon/ros2_ws/install/slam_toolbox/include/slam_toolbox/slam_toolbox_common.hpp
[156.442s] -- Installing: /home/remon/ros2_ws/install/slam_toolbox/include/slam_toolbox/slam_toolbox_async.hpp
[156.442s] -- Installing: /home/remon/ros2_ws/install/slam_toolbox/include/slam_toolbox/snap_utils.hpp
[156.442s] -- Installing: /home/remon/ros2_ws/install/slam_toolbox/include/slam_toolbox/toolbox_msgs.hpp
[156.442s] -- Installing: /home/remon/ros2_ws/install/slam_toolbox/include/slam_toolbox/slam_toolbox_localization.hpp
[156.442s] -- Installing: /home/remon/ros2_ws/install/slam_toolbox/include/slam_toolbox/toolbox_types.hpp
[156.442s] -- Installing: /home/remon/ros2_ws/install/slam_toolbox/include/slam_toolbox/loop_closure_assistant.hpp
[156.442s] -- Installing: /home/remon/ros2_ws/install/slam_toolbox/include/slam_toolbox/merge_maps_kinematic.hpp
[156.442s] -- Installing: /home/remon/ros2_ws/install/slam_toolbox/include/slam_toolbox/slam_toolbox_sync.hpp
[156.442s] -- Installing: /home/remon/ros2_ws/install/slam_toolbox/include/slam_toolbox/get_pose_helper.hpp
[156.442s] -- Installing: /home/remon/ros2_ws/install/slam_toolbox/include/slam_toolbox/experimental
[156.442s] -- Installing: /home/remon/ros2_ws/install/slam_toolbox/include/slam_toolbox/experimental/slam_toolbox_map_and_localization.hpp
[156.442s] -- Installing: /home/remon/ros2_ws/install/slam_toolbox/include/slam_toolbox/experimental/slam_toolbox_lifelong.hpp
[156.442s] -- Installing: /home/remon/ros2_ws/install/slam_toolbox/include/slam_toolbox/slam_mapper.hpp
[156.442s] -- Installing: /home/remon/ros2_ws/install/slam_toolbox/include/slam_toolbox/visualization_utils.hpp
[156.442s] -- Installing: /home/remon/ros2_ws/install/slam_toolbox/include/slam_toolbox/serialization.hpp
[156.443s] -- Installing: /home/remon/ros2_ws/install/slam_toolbox/include/slam_toolbox/map_saver.hpp
[156.443s] -- Installing: /home/remon/ros2_ws/install/slam_toolbox/share/slam_toolbox/launch
[156.443s] -- Installing: /home/remon/ros2_ws/install/slam_toolbox/share/slam_toolbox/launch/offline_launch.py
[156.443s] -- Installing: /home/remon/ros2_ws/install/slam_toolbox/share/slam_toolbox/launch/online_async_launch.py
[156.443s] -- Installing: /home/remon/ros2_ws/install/slam_toolbox/share/slam_toolbox/launch/merge_maps_kinematic_launch.py
[156.443s] -- Installing: /home/remon/ros2_ws/install/slam_toolbox/share/slam_toolbox/launch/online_sync_launch.py
[156.443s] -- Installing: /home/remon/ros2_ws/install/slam_toolbox/share/slam_toolbox/launch/localization_launch.py
[156.443s] -- Installing: /home/remon/ros2_ws/install/slam_toolbox/share/slam_toolbox/config
[156.444s] -- Installing: /home/remon/ros2_ws/install/slam_toolbox/share/slam_toolbox/config/slam_toolbox_default.rviz
[156.451s] -- Installing: /home/remon/ros2_ws/install/slam_toolbox/share/slam_toolbox/config/mapper_params_online_async.yaml
[156.462s] -- Installing: /home/remon/ros2_ws/install/slam_toolbox/share/slam_toolbox/config/mapper_params_localization.yaml
[156.462s] -- Installing: /home/remon/ros2_ws/install/slam_toolbox/share/slam_toolbox/config/mapper_params_online_sync.yaml
[156.462s] -- Installing: /home/remon/ros2_ws/install/slam_toolbox/share/slam_toolbox/config/mapper_params_lifelong.yaml
[156.462s] -- Installing: /home/remon/ros2_ws/install/slam_toolbox/share/slam_toolbox/config/mapper_params_offline.yaml
[156.462s] -- Installing: /home/remon/ros2_ws/install/slam_toolbox/share/solver_plugins.xml
[156.462s] -- Installing: /home/remon/ros2_ws/install/slam_toolbox/share/rviz_plugins.xml
[156.463s] -- Installing: /home/remon/ros2_ws/install/slam_toolbox/share/ament_index/resource_index/package_run_dependencies/slam_toolbox
[156.463s] -- Installing: /home/remon/ros2_ws/install/slam_toolbox/share/ament_index/resource_index/parent_prefix_path/slam_toolbox
[156.463s] -- Installing: /home/remon/ros2_ws/install/slam_toolbox/share/slam_toolbox/environment/ament_prefix_path.sh
[156.463s] -- Installing: /home/remon/ros2_ws/install/slam_toolbox/share/slam_toolbox/environment/ament_prefix_path.dsv
[156.463s] -- Installing: /home/remon/ros2_ws/install/slam_toolbox/share/slam_toolbox/environment/path.sh
[156.463s] -- Installing: /home/remon/ros2_ws/install/slam_toolbox/share/slam_toolbox/environment/path.dsv
[156.464s] -- Installing: /home/remon/ros2_ws/install/slam_toolbox/share/slam_toolbox/local_setup.bash
[156.464s] -- Installing: /home/remon/ros2_ws/install/slam_toolbox/share/slam_toolbox/local_setup.sh
[156.464s] -- Installing: /home/remon/ros2_ws/install/slam_toolbox/share/slam_toolbox/local_setup.zsh
[156.464s] -- Installing: /home/remon/ros2_ws/install/slam_toolbox/share/slam_toolbox/local_setup.dsv
[156.464s] -- Installing: /home/remon/ros2_ws/install/slam_toolbox/share/slam_toolbox/package.dsv
[156.464s] -- Installing: /home/remon/ros2_ws/install/slam_toolbox/share/ament_index/resource_index/packages/slam_toolbox
[156.465s] -- Installing: /home/remon/ros2_ws/install/slam_toolbox/share/ament_index/resource_index/rviz_common__pluginlib__plugin/slam_toolbox
[156.465s] -- Installing: /home/remon/ros2_ws/install/slam_toolbox/share/ament_index/resource_index/slam_toolbox__pluginlib__plugin/slam_toolbox
[156.465s] -- Installing: /home/remon/ros2_ws/install/slam_toolbox/share/slam_toolbox/cmake/export_slam_toolbox__rosidl_generator_cExport.cmake
[156.465s] -- Installing: /home/remon/ros2_ws/install/slam_toolbox/share/slam_toolbox/cmake/export_slam_toolbox__rosidl_generator_cExport-release.cmake
[156.465s] -- Installing: /home/remon/ros2_ws/install/slam_toolbox/share/slam_toolbox/cmake/export_slam_toolbox__rosidl_typesupport_fastrtps_cExport.cmake
[156.478s] -- Installing: /home/remon/ros2_ws/install/slam_toolbox/share/slam_toolbox/cmake/export_slam_toolbox__rosidl_typesupport_fastrtps_cExport-release.cmake
[156.478s] -- Installing: /home/remon/ros2_ws/install/slam_toolbox/share/slam_toolbox/cmake/export_slam_toolbox__rosidl_generator_cppExport.cmake
[156.478s] -- Installing: /home/remon/ros2_ws/install/slam_toolbox/share/slam_toolbox/cmake/export_slam_toolbox__rosidl_typesupport_fastrtps_cppExport.cmake
[156.479s] -- Installing: /home/remon/ros2_ws/install/slam_toolbox/share/slam_toolbox/cmake/export_slam_toolbox__rosidl_typesupport_fastrtps_cppExport-release.cmake
[156.479s] -- Installing: /home/remon/ros2_ws/install/slam_toolbox/share/slam_toolbox/cmake/slam_toolbox__rosidl_typesupport_introspection_cExport.cmake
[156.479s] -- Installing: /home/remon/ros2_ws/install/slam_toolbox/share/slam_toolbox/cmake/slam_toolbox__rosidl_typesupport_introspection_cExport-release.cmake
[156.479s] -- Installing: /home/remon/ros2_ws/install/slam_toolbox/share/slam_toolbox/cmake/slam_toolbox__rosidl_typesupport_cExport.cmake
[156.480s] -- Installing: /home/remon/ros2_ws/install/slam_toolbox/share/slam_toolbox/cmake/slam_toolbox__rosidl_typesupport_cExport-release.cmake
[156.480s] -- Installing: /home/remon/ros2_ws/install/slam_toolbox/share/slam_toolbox/cmake/slam_toolbox__rosidl_typesupport_introspection_cppExport.cmake
[156.480s] -- Installing: /home/remon/ros2_ws/install/slam_toolbox/share/slam_toolbox/cmake/slam_toolbox__rosidl_typesupport_introspection_cppExport-release.cmake
[156.481s] -- Installing: /home/remon/ros2_ws/install/slam_toolbox/share/slam_toolbox/cmake/slam_toolbox__rosidl_typesupport_cppExport.cmake
[156.481s] -- Installing: /home/remon/ros2_ws/install/slam_toolbox/share/slam_toolbox/cmake/slam_toolbox__rosidl_typesupport_cppExport-release.cmake
[156.481s] -- Installing: /home/remon/ros2_ws/install/slam_toolbox/share/slam_toolbox/cmake/export_slam_toolbox__rosidl_generator_pyExport.cmake
[156.481s] -- Installing: /home/remon/ros2_ws/install/slam_toolbox/share/slam_toolbox/cmake/export_slam_toolbox__rosidl_generator_pyExport-release.cmake
[156.482s] -- Installing: /home/remon/ros2_ws/install/slam_toolbox/share/slam_toolbox/cmake/SlamToolboxPluginExport.cmake
[156.482s] -- Installing: /home/remon/ros2_ws/install/slam_toolbox/share/slam_toolbox/cmake/SlamToolboxPluginExport-release.cmake
[156.482s] -- Installing: /home/remon/ros2_ws/install/slam_toolbox/share/ament_index/resource_index/rclcpp_components/slam_toolbox
[156.482s] -- Installing: /home/remon/ros2_ws/install/slam_toolbox/share/slam_toolbox/cmake/rosidl_cmake-extras.cmake
[156.483s] -- Installing: /home/remon/ros2_ws/install/slam_toolbox/share/slam_toolbox/cmake/ament_cmake_export_dependencies-extras.cmake
[156.483s] -- Installing: /home/remon/ros2_ws/install/slam_toolbox/share/slam_toolbox/cmake/ament_cmake_export_include_directories-extras.cmake
[156.483s] -- Installing: /home/remon/ros2_ws/install/slam_toolbox/share/slam_toolbox/cmake/ament_cmake_export_libraries-extras.cmake
[156.483s] -- Installing: /home/remon/ros2_ws/install/slam_toolbox/share/slam_toolbox/cmake/ament_cmake_export_targets-extras.cmake
[156.484s] -- Installing: /home/remon/ros2_ws/install/slam_toolbox/share/slam_toolbox/cmake/rosidl_cmake_export_typesupport_targets-extras.cmake
[156.484s] -- Installing: /home/remon/ros2_ws/install/slam_toolbox/share/slam_toolbox/cmake/rosidl_cmake_export_typesupport_libraries-extras.cmake
[156.484s] -- Installing: /home/remon/ros2_ws/install/slam_toolbox/share/slam_toolbox/cmake/slam_toolboxConfig.cmake
[156.484s] -- Installing: /home/remon/ros2_ws/install/slam_toolbox/share/slam_toolbox/cmake/slam_toolboxConfig-version.cmake
[156.484s] -- Installing: /home/remon/ros2_ws/install/slam_toolbox/share/slam_toolbox/package.xml
[156.485s] -- Up-to-date: /home/remon/ros2_ws/install/slam_toolbox/include/
[156.485s] -- Installing: /home/remon/ros2_ws/install/slam_toolbox/include//karto_sdk
[156.485s] -- Installing: /home/remon/ros2_ws/install/slam_toolbox/include//karto_sdk/Karto.h
[156.485s] -- Installing: /home/remon/ros2_ws/install/slam_toolbox/include//karto_sdk/Types.h
[156.485s] -- Installing: /home/remon/ros2_ws/install/slam_toolbox/include//karto_sdk/Macros.h
[156.485s] -- Installing: /home/remon/ros2_ws/install/slam_toolbox/include//karto_sdk/nanoflann.hpp
[156.485s] -- Installing: /home/remon/ros2_ws/install/slam_toolbox/include//karto_sdk/nanoflann_adaptors.h
[156.485s] -- Installing: /home/remon/ros2_ws/install/slam_toolbox/include//karto_sdk/Math.h
[156.485s] -- Installing: /home/remon/ros2_ws/install/slam_toolbox/include//karto_sdk/Mapper.h
[156.488s] Invoked command in '/home/remon/ros2_ws/build/slam_toolbox' returned '0': CMAKE_PREFIX_PATH=${CMAKE_PREFIX_PATH}:/home/remon/ros2_ws/install/my_py_pkg:/opt/ros/humble /usr/bin/cmake --install /home/remon/ros2_ws/build/slam_toolbox
